Trying queue: [1, 101, 201, 301, 401, 501, 601, 701, 801, 901]
arn:aws:lambda:us-east-1:858228748133:function:getHiscores7
Received response...
{'status': 200, 'body': '{"pageData": {"1": [[2519, 2197, 2191, 2133, 2009, 2002, 1735, 1722, 1644, 1626, 1625, 1526, 1511, 1509, 1508, 1420, 1381, 1381, 1368, 1361, 1336, 1301, 1280, 1274, 1260], false], "101": [[100, 100, 100, 100, 100, 100, 100, 100, 100, 100, 100, 100, 100, 100, 100, 100, 100, 100, 100, 100, 100, 100, 100, 100, 100], false], "201": [[34, 34, 34, 34, 34, 34, 34, 34, 34, 34, 34, 34, 34, 34, 34, 34, 34, 33, 33, 33, 33, 33, 33, 33, 33], false], "301": [[13, 13, 13, 13, 13, 13, 13, 13, 13, 13, 13, 13, 13, 13, 13, 13, 13, 13, 13, 13, 13, 13, 13, 13, 13], false], "401": [null, false], "501": [null, false], "601": [null, false], "701": [null, false], "801": [null, false], "901": [null, false]}}'}
{'1': [[2519, 2197, 2191, 2133, 2009, 2002, 1735, 1722, 1644, 1626, 1625, 1526, 1511, 1509, 1508, 1420, 1381, 1381, 1368, 1361, 1336, 1301, 1280, 1274, 1260], False], '101': [[100, 100, 100, 100, 100, 100, 100, 100, 100, 100, 100, 100, 100, 100, 100, 100, 100, 100, 100, 100, 100, 100, 100, 100, 100], False], '201': [[34, 34, 34, 34, 34, 34, 34, 34, 34, 34, 34, 34, 34, 34, 34, 34, 34, 33, 33, 33, 33, 33, 33, 33, 33], False], '301': [[13, 13, 13, 13, 13, 13, 13, 13, 13, 13, 13, 13, 13, 13, 13, 13, 13, 13, 13, 13, 13, 13, 13, 13, 13], False], '401': [None, False], '501': [None, False], '601': [None, False], '701': [None, False], '801': [None, False], '901': [None, False]}
dict_keys(['1', '101', '201', '301', '401', '501', '601', '701', '801', '901'])
[1, 101, 201, 301]
Looking for last page...
Trying page 301
arn:aws:lambda:us-east-1:858228748133:function:getHiscores5
{'301': [[13, 13, 13, 13, 13, 13, 13, 13, 13, 13, 13, 13, 13, 13, 13, 13, 13, 13, 13, 13, 13, 13, 13, 13, 13], False]}
dict_keys(['301'])
[301]
Trying page 351
arn:aws:lambda:us-east-1:858228748133:function:getHiscores1
{'351': [None, False]}
dict_keys(['351'])
[]
Trying page 326
arn:aws:lambda:us-east-1:858228748133:function:getHiscores6
{'326': [[10, 10, 10, 10, 10, 10, 10, 10, 10, 10, 10, 10, 10, 10, 10, 10, 10, 10, 10, 10, 10, 10, 10, 10, 10], False]}
dict_keys(['326'])
[326]
Trying page 338
arn:aws:lambda:us-east-1:858228748133:function:getHiscores1
{'338': [None, False]}
dict_keys(['338'])
[]
Trying page 332
arn:aws:lambda:us-east-1:858228748133:function:getHiscores2
{'332': [[10, 10, 10, 10, 10, 10, 10, 10, 10, 10, 10, 10, 10, 10, 10, 10, 10, 10, 10, 10, 10, 10, 10, 10, 10], False]}
dict_keys(['332'])
[332]
Trying page 335
arn:aws:lambda:us-east-1:858228748133:function:getHiscores4
{'335': [[10, 10, 10, 10, 10, 10, 10, 10, 10, 10, 10, 10, 10, 10, 10, 10, 10, 10, 10, 10, 10], True]}
dict_keys(['335'])
[335]
Last page found: 335
Queue: [51, 151, 251, 313]
arn:aws:lambda:us-east-1:858228748133:function:getHiscores7
{'51': [[186, 186, 186, 186, 186, 186, 186, 186, 186, 186, 185, 185, 185, 185, 185, 185, 185, 185, 185, 184, 184, 184, 184, 184, 184], False], '151': [[56, 56, 56, 56, 56, 56, 56, 56, 56, 56, 56, 56, 56, 56, 56, 56, 56, 56, 56, 56, 56, 56, 56, 56, 56], False], '251': [[21, 21, 21, 21, 21, 21, 21, 21, 21, 21, 21, 21, 21, 21, 21, 21, 21, 21, 21, 21, 21, 21, 21, 21, 21], False], '313': [[12, 12, 12, 12, 12, 12, 12, 11, 11, 11, 11, 11, 11, 11, 11, 11, 11, 11, 11, 11, 11, 11, 11, 11, 11], False]}
dict_keys(['51', '151', '251', '313'])
[51, 151, 251, 313]
Queue: [26, 76, 126, 176, 226, 276, 307, 319]
arn:aws:lambda:us-east-1:858228748133:function:getHiscores3
{'26': [[313, 312, 312, 312, 312, 311, 311, 311, 311, 311, 310, 310, 309, 309, 309, 308, 308, 308, 308, 307, 307, 306, 306, 305, 305], False], '76': [[129, 129, 128, 128, 128, 128, 128, 128, 128, 128, 128, 128, 128, 127, 127, 127, 127, 127, 127, 127, 127, 127, 127, 126, 126], False], '126': [[73, 73, 73, 73, 73, 73, 73, 73, 73, 72, 72, 72, 72, 72, 72, 72, 72, 72, 72, 72, 72, 72, 72, 72, 72], False], '176': [[43, 43, 43, 43, 43, 43, 43, 43, 43, 43, 43, 43, 43, 43, 43, 43, 43, 43, 43, 43, 43, 43, 43, 43, 43], False], '226': [[26, 26, 26, 26, 26, 26, 26, 26, 26, 26, 26, 26, 26, 26, 26, 26, 26, 26, 26, 26, 26, 26, 26, 26, 26], False], '276': [[17, 17, 17, 17, 17, 17, 17, 17, 17, 17, 17, 17, 17, 17, 17, 17, 17, 16, 16, 16, 16, 16, 16, 16, 16], False], '307': [[12, 12, 12, 12, 12, 12, 12, 12, 12, 12, 12, 12, 12, 12, 12, 12, 12, 12, 12, 12, 12, 12, 12, 12, 12], False], '319': [[11, 11, 11, 11, 11, 11, 11, 11, 11, 11, 11, 11, 11, 11, 11, 11, 11, 11, 11, 11, 11, 11, 11, 11, 11], False]}
dict_keys(['26', '76', '126', '176', '226', '276', '307', '319'])
[26, 76, 126, 176, 226, 276, 307, 319]
Queue: [13, 38, 63, 88, 113, 138, 163, 188, 213, 238]
arn:aws:lambda:us-east-1:858228748133:function:getHiscores9
{'13': [[472, 471, 470, 470, 469, 468, 468, 467, 467, 466, 464, 463, 463, 463, 462, 461, 460, 458, 455, 455, 454, 454, 454, 454, 453], False], '38': [[236, 236, 236, 236, 236, 235, 235, 235, 235, 235, 234, 234, 234, 233, 233, 233, 233, 233, 233, 233, 232, 231, 231, 231, 230], False], '63': [[154, 154, 154, 154, 154, 154, 154, 154, 154, 154, 154, 154, 154, 153, 153, 153, 153, 153, 152, 152, 152, 152, 152, 152, 152], False], '88': [[112, 112, 112, 112, 112, 112, 112, 112, 112, 111, 111, 111, 111, 111, 111, 111, 111, 111, 111, 111, 111, 111, 111, 111, 111], False], '113': [[84, 84, 84, 84, 84, 84, 84, 84, 84, 84, 84, 84, 84, 84, 84, 84, 84, 84, 84, 83, 83, 83, 83, 83, 83], False], '138': [[64, 64, 64, 64, 64, 64, 64, 64, 64, 64, 64, 64, 64, 64, 64, 64, 64, 64, 64, 64, 64, 63, 63, 63, 63], False], '163': [[50, 50, 50, 50, 50, 50, 50, 50, 50, 50, 50, 50, 50, 50, 50, 50, 50, 50, 50, 50, 50, 50, 50, 50, 50], False], '188': [[38, 38, 38, 38, 38, 38, 38, 38, 38, 38, 38, 38, 38, 38, 38, 38, 38, 38, 38, 38, 38, 38, 38, 38, 38], False], '213': [[30, 30, 30, 30, 30, 30, 30, 30, 30, 30, 30, 30, 30, 30, 30, 30, 30, 30, 30, 30, 30, 30, 30, 30, 30], False], '238': [[24, 24, 24, 24, 24, 24, 24, 24, 24, 24, 24, 24, 24, 24, 24, 24, 24, 24, 24, 24, 24, 24, 24, 24, 24], False]}
dict_keys(['13', '38', '63', '88', '113', '138', '163', '188', '213', '238'])
[13, 38, 63, 88, 113, 138, 163, 188, 213, 238]
Queue: [263, 288, 304, 322]
arn:aws:lambda:us-east-1:858228748133:function:getHiscores9
{'263': [[19, 19, 19, 19, 19, 19, 19, 19, 19, 19, 19, 19, 19, 19, 19, 19, 19, 19, 19, 19, 19, 19, 19, 19, 19], False], '288': [[15, 15, 15, 15, 15, 15, 15, 15, 15, 15, 15, 15, 15, 15, 15, 15, 15, 15, 15, 15, 15, 15, 15, 15, 15], False], '304': [[13, 13, 13, 13, 13, 13, 13, 13, 13, 13, 13, 13, 13, 13, 13, 13, 13, 13, 12, 12, 12, 12, 12, 12, 12], False], '322': [[11, 11, 11, 11, 11, 10, 10, 10, 10, 10, 10, 10, 10, 10, 10, 10, 10, 10, 10, 10, 10, 10, 10, 10, 10], False]}
dict_keys(['263', '288', '304', '322'])
[263, 288, 304, 322]
Queue: [7, 19, 32, 44, 57, 69, 82, 94, 107, 119]
arn:aws:lambda:us-east-1:858228748133:function:getHiscores8
{'7': [[663, 661, 659, 655, 654, 653, 650, 650, 650, 645, 642, 641, 641, 638, 636, 631, 629, 629, 628, 627, 625, 625, 618, 614, 612], False], '19': [[384, 383, 383, 383, 382, 382, 381, 380, 380, 380, 379, 379, 378, 378, 378, 378, 377, 377, 377, 376, 376, 376, 376, 376, 375], False], '32': [[270, 270, 270, 270, 269, 269, 269, 269, 268, 268, 268, 268, 267, 267, 267, 267, 267, 267, 267, 266, 266, 266, 266, 266, 265], False], '44': [[210, 210, 210, 210, 210, 210, 209, 209, 209, 209, 208, 208, 208, 208, 207, 207, 207, 207, 207, 207, 207, 207, 206, 206, 206], False], '57': [[168, 168, 168, 168, 168, 168, 168, 168, 168, 167, 167, 167, 167, 167, 167, 167, 167, 167, 167, 167, 167, 166, 166, 166, 166], False], '69': [[142, 142, 142, 142, 141, 141, 141, 141, 141, 141, 141, 141, 141, 141, 141, 141, 141, 141, 140, 140, 140, 140, 140, 140, 140], False], '82': [[120, 120, 120, 120, 120, 120, 120, 119, 119, 119, 119, 119, 119, 119, 119, 119, 119, 119, 119, 119, 119, 119, 119, 118, 118], False], '94': [[106, 106, 106, 105, 105, 105, 105, 105, 105, 105, 105, 105, 105, 105, 105, 105, 105, 105, 105, 105, 105, 105, 105, 105, 105], False], '107': [[93, 92, 92, 92, 92, 92, 92, 92, 92, 92, 92, 92, 92, 91, 91, 91, 91, 91, 91, 91, 91, 91, 91, 91, 91], False], '119': [[78, 78, 78, 78, 78, 78, 78, 78, 78, 78, 78, 78, 78, 77, 77, 77, 77, 77, 77, 77, 77, 77, 77, 77, 77], False]}
dict_keys(['7', '19', '32', '44', '57', '69', '82', '94', '107', '119'])
[7, 19, 32, 44, 57, 69, 82, 94, 107, 119]
Queue: [132, 144, 157, 169, 182, 194, 207, 219, 232, 244]
arn:aws:lambda:us-east-1:858228748133:function:getHiscores9
{'132': [[68, 68, 68, 68, 68, 68, 68, 68, 68, 68, 68, 68, 68, 68, 68, 68, 68, 68, 68, 68, 68, 68, 68, 68, 68], False], '144': [[60, 60, 60, 60, 60, 60, 60, 60, 60, 60, 60, 60, 60, 60, 60, 60, 60, 60, 60, 60, 60, 60, 60, 60, 60], False], '157': [[53, 53, 53, 53, 53, 53, 53, 53, 53, 52, 52, 52, 52, 52, 52, 52, 52, 52, 52, 52, 52, 52, 52, 52, 52], False], '169': [[46, 46, 46, 46, 46, 46, 46, 46, 46, 46, 46, 46, 46, 46, 46, 46, 46, 46, 46, 46, 46, 46, 46, 46, 46], False], '182': [[40, 40, 40, 40, 40, 40, 40, 40, 40, 40, 40, 40, 40, 40, 40, 40, 40, 40, 40, 40, 40, 40, 40, 40, 40], False], '194': [[36, 36, 36, 36, 36, 36, 36, 36, 36, 36, 36, 36, 36, 36, 36, 36, 36, 36, 36, 36, 36, 36, 36, 36, 36], False], '207': [[32, 32, 32, 32, 32, 32, 32, 32, 32, 32, 32, 32, 32, 32, 32, 32, 32, 32, 32, 32, 32, 32, 32, 32, 32], False], '219': [[28, 28, 28, 28, 28, 28, 28, 28, 28, 28, 28, 28, 28, 28, 28, 28, 28, 28, 28, 28, 28, 28, 28, 28, 28], False], '232': [[25, 25, 25, 25, 25, 25, 25, 25, 25, 25, 25, 25, 25, 25, 25, 25, 25, 25, 25, 25, 25, 25, 25, 25, 25], False], '244': [[22, 22, 22, 22, 22, 22, 22, 22, 22, 22, 22, 22, 22, 22, 22, 22, 22, 22, 22, 22, 22, 22, 22, 22, 22], False]}
dict_keys(['132', '144', '157', '169', '182', '194', '207', '219', '232', '244'])
[132, 144, 157, 169, 182, 194, 207, 219, 232, 244]
Queue: [257, 269, 282, 294]
arn:aws:lambda:us-east-1:858228748133:function:getHiscores9
{'257': [[20, 20, 20, 20, 20, 20, 20, 20, 20, 20, 20, 20, 20, 20, 20, 20, 20, 20, 20, 20, 20, 20, 20, 20, 20], False], '269': [[18, 18, 18, 18, 18, 18, 18, 18, 18, 18, 18, 18, 18, 18, 18, 18, 18, 18, 18, 18, 18, 18, 18, 18, 18], False], '282': [[16, 16, 16, 16, 16, 16, 16, 16, 16, 16, 16, 16, 16, 16, 16, 16, 16, 16, 16, 16, 16, 16, 16, 16, 16], False], '294': [[14, 14, 14, 14, 14, 14, 14, 14, 14, 14, 14, 14, 14, 14, 14, 14, 14, 14, 14, 14, 14, 14, 14, 14, 14], False]}
dict_keys(['257', '269', '282', '294'])
[257, 269, 282, 294]
Queue: [4, 10, 16, 22, 29, 35, 41, 47, 54, 60]
arn:aws:lambda:us-east-1:858228748133:function:getHiscores1
{'4': [[917, 909, 904, 902, 900, 897, 875, 859, 859, 856, 850, 842, 840, 832, 832, 830, 829, 828, 824, 820, 812, 809, 808, 805, 793], False], '10': [[545, 544, 544, 543, 541, 540, 540, 538, 538, 538, 537, 536, 535, 533, 533, 532, 532, 531, 530, 528, 526, 525, 525, 525, 518], False], '16': [[420, 420, 419, 418, 417, 417, 416, 416, 416, 415, 415, 414, 414, 414, 413, 413, 412, 411, 411, 410, 409, 409, 408, 407, 407], False], '22': [[353, 353, 352, 352, 351, 350, 350, 350, 350, 350, 350, 349, 349, 349, 348, 348, 347, 346, 346, 346, 345, 345, 344, 344, 344], False], '29': [[291, 291, 291, 290, 290, 290, 290, 290, 290, 290, 288, 288, 288, 288, 287, 287, 287, 286, 286, 285, 285, 285, 285, 285, 285], False], '35': [[252, 251, 251, 251, 250, 250, 250, 250, 250, 250, 250, 250, 250, 250, 250, 250, 250, 249, 249, 249, 248, 248, 248, 247, 247], False], '41': [[222, 222, 221, 221, 221, 220, 220, 220, 220, 220, 220, 220, 220, 220, 219, 219, 219, 219, 219, 219, 219, 218, 218, 218, 217], False], '47': [[200, 200, 200, 200, 200, 200, 200, 200, 200, 200, 200, 200, 200, 200, 200, 200, 200, 200, 200, 199, 199, 199, 199, 198, 198], False], '54': [[177, 177, 177, 177, 177, 177, 176, 176, 176, 176, 176, 176, 176, 176, 176, 175, 175, 175, 175, 175, 175, 174, 174, 174, 174], False], '60': [[161, 161, 161, 161, 161, 161, 161, 161, 160, 160, 160, 160, 160, 160, 160, 160, 160, 160, 159, 159, 159, 159, 159, 159, 159], False]}
dict_keys(['4', '10', '16', '22', '29', '35', '41', '47', '54', '60'])
[4, 10, 16, 22, 29, 35, 41, 47, 54, 60]
Queue: [66, 72, 79, 85, 91, 97, 104, 110, 116, 122]
arn:aws:lambda:us-east-1:858228748133:function:getHiscores4
{'66': [[149, 149, 149, 149, 149, 149, 149, 149, 148, 148, 148, 148, 148, 148, 148, 148, 148, 148, 148, 147, 147, 147, 147, 147, 147], False], '72': [[136, 136, 136, 136, 136, 136, 136, 135, 135, 135, 135, 135, 135, 135, 135, 135, 135, 135, 135, 135, 134, 134, 134, 134, 134], False], '79': [[124, 124, 124, 124, 124, 124, 124, 124, 123, 123, 123, 123, 123, 123, 123, 123, 123, 123, 123, 123, 123, 122, 122, 122, 122], False], '85': [[116, 116, 116, 116, 116, 115, 115, 115, 115, 115, 115, 115, 115, 115, 115, 115, 115, 115, 115, 115, 115, 115, 115, 115, 115], False], '91': [[109, 109, 109, 109, 109, 109, 109, 109, 109, 109, 109, 109, 108, 108, 108, 108, 108, 108, 108, 108, 108, 108, 108, 108, 108], False], '97': [[102, 102, 102, 102, 102, 102, 102, 102, 102, 102, 102, 102, 102, 102, 102, 102, 102, 102, 102, 102, 102, 102, 102, 102, 102], False], '104': [[97, 96, 96, 96, 96, 96, 96, 96, 96, 96, 96, 96, 96, 96, 96, 96, 96, 96, 96, 95, 95, 95, 95, 95, 95], False], '110': [[88, 88, 88, 88, 88, 88, 87, 87, 87, 87, 87, 87, 87, 87, 87, 87, 87, 86, 86, 86, 86, 86, 86, 86, 86], False], '116': [[81, 81, 81, 81, 81, 81, 81, 81, 81, 81, 81, 81, 81, 81, 81, 81, 81, 81, 81, 81, 81, 80, 80, 80, 80], False], '122': [[76, 76, 76, 76, 75, 75, 75, 75, 75, 75, 75, 75, 75, 75, 75, 75, 75, 75, 75, 75, 75, 75, 75, 75, 75], False]}
dict_keys(['66', '72', '79', '85', '91', '97', '104', '110', '116', '122'])
[66, 72, 79, 85, 91, 97, 104, 110, 116, 122]
Queue: [129, 135, 141, 147, 154, 160, 166, 172, 179, 185]
arn:aws:lambda:us-east-1:858228748133:function:getHiscores9
{'129': [[70, 70, 70, 70, 70, 70, 70, 70, 70, 70, 70, 70, 70, 70, 70, 70, 70, 70, 70, 70, 70, 70, 70, 70, 70], False], '135': [[66, 66, 66, 66, 66, 66, 66, 66, 66, 66, 66, 66, 66, 66, 66, 66, 66, 66, 66, 66, 65, 65, 65, 65, 65], False], '141': [[62, 62, 62, 62, 62, 62, 62, 62, 62, 62, 62, 62, 62, 62, 62, 62, 62, 62, 62, 62, 62, 62, 62, 62, 62], False], '147': [[59, 59, 59, 59, 59, 59, 59, 59, 59, 59, 59, 59, 59, 59, 58, 58, 58, 58, 58, 58, 58, 58, 58, 58, 58], False], '154': [[55, 55, 55, 55, 55, 55, 55, 55, 54, 54, 54, 54, 54, 54, 54, 54, 54, 54, 54, 54, 54, 54, 54, 54, 54], False], '160': [[51, 51, 51, 51, 51, 51, 51, 51, 51, 51, 51, 51, 51, 51, 51, 51, 51, 51, 51, 51, 51, 51, 51, 51, 51], False], '166': [[48, 48, 48, 48, 48, 48, 48, 48, 48, 48, 48, 48, 48, 48, 48, 48, 48, 48, 48, 48, 48, 48, 48, 48, 48], False], '172': [[45, 45, 45, 45, 45, 45, 45, 45, 45, 45, 45, 45, 45, 45, 45, 45, 45, 45, 45, 45, 45, 45, 45, 45, 45], False], '179': [[42, 42, 42, 42, 42, 42, 42, 42, 42, 42, 42, 42, 42, 42, 42, 42, 41, 41, 41, 41, 41, 41, 41, 41, 41], False], '185': [[40, 40, 40, 40, 40, 40, 40, 40, 40, 40, 40, 40, 40, 40, 40, 39, 39, 39, 39, 39, 39, 39, 39, 39, 39], False]}
dict_keys(['129', '135', '141', '147', '154', '160', '166', '172', '179', '185'])
[129, 135, 141, 147, 154, 160, 166, 172, 179, 185]
Queue: [191, 197, 204, 210, 216, 222, 229, 235, 241, 247]
arn:aws:lambda:us-east-1:858228748133:function:getHiscores6
{'191': [[37, 37, 37, 37, 37, 37, 37, 37, 37, 37, 37, 37, 37, 37, 37, 37, 37, 37, 37, 37, 37, 37, 37, 37, 37], False], '197': [[35, 35, 35, 35, 35, 35, 35, 35, 35, 35, 35, 35, 35, 35, 35, 35, 35, 35, 35, 35, 35, 35, 35, 35, 35], False], '204': [[33, 33, 33, 33, 33, 33, 33, 33, 33, 33, 33, 33, 33, 33, 33, 33, 33, 33, 33, 33, 33, 33, 33, 33, 33], False], '210': [[31, 31, 31, 31, 31, 31, 31, 31, 31, 31, 31, 31, 31, 31, 31, 31, 31, 31, 31, 31, 31, 31, 31, 31, 31], False], '216': [[29, 29, 29, 29, 29, 29, 29, 29, 29, 29, 29, 29, 29, 29, 29, 29, 29, 29, 29, 29, 29, 29, 29, 29, 29], False], '222': [[27, 27, 27, 27, 27, 27, 27, 27, 27, 27, 27, 27, 27, 27, 27, 27, 27, 27, 27, 27, 27, 27, 27, 27, 27], False], '229': [[26, 26, 26, 26, 26, 26, 26, 26, 26, 26, 26, 26, 26, 26, 26, 26, 26, 26, 26, 26, 26, 25, 25, 25, 25], False], '235': [[24, 24, 24, 24, 24, 24, 24, 24, 24, 24, 24, 24, 24, 24, 24, 24, 24, 24, 24, 24, 24, 24, 24, 24, 24], False], '241': [[23, 23, 23, 23, 23, 23, 23, 23, 23, 23, 23, 23, 23, 23, 23, 23, 23, 23, 23, 23, 23, 23, 23, 23, 23], False], '247': [[22, 22, 22, 22, 22, 22, 22, 22, 22, 22, 22, 22, 22, 22, 22, 22, 22, 22, 22, 22, 22, 22, 22, 22, 22], False]}
dict_keys(['191', '197', '204', '210', '216', '222', '229', '235', '241', '247'])
[191, 197, 204, 210, 216, 222, 229, 235, 241, 247]
Queue: [254, 260, 266, 272, 285, 291, 297]
arn:aws:lambda:us-east-1:858228748133:function:getHiscores1
{'254': [[20, 20, 20, 20, 20, 20, 20, 20, 20, 20, 20, 20, 20, 20, 20, 20, 20, 20, 20, 20, 20, 20, 20, 20, 20], False], '260': [[19, 19, 19, 19, 19, 19, 19, 19, 19, 19, 19, 19, 19, 19, 19, 19, 19, 19, 19, 19, 19, 19, 19, 19, 19], False], '266': [[18, 18, 18, 18, 18, 18, 18, 18, 18, 18, 18, 18, 18, 18, 18, 18, 18, 18, 18, 18, 18, 18, 18, 18, 18], False], '272': [[17, 17, 17, 17, 17, 17, 17, 17, 17, 17, 17, 17, 17, 17, 17, 17, 17, 17, 17, 17, 17, 17, 17, 17, 17], False], '285': [[15, 15, 15, 15, 15, 15, 15, 15, 15, 15, 15, 15, 15, 15, 15, 15, 15, 15, 15, 15, 15, 15, 15, 15, 15], False], '291': [[14, 14, 14, 14, 14, 14, 14, 14, 14, 14, 14, 14, 14, 14, 14, 14, 14, 14, 14, 14, 14, 14, 14, 14, 14], False], '297': [[13, 13, 13, 13, 13, 13, 13, 13, 13, 13, 13, 13, 13, 13, 13, 13, 13, 13, 13, 13, 13, 13, 13, 13, 13], False]}
dict_keys(['254', '260', '266', '272', '285', '291', '297'])
[254, 260, 266, 272, 285, 291, 297]
Queue: [2, 5, 8, 11, 14, 17, 20, 24, 27, 30]
arn:aws:lambda:us-east-1:858228748133:function:getHiscores1
{'2': [[1259, 1250, 1238, 1234, 1212, 1195, 1195, 1168, 1168, 1162, 1156, 1147, 1136, 1111, 1105, 1097, 1090, 1085, 1085, 1084, 1081, 1059, 1058, 1041, 1037], False], '5': [[791, 790, 786, 784, 782, 782, 781, 779, 776, 775, 773, 771, 765, 762, 757, 755, 753, 752, 751, 747, 738, 732, 724, 719, 714], False], '8': [[611, 606, 605, 604, 604, 604, 604, 602, 602, 600, 600, 597, 596, 596, 596, 595, 593, 589, 586, 585, 585, 584, 583, 580, 580], False], '11': [[517, 515, 512, 511, 510, 506, 506, 505, 504, 503, 502, 502, 501, 500, 500, 500, 500, 500, 499, 499, 499, 498, 497, 497, 495], False], '14': [[453, 453, 453, 453, 451, 451, 451, 450, 450, 450, 449, 448, 447, 446, 446, 445, 444, 444, 444, 443, 443, 442, 441, 438, 438], False], '17': [[406, 406, 405, 405, 404, 404, 404, 403, 401, 400, 400, 400, 400, 400, 400, 400, 400, 400, 400, 398, 397, 396, 395, 394, 393], False], '20': [[374, 374, 374, 373, 373, 372, 372, 371, 371, 370, 370, 370, 369, 369, 369, 367, 367, 366, 366, 366, 366, 366, 365, 365, 365], False], '24': [[329, 328, 328, 327, 327, 326, 326, 326, 325, 325, 325, 325, 324, 324, 323, 323, 323, 323, 322, 322, 321, 321, 321, 321, 321], False], '27': [[305, 304, 303, 302, 302, 302, 302, 302, 302, 301, 301, 301, 300, 300, 300, 300, 300, 300, 300, 300, 300, 300, 300, 300, 300], False], '30': [[284, 284, 284, 284, 284, 283, 283, 283, 282, 282, 282, 281, 281, 281, 281, 280, 280, 280, 279, 279, 279, 279, 278, 278, 277], False]}
dict_keys(['2', '5', '8', '11', '14', '17', '20', '24', '27', '30'])
[2, 5, 8, 11, 14, 17, 20, 24, 27, 30]
Queue: [33, 36, 39, 42, 45, 49, 52, 55, 58, 61]
arn:aws:lambda:us-east-1:858228748133:function:getHiscores6
{'33': [[265, 265, 265, 265, 264, 264, 264, 264, 263, 263, 263, 263, 262, 262, 261, 261, 261, 261, 261, 260, 260, 260, 260, 259, 259], False], '36': [[247, 247, 246, 246, 246, 246, 246, 246, 246, 245, 245, 245, 244, 244, 244, 244, 243, 243, 243, 243, 243, 243, 242, 242, 242], False], '39': [[230, 230, 230, 229, 229, 229, 229, 229, 229, 228, 228, 228, 228, 227, 227, 227, 227, 227, 227, 227, 227, 226, 226, 226, 226], False], '42': [[217, 217, 217, 217, 217, 217, 217, 217, 216, 216, 216, 215, 215, 215, 215, 215, 215, 215, 215, 215, 214, 214, 214, 214, 214], False], '45': [[206, 206, 206, 205, 205, 205, 205, 205, 205, 204, 204, 204, 204, 204, 204, 204, 204, 203, 203, 203, 203, 203, 203, 203, 203], False], '49': [[194, 193, 193, 193, 193, 193, 193, 193, 193, 192, 192, 192, 192, 192, 192, 192, 191, 191, 191, 191, 191, 191, 191, 190, 190], False], '52': [[184, 184, 183, 183, 183, 183, 183, 183, 182, 182, 182, 182, 182, 181, 181, 181, 181, 181, 181, 181, 181, 180, 180, 180, 180], False], '55': [[174, 174, 173, 173, 173, 173, 173, 173, 173, 173, 173, 173, 172, 172, 172, 172, 172, 172, 172, 172, 172, 172, 171, 171, 171], False], '58': [[166, 166, 166, 165, 165, 165, 165, 165, 165, 165, 165, 165, 165, 165, 165, 164, 164, 164, 164, 164, 164, 164, 164, 164, 164], False], '61': [[159, 158, 158, 158, 158, 158, 158, 158, 158, 158, 158, 158, 158, 158, 158, 158, 157, 157, 157, 157, 157, 157, 157, 157, 157], False]}
dict_keys(['33', '36', '39', '42', '45', '49', '52', '55', '58', '61'])
[33, 36, 39, 42, 45, 49, 52, 55, 58, 61]
Queue: [64, 67, 70, 74, 77, 80, 83, 86, 89, 92]
arn:aws:lambda:us-east-1:858228748133:function:getHiscores3
{'64': [[152, 152, 152, 152, 152, 151, 151, 151, 151, 151, 151, 151, 151, 151, 151, 151, 151, 151, 151, 151, 150, 150, 150, 150, 150], False], '67': [[146, 146, 146, 146, 146, 146, 146, 146, 146, 146, 146, 146, 146, 146, 146, 145, 145, 145, 145, 145, 145, 145, 145, 145, 145], False], '70': [[140, 140, 140, 140, 140, 140, 140, 140, 140, 140, 140, 140, 139, 139, 139, 139, 139, 139, 139, 139, 139, 139, 139, 138, 138], False], '74': [[133, 133, 133, 133, 132, 132, 132, 132, 132, 132, 132, 132, 132, 132, 132, 132, 132, 132, 132, 132, 131, 131, 131, 131, 131], False], '77': [[126, 126, 126, 126, 126, 126, 126, 126, 126, 126, 126, 126, 126, 126, 126, 125, 125, 125, 125, 125, 125, 125, 125, 125, 125], False], '80': [[122, 122, 122, 122, 122, 122, 122, 122, 122, 122, 122, 121, 121, 121, 121, 121, 121, 121, 121, 121, 121, 121, 121, 121, 121], False], '83': [[118, 118, 118, 118, 118, 118, 118, 118, 118, 118, 118, 118, 118, 118, 118, 118, 117, 117, 117, 117, 117, 117, 117, 117, 117], False], '86': [[115, 115, 115, 115, 115, 115, 115, 114, 114, 114, 114, 114, 114, 114, 114, 114, 114, 114, 114, 114, 114, 114, 114, 114, 113], False], '89': [[111, 111, 111, 111, 111, 111, 110, 110, 110, 110, 110, 110, 110, 110, 110, 110, 110, 110, 110, 110, 110, 110, 110, 110, 110], False], '92': [[108, 108, 108, 108, 108, 108, 108, 108, 108, 108, 108, 108, 108, 107, 107, 107, 107, 107, 107, 107, 107, 107, 107, 107, 107], False]}
dict_keys(['64', '67', '70', '74', '77', '80', '83', '86', '89', '92'])
[64, 67, 70, 74, 77, 80, 83, 86, 89, 92]
Queue: [95, 99, 102, 105, 108, 111, 114, 117, 120, 124]
arn:aws:lambda:us-east-1:858228748133:function:getHiscores2
{'95': [[105, 105, 105, 105, 104, 104, 104, 104, 104, 104, 104, 104, 104, 104, 104, 104, 104, 104, 104, 104, 103, 103, 103, 103, 103], False], '99': [[101, 101, 101, 100, 100, 100, 100, 100, 100, 100, 100, 100, 100, 100, 100, 100, 100, 100, 100, 100, 100, 100, 100, 100, 100], False], '102': [[100, 99, 99, 99, 99, 99, 99, 99, 99, 99, 99, 99, 99, 98, 98, 98, 98, 98, 98, 98, 98, 98, 98, 98, 98], False], '105': [[95, 95, 95, 95, 95, 95, 95, 95, 95, 95, 95, 95, 95, 95, 95, 95, 95, 94, 94, 94, 94, 94, 94, 94, 94], False], '108': [[91, 90, 90, 90, 90, 90, 90, 90, 90, 90, 90, 90, 90, 90, 90, 90, 90, 90, 90, 90, 89, 89, 89, 89, 89], False], '111': [[86, 86, 86, 86, 86, 86, 86, 86, 86, 86, 86, 86, 86, 86, 86, 86, 86, 86, 86, 85, 85, 85, 85, 85, 85], False], '114': [[83, 83, 83, 83, 83, 83, 83, 83, 83, 83, 83, 83, 83, 83, 83, 83, 83, 83, 83, 83, 83, 83, 83, 82, 82], False], '117': [[80, 80, 80, 80, 80, 80, 80, 80, 80, 80, 80, 80, 80, 80, 80, 80, 80, 80, 79, 79, 79, 79, 79, 79, 79], False], '120': [[77, 77, 77, 77, 77, 77, 77, 77, 77, 77, 77, 77, 77, 77, 77, 77, 77, 77, 77, 77, 77, 77, 77, 76, 76], False], '124': [[74, 74, 74, 74, 74, 74, 74, 74, 74, 74, 74, 74, 74, 74, 74, 74, 74, 74, 74, 74, 74, 74, 74, 74, 74], False]}
dict_keys(['95', '99', '102', '105', '108', '111', '114', '117', '120', '124'])
[95, 99, 102, 105, 108, 111, 114, 117, 120, 124]
Queue: [127, 130, 133, 136, 139, 142, 145, 149, 152, 155]
arn:aws:lambda:us-east-1:858228748133:function:getHiscores5
{'127': [[72, 72, 72, 72, 72, 72, 72, 72, 72, 72, 72, 72, 72, 72, 72, 72, 72, 72, 72, 71, 71, 71, 71, 71, 71], False], '130': [[70, 70, 70, 70, 70, 70, 70, 70, 69, 69, 69, 69, 69, 69, 69, 69, 69, 69, 69, 69, 69, 69, 69, 69, 69], False], '133': [[68, 68, 68, 68, 68, 68, 68, 68, 68, 68, 68, 68, 68, 67, 67, 67, 67, 67, 67, 67, 67, 67, 67, 67, 67], False], '136': [[65, 65, 65, 65, 65, 65, 65, 65, 65, 65, 65, 65, 65, 65, 65, 65, 65, 65, 65, 65, 65, 65, 65, 65, 65], False], '139': [[63, 63, 63, 63, 63, 63, 63, 63, 63, 63, 63, 63, 63, 63, 63, 63, 63, 63, 63, 63, 63, 63, 63, 63, 63], False], '142': [[62, 62, 62, 62, 62, 62, 62, 62, 62, 62, 62, 61, 61, 61, 61, 61, 61, 61, 61, 61, 61, 61, 61, 61, 61], False], '145': [[60, 60, 60, 60, 60, 60, 60, 60, 60, 60, 60, 60, 60, 60, 60, 60, 60, 60, 60, 60, 60, 60, 60, 60, 59], False], '149': [[57, 57, 57, 57, 57, 57, 57, 57, 57, 57, 57, 57, 57, 57, 57, 57, 57, 57, 57, 57, 57, 57, 57, 57, 57], False], '152': [[56, 55, 55, 55, 55, 55, 55, 55, 55, 55, 55, 55, 55, 55, 55, 55, 55, 55, 55, 55, 55, 55, 55, 55, 55], False], '155': [[54, 54, 54, 54, 54, 54, 54, 54, 54, 54, 54, 54, 54, 54, 54, 53, 53, 53, 53, 53, 53, 53, 53, 53, 53], False]}
dict_keys(['127', '130', '133', '136', '139', '142', '145', '149', '152', '155'])
[127, 130, 133, 136, 139, 142, 145, 149, 152, 155]
Queue: [158, 161, 164, 167, 170, 174, 177, 180, 186, 189]
arn:aws:lambda:us-east-1:858228748133:function:getHiscores2
{'158': [[52, 52, 52, 52, 52, 52, 52, 52, 52, 52, 52, 52, 52, 52, 52, 52, 52, 52, 52, 52, 52, 52, 52, 52, 52], False], '161': [[51, 51, 51, 51, 51, 50, 50, 50, 50, 50, 50, 50, 50, 50, 50, 50, 50, 50, 50, 50, 50, 50, 50, 50, 50], False], '164': [[50, 50, 50, 50, 50, 50, 49, 49, 49, 49, 49, 49, 49, 49, 49, 49, 49, 49, 49, 49, 49, 49, 49, 49, 49], False], '167': [[48, 48, 48, 48, 48, 48, 48, 47, 47, 47, 47, 47, 47, 47, 47, 47, 47, 47, 47, 47, 47, 47, 47, 47, 47], False], '170': [[46, 46, 46, 46, 46, 46, 46, 46, 46, 46, 46, 46, 46, 46, 46, 46, 46, 46, 46, 46, 46, 46, 46, 46, 46], False], '174': [[44, 44, 44, 44, 44, 44, 44, 44, 44, 44, 44, 44, 44, 44, 44, 44, 44, 44, 44, 44, 44, 44, 44, 44, 44], False], '177': [[43, 43, 43, 43, 43, 43, 43, 43, 42, 42, 42, 42, 42, 42, 42, 42, 42, 42, 42, 42, 42, 42, 42, 42, 42], False], '180': [[41, 41, 41, 41, 41, 41, 41, 41, 41, 41, 41, 41, 41, 41, 41, 41, 41, 41, 41, 41, 41, 41, 41, 41, 41], False], '186': [[39, 39, 39, 39, 39, 39, 39, 39, 39, 39, 39, 39, 39, 39, 39, 39, 39, 39, 39, 39, 39, 39, 39, 39, 39], False], '189': [[38, 38, 38, 38, 38, 38, 38, 38, 38, 38, 38, 38, 38, 38, 38, 38, 38, 38, 38, 38, 38, 38, 38, 38, 38], False]}
dict_keys(['158', '161', '164', '167', '170', '174', '177', '180', '186', '189'])
[158, 161, 164, 167, 170, 174, 177, 180, 186, 189]
Queue: [192, 195, 199, 205, 208, 211, 214, 217, 220, 224]
arn:aws:lambda:us-east-1:858228748133:function:getHiscores1
{'192': [[37, 37, 37, 37, 37, 37, 37, 37, 37, 37, 37, 37, 37, 37, 37, 37, 37, 37, 37, 37, 37, 37, 37, 37, 37], False], '195': [[36, 36, 36, 36, 36, 36, 36, 35, 35, 35, 35, 35, 35, 35, 35, 35, 35, 35, 35, 35, 35, 35, 35, 35, 35], False], '199': [[34, 34, 34, 34, 34, 34, 34, 34, 34, 34, 34, 34, 34, 34, 34, 34, 34, 34, 34, 34, 34, 34, 34, 34, 34], False], '205': [[33, 33, 33, 33, 32, 32, 32, 32, 32, 32, 32, 32, 32, 32, 32, 32, 32, 32, 32, 32, 32, 32, 32, 32, 32], False], '208': [[32, 32, 32, 32, 32, 32, 32, 32, 32, 32, 32, 32, 32, 31, 31, 31, 31, 31, 31, 31, 31, 31, 31, 31, 31], False], '211': [[31, 31, 31, 31, 31, 31, 31, 31, 31, 31, 31, 31, 31, 31, 31, 31, 31, 31, 31, 31, 31, 31, 31, 31, 31], False], '214': [[30, 30, 30, 30, 30, 30, 30, 30, 30, 30, 30, 30, 30, 30, 30, 30, 30, 30, 30, 30, 30, 30, 30, 30, 30], False], '217': [[29, 29, 29, 29, 29, 29, 29, 29, 29, 29, 29, 29, 29, 29, 29, 29, 29, 29, 29, 29, 29, 29, 29, 29, 29], False], '220': [[28, 28, 28, 28, 28, 28, 28, 28, 28, 28, 28, 28, 28, 28, 28, 28, 28, 28, 28, 28, 28, 28, 28, 28, 28], False], '224': [[27, 27, 27, 27, 27, 27, 27, 27, 27, 27, 27, 27, 27, 27, 27, 27, 27, 27, 27, 27, 27, 27, 27, 27, 27], False]}
dict_keys(['192', '195', '199', '205', '208', '211', '214', '217', '220', '224'])
[192, 195, 199, 205, 208, 211, 214, 217, 220, 224]
Queue: [233, 239, 242, 249, 252, 258, 264, 270, 283, 289]
arn:aws:lambda:us-east-1:858228748133:function:getHiscores2
{'233': [[25, 25, 25, 25, 25, 25, 25, 25, 25, 25, 25, 25, 25, 25, 25, 25, 25, 25, 25, 25, 25, 25, 25, 25, 25], False], '239': [[24, 24, 24, 23, 23, 23, 23, 23, 23, 23, 23, 23, 23, 23, 23, 23, 23, 23, 23, 23, 23, 23, 23, 23, 23], False], '242': [[23, 23, 23, 23, 23, 23, 23, 23, 23, 23, 23, 23, 23, 23, 23, 23, 23, 23, 23, 23, 23, 23, 23, 23, 22], False], '249': [[21, 21, 21, 21, 21, 21, 21, 21, 21, 21, 21, 21, 21, 21, 21, 21, 21, 21, 21, 21, 21, 21, 21, 21, 21], False], '252': [[21, 21, 21, 21, 21, 21, 21, 21, 21, 21, 21, 21, 21, 21, 21, 21, 21, 21, 21, 21, 21, 21, 21, 21, 20], False], '258': [[20, 20, 20, 20, 20, 20, 20, 20, 20, 20, 20, 20, 20, 20, 20, 20, 20, 20, 20, 20, 20, 20, 20, 20, 20], False], '264': [[19, 19, 19, 19, 19, 19, 19, 19, 19, 18, 18, 18, 18, 18, 18, 18, 18, 18, 18, 18, 18, 18, 18, 18, 18], False], '270': [[18, 18, 18, 18, 18, 18, 18, 18, 18, 18, 17, 17, 17, 17, 17, 17, 17, 17, 17, 17, 17, 17, 17, 17, 17], False], '283': [[16, 16, 16, 16, 16, 16, 16, 16, 15, 15, 15, 15, 15, 15, 15, 15, 15, 15, 15, 15, 15, 15, 15, 15, 15], False], '289': [[15, 15, 15, 15, 15, 15, 15, 15, 15, 15, 15, 15, 15, 15, 15, 15, 15, 15, 15, 15, 15, 15, 15, 15, 15], False]}
dict_keys(['233', '239', '242', '249', '252', '258', '264', '270', '283', '289'])
[233, 239, 242, 249, 252, 258, 264, 270, 283, 289]
Queue: [295]
arn:aws:lambda:us-east-1:858228748133:function:getHiscores1
{'295': [[14, 14, 14, 14, 14, 14, 14, 14, 14, 14, 14, 14, 14, 14, 14, 14, 14, 14, 14, 14, 14, 14, 14, 14, 14], False]}
dict_keys(['295'])
[295]
Queue: [3, 6, 9, 12, 15, 18, 21, 23, 25, 28]
arn:aws:lambda:us-east-1:858228748133:function:getHiscores6
{'3': [[1034, 1025, 1024, 1016, 1011, 1006, 1004, 1004, 1001, 1000, 1000, 1000, 1000, 999, 988, 975, 961, 948, 945, 934, 931, 931, 925, 920, 918], False], '6': [[711, 707, 705, 705, 705, 700, 699, 695, 692, 687, 684, 683, 683, 680, 678, 675, 674, 673, 672, 671, 667, 666, 665, 664, 664], False], '9': [[577, 575, 575, 574, 573, 570, 568, 568, 567, 566, 561, 560, 557, 556, 556, 556, 555, 555, 553, 551, 551, 550, 549, 548, 546], False], '12': [[495, 495, 493, 493, 492, 491, 490, 489, 487, 487, 487, 486, 483, 482, 482, 480, 479, 477, 475, 475, 474, 473, 473, 473, 473], False], '15': [[438, 438, 437, 437, 436, 435, 435, 435, 433, 433, 430, 426, 426, 426, 425, 425, 424, 424, 424, 423, 423, 423, 422, 422, 420], False], '18': [[393, 392, 392, 391, 391, 391, 391, 391, 390, 390, 390, 390, 389, 389, 389, 388, 388, 388, 388, 387, 387, 386, 386, 386, 385], False], '21': [[365, 364, 364, 364, 364, 363, 362, 361, 360, 360, 360, 360, 358, 358, 358, 358, 356, 356, 355, 355, 355, 355, 354, 354, 354], False], '23': [[342, 342, 342, 342, 341, 340, 340, 340, 339, 339, 338, 337, 337, 337, 336, 335, 335, 335, 335, 334, 334, 331, 331, 331, 330], False], '25': [[321, 321, 320, 320, 320, 320, 320, 319, 319, 318, 318, 317, 317, 317, 317, 317, 316, 316, 315, 315, 315, 314, 314, 314, 313], False], '28': [[300, 300, 300, 300, 299, 299, 299, 298, 298, 298, 297, 297, 296, 296, 296, 296, 295, 294, 294, 293, 292, 292, 292, 291, 291], False]}
dict_keys(['3', '6', '9', '12', '15', '18', '21', '23', '25', '28'])
[3, 6, 9, 12, 15, 18, 21, 23, 25, 28]
Queue: [31, 34, 37, 40, 43, 46, 48, 50, 53, 56]
arn:aws:lambda:us-east-1:858228748133:function:getHiscores7
{'31': [[277, 277, 277, 276, 276, 275, 275, 274, 274, 274, 273, 273, 272, 272, 271, 271, 271, 271, 271, 270, 270, 270, 270, 270, 270], False], '34': [[259, 259, 258, 258, 258, 256, 256, 256, 255, 255, 255, 255, 255, 254, 254, 254, 254, 253, 253, 253, 253, 253, 253, 252, 252], False], '37': [[242, 242, 241, 241, 241, 241, 241, 241, 240, 240, 240, 239, 239, 239, 239, 239, 238, 238, 238, 237, 237, 237, 237, 236, 236], False], '40': [[226, 226, 226, 225, 225, 225, 225, 224, 224, 224, 224, 224, 224, 224, 224, 223, 223, 223, 223, 223, 222, 222, 222, 222, 222], False], '43': [[213, 213, 213, 213, 213, 213, 213, 213, 213, 212, 212, 212, 212, 212, 212, 211, 211, 211, 211, 211, 211, 211, 210, 210, 210], False], '46': [[203, 203, 203, 202, 202, 202, 202, 202, 202, 202, 202, 201, 201, 201, 201, 201, 201, 201, 201, 201, 201, 201, 201, 200, 200], False], '48': [[198, 198, 198, 197, 197, 197, 197, 197, 197, 197, 196, 196, 196, 196, 196, 196, 196, 196, 196, 195, 195, 195, 194, 194, 194], False], '50': [[190, 190, 190, 190, 190, 190, 190, 190, 189, 189, 188, 188, 188, 188, 188, 187, 187, 187, 187, 187, 187, 187, 187, 186, 186], False], '53': [[180, 180, 180, 180, 179, 179, 179, 179, 179, 179, 178, 178, 178, 178, 178, 178, 178, 178, 178, 178, 177, 177, 177, 177, 177], False], '56': [[171, 171, 171, 171, 171, 170, 170, 170, 170, 170, 170, 170, 170, 169, 169, 169, 169, 169, 169, 169, 169, 169, 168, 168, 168], False]}
dict_keys(['31', '34', '37', '40', '43', '46', '48', '50', '53', '56'])
[31, 34, 37, 40, 43, 46, 48, 50, 53, 56]
Queue: [59, 62, 65, 68, 71, 73, 75, 78, 81, 84]
arn:aws:lambda:us-east-1:858228748133:function:getHiscores6
{'59': [[164, 164, 163, 163, 163, 163, 163, 163, 163, 163, 162, 162, 162, 162, 162, 162, 162, 162, 162, 162, 161, 161, 161, 161, 161], False], '62': [[157, 157, 156, 156, 156, 156, 156, 156, 156, 156, 156, 156, 155, 155, 155, 155, 155, 155, 155, 155, 155, 155, 155, 155, 155], False], '65': [[150, 150, 150, 150, 150, 150, 150, 150, 150, 150, 150, 150, 150, 150, 150, 150, 150, 150, 149, 149, 149, 149, 149, 149, 149], False], '68': [[145, 145, 145, 145, 144, 144, 144, 144, 144, 144, 144, 144, 144, 144, 143, 143, 143, 143, 143, 143, 142, 142, 142, 142, 142], False], '71': [[138, 138, 138, 138, 138, 138, 138, 138, 137, 137, 137, 137, 137, 137, 137, 137, 137, 137, 137, 137, 137, 137, 137, 136, 136], False], '73': [[134, 134, 134, 134, 134, 134, 134, 134, 134, 134, 134, 134, 134, 134, 134, 133, 133, 133, 133, 133, 133, 133, 133, 133, 133], False], '75': [[131, 131, 131, 131, 130, 130, 130, 130, 130, 130, 130, 130, 130, 130, 130, 129, 129, 129, 129, 129, 129, 129, 129, 129, 129], False], '78': [[125, 125, 125, 125, 125, 125, 125, 125, 125, 125, 125, 125, 125, 125, 124, 124, 124, 124, 124, 124, 124, 124, 124, 124, 124], False], '81': [[121, 121, 121, 121, 121, 121, 121, 121, 121, 121, 120, 120, 120, 120, 120, 120, 120, 120, 120, 120, 120, 120, 120, 120, 120], False], '84': [[117, 117, 117, 117, 117, 117, 117, 116, 116, 116, 116, 116, 116, 116, 116, 116, 116, 116, 116, 116, 116, 116, 116, 116, 116], False]}
dict_keys(['59', '62', '65', '68', '71', '73', '75', '78', '81', '84'])
[59, 62, 65, 68, 71, 73, 75, 78, 81, 84]
Queue: [87, 90, 93, 96, 98, 103, 106, 109, 112, 115]
arn:aws:lambda:us-east-1:858228748133:function:getHiscores9
{'87': [[113, 113, 113, 113, 113, 113, 113, 113, 113, 113, 113, 112, 112, 112, 112, 112, 112, 112, 112, 112, 112, 112, 112, 112, 112], False], '90': [[110, 110, 110, 110, 110, 110, 110, 110, 110, 110, 110, 110, 110, 109, 109, 109, 109, 109, 109, 109, 109, 109, 109, 109, 109], False], '93': [[107, 107, 107, 107, 107, 107, 107, 107, 107, 107, 106, 106, 106, 106, 106, 106, 106, 106, 106, 106, 106, 106, 106, 106, 106], False], '96': [[103, 103, 103, 103, 103, 103, 103, 103, 103, 103, 103, 103, 103, 103, 103, 103, 103, 103, 103, 103, 102, 102, 102, 102, 102], False], '98': [[101, 101, 101, 101, 101, 101, 101, 101, 101, 101, 101, 101, 101, 101, 101, 101, 101, 101, 101, 101, 101, 101, 101, 101, 101], False], '103': [[98, 98, 98, 98, 98, 98, 98, 98, 98, 97, 97, 97, 97, 97, 97, 97, 97, 97, 97, 97, 97, 97, 97, 97, 97], False], '106': [[94, 94, 94, 94, 94, 94, 93, 93, 93, 93, 93, 93, 93, 93, 93, 93, 93, 93, 93, 93, 93, 93, 93, 93, 93], False], '109': [[89, 89, 89, 89, 89, 89, 89, 89, 89, 89, 89, 89, 89, 88, 88, 88, 88, 88, 88, 88, 88, 88, 88, 88, 88], False], '112': [[85, 85, 85, 85, 85, 85, 85, 85, 85, 85, 85, 85, 85, 85, 85, 85, 85, 85, 85, 85, 84, 84, 84, 84, 84], False], '115': [[82, 82, 82, 82, 82, 82, 82, 82, 82, 82, 82, 82, 82, 82, 82, 82, 82, 82, 82, 82, 82, 81, 81, 81, 81], False]}
dict_keys(['87', '90', '93', '96', '98', '103', '106', '109', '112', '115'])
[87, 90, 93, 96, 98, 103, 106, 109, 112, 115]
Queue: [118, 123, 125, 128, 131, 134, 137, 140, 143, 148]
arn:aws:lambda:us-east-1:858228748133:function:getHiscores4
{'118': [[79, 79, 79, 79, 79, 79, 79, 79, 79, 78, 78, 78, 78, 78, 78, 78, 78, 78, 78, 78, 78, 78, 78, 78, 78], False], '123': [[75, 75, 75, 75, 75, 75, 75, 75, 75, 75, 75, 75, 75, 75, 75, 75, 75, 75, 75, 75, 75, 75, 75, 74, 74], False], '125': [[74, 74, 74, 74, 74, 73, 73, 73, 73, 73, 73, 73, 73, 73, 73, 73, 73, 73, 73, 73, 73, 73, 73, 73, 73], False], '128': [[71, 71, 71, 71, 71, 71, 71, 71, 71, 71, 71, 71, 71, 71, 71, 71, 71, 71, 70, 70, 70, 70, 70, 70, 70], False], '131': [[69, 69, 69, 69, 69, 69, 69, 69, 69, 69, 69, 69, 69, 69, 69, 69, 69, 69, 69, 69, 69, 69, 69, 69, 69], False], '134': [[67, 67, 67, 67, 67, 67, 67, 67, 67, 67, 67, 67, 67, 67, 67, 67, 67, 67, 66, 66, 66, 66, 66, 66, 66], False], '137': [[65, 65, 65, 65, 65, 65, 65, 64, 64, 64, 64, 64, 64, 64, 64, 64, 64, 64, 64, 64, 64, 64, 64, 64, 64], False], '140': [[63, 63, 63, 63, 63, 63, 63, 63, 63, 63, 63, 63, 63, 63, 63, 63, 63, 63, 63, 63, 63, 62, 62, 62, 62], False], '143': [[61, 61, 61, 61, 61, 61, 61, 61, 61, 61, 61, 61, 61, 61, 61, 61, 61, 61, 61, 61, 61, 61, 61, 61, 61], False], '148': [[58, 58, 58, 58, 58, 58, 58, 58, 58, 58, 58, 58, 58, 58, 58, 58, 58, 58, 57, 57, 57, 57, 57, 57, 57], False]}
dict_keys(['118', '123', '125', '128', '131', '134', '137', '140', '143', '148'])
[118, 123, 125, 128, 131, 134, 137, 140, 143, 148]
Queue: [150, 159, 165, 168, 171, 173, 175, 181, 187, 190]
arn:aws:lambda:us-east-1:858228748133:function:getHiscores5
{'150': [[57, 57, 57, 57, 57, 57, 57, 57, 56, 56, 56, 56, 56, 56, 56, 56, 56, 56, 56, 56, 56, 56, 56, 56, 56], False], '159': [[52, 52, 52, 51, 51, 51, 51, 51, 51, 51, 51, 51, 51, 51, 51, 51, 51, 51, 51, 51, 51, 51, 51, 51, 51], False], '165': [[49, 49, 49, 49, 49, 49, 49, 49, 49, 49, 49, 49, 49, 48, 48, 48, 48, 48, 48, 48, 48, 48, 48, 48, 48], False], '168': [[47, 47, 47, 47, 47, 47, 47, 47, 47, 47, 47, 47, 47, 47, 47, 47, 47, 47, 47, 47, 47, 47, 47, 47, 47], False], '171': [[46, 45, 45, 45, 45, 45, 45, 45, 45, 45, 45, 45, 45, 45, 45, 45, 45, 45, 45, 45, 45, 45, 45, 45, 45], False], '173': [[45, 45, 45, 45, 45, 45, 45, 45, 45, 45, 45, 45, 45, 45, 44, 44, 44, 44, 44, 44, 44, 44, 44, 44, 44], False], '175': [[44, 44, 44, 44, 44, 44, 43, 43, 43, 43, 43, 43, 43, 43, 43, 43, 43, 43, 43, 43, 43, 43, 43, 43, 43], False], '181': [[41, 41, 41, 41, 41, 41, 41, 41, 41, 41, 41, 41, 41, 41, 41, 41, 41, 41, 41, 41, 41, 41, 41, 41, 41], False], '187': [[39, 39, 39, 39, 39, 39, 39, 39, 39, 39, 39, 39, 39, 39, 39, 39, 39, 39, 39, 39, 39, 38, 38, 38, 38], False], '190': [[38, 38, 38, 38, 38, 38, 38, 38, 38, 38, 37, 37, 37, 37, 37, 37, 37, 37, 37, 37, 37, 37, 37, 37, 37], False]}
dict_keys(['150', '159', '165', '168', '171', '173', '175', '181', '187', '190'])
[150, 159, 165, 168, 171, 173, 175, 181, 187, 190]
Queue: [193, 198, 212, 215, 218, 221, 225, 234, 248, 259]
arn:aws:lambda:us-east-1:858228748133:function:getHiscores5
{'193': [[36, 36, 36, 36, 36, 36, 36, 36, 36, 36, 36, 36, 36, 36, 36, 36, 36, 36, 36, 36, 36, 36, 36, 36, 36], False], '198': [[35, 35, 35, 35, 35, 35, 35, 34, 34, 34, 34, 34, 34, 34, 34, 34, 34, 34, 34, 34, 34, 34, 34, 34, 34], False], '212': [[31, 30, 30, 30, 30, 30, 30, 30, 30, 30, 30, 30, 30, 30, 30, 30, 30, 30, 30, 30, 30, 30, 30, 30, 30], False], '215': [[30, 30, 30, 30, 30, 30, 30, 30, 30, 30, 30, 30, 30, 30, 30, 30, 30, 30, 29, 29, 29, 29, 29, 29, 29], False], '218': [[29, 29, 29, 29, 29, 29, 29, 28, 28, 28, 28, 28, 28, 28, 28, 28, 28, 28, 28, 28, 28, 28, 28, 28, 28], False], '221': [[28, 28, 28, 28, 28, 28, 28, 28, 28, 28, 28, 28, 28, 28, 28, 28, 28, 27, 27, 27, 27, 27, 27, 27, 27], False], '225': [[27, 27, 27, 27, 27, 27, 27, 27, 26, 26, 26, 26, 26, 26, 26, 26, 26, 26, 26, 26, 26, 26, 26, 26, 26], False], '234': [[25, 25, 25, 25, 25, 25, 24, 24, 24, 24, 24, 24, 24, 24, 24, 24, 24, 24, 24, 24, 24, 24, 24, 24, 24], False], '248': [[22, 22, 22, 22, 22, 22, 21, 21, 21, 21, 21, 21, 21, 21, 21, 21, 21, 21, 21, 21, 21, 21, 21, 21, 21], False], '259': [[20, 20, 20, 19, 19, 19, 19, 19, 19, 19, 19, 19, 19, 19, 19, 19, 19, 19, 19, 19, 19, 19, 19, 19, 19], False]}
dict_keys(['193', '198', '212', '215', '218', '221', '225', '234', '248', '259'])
[193, 198, 212, 215, 218, 221, 225, 234, 248, 259]
Queue: [290, 296]
arn:aws:lambda:us-east-1:858228748133:function:getHiscores7
{'290': [[14, 14, 14, 14, 14, 14, 14, 14, 14, 14, 14, 14, 14, 14, 14, 14, 14, 14, 14, 14, 14, 14, 14, 14, 14], False], '296': [[14, 14, 14, 14, 14, 14, 14, 14, 14, 14, 14, 14, 14, 14, 13, 13, 13, 13, 13, 13, 13, 13, 13, 13, 13], False]}
dict_keys(['290', '296'])
[290, 296]
[None, [2519, 2197, 2191, 2133, 2009, 2002, 1735, 1722, 1644, 1626, 1625, 1526, 1511, 1509, 1508, 1420, 1381, 1381, 1368, 1361, 1336, 1301, 1280, 1274, 1260], [1259, 1250, 1238, 1234, 1212, 1195, 1195, 1168, 1168, 1162, 1156, 1147, 1136, 1111, 1105, 1097, 1090, 1085, 1085, 1084, 1081, 1059, 1058, 1041, 1037], [1034, 1025, 1024, 1016, 1011, 1006, 1004, 1004, 1001, 1000, 1000, 1000, 1000, 999, 988, 975, 961, 948, 945, 934, 931, 931, 925, 920, 918], [917, 909, 904, 902, 900, 897, 875, 859, 859, 856, 850, 842, 840, 832, 832, 830, 829, 828, 824, 820, 812, 809, 808, 805, 793], [791, 790, 786, 784, 782, 782, 781, 779, 776, 775, 773, 771, 765, 762, 757, 755, 753, 752, 751, 747, 738, 732, 724, 719, 714], [711, 707, 705, 705, 705, 700, 699, 695, 692, 687, 684, 683, 683, 680, 678, 675, 674, 673, 672, 671, 667, 666, 665, 664, 664], [663, 661, 659, 655, 654, 653, 650, 650, 650, 645, 642, 641, 641, 638, 636, 631, 629, 629, 628, 627, 625, 625, 618, 614, 612], [611, 606, 605, 604, 604, 604, 604, 602, 602, 600, 600, 597, 596, 596, 596, 595, 593, 589, 586, 585, 585, 584, 583, 580, 580], [577, 575, 575, 574, 573, 570, 568, 568, 567, 566, 561, 560, 557, 556, 556, 556, 555, 555, 553, 551, 551, 550, 549, 548, 546], [545, 544, 544, 543, 541, 540, 540, 538, 538, 538, 537, 536, 535, 533, 533, 532, 532, 531, 530, 528, 526, 525, 525, 525, 518], [517, 515, 512, 511, 510, 506, 506, 505, 504, 503, 502, 502, 501, 500, 500, 500, 500, 500, 499, 499, 499, 498, 497, 497, 495], [495, 495, 493, 493, 492, 491, 490, 489, 487, 487, 487, 486, 483, 482, 482, 480, 479, 477, 475, 475, 474, 473, 473, 473, 473], [472, 471, 470, 470, 469, 468, 468, 467, 467, 466, 464, 463, 463, 463, 462, 461, 460, 458, 455, 455, 454, 454, 454, 454, 453], [453, 453, 453, 453, 451, 451, 451, 450, 450, 450, 449, 448, 447, 446, 446, 445, 444, 444, 444, 443, 443, 442, 441, 438, 438], [438, 438, 437, 437, 436, 435, 435, 435, 433, 433, 430, 426, 426, 426, 425, 425, 424, 424, 424, 423, 423, 423, 422, 422, 420], [420, 420, 419, 418, 417, 417, 416, 416, 416, 415, 415, 414, 414, 414, 413, 413, 412, 411, 411, 410, 409, 409, 408, 407, 407], [406, 406, 405, 405, 404, 404, 404, 403, 401, 400, 400, 400, 400, 400, 400, 400, 400, 400, 400, 398, 397, 396, 395, 394, 393], [393, 392, 392, 391, 391, 391, 391, 391, 390, 390, 390, 390, 389, 389, 389, 388, 388, 388, 388, 387, 387, 386, 386, 386, 385], [384, 383, 383, 383, 382, 382, 381, 380, 380, 380, 379, 379, 378, 378, 378, 378, 377, 377, 377, 376, 376, 376, 376, 376, 375], [374, 374, 374, 373, 373, 372, 372, 371, 371, 370, 370, 370, 369, 369, 369, 367, 367, 366, 366, 366, 366, 366, 365, 365, 365], [365, 364, 364, 364, 364, 363, 362, 361, 360, 360, 360, 360, 358, 358, 358, 358, 356, 356, 355, 355, 355, 355, 354, 354, 354], [353, 353, 352, 352, 351, 350, 350, 350, 350, 350, 350, 349, 349, 349, 348, 348, 347, 346, 346, 346, 345, 345, 344, 344, 344], [342, 342, 342, 342, 341, 340, 340, 340, 339, 339, 338, 337, 337, 337, 336, 335, 335, 335, 335, 334, 334, 331, 331, 331, 330], [329, 328, 328, 327, 327, 326, 326, 326, 325, 325, 325, 325, 324, 324, 323, 323, 323, 323, 322, 322, 321, 321, 321, 321, 321], [321, 321, 320, 320, 320, 320, 320, 319, 319, 318, 318, 317, 317, 317, 317, 317, 316, 316, 315, 315, 315, 314, 314, 314, 313], [313, 312, 312, 312, 312, 311, 311, 311, 311, 311, 310, 310, 309, 309, 309, 308, 308, 308, 308, 307, 307, 306, 306, 305, 305], [305, 304, 303, 302, 302, 302, 302, 302, 302, 301, 301, 301, 300, 300, 300, 300, 300, 300, 300, 300, 300, 300, 300, 300, 300], [300, 300, 300, 300, 299, 299, 299, 298, 298, 298, 297, 297, 296, 296, 296, 296, 295, 294, 294, 293, 292, 292, 292, 291, 291], [291, 291, 291, 290, 290, 290, 290, 290, 290, 290, 288, 288, 288, 288, 287, 287, 287, 286, 286, 285, 285, 285, 285, 285, 285], [284, 284, 284, 284, 284, 283, 283, 283, 282, 282, 282, 281, 281, 281, 281, 280, 280, 280, 279, 279, 279, 279, 278, 278, 277], [277, 277, 277, 276, 276, 275, 275, 274, 274, 274, 273, 273, 272, 272, 271, 271, 271, 271, 271, 270, 270, 270, 270, 270, 270], [270, 270, 270, 270, 269, 269, 269, 269, 268, 268, 268, 268, 267, 267, 267, 267, 267, 267, 267, 266, 266, 266, 266, 266, 265], [265, 265, 265, 265, 264, 264, 264, 264, 263, 263, 263, 263, 262, 262, 261, 261, 261, 261, 261, 260, 260, 260, 260, 259, 259], [259, 259, 258, 258, 258, 256, 256, 256, 255, 255, 255, 255, 255, 254, 254, 254, 254, 253, 253, 253, 253, 253, 253, 252, 252], [252, 251, 251, 251, 250, 250, 250, 250, 250, 250, 250, 250, 250, 250, 250, 250, 250, 249, 249, 249, 248, 248, 248, 247, 247], [247, 247, 246, 246, 246, 246, 246, 246, 246, 245, 245, 245, 244, 244, 244, 244, 243, 243, 243, 243, 243, 243, 242, 242, 242], [242, 242, 241, 241, 241, 241, 241, 241, 240, 240, 240, 239, 239, 239, 239, 239, 238, 238, 238, 237, 237, 237, 237, 236, 236], [236, 236, 236, 236, 236, 235, 235, 235, 235, 235, 234, 234, 234, 233, 233, 233, 233, 233, 233, 233, 232, 231, 231, 231, 230], [230, 230, 230, 229, 229, 229, 229, 229, 229, 228, 228, 228, 228, 227, 227, 227, 227, 227, 227, 227, 227, 226, 226, 226, 226], [226, 226, 226, 225, 225, 225, 225, 224, 224, 224, 224, 224, 224, 224, 224, 223, 223, 223, 223, 223, 222, 222, 222, 222, 222], [222, 222, 221, 221, 221, 220, 220, 220, 220, 220, 220, 220, 220, 220, 219, 219, 219, 219, 219, 219, 219, 218, 218, 218, 217], [217, 217, 217, 217, 217, 217, 217, 217, 216, 216, 216, 215, 215, 215, 215, 215, 215, 215, 215, 215, 214, 214, 214, 214, 214], [213, 213, 213, 213, 213, 213, 213, 213, 213, 212, 212, 212, 212, 212, 212, 211, 211, 211, 211, 211, 211, 211, 210, 210, 210], [210, 210, 210, 210, 210, 210, 209, 209, 209, 209, 208, 208, 208, 208, 207, 207, 207, 207, 207, 207, 207, 207, 206, 206, 206], [206, 206, 206, 205, 205, 205, 205, 205, 205, 204, 204, 204, 204, 204, 204, 204, 204, 203, 203, 203, 203, 203, 203, 203, 203], [203, 203, 203, 202, 202, 202, 202, 202, 202, 202, 202, 201, 201, 201, 201, 201, 201, 201, 201, 201, 201, 201, 201, 200, 200], [200, 200, 200, 200, 200, 200, 200, 200, 200, 200, 200, 200, 200, 200, 200, 200, 200, 200, 200, 199, 199, 199, 199, 198, 198], [198, 198, 198, 197, 197, 197, 197, 197, 197, 197, 196, 196, 196, 196, 196, 196, 196, 196, 196, 195, 195, 195, 194, 194, 194], [194, 193, 193, 193, 193, 193, 193, 193, 193, 192, 192, 192, 192, 192, 192, 192, 191, 191, 191, 191, 191, 191, 191, 190, 190], [190, 190, 190, 190, 190, 190, 190, 190, 189, 189, 188, 188, 188, 188, 188, 187, 187, 187, 187, 187, 187, 187, 187, 186, 186], [186, 186, 186, 186, 186, 186, 186, 186, 186, 186, 185, 185, 185, 185, 185, 185, 185, 185, 185, 184, 184, 184, 184, 184, 184], [184, 184, 183, 183, 183, 183, 183, 183, 182, 182, 182, 182, 182, 181, 181, 181, 181, 181, 181, 181, 181, 180, 180, 180, 180], [180, 180, 180, 180, 179, 179, 179, 179, 179, 179, 178, 178, 178, 178, 178, 178, 178, 178, 178, 178, 177, 177, 177, 177, 177], [177, 177, 177, 177, 177, 177, 176, 176, 176, 176, 176, 176, 176, 176, 176, 175, 175, 175, 175, 175, 175, 174, 174, 174, 174], [174, 174, 173, 173, 173, 173, 173, 173, 173, 173, 173, 173, 172, 172, 172, 172, 172, 172, 172, 172, 172, 172, 171, 171, 171], [171, 171, 171, 171, 171, 170, 170, 170, 170, 170, 170, 170, 170, 169, 169, 169, 169, 169, 169, 169, 169, 169, 168, 168, 168], [168, 168, 168, 168, 168, 168, 168, 168, 168, 167, 167, 167, 167, 167, 167, 167, 167, 167, 167, 167, 167, 166, 166, 166, 166], [166, 166, 166, 165, 165, 165, 165, 165, 165, 165, 165, 165, 165, 165, 165, 164, 164, 164, 164, 164, 164, 164, 164, 164, 164], [164, 164, 163, 163, 163, 163, 163, 163, 163, 163, 162, 162, 162, 162, 162, 162, 162, 162, 162, 162, 161, 161, 161, 161, 161], [161, 161, 161, 161, 161, 161, 161, 161, 160, 160, 160, 160, 160, 160, 160, 160, 160, 160, 159, 159, 159, 159, 159, 159, 159], [159, 158, 158, 158, 158, 158, 158, 158, 158, 158, 158, 158, 158, 158, 158, 158, 157, 157, 157, 157, 157, 157, 157, 157, 157], [157, 157, 156, 156, 156, 156, 156, 156, 156, 156, 156, 156, 155, 155, 155, 155, 155, 155, 155, 155, 155, 155, 155, 155, 155], [154, 154, 154, 154, 154, 154, 154, 154, 154, 154, 154, 154, 154, 153, 153, 153, 153, 153, 152, 152, 152, 152, 152, 152, 152], [152, 152, 152, 152, 152, 151, 151, 151, 151, 151, 151, 151, 151, 151, 151, 151, 151, 151, 151, 151, 150, 150, 150, 150, 150], [150, 150, 150, 150, 150, 150, 150, 150, 150, 150, 150, 150, 150, 150, 150, 150, 150, 150, 149, 149, 149, 149, 149, 149, 149], [149, 149, 149, 149, 149, 149, 149, 149, 148, 148, 148, 148, 148, 148, 148, 148, 148, 148, 148, 147, 147, 147, 147, 147, 147], [146, 146, 146, 146, 146, 146, 146, 146, 146, 146, 146, 146, 146, 146, 146, 145, 145, 145, 145, 145, 145, 145, 145, 145, 145], [145, 145, 145, 145, 144, 144, 144, 144, 144, 144, 144, 144, 144, 144, 143, 143, 143, 143, 143, 143, 142, 142, 142, 142, 142], [142, 142, 142, 142, 141, 141, 141, 141, 141, 141, 141, 141, 141, 141, 141, 141, 141, 141, 140, 140, 140, 140, 140, 140, 140], [140, 140, 140, 140, 140, 140, 140, 140, 140, 140, 140, 140, 139, 139, 139, 139, 139, 139, 139, 139, 139, 139, 139, 138, 138], [138, 138, 138, 138, 138, 138, 138, 138, 137, 137, 137, 137, 137, 137, 137, 137, 137, 137, 137, 137, 137, 137, 137, 136, 136], [136, 136, 136, 136, 136, 136, 136, 135, 135, 135, 135, 135, 135, 135, 135, 135, 135, 135, 135, 135, 134, 134, 134, 134, 134], [134, 134, 134, 134, 134, 134, 134, 134, 134, 134, 134, 134, 134, 134, 134, 133, 133, 133, 133, 133, 133, 133, 133, 133, 133], [133, 133, 133, 133, 132, 132, 132, 132, 132, 132, 132, 132, 132, 132, 132, 132, 132, 132, 132, 132, 131, 131, 131, 131, 131], [131, 131, 131, 131, 130, 130, 130, 130, 130, 130, 130, 130, 130, 130, 130, 129, 129, 129, 129, 129, 129, 129, 129, 129, 129], [129, 129, 128, 128, 128, 128, 128, 128, 128, 128, 128, 128, 128, 127, 127, 127, 127, 127, 127, 127, 127, 127, 127, 126, 126], [126, 126, 126, 126, 126, 126, 126, 126, 126, 126, 126, 126, 126, 126, 126, 125, 125, 125, 125, 125, 125, 125, 125, 125, 125], [125, 125, 125, 125, 125, 125, 125, 125, 125, 125, 125, 125, 125, 125, 124, 124, 124, 124, 124, 124, 124, 124, 124, 124, 124], [124, 124, 124, 124, 124, 124, 124, 124, 123, 123, 123, 123, 123, 123, 123, 123, 123, 123, 123, 123, 123, 122, 122, 122, 122], [122, 122, 122, 122, 122, 122, 122, 122, 122, 122, 122, 121, 121, 121, 121, 121, 121, 121, 121, 121, 121, 121, 121, 121, 121], [121, 121, 121, 121, 121, 121, 121, 121, 121, 121, 120, 120, 120, 120, 120, 120, 120, 120, 120, 120, 120, 120, 120, 120, 120], [120, 120, 120, 120, 120, 120, 120, 119, 119, 119, 119, 119, 119, 119, 119, 119, 119, 119, 119, 119, 119, 119, 119, 118, 118], [118, 118, 118, 118, 118, 118, 118, 118, 118, 118, 118, 118, 118, 118, 118, 118, 117, 117, 117, 117, 117, 117, 117, 117, 117], [117, 117, 117, 117, 117, 117, 117, 116, 116, 116, 116, 116, 116, 116, 116, 116, 116, 116, 116, 116, 116, 116, 116, 116, 116], [116, 116, 116, 116, 116, 115, 115, 115, 115, 115, 115, 115, 115, 115, 115, 115, 115, 115, 115, 115, 115, 115, 115, 115, 115], [115, 115, 115, 115, 115, 115, 115, 114, 114, 114, 114, 114, 114, 114, 114, 114, 114, 114, 114, 114, 114, 114, 114, 114, 113], [113, 113, 113, 113, 113, 113, 113, 113, 113, 113, 113, 112, 112, 112, 112, 112, 112, 112, 112, 112, 112, 112, 112, 112, 112], [112, 112, 112, 112, 112, 112, 112, 112, 112, 111, 111, 111, 111, 111, 111, 111, 111, 111, 111, 111, 111, 111, 111, 111, 111], [111, 111, 111, 111, 111, 111, 110, 110, 110, 110, 110, 110, 110, 110, 110, 110, 110, 110, 110, 110, 110, 110, 110, 110, 110], [110, 110, 110, 110, 110, 110, 110, 110, 110, 110, 110, 110, 110, 109, 109, 109, 109, 109, 109, 109, 109, 109, 109, 109, 109], [109, 109, 109, 109, 109, 109, 109, 109, 109, 109, 109, 109, 108, 108, 108, 108, 108, 108, 108, 108, 108, 108, 108, 108, 108], [108, 108, 108, 108, 108, 108, 108, 108, 108, 108, 108, 108, 108, 107, 107, 107, 107, 107, 107, 107, 107, 107, 107, 107, 107], [107, 107, 107, 107, 107, 107, 107, 107, 107, 107, 106, 106, 106, 106, 106, 106, 106, 106, 106, 106, 106, 106, 106, 106, 106], [106, 106, 106, 105, 105, 105, 105, 105, 105, 105, 105, 105, 105, 105, 105, 105, 105, 105, 105, 105, 105, 105, 105, 105, 105], [105, 105, 105, 105, 104, 104, 104, 104, 104, 104, 104, 104, 104, 104, 104, 104, 104, 104, 104, 104, 103, 103, 103, 103, 103], [103, 103, 103, 103, 103, 103, 103, 103, 103, 103, 103, 103, 103, 103, 103, 103, 103, 103, 103, 103, 102, 102, 102, 102, 102], [102, 102, 102, 102, 102, 102, 102, 102, 102, 102, 102, 102, 102, 102, 102, 102, 102, 102, 102, 102, 102, 102, 102, 102, 102], [101, 101, 101, 101, 101, 101, 101, 101, 101, 101, 101, 101, 101, 101, 101, 101, 101, 101, 101, 101, 101, 101, 101, 101, 101], [101, 101, 101, 100, 100, 100, 100, 100, 100, 100, 100, 100, 100, 100, 100, 100, 100, 100, 100, 100, 100, 100, 100, 100, 100], None, [100, 100, 100, 100, 100, 100, 100, 100, 100, 100, 100, 100, 100, 100, 100, 100, 100, 100, 100, 100, 100, 100, 100, 100, 100], [100, 99, 99, 99, 99, 99, 99, 99, 99, 99, 99, 99, 99, 98, 98, 98, 98, 98, 98, 98, 98, 98, 98, 98, 98], [98, 98, 98, 98, 98, 98, 98, 98, 98, 97, 97, 97, 97, 97, 97, 97, 97, 97, 97, 97, 97, 97, 97, 97, 97], [97, 96, 96, 96, 96, 96, 96, 96, 96, 96, 96, 96, 96, 96, 96, 96, 96, 96, 96, 95, 95, 95, 95, 95, 95], [95, 95, 95, 95, 95, 95, 95, 95, 95, 95, 95, 95, 95, 95, 95, 95, 95, 94, 94, 94, 94, 94, 94, 94, 94], [94, 94, 94, 94, 94, 94, 93, 93, 93, 93, 93, 93, 93, 93, 93, 93, 93, 93, 93, 93, 93, 93, 93, 93, 93], [93, 92, 92, 92, 92, 92, 92, 92, 92, 92, 92, 92, 92, 91, 91, 91, 91, 91, 91, 91, 91, 91, 91, 91, 91], [91, 90, 90, 90, 90, 90, 90, 90, 90, 90, 90, 90, 90, 90, 90, 90, 90, 90, 90, 90, 89, 89, 89, 89, 89], [89, 89, 89, 89, 89, 89, 89, 89, 89, 89, 89, 89, 89, 88, 88, 88, 88, 88, 88, 88, 88, 88, 88, 88, 88], [88, 88, 88, 88, 88, 88, 87, 87, 87, 87, 87, 87, 87, 87, 87, 87, 87, 86, 86, 86, 86, 86, 86, 86, 86], [86, 86, 86, 86, 86, 86, 86, 86, 86, 86, 86, 86, 86, 86, 86, 86, 86, 86, 86, 85, 85, 85, 85, 85, 85], [85, 85, 85, 85, 85, 85, 85, 85, 85, 85, 85, 85, 85, 85, 85, 85, 85, 85, 85, 85, 84, 84, 84, 84, 84], [84, 84, 84, 84, 84, 84, 84, 84, 84, 84, 84, 84, 84, 84, 84, 84, 84, 84, 84, 83, 83, 83, 83, 83, 83], [83, 83, 83, 83, 83, 83, 83, 83, 83, 83, 83, 83, 83, 83, 83, 83, 83, 83, 83, 83, 83, 83, 83, 82, 82], [82, 82, 82, 82, 82, 82, 82, 82, 82, 82, 82, 82, 82, 82, 82, 82, 82, 82, 82, 82, 82, 81, 81, 81, 81], [81, 81, 81, 81, 81, 81, 81, 81, 81, 81, 81, 81, 81, 81, 81, 81, 81, 81, 81, 81, 81, 80, 80, 80, 80], [80, 80, 80, 80, 80, 80, 80, 80, 80, 80, 80, 80, 80, 80, 80, 80, 80, 80, 79, 79, 79, 79, 79, 79, 79], [79, 79, 79, 79, 79, 79, 79, 79, 79, 78, 78, 78, 78, 78, 78, 78, 78, 78, 78, 78, 78, 78, 78, 78, 78], [78, 78, 78, 78, 78, 78, 78, 78, 78, 78, 78, 78, 78, 77, 77, 77, 77, 77, 77, 77, 77, 77, 77, 77, 77], [77, 77, 77, 77, 77, 77, 77, 77, 77, 77, 77, 77, 77, 77, 77, 77, 77, 77, 77, 77, 77, 77, 77, 76, 76], None, [76, 76, 76, 76, 75, 75, 75, 75, 75, 75, 75, 75, 75, 75, 75, 75, 75, 75, 75, 75, 75, 75, 75, 75, 75], [75, 75, 75, 75, 75, 75, 75, 75, 75, 75, 75, 75, 75, 75, 75, 75, 75, 75, 75, 75, 75, 75, 75, 74, 74], [74, 74, 74, 74, 74, 74, 74, 74, 74, 74, 74, 74, 74, 74, 74, 74, 74, 74, 74, 74, 74, 74, 74, 74, 74], [74, 74, 74, 74, 74, 73, 73, 73, 73, 73, 73, 73, 73, 73, 73, 73, 73, 73, 73, 73, 73, 73, 73, 73, 73], [73, 73, 73, 73, 73, 73, 73, 73, 73, 72, 72, 72, 72, 72, 72, 72, 72, 72, 72, 72, 72, 72, 72, 72, 72], [72, 72, 72, 72, 72, 72, 72, 72, 72, 72, 72, 72, 72, 72, 72, 72, 72, 72, 72, 71, 71, 71, 71, 71, 71], [71, 71, 71, 71, 71, 71, 71, 71, 71, 71, 71, 71, 71, 71, 71, 71, 71, 71, 70, 70, 70, 70, 70, 70, 70], [70, 70, 70, 70, 70, 70, 70, 70, 70, 70, 70, 70, 70, 70, 70, 70, 70, 70, 70, 70, 70, 70, 70, 70, 70], [70, 70, 70, 70, 70, 70, 70, 70, 69, 69, 69, 69, 69, 69, 69, 69, 69, 69, 69, 69, 69, 69, 69, 69, 69], [69, 69, 69, 69, 69, 69, 69, 69, 69, 69, 69, 69, 69, 69, 69, 69, 69, 69, 69, 69, 69, 69, 69, 69, 69], [68, 68, 68, 68, 68, 68, 68, 68, 68, 68, 68, 68, 68, 68, 68, 68, 68, 68, 68, 68, 68, 68, 68, 68, 68], [68, 68, 68, 68, 68, 68, 68, 68, 68, 68, 68, 68, 68, 67, 67, 67, 67, 67, 67, 67, 67, 67, 67, 67, 67], [67, 67, 67, 67, 67, 67, 67, 67, 67, 67, 67, 67, 67, 67, 67, 67, 67, 67, 66, 66, 66, 66, 66, 66, 66], [66, 66, 66, 66, 66, 66, 66, 66, 66, 66, 66, 66, 66, 66, 66, 66, 66, 66, 66, 66, 65, 65, 65, 65, 65], [65, 65, 65, 65, 65, 65, 65, 65, 65, 65, 65, 65, 65, 65, 65, 65, 65, 65, 65, 65, 65, 65, 65, 65, 65], [65, 65, 65, 65, 65, 65, 65, 64, 64, 64, 64, 64, 64, 64, 64, 64, 64, 64, 64, 64, 64, 64, 64, 64, 64], [64, 64, 64, 64, 64, 64, 64, 64, 64, 64, 64, 64, 64, 64, 64, 64, 64, 64, 64, 64, 64, 63, 63, 63, 63], [63, 63, 63, 63, 63, 63, 63, 63, 63, 63, 63, 63, 63, 63, 63, 63, 63, 63, 63, 63, 63, 63, 63, 63, 63], [63, 63, 63, 63, 63, 63, 63, 63, 63, 63, 63, 63, 63, 63, 63, 63, 63, 63, 63, 63, 63, 62, 62, 62, 62], [62, 62, 62, 62, 62, 62, 62, 62, 62, 62, 62, 62, 62, 62, 62, 62, 62, 62, 62, 62, 62, 62, 62, 62, 62], [62, 62, 62, 62, 62, 62, 62, 62, 62, 62, 62, 61, 61, 61, 61, 61, 61, 61, 61, 61, 61, 61, 61, 61, 61], [61, 61, 61, 61, 61, 61, 61, 61, 61, 61, 61, 61, 61, 61, 61, 61, 61, 61, 61, 61, 61, 61, 61, 61, 61], [60, 60, 60, 60, 60, 60, 60, 60, 60, 60, 60, 60, 60, 60, 60, 60, 60, 60, 60, 60, 60, 60, 60, 60, 60], [60, 60, 60, 60, 60, 60, 60, 60, 60, 60, 60, 60, 60, 60, 60, 60, 60, 60, 60, 60, 60, 60, 60, 60, 59], None, [59, 59, 59, 59, 59, 59, 59, 59, 59, 59, 59, 59, 59, 59, 58, 58, 58, 58, 58, 58, 58, 58, 58, 58, 58], [58, 58, 58, 58, 58, 58, 58, 58, 58, 58, 58, 58, 58, 58, 58, 58, 58, 58, 57, 57, 57, 57, 57, 57, 57], [57, 57, 57, 57, 57, 57, 57, 57, 57, 57, 57, 57, 57, 57, 57, 57, 57, 57, 57, 57, 57, 57, 57, 57, 57], [57, 57, 57, 57, 57, 57, 57, 57, 56, 56, 56, 56, 56, 56, 56, 56, 56, 56, 56, 56, 56, 56, 56, 56, 56], [56, 56, 56, 56, 56, 56, 56, 56, 56, 56, 56, 56, 56, 56, 56, 56, 56, 56, 56, 56, 56, 56, 56, 56, 56], [56, 55, 55, 55, 55, 55, 55, 55, 55, 55, 55, 55, 55, 55, 55, 55, 55, 55, 55, 55, 55, 55, 55, 55, 55], None, [55, 55, 55, 55, 55, 55, 55, 55, 54, 54, 54, 54, 54, 54, 54, 54, 54, 54, 54, 54, 54, 54, 54, 54, 54], [54, 54, 54, 54, 54, 54, 54, 54, 54, 54, 54, 54, 54, 54, 54, 53, 53, 53, 53, 53, 53, 53, 53, 53, 53], None, [53, 53, 53, 53, 53, 53, 53, 53, 53, 52, 52, 52, 52, 52, 52, 52, 52, 52, 52, 52, 52, 52, 52, 52, 52], [52, 52, 52, 52, 52, 52, 52, 52, 52, 52, 52, 52, 52, 52, 52, 52, 52, 52, 52, 52, 52, 52, 52, 52, 52], [52, 52, 52, 51, 51, 51, 51, 51, 51, 51, 51, 51, 51, 51, 51, 51, 51, 51, 51, 51, 51, 51, 51, 51, 51], [51, 51, 51, 51, 51, 51, 51, 51, 51, 51, 51, 51, 51, 51, 51, 51, 51, 51, 51, 51, 51, 51, 51, 51, 51], [51, 51, 51, 51, 51, 50, 50, 50, 50, 50, 50, 50, 50, 50, 50, 50, 50, 50, 50, 50, 50, 50, 50, 50, 50], None, [50, 50, 50, 50, 50, 50, 50, 50, 50, 50, 50, 50, 50, 50, 50, 50, 50, 50, 50, 50, 50, 50, 50, 50, 50], [50, 50, 50, 50, 50, 50, 49, 49, 49, 49, 49, 49, 49, 49, 49, 49, 49, 49, 49, 49, 49, 49, 49, 49, 49], [49, 49, 49, 49, 49, 49, 49, 49, 49, 49, 49, 49, 49, 48, 48, 48, 48, 48, 48, 48, 48, 48, 48, 48, 48], [48, 48, 48, 48, 48, 48, 48, 48, 48, 48, 48, 48, 48, 48, 48, 48, 48, 48, 48, 48, 48, 48, 48, 48, 48], [48, 48, 48, 48, 48, 48, 48, 47, 47, 47, 47, 47, 47, 47, 47, 47, 47, 47, 47, 47, 47, 47, 47, 47, 47], [47, 47, 47, 47, 47, 47, 47, 47, 47, 47, 47, 47, 47, 47, 47, 47, 47, 47, 47, 47, 47, 47, 47, 47, 47], [46, 46, 46, 46, 46, 46, 46, 46, 46, 46, 46, 46, 46, 46, 46, 46, 46, 46, 46, 46, 46, 46, 46, 46, 46], [46, 46, 46, 46, 46, 46, 46, 46, 46, 46, 46, 46, 46, 46, 46, 46, 46, 46, 46, 46, 46, 46, 46, 46, 46], [46, 45, 45, 45, 45, 45, 45, 45, 45, 45, 45, 45, 45, 45, 45, 45, 45, 45, 45, 45, 45, 45, 45, 45, 45], [45, 45, 45, 45, 45, 45, 45, 45, 45, 45, 45, 45, 45, 45, 45, 45, 45, 45, 45, 45, 45, 45, 45, 45, 45], [45, 45, 45, 45, 45, 45, 45, 45, 45, 45, 45, 45, 45, 45, 44, 44, 44, 44, 44, 44, 44, 44, 44, 44, 44], [44, 44, 44, 44, 44, 44, 44, 44, 44, 44, 44, 44, 44, 44, 44, 44, 44, 44, 44, 44, 44, 44, 44, 44, 44], [44, 44, 44, 44, 44, 44, 43, 43, 43, 43, 43, 43, 43, 43, 43, 43, 43, 43, 43, 43, 43, 43, 43, 43, 43], [43, 43, 43, 43, 43, 43, 43, 43, 43, 43, 43, 43, 43, 43, 43, 43, 43, 43, 43, 43, 43, 43, 43, 43, 43], [43, 43, 43, 43, 43, 43, 43, 43, 42, 42, 42, 42, 42, 42, 42, 42, 42, 42, 42, 42, 42, 42, 42, 42, 42], None, [42, 42, 42, 42, 42, 42, 42, 42, 42, 42, 42, 42, 42, 42, 42, 42, 41, 41, 41, 41, 41, 41, 41, 41, 41], [41, 41, 41, 41, 41, 41, 41, 41, 41, 41, 41, 41, 41, 41, 41, 41, 41, 41, 41, 41, 41, 41, 41, 41, 41], [41, 41, 41, 41, 41, 41, 41, 41, 41, 41, 41, 41, 41, 41, 41, 41, 41, 41, 41, 41, 41, 41, 41, 41, 41], [40, 40, 40, 40, 40, 40, 40, 40, 40, 40, 40, 40, 40, 40, 40, 40, 40, 40, 40, 40, 40, 40, 40, 40, 40], None, None, [40, 40, 40, 40, 40, 40, 40, 40, 40, 40, 40, 40, 40, 40, 40, 39, 39, 39, 39, 39, 39, 39, 39, 39, 39], [39, 39, 39, 39, 39, 39, 39, 39, 39, 39, 39, 39, 39, 39, 39, 39, 39, 39, 39, 39, 39, 39, 39, 39, 39], [39, 39, 39, 39, 39, 39, 39, 39, 39, 39, 39, 39, 39, 39, 39, 39, 39, 39, 39, 39, 39, 38, 38, 38, 38], [38, 38, 38, 38, 38, 38, 38, 38, 38, 38, 38, 38, 38, 38, 38, 38, 38, 38, 38, 38, 38, 38, 38, 38, 38], [38, 38, 38, 38, 38, 38, 38, 38, 38, 38, 38, 38, 38, 38, 38, 38, 38, 38, 38, 38, 38, 38, 38, 38, 38], [38, 38, 38, 38, 38, 38, 38, 38, 38, 38, 37, 37, 37, 37, 37, 37, 37, 37, 37, 37, 37, 37, 37, 37, 37], [37, 37, 37, 37, 37, 37, 37, 37, 37, 37, 37, 37, 37, 37, 37, 37, 37, 37, 37, 37, 37, 37, 37, 37, 37], [37, 37, 37, 37, 37, 37, 37, 37, 37, 37, 37, 37, 37, 37, 37, 37, 37, 37, 37, 37, 37, 37, 37, 37, 37], [36, 36, 36, 36, 36, 36, 36, 36, 36, 36, 36, 36, 36, 36, 36, 36, 36, 36, 36, 36, 36, 36, 36, 36, 36], [36, 36, 36, 36, 36, 36, 36, 36, 36, 36, 36, 36, 36, 36, 36, 36, 36, 36, 36, 36, 36, 36, 36, 36, 36], [36, 36, 36, 36, 36, 36, 36, 35, 35, 35, 35, 35, 35, 35, 35, 35, 35, 35, 35, 35, 35, 35, 35, 35, 35], None, [35, 35, 35, 35, 35, 35, 35, 35, 35, 35, 35, 35, 35, 35, 35, 35, 35, 35, 35, 35, 35, 35, 35, 35, 35], [35, 35, 35, 35, 35, 35, 35, 34, 34, 34, 34, 34, 34, 34, 34, 34, 34, 34, 34, 34, 34, 34, 34, 34, 34], [34, 34, 34, 34, 34, 34, 34, 34, 34, 34, 34, 34, 34, 34, 34, 34, 34, 34, 34, 34, 34, 34, 34, 34, 34], None, [34, 34, 34, 34, 34, 34, 34, 34, 34, 34, 34, 34, 34, 34, 34, 34, 34, 33, 33, 33, 33, 33, 33, 33, 33], None, None, [33, 33, 33, 33, 33, 33, 33, 33, 33, 33, 33, 33, 33, 33, 33, 33, 33, 33, 33, 33, 33, 33, 33, 33, 33], [33, 33, 33, 33, 32, 32, 32, 32, 32, 32, 32, 32, 32, 32, 32, 32, 32, 32, 32, 32, 32, 32, 32, 32, 32], None, [32, 32, 32, 32, 32, 32, 32, 32, 32, 32, 32, 32, 32, 32, 32, 32, 32, 32, 32, 32, 32, 32, 32, 32, 32], [32, 32, 32, 32, 32, 32, 32, 32, 32, 32, 32, 32, 32, 31, 31, 31, 31, 31, 31, 31, 31, 31, 31, 31, 31], None, [31, 31, 31, 31, 31, 31, 31, 31, 31, 31, 31, 31, 31, 31, 31, 31, 31, 31, 31, 31, 31, 31, 31, 31, 31], [31, 31, 31, 31, 31, 31, 31, 31, 31, 31, 31, 31, 31, 31, 31, 31, 31, 31, 31, 31, 31, 31, 31, 31, 31], [31, 30, 30, 30, 30, 30, 30, 30, 30, 30, 30, 30, 30, 30, 30, 30, 30, 30, 30, 30, 30, 30, 30, 30, 30], [30, 30, 30, 30, 30, 30, 30, 30, 30, 30, 30, 30, 30, 30, 30, 30, 30, 30, 30, 30, 30, 30, 30, 30, 30], [30, 30, 30, 30, 30, 30, 30, 30, 30, 30, 30, 30, 30, 30, 30, 30, 30, 30, 30, 30, 30, 30, 30, 30, 30], [30, 30, 30, 30, 30, 30, 30, 30, 30, 30, 30, 30, 30, 30, 30, 30, 30, 30, 29, 29, 29, 29, 29, 29, 29], [29, 29, 29, 29, 29, 29, 29, 29, 29, 29, 29, 29, 29, 29, 29, 29, 29, 29, 29, 29, 29, 29, 29, 29, 29], [29, 29, 29, 29, 29, 29, 29, 29, 29, 29, 29, 29, 29, 29, 29, 29, 29, 29, 29, 29, 29, 29, 29, 29, 29], [29, 29, 29, 29, 29, 29, 29, 28, 28, 28, 28, 28, 28, 28, 28, 28, 28, 28, 28, 28, 28, 28, 28, 28, 28], [28, 28, 28, 28, 28, 28, 28, 28, 28, 28, 28, 28, 28, 28, 28, 28, 28, 28, 28, 28, 28, 28, 28, 28, 28], [28, 28, 28, 28, 28, 28, 28, 28, 28, 28, 28, 28, 28, 28, 28, 28, 28, 28, 28, 28, 28, 28, 28, 28, 28], [28, 28, 28, 28, 28, 28, 28, 28, 28, 28, 28, 28, 28, 28, 28, 28, 28, 27, 27, 27, 27, 27, 27, 27, 27], [27, 27, 27, 27, 27, 27, 27, 27, 27, 27, 27, 27, 27, 27, 27, 27, 27, 27, 27, 27, 27, 27, 27, 27, 27], None, [27, 27, 27, 27, 27, 27, 27, 27, 27, 27, 27, 27, 27, 27, 27, 27, 27, 27, 27, 27, 27, 27, 27, 27, 27], [27, 27, 27, 27, 27, 27, 27, 27, 26, 26, 26, 26, 26, 26, 26, 26, 26, 26, 26, 26, 26, 26, 26, 26, 26], [26, 26, 26, 26, 26, 26, 26, 26, 26, 26, 26, 26, 26, 26, 26, 26, 26, 26, 26, 26, 26, 26, 26, 26, 26], None, None, [26, 26, 26, 26, 26, 26, 26, 26, 26, 26, 26, 26, 26, 26, 26, 26, 26, 26, 26, 26, 26, 25, 25, 25, 25], None, None, [25, 25, 25, 25, 25, 25, 25, 25, 25, 25, 25, 25, 25, 25, 25, 25, 25, 25, 25, 25, 25, 25, 25, 25, 25], [25, 25, 25, 25, 25, 25, 25, 25, 25, 25, 25, 25, 25, 25, 25, 25, 25, 25, 25, 25, 25, 25, 25, 25, 25], [25, 25, 25, 25, 25, 25, 24, 24, 24, 24, 24, 24, 24, 24, 24, 24, 24, 24, 24, 24, 24, 24, 24, 24, 24], [24, 24, 24, 24, 24, 24, 24, 24, 24, 24, 24, 24, 24, 24, 24, 24, 24, 24, 24, 24, 24, 24, 24, 24, 24], None, None, [24, 24, 24, 24, 24, 24, 24, 24, 24, 24, 24, 24, 24, 24, 24, 24, 24, 24, 24, 24, 24, 24, 24, 24, 24], [24, 24, 24, 23, 23, 23, 23, 23, 23, 23, 23, 23, 23, 23, 23, 23, 23, 23, 23, 23, 23, 23, 23, 23, 23], None, [23, 23, 23, 23, 23, 23, 23, 23, 23, 23, 23, 23, 23, 23, 23, 23, 23, 23, 23, 23, 23, 23, 23, 23, 23], [23, 23, 23, 23, 23, 23, 23, 23, 23, 23, 23, 23, 23, 23, 23, 23, 23, 23, 23, 23, 23, 23, 23, 23, 22], None, [22, 22, 22, 22, 22, 22, 22, 22, 22, 22, 22, 22, 22, 22, 22, 22, 22, 22, 22, 22, 22, 22, 22, 22, 22], None, None, [22, 22, 22, 22, 22, 22, 22, 22, 22, 22, 22, 22, 22, 22, 22, 22, 22, 22, 22, 22, 22, 22, 22, 22, 22], [22, 22, 22, 22, 22, 22, 21, 21, 21, 21, 21, 21, 21, 21, 21, 21, 21, 21, 21, 21, 21, 21, 21, 21, 21], [21, 21, 21, 21, 21, 21, 21, 21, 21, 21, 21, 21, 21, 21, 21, 21, 21, 21, 21, 21, 21, 21, 21, 21, 21], None, [21, 21, 21, 21, 21, 21, 21, 21, 21, 21, 21, 21, 21, 21, 21, 21, 21, 21, 21, 21, 21, 21, 21, 21, 21], [21, 21, 21, 21, 21, 21, 21, 21, 21, 21, 21, 21, 21, 21, 21, 21, 21, 21, 21, 21, 21, 21, 21, 21, 20], None, [20, 20, 20, 20, 20, 20, 20, 20, 20, 20, 20, 20, 20, 20, 20, 20, 20, 20, 20, 20, 20, 20, 20, 20, 20], None, None, [20, 20, 20, 20, 20, 20, 20, 20, 20, 20, 20, 20, 20, 20, 20, 20, 20, 20, 20, 20, 20, 20, 20, 20, 20], [20, 20, 20, 20, 20, 20, 20, 20, 20, 20, 20, 20, 20, 20, 20, 20, 20, 20, 20, 20, 20, 20, 20, 20, 20], [20, 20, 20, 19, 19, 19, 19, 19, 19, 19, 19, 19, 19, 19, 19, 19, 19, 19, 19, 19, 19, 19, 19, 19, 19], [19, 19, 19, 19, 19, 19, 19, 19, 19, 19, 19, 19, 19, 19, 19, 19, 19, 19, 19, 19, 19, 19, 19, 19, 19], None, None, [19, 19, 19, 19, 19, 19, 19, 19, 19, 19, 19, 19, 19, 19, 19, 19, 19, 19, 19, 19, 19, 19, 19, 19, 19], [19, 19, 19, 19, 19, 19, 19, 19, 19, 18, 18, 18, 18, 18, 18, 18, 18, 18, 18, 18, 18, 18, 18, 18, 18], None, [18, 18, 18, 18, 18, 18, 18, 18, 18, 18, 18, 18, 18, 18, 18, 18, 18, 18, 18, 18, 18, 18, 18, 18, 18], None, None, [18, 18, 18, 18, 18, 18, 18, 18, 18, 18, 18, 18, 18, 18, 18, 18, 18, 18, 18, 18, 18, 18, 18, 18, 18], [18, 18, 18, 18, 18, 18, 18, 18, 18, 18, 17, 17, 17, 17, 17, 17, 17, 17, 17, 17, 17, 17, 17, 17, 17], None, [17, 17, 17, 17, 17, 17, 17, 17, 17, 17, 17, 17, 17, 17, 17, 17, 17, 17, 17, 17, 17, 17, 17, 17, 17], None, None, None, [17, 17, 17, 17, 17, 17, 17, 17, 17, 17, 17, 17, 17, 17, 17, 17, 17, 16, 16, 16, 16, 16, 16, 16, 16], None, None, None, None, None, [16, 16, 16, 16, 16, 16, 16, 16, 16, 16, 16, 16, 16, 16, 16, 16, 16, 16, 16, 16, 16, 16, 16, 16, 16], [16, 16, 16, 16, 16, 16, 16, 16, 15, 15, 15, 15, 15, 15, 15, 15, 15, 15, 15, 15, 15, 15, 15, 15, 15], None, [15, 15, 15, 15, 15, 15, 15, 15, 15, 15, 15, 15, 15, 15, 15, 15, 15, 15, 15, 15, 15, 15, 15, 15, 15], None, None, [15, 15, 15, 15, 15, 15, 15, 15, 15, 15, 15, 15, 15, 15, 15, 15, 15, 15, 15, 15, 15, 15, 15, 15, 15], [15, 15, 15, 15, 15, 15, 15, 15, 15, 15, 15, 15, 15, 15, 15, 15, 15, 15, 15, 15, 15, 15, 15, 15, 15], [14, 14, 14, 14, 14, 14, 14, 14, 14, 14, 14, 14, 14, 14, 14, 14, 14, 14, 14, 14, 14, 14, 14, 14, 14], [14, 14, 14, 14, 14, 14, 14, 14, 14, 14, 14, 14, 14, 14, 14, 14, 14, 14, 14, 14, 14, 14, 14, 14, 14], None, None, [14, 14, 14, 14, 14, 14, 14, 14, 14, 14, 14, 14, 14, 14, 14, 14, 14, 14, 14, 14, 14, 14, 14, 14, 14], [14, 14, 14, 14, 14, 14, 14, 14, 14, 14, 14, 14, 14, 14, 14, 14, 14, 14, 14, 14, 14, 14, 14, 14, 14], [14, 14, 14, 14, 14, 14, 14, 14, 14, 14, 14, 14, 14, 14, 13, 13, 13, 13, 13, 13, 13, 13, 13, 13, 13], [13, 13, 13, 13, 13, 13, 13, 13, 13, 13, 13, 13, 13, 13, 13, 13, 13, 13, 13, 13, 13, 13, 13, 13, 13], None, None, None, [13, 13, 13, 13, 13, 13, 13, 13, 13, 13, 13, 13, 13, 13, 13, 13, 13, 13, 13, 13, 13, 13, 13, 13, 13], None, None, [13, 13, 13, 13, 13, 13, 13, 13, 13, 13, 13, 13, 13, 13, 13, 13, 13, 13, 12, 12, 12, 12, 12, 12, 12], None, None, [12, 12, 12, 12, 12, 12, 12, 12, 12, 12, 12, 12, 12, 12, 12, 12, 12, 12, 12, 12, 12, 12, 12, 12, 12], None, None, None, None, None, [12, 12, 12, 12, 12, 12, 12, 11, 11, 11, 11, 11, 11, 11, 11, 11, 11, 11, 11, 11, 11, 11, 11, 11, 11], None, None, None, None, None, [11, 11, 11, 11, 11, 11, 11, 11, 11, 11, 11, 11, 11, 11, 11, 11, 11, 11, 11, 11, 11, 11, 11, 11, 11], None, None, [11, 11, 11, 11, 11, 10, 10, 10, 10, 10, 10, 10, 10, 10, 10, 10, 10, 10, 10, 10, 10, 10, 10, 10, 10], None, None, None, [10, 10, 10, 10, 10, 10, 10, 10, 10, 10, 10, 10, 10, 10, 10, 10, 10, 10, 10, 10, 10, 10, 10, 10, 10], None, None, None, None, None, [10, 10, 10, 10, 10, 10, 10, 10, 10, 10, 10, 10, 10, 10, 10, 10, 10, 10, 10, 10, 10, 10, 10, 10, 10], None, None, [10, 10, 10, 10, 10, 10, 10, 10, 10, 10, 10, 10, 10, 10, 10, 10, 10, 10, 10, 10, 10]]
T: 0	PS: 100
	Estimated kc (min): 887012
	Estimated kc (avg): 887012.0
	Estimated kc (max): 887012
	Total calls: 36
	Total time: 0:06:02.649844
