Trying queue: [1, 101, 201, 301, 401, 501, 601, 701, 801, 901]
arn:aws:lambda:us-east-1:858228748133:function:getHiscores2
Received response...
{'status': 200, 'body': '{"pageData": {"1": [[2394, 2000, 1710, 1547, 1320, 1100, 1044, 1037, 1005, 1000, 1000, 1000, 969, 962, 957, 950, 889, 849, 847, 826, 820, 718, 649, 648, 637], false], "101": [[90, 90, 90, 90, 90, 90, 90, 90, 90, 90, 90, 90, 90, 90, 90, 90, 90, 90, 90, 90, 90, 90, 90, 90, 90], false], "201": [[59, 59, 59, 59, 59, 59, 59, 59, 59, 59, 59, 59, 59, 59, 59, 59, 59, 59, 59, 58, 58, 58, 58, 58, 58], false], "301": [null, false], "401": [null, false], "501": [null, false], "601": [null, false], "701": [null, false], "801": [null, false], "901": [null, false]}}'}
{'1': [[2394, 2000, 1710, 1547, 1320, 1100, 1044, 1037, 1005, 1000, 1000, 1000, 969, 962, 957, 950, 889, 849, 847, 826, 820, 718, 649, 648, 637], False], '101': [[90, 90, 90, 90, 90, 90, 90, 90, 90, 90, 90, 90, 90, 90, 90, 90, 90, 90, 90, 90, 90, 90, 90, 90, 90], False], '201': [[59, 59, 59, 59, 59, 59, 59, 59, 59, 59, 59, 59, 59, 59, 59, 59, 59, 59, 59, 58, 58, 58, 58, 58, 58], False], '301': [None, False], '401': [None, False], '501': [None, False], '601': [None, False], '701': [None, False], '801': [None, False], '901': [None, False]}
dict_keys(['1', '101', '201', '301', '401', '501', '601', '701', '801', '901'])
[1, 101, 201]
Looking for last page...
Trying page 201
arn:aws:lambda:us-east-1:858228748133:function:getHiscores1
{'201': [[59, 59, 59, 59, 59, 59, 59, 59, 59, 59, 59, 59, 59, 59, 59, 59, 59, 59, 59, 58, 58, 58, 58, 58, 58], False]}
dict_keys(['201'])
[201]
Trying page 251
arn:aws:lambda:us-east-1:858228748133:function:getHiscores4
{'251': [[51, 51, 51, 51, 51, 51, 51, 51, 51, 51, 51, 51, 51, 51, 51, 51, 51, 51, 51, 51, 51, 51, 51, 51, 51], False]}
dict_keys(['251'])
[251]
Trying page 276
arn:aws:lambda:us-east-1:858228748133:function:getHiscores2
{'276': [None, False]}
dict_keys(['276'])
[]
Trying page 264
arn:aws:lambda:us-east-1:858228748133:function:getHiscores3
{'264': [[50, 50, 50, 50, 50, 50, 50, 50, 50, 50, 50, 50, 50, 50, 50, 50, 50, 50, 50, 50, 50, 50, 50, 50, 50], False]}
dict_keys(['264'])
[264]
Trying page 270
arn:aws:lambda:us-east-1:858228748133:function:getHiscores4
{'270': [[50, 50, 50, 50, 50, 50, 50, 50, 50, 50, 50, 50, 50, 50, 50, 50, 50, 50, 50, 50, 50, 50, 50, 50, 50], False]}
dict_keys(['270'])
[270]
Trying page 273
arn:aws:lambda:us-east-1:858228748133:function:getHiscores5
{'273': [[50, 50, 50, 50, 50, 50, 50, 50, 50, 50, 50], True]}
dict_keys(['273'])
[273]
Last page found: 273
Queue: [51, 151, 226, 257]
arn:aws:lambda:us-east-1:858228748133:function:getHiscores1
{'51': [[125, 125, 125, 125, 125, 125, 125, 125, 125, 125, 125, 125, 125, 125, 124, 124, 124, 124, 124, 124, 124, 124, 124, 124, 124], False], '151': [[70, 70, 70, 70, 70, 70, 70, 70, 70, 70, 70, 70, 70, 70, 70, 70, 70, 70, 70, 70, 70, 70, 70, 70, 70], False], '226': [[54, 54, 54, 54, 54, 54, 54, 54, 54, 54, 54, 54, 54, 54, 54, 54, 54, 54, 54, 54, 54, 54, 54, 54, 54], False], '257': [[50, 50, 50, 50, 50, 50, 50, 50, 50, 50, 50, 50, 50, 50, 50, 50, 50, 50, 50, 50, 50, 50, 50, 50, 50], False]}
dict_keys(['51', '151', '226', '257'])
[51, 151, 226, 257]
Queue: [26, 76, 126, 176, 213, 238, 254]
arn:aws:lambda:us-east-1:858228748133:function:getHiscores6
{'26': [[175, 175, 175, 175, 175, 174, 174, 174, 174, 174, 174, 174, 173, 173, 173, 173, 173, 173, 172, 172, 172, 172, 171, 171, 171], False], '76': [[103, 103, 103, 103, 103, 103, 103, 103, 103, 103, 103, 103, 103, 103, 103, 103, 103, 103, 103, 103, 103, 103, 103, 103, 103], False], '126': [[78, 78, 78, 78, 78, 78, 78, 78, 78, 78, 78, 78, 78, 78, 78, 78, 78, 78, 78, 78, 78, 78, 78, 78, 78], False], '176': [[64, 64, 64, 64, 64, 64, 64, 64, 64, 63, 63, 63, 63, 63, 63, 63, 63, 63, 63, 63, 63, 63, 63, 63, 63], False], '213': [[56, 56, 56, 56, 56, 56, 56, 56, 56, 56, 56, 56, 56, 56, 56, 56, 56, 56, 56, 56, 56, 56, 56, 56, 56], False], '238': [[52, 52, 52, 52, 52, 52, 52, 52, 52, 52, 52, 52, 52, 52, 52, 52, 52, 52, 52, 52, 52, 52, 52, 52, 52], False], '254': [[50, 50, 50, 50, 50, 50, 50, 50, 50, 50, 50, 50, 50, 50, 50, 50, 50, 50, 50, 50, 50, 50, 50, 50, 50], False]}
dict_keys(['26', '76', '126', '176', '213', '238', '254'])
[26, 76, 126, 176, 213, 238, 254]
Queue: [13, 38, 63, 88, 113, 138, 163, 188, 207, 219]
arn:aws:lambda:us-east-1:858228748133:function:getHiscores2
{'13': [[239, 239, 238, 238, 237, 236, 236, 235, 234, 234, 234, 233, 232, 232, 232, 232, 231, 231, 231, 231, 231, 230, 230, 230, 229], False], '38': [[145, 144, 144, 144, 144, 144, 144, 144, 144, 144, 143, 143, 143, 143, 143, 143, 143, 143, 143, 143, 143, 143, 142, 142, 142], False], '63': [[113, 113, 113, 113, 113, 113, 113, 113, 113, 113, 113, 113, 113, 113, 112, 112, 112, 112, 112, 112, 112, 112, 112, 112, 112], False], '88': [[100, 100, 100, 100, 100, 100, 100, 100, 100, 100, 100, 100, 100, 100, 100, 100, 100, 100, 100, 100, 100, 100, 100, 100, 100], False], '113': [[84, 84, 84, 84, 84, 84, 84, 84, 84, 84, 83, 83, 83, 83, 83, 83, 83, 83, 83, 83, 83, 83, 83, 83, 83], False], '138': [[74, 74, 74, 74, 74, 74, 74, 74, 74, 74, 74, 74, 74, 74, 74, 74, 74, 74, 74, 74, 74, 74, 74, 74, 74], False], '163': [[67, 66, 66, 66, 66, 66, 66, 66, 66, 66, 66, 66, 66, 66, 66, 66, 66, 66, 66, 66, 66, 66, 66, 66, 66], False], '188': [[61, 61, 61, 61, 61, 61, 61, 61, 61, 61, 61, 61, 61, 61, 61, 61, 61, 61, 61, 61, 61, 61, 61, 61, 61], False], '207': [[57, 57, 57, 57, 57, 57, 57, 57, 57, 57, 57, 57, 57, 57, 57, 57, 57, 57, 57, 57, 57, 57, 57, 57, 57], False], '219': [[55, 55, 55, 55, 55, 55, 55, 55, 55, 55, 55, 55, 55, 55, 55, 55, 55, 55, 55, 55, 55, 55, 55, 55, 55], False]}
dict_keys(['13', '38', '63', '88', '113', '138', '163', '188', '207', '219'])
[13, 38, 63, 88, 113, 138, 163, 188, 207, 219]
Queue: [232, 244, 252]
arn:aws:lambda:us-east-1:858228748133:function:getHiscores4
{'232': [[53, 53, 53, 53, 53, 53, 53, 53, 53, 53, 53, 53, 53, 53, 53, 53, 53, 53, 53, 53, 53, 53, 53, 53, 53], False], '244': [[52, 52, 52, 52, 52, 52, 52, 52, 52, 52, 52, 52, 52, 52, 52, 52, 52, 52, 52, 52, 52, 52, 52, 52, 52], False], '252': [[51, 51, 51, 51, 51, 51, 51, 51, 51, 51, 51, 51, 51, 51, 51, 51, 51, 51, 51, 51, 51, 51, 51, 51, 51], False]}
dict_keys(['232', '244', '252'])
[232, 244, 252]
Queue: [7, 19, 32, 44, 57, 69, 82, 94, 107, 119]
arn:aws:lambda:us-east-1:858228748133:function:getHiscores9
{'7': [[327, 326, 325, 325, 324, 324, 322, 322, 321, 321, 321, 316, 316, 316, 315, 315, 314, 312, 310, 309, 308, 307, 306, 306, 306], False], '19': [[201, 201, 201, 201, 201, 201, 201, 201, 201, 200, 200, 200, 200, 200, 200, 200, 200, 200, 200, 200, 200, 200, 200, 200, 200], False], '32': [[157, 157, 157, 157, 157, 157, 157, 157, 157, 157, 157, 157, 156, 156, 156, 156, 156, 156, 156, 156, 156, 155, 155, 155, 155], False], '44': [[134, 134, 133, 133, 133, 133, 133, 133, 133, 133, 133, 133, 133, 133, 133, 133, 133, 133, 133, 133, 132, 132, 132, 132, 132], False], '57': [[118, 118, 118, 118, 117, 117, 117, 117, 117, 117, 117, 117, 117, 117, 117, 117, 117, 117, 117, 117, 117, 117, 117, 117, 117], False], '69': [[108, 108, 108, 108, 108, 108, 108, 108, 108, 107, 107, 107, 107, 107, 107, 107, 107, 107, 107, 107, 107, 107, 107, 107, 107], False], '82': [[101, 101, 101, 101, 101, 101, 101, 101, 101, 101, 101, 100, 100, 100, 100, 100, 100, 100, 100, 100, 100, 100, 100, 100, 100], False], '94': [[95, 95, 95, 95, 95, 95, 94, 94, 94, 94, 94, 94, 94, 94, 94, 94, 94, 94, 94, 94, 94, 94, 94, 94, 94], False], '107': [[87, 87, 87, 87, 87, 87, 87, 87, 87, 87, 87, 87, 87, 87, 87, 87, 87, 87, 87, 87, 87, 87, 86, 86, 86], False], '119': [[81, 81, 81, 81, 81, 81, 81, 81, 81, 81, 81, 81, 81, 81, 81, 81, 81, 81, 81, 81, 81, 81, 81, 81, 81], False]}
dict_keys(['7', '19', '32', '44', '57', '69', '82', '94', '107', '119'])
[7, 19, 32, 44, 57, 69, 82, 94, 107, 119]
Queue: [132, 144, 157, 169, 182, 194, 204, 210, 216, 222]
arn:aws:lambda:us-east-1:858228748133:function:getHiscores3
{'132': [[76, 76, 76, 76, 76, 76, 76, 76, 76, 76, 76, 76, 76, 76, 76, 76, 76, 76, 76, 76, 76, 76, 76, 75, 75], False], '144': [[72, 72, 72, 72, 72, 72, 72, 72, 72, 72, 72, 72, 72, 72, 72, 72, 72, 72, 72, 72, 72, 72, 72, 72, 72], False], '157': [[68, 68, 68, 68, 68, 68, 68, 68, 68, 68, 68, 68, 68, 68, 68, 68, 68, 68, 68, 68, 68, 68, 68, 68, 68], False], '169': [[65, 65, 65, 65, 65, 65, 65, 65, 65, 65, 65, 65, 65, 65, 65, 65, 65, 65, 65, 65, 65, 65, 65, 65, 65], False], '182': [[62, 62, 62, 62, 62, 62, 62, 62, 62, 62, 62, 62, 62, 62, 62, 62, 62, 62, 62, 62, 62, 62, 62, 62, 62], False], '194': [[60, 60, 60, 60, 60, 60, 60, 60, 60, 60, 60, 60, 60, 60, 60, 60, 60, 60, 60, 60, 60, 60, 60, 60, 60], False], '204': [[58, 58, 58, 58, 58, 58, 58, 58, 58, 58, 58, 58, 58, 58, 58, 58, 58, 58, 58, 58, 58, 58, 58, 58, 58], False], '210': [[57, 57, 57, 57, 57, 57, 57, 57, 57, 57, 57, 57, 57, 57, 57, 57, 57, 57, 57, 57, 57, 57, 57, 57, 57], False], '216': [[56, 56, 56, 56, 56, 56, 56, 56, 56, 56, 56, 56, 56, 56, 56, 56, 56, 56, 56, 56, 56, 56, 56, 56, 56], False], '222': [[55, 55, 55, 55, 55, 55, 55, 55, 55, 55, 55, 55, 55, 55, 55, 55, 55, 55, 55, 55, 55, 55, 55, 55, 55], False]}
dict_keys(['132', '144', '157', '169', '182', '194', '204', '210', '216', '222'])
[132, 144, 157, 169, 182, 194, 204, 210, 216, 222]
Queue: [229, 235, 247, 253]
arn:aws:lambda:us-east-1:858228748133:function:getHiscores7
{'229': [[54, 54, 54, 54, 54, 54, 54, 54, 54, 54, 54, 54, 54, 54, 54, 54, 54, 54, 54, 54, 54, 54, 54, 54, 54], False], '235': [[53, 53, 53, 53, 53, 53, 53, 53, 53, 53, 53, 53, 53, 53, 53, 53, 53, 53, 53, 53, 53, 53, 53, 53, 53], False], '247': [[51, 51, 51, 51, 51, 51, 51, 51, 51, 51, 51, 51, 51, 51, 51, 51, 51, 51, 51, 51, 51, 51, 51, 51, 51], False], '253': [[51, 51, 51, 51, 51, 51, 51, 51, 51, 50, 50, 50, 50, 50, 50, 50, 50, 50, 50, 50, 50, 50, 50, 50, 50], False]}
dict_keys(['229', '235', '247', '253'])
[229, 235, 247, 253]
Queue: [4, 10, 16, 22, 29, 35, 41, 47, 54, 60]
arn:aws:lambda:us-east-1:858228748133:function:getHiscores6
{'4': [[430, 430, 429, 428, 427, 425, 419, 416, 414, 413, 411, 411, 411, 407, 406, 405, 404, 403, 401, 401, 400, 400, 400, 397, 392], False], '10': [[269, 269, 269, 268, 268, 268, 268, 268, 266, 266, 264, 263, 263, 263, 263, 262, 260, 260, 259, 259, 258, 258, 256, 256, 256], False], '16': [[216, 216, 216, 216, 216, 216, 216, 215, 214, 214, 214, 213, 213, 213, 213, 213, 213, 212, 212, 212, 212, 212, 212, 211, 211], False], '22': [[190, 190, 190, 190, 189, 189, 188, 188, 188, 188, 188, 188, 187, 187, 187, 187, 187, 187, 186, 186, 186, 186, 185, 185, 185], False], '29': [[164, 164, 164, 164, 164, 164, 164, 164, 164, 164, 163, 163, 163, 163, 163, 163, 163, 162, 162, 162, 162, 162, 162, 162, 162], False], '35': [[150, 150, 150, 150, 150, 150, 150, 150, 150, 150, 150, 150, 150, 150, 150, 150, 150, 150, 150, 150, 149, 149, 149, 149, 148], False], '41': [[139, 139, 139, 138, 138, 138, 138, 138, 138, 138, 138, 138, 138, 138, 138, 138, 138, 138, 138, 137, 137, 137, 137, 137, 137], False], '47': [[130, 130, 130, 130, 130, 130, 130, 130, 130, 130, 130, 130, 130, 130, 130, 130, 130, 129, 129, 129, 129, 129, 129, 129, 129], False], '54': [[121, 121, 121, 121, 121, 121, 121, 121, 121, 121, 121, 121, 121, 120, 120, 120, 120, 120, 120, 120, 120, 120, 120, 120, 120], False], '60': [[115, 115, 115, 115, 115, 115, 115, 115, 115, 115, 115, 115, 115, 115, 115, 115, 115, 115, 115, 115, 115, 115, 115, 115, 115], False]}
dict_keys(['4', '10', '16', '22', '29', '35', '41', '47', '54', '60'])
[4, 10, 16, 22, 29, 35, 41, 47, 54, 60]
Queue: [66, 72, 79, 91, 97, 104, 110, 116, 122, 129]
arn:aws:lambda:us-east-1:858228748133:function:getHiscores6
{'66': [[110, 110, 110, 110, 110, 110, 110, 110, 110, 110, 110, 110, 110, 110, 110, 110, 110, 110, 110, 110, 110, 110, 110, 110, 110], False], '72': [[106, 106, 106, 106, 106, 106, 106, 106, 106, 106, 106, 106, 106, 106, 106, 106, 106, 105, 105, 105, 105, 105, 105, 105, 105], False], '79': [[102, 102, 102, 102, 102, 102, 102, 102, 102, 102, 102, 102, 102, 102, 101, 101, 101, 101, 101, 101, 101, 101, 101, 101, 101], False], '91': [[97, 97, 97, 97, 97, 97, 97, 97, 97, 97, 97, 97, 97, 97, 97, 97, 97, 96, 96, 96, 96, 96, 96, 96, 96], False], '97': [[92, 92, 92, 92, 92, 92, 92, 92, 92, 92, 92, 92, 92, 92, 92, 92, 92, 92, 92, 92, 92, 92, 92, 92, 92], False], '104': [[89, 89, 89, 88, 88, 88, 88, 88, 88, 88, 88, 88, 88, 88, 88, 88, 88, 88, 88, 88, 88, 88, 88, 88, 88], False], '110': [[85, 85, 85, 85, 85, 85, 85, 85, 85, 85, 85, 85, 85, 85, 85, 85, 85, 85, 85, 85, 85, 85, 85, 85, 85], False], '116': [[82, 82, 82, 82, 82, 82, 82, 82, 82, 82, 82, 82, 82, 82, 82, 82, 82, 82, 82, 82, 82, 82, 82, 82, 82], False], '122': [[80, 80, 80, 80, 80, 80, 80, 80, 80, 80, 80, 80, 80, 80, 80, 80, 80, 80, 80, 80, 80, 80, 80, 80, 80], False], '129': [[77, 77, 77, 77, 77, 77, 77, 77, 77, 77, 77, 77, 77, 77, 77, 77, 77, 77, 77, 77, 77, 77, 77, 77, 77], False]}
dict_keys(['66', '72', '79', '91', '97', '104', '110', '116', '122', '129'])
[66, 72, 79, 91, 97, 104, 110, 116, 122, 129]
Queue: [135, 141, 147, 154, 160, 166, 172, 179, 185, 191]
arn:aws:lambda:us-east-1:858228748133:function:getHiscores9
{'135': [[75, 75, 75, 75, 75, 75, 75, 75, 75, 75, 75, 75, 75, 75, 75, 75, 75, 75, 75, 75, 75, 75, 75, 75, 75], False], '141': [[73, 73, 73, 73, 73, 73, 73, 73, 73, 73, 73, 73, 73, 73, 73, 73, 73, 73, 73, 73, 73, 73, 73, 73, 73], False], '147': [[71, 71, 71, 71, 71, 71, 71, 71, 71, 71, 71, 71, 71, 71, 71, 71, 71, 71, 71, 71, 71, 71, 71, 71, 71], False], '154': [[69, 69, 69, 69, 69, 69, 69, 69, 69, 69, 69, 69, 69, 69, 69, 69, 69, 69, 69, 69, 69, 69, 69, 69, 69], False], '160': [[67, 67, 67, 67, 67, 67, 67, 67, 67, 67, 67, 67, 67, 67, 67, 67, 67, 67, 67, 67, 67, 67, 67, 67, 67], False], '166': [[66, 66, 66, 66, 66, 66, 66, 66, 66, 66, 66, 66, 66, 66, 66, 66, 66, 66, 66, 66, 66, 66, 66, 66, 66], False], '172': [[64, 64, 64, 64, 64, 64, 64, 64, 64, 64, 64, 64, 64, 64, 64, 64, 64, 64, 64, 64, 64, 64, 64, 64, 64], False], '179': [[63, 63, 63, 63, 63, 63, 63, 63, 63, 63, 63, 63, 63, 63, 63, 63, 63, 63, 63, 63, 63, 63, 63, 63, 63], False], '185': [[62, 62, 62, 62, 62, 62, 62, 62, 62, 62, 61, 61, 61, 61, 61, 61, 61, 61, 61, 61, 61, 61, 61, 61, 61], False], '191': [[60, 60, 60, 60, 60, 60, 60, 60, 60, 60, 60, 60, 60, 60, 60, 60, 60, 60, 60, 60, 60, 60, 60, 60, 60], False]}
dict_keys(['135', '141', '147', '154', '160', '166', '172', '179', '185', '191'])
[135, 141, 147, 154, 160, 166, 172, 179, 185, 191]
Queue: [197, 205, 211, 217, 224, 230, 236, 245]
arn:aws:lambda:us-east-1:858228748133:function:getHiscores7
{'197': [[59, 59, 59, 59, 59, 59, 59, 59, 59, 59, 59, 59, 59, 59, 59, 59, 59, 59, 59, 59, 59, 59, 59, 59, 59], False], '205': [[58, 58, 58, 58, 58, 58, 58, 58, 58, 58, 58, 58, 58, 58, 58, 58, 58, 58, 58, 58, 58, 58, 58, 58, 58], False], '211': [[57, 57, 57, 57, 57, 57, 57, 57, 57, 57, 57, 57, 57, 57, 57, 57, 57, 57, 57, 57, 57, 57, 57, 57, 57], False], '217': [[56, 56, 56, 56, 56, 56, 56, 56, 56, 56, 56, 56, 56, 56, 56, 56, 56, 56, 56, 56, 56, 56, 56, 56, 56], False], '224': [[55, 55, 55, 55, 55, 55, 55, 55, 55, 55, 55, 55, 55, 55, 55, 55, 55, 55, 55, 55, 55, 55, 55, 55, 55], False], '230': [[54, 54, 54, 54, 54, 54, 54, 54, 54, 54, 54, 54, 54, 54, 54, 54, 54, 54, 54, 54, 54, 54, 54, 54, 54], False], '236': [[53, 53, 53, 53, 53, 53, 53, 53, 53, 53, 53, 53, 53, 53, 53, 53, 53, 53, 53, 53, 53, 53, 53, 53, 53], False], '245': [[52, 51, 51, 51, 51, 51, 51, 51, 51, 51, 51, 51, 51, 51, 51, 51, 51, 51, 51, 51, 51, 51, 51, 51, 51], False]}
dict_keys(['197', '205', '211', '217', '224', '230', '236', '245'])
[197, 205, 211, 217, 224, 230, 236, 245]
Queue: [2, 5, 8, 11, 14, 17, 20, 24, 27, 30]
arn:aws:lambda:us-east-1:858228748133:function:getHiscores5
{'2': [[632, 620, 615, 605, 601, 600, 600, 600, 585, 583, 582, 580, 579, 571, 569, 568, 564, 557, 556, 554, 552, 540, 528, 524, 523], False], '5': [[388, 386, 385, 383, 379, 377, 375, 375, 375, 374, 374, 373, 371, 370, 366, 364, 361, 361, 360, 360, 355, 355, 352, 351, 351], False], '8': [[306, 305, 304, 303, 303, 302, 302, 300, 300, 300, 300, 300, 300, 300, 299, 296, 293, 292, 291, 290, 290, 290, 289, 288, 287], False], '11': [[256, 255, 255, 255, 255, 254, 254, 253, 253, 253, 253, 253, 252, 252, 252, 252, 251, 251, 251, 251, 250, 250, 250, 250, 250], False], '14': [[229, 229, 228, 228, 228, 228, 228, 228, 228, 227, 226, 226, 226, 225, 225, 224, 224, 224, 224, 224, 224, 223, 223, 223, 223], False], '17': [[211, 211, 211, 211, 211, 210, 210, 210, 209, 209, 209, 209, 209, 208, 208, 208, 208, 208, 207, 207, 207, 207, 206, 206, 206], False], '20': [[200, 200, 200, 200, 200, 200, 200, 200, 200, 200, 200, 200, 200, 200, 200, 199, 199, 199, 198, 198, 198, 198, 198, 197, 197], False], '24': [[181, 181, 180, 180, 180, 180, 180, 180, 180, 180, 180, 180, 180, 180, 180, 179, 179, 179, 179, 179, 179, 179, 179, 179, 179], False], '27': [[171, 170, 170, 170, 170, 170, 170, 170, 169, 169, 169, 169, 169, 169, 168, 168, 168, 168, 167, 167, 167, 167, 167, 167, 166], False], '30': [[161, 161, 161, 161, 161, 161, 161, 161, 161, 161, 161, 161, 161, 160, 160, 160, 160, 160, 160, 160, 160, 160, 160, 160, 160], False]}
dict_keys(['2', '5', '8', '11', '14', '17', '20', '24', '27', '30'])
[2, 5, 8, 11, 14, 17, 20, 24, 27, 30]
Queue: [33, 36, 39, 42, 45, 49, 52, 55, 58, 61]
arn:aws:lambda:us-east-1:858228748133:function:getHiscores6
{'33': [[155, 155, 155, 155, 155, 155, 155, 155, 155, 154, 154, 154, 154, 154, 154, 154, 153, 153, 153, 153, 153, 153, 153, 153, 153], False], '36': [[148, 148, 148, 148, 148, 148, 148, 148, 148, 148, 147, 147, 147, 147, 147, 147, 147, 147, 147, 146, 146, 146, 146, 146, 146], False], '39': [[142, 142, 142, 142, 142, 142, 142, 142, 142, 142, 142, 141, 141, 141, 141, 141, 141, 141, 141, 141, 141, 141, 140, 140, 140], False], '42': [[137, 137, 137, 137, 137, 137, 137, 136, 136, 136, 136, 136, 136, 136, 136, 136, 136, 136, 136, 136, 136, 135, 135, 135, 135], False], '45': [[132, 132, 132, 132, 132, 132, 132, 132, 132, 132, 132, 132, 132, 132, 132, 132, 132, 132, 132, 132, 132, 132, 131, 131, 131], False], '49': [[128, 128, 128, 127, 127, 127, 127, 127, 127, 127, 127, 127, 127, 127, 127, 127, 127, 127, 127, 127, 127, 127, 127, 127, 126], False], '52': [[124, 124, 124, 123, 123, 123, 123, 123, 123, 123, 123, 123, 123, 123, 123, 123, 123, 123, 123, 122, 122, 122, 122, 122, 122], False], '55': [[120, 120, 120, 120, 120, 120, 120, 120, 120, 120, 120, 120, 120, 120, 120, 120, 120, 120, 120, 120, 120, 120, 120, 120, 119], False], '58': [[117, 117, 117, 117, 117, 117, 117, 117, 117, 116, 116, 116, 116, 116, 116, 116, 116, 116, 116, 116, 116, 116, 116, 116, 116], False], '61': [[114, 114, 114, 114, 114, 114, 114, 114, 114, 114, 114, 114, 114, 114, 114, 114, 114, 114, 114, 114, 114, 114, 114, 114, 114], False]}
dict_keys(['33', '36', '39', '42', '45', '49', '52', '55', '58', '61'])
[33, 36, 39, 42, 45, 49, 52, 55, 58, 61]
Queue: [64, 67, 70, 74, 77, 89, 92, 95, 99, 102]
arn:aws:lambda:us-east-1:858228748133:function:getHiscores5
{'64': [[112, 112, 112, 112, 112, 112, 112, 112, 112, 111, 111, 111, 111, 111, 111, 111, 111, 111, 111, 111, 111, 111, 111, 111, 111], False], '67': [[110, 109, 109, 109, 109, 109, 109, 109, 109, 109, 109, 109, 109, 109, 109, 109, 109, 109, 109, 109, 109, 109, 109, 109, 109], False], '70': [[107, 107, 107, 107, 107, 107, 107, 107, 107, 107, 107, 107, 107, 107, 107, 107, 107, 107, 107, 107, 107, 107, 107, 107, 107], False], '74': [[105, 105, 104, 104, 104, 104, 104, 104, 104, 104, 104, 104, 104, 104, 104, 104, 104, 104, 104, 104, 104, 104, 104, 104, 104], False], '77': [[103, 103, 103, 103, 103, 103, 103, 103, 103, 103, 103, 103, 103, 102, 102, 102, 102, 102, 102, 102, 102, 102, 102, 102, 102], False], '89': [[100, 100, 100, 100, 100, 100, 100, 100, 100, 99, 99, 99, 99, 99, 99, 99, 99, 98, 98, 98, 98, 98, 98, 98, 98], False], '92': [[96, 96, 96, 96, 96, 96, 96, 96, 96, 96, 96, 96, 96, 96, 96, 96, 96, 96, 95, 95, 95, 95, 95, 95, 95], False], '95': [[94, 94, 94, 94, 94, 94, 94, 94, 94, 93, 93, 93, 93, 93, 93, 93, 93, 93, 93, 93, 93, 93, 93, 93, 93], False], '99': [[91, 91, 91, 91, 91, 91, 91, 91, 91, 91, 91, 91, 91, 91, 91, 91, 91, 91, 91, 91, 91, 91, 91, 91, 91], False], '102': [[90, 90, 90, 90, 90, 90, 90, 90, 90, 90, 90, 90, 90, 90, 90, 90, 90, 89, 89, 89, 89, 89, 89, 89, 89], False]}
dict_keys(['64', '67', '70', '74', '77', '89', '92', '95', '99', '102'])
[64, 67, 70, 74, 77, 89, 92, 95, 99, 102]
Queue: [105, 108, 111, 114, 117, 120, 124, 127, 130, 136]
arn:aws:lambda:us-east-1:858228748133:function:getHiscores8
{'105': [[88, 88, 88, 88, 88, 88, 88, 88, 88, 88, 88, 88, 88, 88, 88, 88, 88, 88, 87, 87, 87, 87, 87, 87, 87], False], '108': [[86, 86, 86, 86, 86, 86, 86, 86, 86, 86, 86, 86, 86, 86, 86, 86, 86, 86, 86, 86, 86, 86, 86, 86, 86], False], '111': [[85, 85, 85, 85, 85, 85, 85, 85, 85, 85, 85, 85, 85, 85, 85, 85, 85, 85, 85, 84, 84, 84, 84, 84, 84], False], '114': [[83, 83, 83, 83, 83, 83, 83, 83, 83, 83, 83, 83, 83, 83, 83, 83, 83, 83, 83, 83, 83, 83, 83, 83, 83], False], '117': [[82, 82, 82, 82, 82, 82, 82, 82, 82, 82, 82, 82, 82, 82, 82, 82, 82, 82, 82, 82, 82, 81, 81, 81, 81], False], '120': [[81, 81, 81, 81, 81, 81, 81, 81, 81, 81, 81, 80, 80, 80, 80, 80, 80, 80, 80, 80, 80, 80, 80, 80, 80], False], '124': [[79, 79, 79, 79, 79, 79, 79, 79, 79, 79, 79, 79, 79, 79, 79, 79, 79, 79, 79, 79, 79, 79, 79, 79, 79], False], '127': [[78, 78, 78, 78, 78, 78, 78, 78, 78, 78, 78, 78, 78, 78, 78, 78, 78, 77, 77, 77, 77, 77, 77, 77, 77], False], '130': [[77, 77, 77, 77, 77, 77, 77, 77, 77, 77, 77, 77, 77, 77, 77, 77, 76, 76, 76, 76, 76, 76, 76, 76, 76], False], '136': [[75, 75, 75, 75, 75, 75, 75, 75, 75, 75, 75, 74, 74, 74, 74, 74, 74, 74, 74, 74, 74, 74, 74, 74, 74], False]}
dict_keys(['105', '108', '111', '114', '117', '120', '124', '127', '130', '136'])
[105, 108, 111, 114, 117, 120, 124, 127, 130, 136]
Queue: [139, 142, 145, 149, 152, 155, 158, 167, 170, 180]
arn:aws:lambda:us-east-1:858228748133:function:getHiscores4
{'139': [[74, 74, 74, 74, 74, 73, 73, 73, 73, 73, 73, 73, 73, 73, 73, 73, 73, 73, 73, 73, 73, 73, 73, 73, 73], False], '142': [[73, 73, 73, 73, 73, 73, 73, 73, 73, 72, 72, 72, 72, 72, 72, 72, 72, 72, 72, 72, 72, 72, 72, 72, 72], False], '145': [[72, 72, 72, 72, 72, 71, 71, 71, 71, 71, 71, 71, 71, 71, 71, 71, 71, 71, 71, 71, 71, 71, 71, 71, 71], False], '149': [[70, 70, 70, 70, 70, 70, 70, 70, 70, 70, 70, 70, 70, 70, 70, 70, 70, 70, 70, 70, 70, 70, 70, 70, 70], False], '152': [[70, 70, 70, 70, 70, 70, 69, 69, 69, 69, 69, 69, 69, 69, 69, 69, 69, 69, 69, 69, 69, 69, 69, 69, 69], False], '155': [[69, 69, 69, 69, 69, 69, 69, 69, 69, 69, 69, 69, 69, 68, 68, 68, 68, 68, 68, 68, 68, 68, 68, 68, 68], False], '158': [[68, 68, 68, 68, 68, 68, 68, 68, 68, 68, 68, 68, 68, 68, 68, 68, 68, 68, 68, 68, 68, 68, 68, 68, 68], False], '167': [[66, 66, 66, 66, 66, 66, 66, 66, 66, 66, 66, 66, 65, 65, 65, 65, 65, 65, 65, 65, 65, 65, 65, 65, 65], False], '170': [[65, 65, 65, 65, 65, 65, 65, 65, 65, 65, 65, 65, 65, 65, 65, 65, 65, 65, 65, 65, 65, 65, 65, 65, 65], False], '180': [[63, 63, 63, 63, 63, 63, 63, 63, 63, 63, 63, 63, 63, 63, 63, 63, 63, 63, 63, 63, 63, 63, 62, 62, 62], False]}
dict_keys(['139', '142', '145', '149', '152', '155', '158', '167', '170', '180'])
[139, 142, 145, 149, 152, 155, 158, 167, 170, 180]
Queue: [189, 195, 206, 212, 218, 225, 231, 237]
arn:aws:lambda:us-east-1:858228748133:function:getHiscores6
{'189': [[61, 61, 61, 61, 61, 61, 61, 61, 61, 61, 61, 61, 61, 61, 61, 61, 61, 61, 61, 61, 61, 61, 61, 61, 61], False], '195': [[60, 60, 60, 60, 60, 60, 60, 60, 60, 60, 60, 60, 60, 60, 60, 60, 60, 60, 60, 60, 60, 60, 60, 60, 60], False], '206': [[58, 58, 58, 58, 58, 58, 58, 58, 58, 58, 58, 58, 58, 58, 58, 57, 57, 57, 57, 57, 57, 57, 57, 57, 57], False], '212': [[57, 57, 57, 57, 57, 57, 57, 57, 56, 56, 56, 56, 56, 56, 56, 56, 56, 56, 56, 56, 56, 56, 56, 56, 56], False], '218': [[56, 56, 56, 56, 56, 56, 56, 56, 56, 56, 56, 56, 56, 56, 56, 56, 56, 56, 56, 56, 55, 55, 55, 55, 55], False], '225': [[55, 54, 54, 54, 54, 54, 54, 54, 54, 54, 54, 54, 54, 54, 54, 54, 54, 54, 54, 54, 54, 54, 54, 54, 54], False], '231': [[54, 54, 54, 54, 54, 53, 53, 53, 53, 53, 53, 53, 53, 53, 53, 53, 53, 53, 53, 53, 53, 53, 53, 53, 53], False], '237': [[53, 53, 53, 53, 53, 53, 53, 53, 53, 53, 53, 53, 53, 53, 53, 53, 53, 53, 53, 53, 53, 53, 53, 53, 52], False]}
dict_keys(['189', '195', '206', '212', '218', '225', '231', '237'])
[189, 195, 206, 212, 218, 225, 231, 237]
Queue: [3, 6, 9, 12, 15, 18, 21, 23, 25, 28]
arn:aws:lambda:us-east-1:858228748133:function:getHiscores2
{'3': [[512, 511, 511, 511, 505, 504, 500, 500, 500, 488, 484, 483, 481, 469, 469, 467, 462, 461, 461, 453, 450, 450, 438, 437, 435], False], '6': [[351, 350, 350, 343, 343, 341, 341, 340, 339, 336, 336, 335, 335, 334, 333, 333, 332, 332, 331, 331, 330, 330, 330, 330, 328], False], '9': [[287, 286, 286, 285, 283, 283, 283, 282, 282, 280, 280, 279, 278, 278, 277, 276, 276, 276, 275, 274, 273, 271, 271, 270, 270], False], '12': [[250, 248, 248, 247, 247, 246, 246, 246, 245, 245, 245, 245, 244, 244, 244, 243, 242, 242, 242, 242, 241, 241, 241, 241, 239], False], '15': [[223, 223, 222, 222, 222, 221, 221, 221, 221, 221, 221, 220, 220, 220, 220, 220, 219, 219, 219, 219, 218, 218, 217, 216, 216], False], '18': [[205, 205, 205, 205, 205, 205, 205, 205, 205, 204, 204, 204, 203, 203, 203, 202, 202, 202, 202, 202, 202, 202, 202, 202, 201], False], '21': [[196, 196, 196, 196, 195, 195, 195, 195, 194, 194, 194, 193, 193, 193, 193, 192, 192, 192, 191, 191, 191, 191, 191, 190, 190], False], '23': [[185, 185, 184, 184, 183, 183, 183, 182, 182, 182, 182, 182, 182, 182, 182, 182, 182, 182, 182, 182, 182, 182, 181, 181, 181], False], '25': [[179, 179, 179, 178, 178, 178, 178, 178, 178, 177, 177, 177, 177, 177, 177, 177, 177, 177, 177, 176, 176, 176, 175, 175, 175], False], '28': [[166, 166, 166, 166, 166, 166, 166, 166, 165, 165, 165, 165, 165, 165, 165, 165, 165, 165, 165, 165, 165, 165, 165, 165, 164], False]}
dict_keys(['3', '6', '9', '12', '15', '18', '21', '23', '25', '28'])
[3, 6, 9, 12, 15, 18, 21, 23, 25, 28]
Queue: [31, 34, 37, 40, 43, 46, 48, 50, 53, 56]
arn:aws:lambda:us-east-1:858228748133:function:getHiscores9
{'31': [[160, 160, 160, 160, 160, 160, 160, 159, 159, 159, 159, 159, 159, 159, 158, 158, 158, 158, 158, 158, 158, 158, 158, 157, 157], False], '34': [[153, 152, 152, 152, 152, 152, 152, 152, 152, 151, 151, 151, 151, 151, 151, 151, 151, 151, 151, 151, 150, 150, 150, 150, 150], False], '37': [[146, 146, 146, 146, 146, 146, 146, 146, 146, 146, 146, 146, 146, 145, 145, 145, 145, 145, 145, 145, 145, 145, 145, 145, 145], False], '40': [[140, 140, 140, 140, 140, 140, 140, 140, 140, 140, 139, 139, 139, 139, 139, 139, 139, 139, 139, 139, 139, 139, 139, 139, 139], False], '43': [[135, 135, 135, 135, 135, 135, 135, 135, 135, 135, 135, 135, 134, 134, 134, 134, 134, 134, 134, 134, 134, 134, 134, 134, 134], False], '46': [[131, 131, 131, 131, 131, 131, 131, 131, 131, 131, 131, 131, 131, 131, 131, 131, 131, 130, 130, 130, 130, 130, 130, 130, 130], False], '48': [[129, 129, 129, 129, 129, 129, 129, 129, 129, 129, 129, 129, 129, 129, 129, 128, 128, 128, 128, 128, 128, 128, 128, 128, 128], False], '50': [[126, 126, 126, 126, 126, 126, 126, 126, 126, 126, 126, 126, 126, 126, 126, 126, 126, 125, 125, 125, 125, 125, 125, 125, 125], False], '53': [[122, 122, 122, 122, 122, 122, 122, 122, 122, 122, 122, 122, 122, 122, 122, 122, 122, 122, 122, 122, 121, 121, 121, 121, 121], False], '56': [[119, 119, 119, 119, 119, 119, 119, 119, 119, 119, 118, 118, 118, 118, 118, 118, 118, 118, 118, 118, 118, 118, 118, 118, 118], False]}
dict_keys(['31', '34', '37', '40', '43', '46', '48', '50', '53', '56'])
[31, 34, 37, 40, 43, 46, 48, 50, 53, 56]
Queue: [59, 62, 65, 68, 71, 75, 90, 96, 98, 100]
arn:aws:lambda:us-east-1:858228748133:function:getHiscores1
{'59': [[116, 116, 116, 116, 116, 116, 116, 116, 116, 116, 116, 116, 116, 116, 116, 116, 116, 116, 116, 116, 115, 115, 115, 115, 115], False], '62': [[114, 114, 114, 114, 114, 114, 113, 113, 113, 113, 113, 113, 113, 113, 113, 113, 113, 113, 113, 113, 113, 113, 113, 113, 113], False], '65': [[111, 111, 111, 111, 111, 111, 111, 111, 111, 111, 111, 111, 111, 110, 110, 110, 110, 110, 110, 110, 110, 110, 110, 110, 110], False], '68': [[109, 109, 109, 109, 109, 109, 108, 108, 108, 108, 108, 108, 108, 108, 108, 108, 108, 108, 108, 108, 108, 108, 108, 108, 108], False], '71': [[107, 107, 107, 107, 107, 106, 106, 106, 106, 106, 106, 106, 106, 106, 106, 106, 106, 106, 106, 106, 106, 106, 106, 106, 106], False], '75': [[104, 104, 104, 104, 104, 104, 104, 104, 104, 104, 104, 104, 104, 104, 104, 103, 103, 103, 103, 103, 103, 103, 103, 103, 103], False], '90': [[98, 98, 98, 98, 98, 98, 98, 98, 98, 98, 98, 98, 98, 98, 97, 97, 97, 97, 97, 97, 97, 97, 97, 97, 97], False], '96': [[93, 93, 93, 93, 93, 93, 93, 93, 93, 93, 93, 93, 93, 93, 93, 92, 92, 92, 92, 92, 92, 92, 92, 92, 92], False], '98': [[92, 92, 91, 91, 91, 91, 91, 91, 91, 91, 91, 91, 91, 91, 91, 91, 91, 91, 91, 91, 91, 91, 91, 91, 91], False], '100': [[91, 91, 90, 90, 90, 90, 90, 90, 90, 90, 90, 90, 90, 90, 90, 90, 90, 90, 90, 90, 90, 90, 90, 90, 90], False]}
dict_keys(['59', '62', '65', '68', '71', '75', '90', '96', '98', '100'])
[59, 62, 65, 68, 71, 75, 90, 96, 98, 100]
Queue: [109, 115, 123, 125, 148, 159, 171, 190, 196]
arn:aws:lambda:us-east-1:858228748133:function:getHiscores4
{'109': [[86, 86, 86, 86, 86, 86, 86, 86, 86, 86, 86, 86, 86, 86, 86, 85, 85, 85, 85, 85, 85, 85, 85, 85, 85], False], '115': [[83, 83, 83, 83, 83, 83, 83, 83, 83, 83, 83, 83, 83, 83, 82, 82, 82, 82, 82, 82, 82, 82, 82, 82, 82], False], '123': [[80, 80, 80, 80, 80, 80, 80, 80, 80, 80, 80, 80, 80, 80, 80, 80, 80, 80, 80, 80, 80, 79, 79, 79, 79], False], '125': [[79, 79, 79, 79, 79, 79, 79, 79, 79, 79, 79, 79, 79, 79, 79, 79, 79, 79, 79, 79, 79, 79, 78, 78, 78], False], '148': [[71, 71, 71, 71, 71, 71, 71, 71, 71, 71, 70, 70, 70, 70, 70, 70, 70, 70, 70, 70, 70, 70, 70, 70, 70], False], '159': [[68, 68, 68, 68, 68, 68, 68, 68, 68, 68, 68, 68, 67, 67, 67, 67, 67, 67, 67, 67, 67, 67, 67, 67, 67], False], '171': [[65, 65, 65, 65, 65, 65, 65, 65, 65, 65, 65, 65, 65, 65, 65, 65, 65, 65, 65, 64, 64, 64, 64, 64, 64], False], '190': [[61, 61, 61, 61, 61, 61, 61, 61, 60, 60, 60, 60, 60, 60, 60, 60, 60, 60, 60, 60, 60, 60, 60, 60, 60], False], '196': [[60, 60, 60, 60, 60, 60, 60, 60, 60, 60, 60, 60, 60, 60, 60, 60, 60, 60, 60, 60, 59, 59, 59, 59, 59], False]}
dict_keys(['109', '115', '123', '125', '148', '159', '171', '190', '196'])
[109, 115, 123, 125, 148, 159, 171, 190, 196]
[None, [2394, 2000, 1710, 1547, 1320, 1100, 1044, 1037, 1005, 1000, 1000, 1000, 969, 962, 957, 950, 889, 849, 847, 826, 820, 718, 649, 648, 637], [632, 620, 615, 605, 601, 600, 600, 600, 585, 583, 582, 580, 579, 571, 569, 568, 564, 557, 556, 554, 552, 540, 528, 524, 523], [512, 511, 511, 511, 505, 504, 500, 500, 500, 488, 484, 483, 481, 469, 469, 467, 462, 461, 461, 453, 450, 450, 438, 437, 435], [430, 430, 429, 428, 427, 425, 419, 416, 414, 413, 411, 411, 411, 407, 406, 405, 404, 403, 401, 401, 400, 400, 400, 397, 392], [388, 386, 385, 383, 379, 377, 375, 375, 375, 374, 374, 373, 371, 370, 366, 364, 361, 361, 360, 360, 355, 355, 352, 351, 351], [351, 350, 350, 343, 343, 341, 341, 340, 339, 336, 336, 335, 335, 334, 333, 333, 332, 332, 331, 331, 330, 330, 330, 330, 328], [327, 326, 325, 325, 324, 324, 322, 322, 321, 321, 321, 316, 316, 316, 315, 315, 314, 312, 310, 309, 308, 307, 306, 306, 306], [306, 305, 304, 303, 303, 302, 302, 300, 300, 300, 300, 300, 300, 300, 299, 296, 293, 292, 291, 290, 290, 290, 289, 288, 287], [287, 286, 286, 285, 283, 283, 283, 282, 282, 280, 280, 279, 278, 278, 277, 276, 276, 276, 275, 274, 273, 271, 271, 270, 270], [269, 269, 269, 268, 268, 268, 268, 268, 266, 266, 264, 263, 263, 263, 263, 262, 260, 260, 259, 259, 258, 258, 256, 256, 256], [256, 255, 255, 255, 255, 254, 254, 253, 253, 253, 253, 253, 252, 252, 252, 252, 251, 251, 251, 251, 250, 250, 250, 250, 250], [250, 248, 248, 247, 247, 246, 246, 246, 245, 245, 245, 245, 244, 244, 244, 243, 242, 242, 242, 242, 241, 241, 241, 241, 239], [239, 239, 238, 238, 237, 236, 236, 235, 234, 234, 234, 233, 232, 232, 232, 232, 231, 231, 231, 231, 231, 230, 230, 230, 229], [229, 229, 228, 228, 228, 228, 228, 228, 228, 227, 226, 226, 226, 225, 225, 224, 224, 224, 224, 224, 224, 223, 223, 223, 223], [223, 223, 222, 222, 222, 221, 221, 221, 221, 221, 221, 220, 220, 220, 220, 220, 219, 219, 219, 219, 218, 218, 217, 216, 216], [216, 216, 216, 216, 216, 216, 216, 215, 214, 214, 214, 213, 213, 213, 213, 213, 213, 212, 212, 212, 212, 212, 212, 211, 211], [211, 211, 211, 211, 211, 210, 210, 210, 209, 209, 209, 209, 209, 208, 208, 208, 208, 208, 207, 207, 207, 207, 206, 206, 206], [205, 205, 205, 205, 205, 205, 205, 205, 205, 204, 204, 204, 203, 203, 203, 202, 202, 202, 202, 202, 202, 202, 202, 202, 201], [201, 201, 201, 201, 201, 201, 201, 201, 201, 200, 200, 200, 200, 200, 200, 200, 200, 200, 200, 200, 200, 200, 200, 200, 200], [200, 200, 200, 200, 200, 200, 200, 200, 200, 200, 200, 200, 200, 200, 200, 199, 199, 199, 198, 198, 198, 198, 198, 197, 197], [196, 196, 196, 196, 195, 195, 195, 195, 194, 194, 194, 193, 193, 193, 193, 192, 192, 192, 191, 191, 191, 191, 191, 190, 190], [190, 190, 190, 190, 189, 189, 188, 188, 188, 188, 188, 188, 187, 187, 187, 187, 187, 187, 186, 186, 186, 186, 185, 185, 185], [185, 185, 184, 184, 183, 183, 183, 182, 182, 182, 182, 182, 182, 182, 182, 182, 182, 182, 182, 182, 182, 182, 181, 181, 181], [181, 181, 180, 180, 180, 180, 180, 180, 180, 180, 180, 180, 180, 180, 180, 179, 179, 179, 179, 179, 179, 179, 179, 179, 179], [179, 179, 179, 178, 178, 178, 178, 178, 178, 177, 177, 177, 177, 177, 177, 177, 177, 177, 177, 176, 176, 176, 175, 175, 175], [175, 175, 175, 175, 175, 174, 174, 174, 174, 174, 174, 174, 173, 173, 173, 173, 173, 173, 172, 172, 172, 172, 171, 171, 171], [171, 170, 170, 170, 170, 170, 170, 170, 169, 169, 169, 169, 169, 169, 168, 168, 168, 168, 167, 167, 167, 167, 167, 167, 166], [166, 166, 166, 166, 166, 166, 166, 166, 165, 165, 165, 165, 165, 165, 165, 165, 165, 165, 165, 165, 165, 165, 165, 165, 164], [164, 164, 164, 164, 164, 164, 164, 164, 164, 164, 163, 163, 163, 163, 163, 163, 163, 162, 162, 162, 162, 162, 162, 162, 162], [161, 161, 161, 161, 161, 161, 161, 161, 161, 161, 161, 161, 161, 160, 160, 160, 160, 160, 160, 160, 160, 160, 160, 160, 160], [160, 160, 160, 160, 160, 160, 160, 159, 159, 159, 159, 159, 159, 159, 158, 158, 158, 158, 158, 158, 158, 158, 158, 157, 157], [157, 157, 157, 157, 157, 157, 157, 157, 157, 157, 157, 157, 156, 156, 156, 156, 156, 156, 156, 156, 156, 155, 155, 155, 155], [155, 155, 155, 155, 155, 155, 155, 155, 155, 154, 154, 154, 154, 154, 154, 154, 153, 153, 153, 153, 153, 153, 153, 153, 153], [153, 152, 152, 152, 152, 152, 152, 152, 152, 151, 151, 151, 151, 151, 151, 151, 151, 151, 151, 151, 150, 150, 150, 150, 150], [150, 150, 150, 150, 150, 150, 150, 150, 150, 150, 150, 150, 150, 150, 150, 150, 150, 150, 150, 150, 149, 149, 149, 149, 148], [148, 148, 148, 148, 148, 148, 148, 148, 148, 148, 147, 147, 147, 147, 147, 147, 147, 147, 147, 146, 146, 146, 146, 146, 146], [146, 146, 146, 146, 146, 146, 146, 146, 146, 146, 146, 146, 146, 145, 145, 145, 145, 145, 145, 145, 145, 145, 145, 145, 145], [145, 144, 144, 144, 144, 144, 144, 144, 144, 144, 143, 143, 143, 143, 143, 143, 143, 143, 143, 143, 143, 143, 142, 142, 142], [142, 142, 142, 142, 142, 142, 142, 142, 142, 142, 142, 141, 141, 141, 141, 141, 141, 141, 141, 141, 141, 141, 140, 140, 140], [140, 140, 140, 140, 140, 140, 140, 140, 140, 140, 139, 139, 139, 139, 139, 139, 139, 139, 139, 139, 139, 139, 139, 139, 139], [139, 139, 139, 138, 138, 138, 138, 138, 138, 138, 138, 138, 138, 138, 138, 138, 138, 138, 138, 137, 137, 137, 137, 137, 137], [137, 137, 137, 137, 137, 137, 137, 136, 136, 136, 136, 136, 136, 136, 136, 136, 136, 136, 136, 136, 136, 135, 135, 135, 135], [135, 135, 135, 135, 135, 135, 135, 135, 135, 135, 135, 135, 134, 134, 134, 134, 134, 134, 134, 134, 134, 134, 134, 134, 134], [134, 134, 133, 133, 133, 133, 133, 133, 133, 133, 133, 133, 133, 133, 133, 133, 133, 133, 133, 133, 132, 132, 132, 132, 132], [132, 132, 132, 132, 132, 132, 132, 132, 132, 132, 132, 132, 132, 132, 132, 132, 132, 132, 132, 132, 132, 132, 131, 131, 131], [131, 131, 131, 131, 131, 131, 131, 131, 131, 131, 131, 131, 131, 131, 131, 131, 131, 130, 130, 130, 130, 130, 130, 130, 130], [130, 130, 130, 130, 130, 130, 130, 130, 130, 130, 130, 130, 130, 130, 130, 130, 130, 129, 129, 129, 129, 129, 129, 129, 129], [129, 129, 129, 129, 129, 129, 129, 129, 129, 129, 129, 129, 129, 129, 129, 128, 128, 128, 128, 128, 128, 128, 128, 128, 128], [128, 128, 128, 127, 127, 127, 127, 127, 127, 127, 127, 127, 127, 127, 127, 127, 127, 127, 127, 127, 127, 127, 127, 127, 126], [126, 126, 126, 126, 126, 126, 126, 126, 126, 126, 126, 126, 126, 126, 126, 126, 126, 125, 125, 125, 125, 125, 125, 125, 125], [125, 125, 125, 125, 125, 125, 125, 125, 125, 125, 125, 125, 125, 125, 124, 124, 124, 124, 124, 124, 124, 124, 124, 124, 124], [124, 124, 124, 123, 123, 123, 123, 123, 123, 123, 123, 123, 123, 123, 123, 123, 123, 123, 123, 122, 122, 122, 122, 122, 122], [122, 122, 122, 122, 122, 122, 122, 122, 122, 122, 122, 122, 122, 122, 122, 122, 122, 122, 122, 122, 121, 121, 121, 121, 121], [121, 121, 121, 121, 121, 121, 121, 121, 121, 121, 121, 121, 121, 120, 120, 120, 120, 120, 120, 120, 120, 120, 120, 120, 120], [120, 120, 120, 120, 120, 120, 120, 120, 120, 120, 120, 120, 120, 120, 120, 120, 120, 120, 120, 120, 120, 120, 120, 120, 119], [119, 119, 119, 119, 119, 119, 119, 119, 119, 119, 118, 118, 118, 118, 118, 118, 118, 118, 118, 118, 118, 118, 118, 118, 118], [118, 118, 118, 118, 117, 117, 117, 117, 117, 117, 117, 117, 117, 117, 117, 117, 117, 117, 117, 117, 117, 117, 117, 117, 117], [117, 117, 117, 117, 117, 117, 117, 117, 117, 116, 116, 116, 116, 116, 116, 116, 116, 116, 116, 116, 116, 116, 116, 116, 116], [116, 116, 116, 116, 116, 116, 116, 116, 116, 116, 116, 116, 116, 116, 116, 116, 116, 116, 116, 116, 115, 115, 115, 115, 115], [115, 115, 115, 115, 115, 115, 115, 115, 115, 115, 115, 115, 115, 115, 115, 115, 115, 115, 115, 115, 115, 115, 115, 115, 115], [114, 114, 114, 114, 114, 114, 114, 114, 114, 114, 114, 114, 114, 114, 114, 114, 114, 114, 114, 114, 114, 114, 114, 114, 114], [114, 114, 114, 114, 114, 114, 113, 113, 113, 113, 113, 113, 113, 113, 113, 113, 113, 113, 113, 113, 113, 113, 113, 113, 113], [113, 113, 113, 113, 113, 113, 113, 113, 113, 113, 113, 113, 113, 113, 112, 112, 112, 112, 112, 112, 112, 112, 112, 112, 112], [112, 112, 112, 112, 112, 112, 112, 112, 112, 111, 111, 111, 111, 111, 111, 111, 111, 111, 111, 111, 111, 111, 111, 111, 111], [111, 111, 111, 111, 111, 111, 111, 111, 111, 111, 111, 111, 111, 110, 110, 110, 110, 110, 110, 110, 110, 110, 110, 110, 110], [110, 110, 110, 110, 110, 110, 110, 110, 110, 110, 110, 110, 110, 110, 110, 110, 110, 110, 110, 110, 110, 110, 110, 110, 110], [110, 109, 109, 109, 109, 109, 109, 109, 109, 109, 109, 109, 109, 109, 109, 109, 109, 109, 109, 109, 109, 109, 109, 109, 109], [109, 109, 109, 109, 109, 109, 108, 108, 108, 108, 108, 108, 108, 108, 108, 108, 108, 108, 108, 108, 108, 108, 108, 108, 108], [108, 108, 108, 108, 108, 108, 108, 108, 108, 107, 107, 107, 107, 107, 107, 107, 107, 107, 107, 107, 107, 107, 107, 107, 107], [107, 107, 107, 107, 107, 107, 107, 107, 107, 107, 107, 107, 107, 107, 107, 107, 107, 107, 107, 107, 107, 107, 107, 107, 107], [107, 107, 107, 107, 107, 106, 106, 106, 106, 106, 106, 106, 106, 106, 106, 106, 106, 106, 106, 106, 106, 106, 106, 106, 106], [106, 106, 106, 106, 106, 106, 106, 106, 106, 106, 106, 106, 106, 106, 106, 106, 106, 105, 105, 105, 105, 105, 105, 105, 105], None, [105, 105, 104, 104, 104, 104, 104, 104, 104, 104, 104, 104, 104, 104, 104, 104, 104, 104, 104, 104, 104, 104, 104, 104, 104], [104, 104, 104, 104, 104, 104, 104, 104, 104, 104, 104, 104, 104, 104, 104, 103, 103, 103, 103, 103, 103, 103, 103, 103, 103], [103, 103, 103, 103, 103, 103, 103, 103, 103, 103, 103, 103, 103, 103, 103, 103, 103, 103, 103, 103, 103, 103, 103, 103, 103], [103, 103, 103, 103, 103, 103, 103, 103, 103, 103, 103, 103, 103, 102, 102, 102, 102, 102, 102, 102, 102, 102, 102, 102, 102], None, [102, 102, 102, 102, 102, 102, 102, 102, 102, 102, 102, 102, 102, 102, 101, 101, 101, 101, 101, 101, 101, 101, 101, 101, 101], None, None, [101, 101, 101, 101, 101, 101, 101, 101, 101, 101, 101, 100, 100, 100, 100, 100, 100, 100, 100, 100, 100, 100, 100, 100, 100], None, None, None, None, None, [100, 100, 100, 100, 100, 100, 100, 100, 100, 100, 100, 100, 100, 100, 100, 100, 100, 100, 100, 100, 100, 100, 100, 100, 100], [100, 100, 100, 100, 100, 100, 100, 100, 100, 99, 99, 99, 99, 99, 99, 99, 99, 98, 98, 98, 98, 98, 98, 98, 98], [98, 98, 98, 98, 98, 98, 98, 98, 98, 98, 98, 98, 98, 98, 97, 97, 97, 97, 97, 97, 97, 97, 97, 97, 97], [97, 97, 97, 97, 97, 97, 97, 97, 97, 97, 97, 97, 97, 97, 97, 97, 97, 96, 96, 96, 96, 96, 96, 96, 96], [96, 96, 96, 96, 96, 96, 96, 96, 96, 96, 96, 96, 96, 96, 96, 96, 96, 96, 95, 95, 95, 95, 95, 95, 95], None, [95, 95, 95, 95, 95, 95, 94, 94, 94, 94, 94, 94, 94, 94, 94, 94, 94, 94, 94, 94, 94, 94, 94, 94, 94], [94, 94, 94, 94, 94, 94, 94, 94, 94, 93, 93, 93, 93, 93, 93, 93, 93, 93, 93, 93, 93, 93, 93, 93, 93], [93, 93, 93, 93, 93, 93, 93, 93, 93, 93, 93, 93, 93, 93, 93, 92, 92, 92, 92, 92, 92, 92, 92, 92, 92], [92, 92, 92, 92, 92, 92, 92, 92, 92, 92, 92, 92, 92, 92, 92, 92, 92, 92, 92, 92, 92, 92, 92, 92, 92], [92, 92, 91, 91, 91, 91, 91, 91, 91, 91, 91, 91, 91, 91, 91, 91, 91, 91, 91, 91, 91, 91, 91, 91, 91], [91, 91, 91, 91, 91, 91, 91, 91, 91, 91, 91, 91, 91, 91, 91, 91, 91, 91, 91, 91, 91, 91, 91, 91, 91], [91, 91, 90, 90, 90, 90, 90, 90, 90, 90, 90, 90, 90, 90, 90, 90, 90, 90, 90, 90, 90, 90, 90, 90, 90], [90, 90, 90, 90, 90, 90, 90, 90, 90, 90, 90, 90, 90, 90, 90, 90, 90, 90, 90, 90, 90, 90, 90, 90, 90], [90, 90, 90, 90, 90, 90, 90, 90, 90, 90, 90, 90, 90, 90, 90, 90, 90, 89, 89, 89, 89, 89, 89, 89, 89], None, [89, 89, 89, 88, 88, 88, 88, 88, 88, 88, 88, 88, 88, 88, 88, 88, 88, 88, 88, 88, 88, 88, 88, 88, 88], [88, 88, 88, 88, 88, 88, 88, 88, 88, 88, 88, 88, 88, 88, 88, 88, 88, 88, 87, 87, 87, 87, 87, 87, 87], None, [87, 87, 87, 87, 87, 87, 87, 87, 87, 87, 87, 87, 87, 87, 87, 87, 87, 87, 87, 87, 87, 87, 86, 86, 86], [86, 86, 86, 86, 86, 86, 86, 86, 86, 86, 86, 86, 86, 86, 86, 86, 86, 86, 86, 86, 86, 86, 86, 86, 86], [86, 86, 86, 86, 86, 86, 86, 86, 86, 86, 86, 86, 86, 86, 86, 85, 85, 85, 85, 85, 85, 85, 85, 85, 85], [85, 85, 85, 85, 85, 85, 85, 85, 85, 85, 85, 85, 85, 85, 85, 85, 85, 85, 85, 85, 85, 85, 85, 85, 85], [85, 85, 85, 85, 85, 85, 85, 85, 85, 85, 85, 85, 85, 85, 85, 85, 85, 85, 85, 84, 84, 84, 84, 84, 84], None, [84, 84, 84, 84, 84, 84, 84, 84, 84, 84, 83, 83, 83, 83, 83, 83, 83, 83, 83, 83, 83, 83, 83, 83, 83], [83, 83, 83, 83, 83, 83, 83, 83, 83, 83, 83, 83, 83, 83, 83, 83, 83, 83, 83, 83, 83, 83, 83, 83, 83], [83, 83, 83, 83, 83, 83, 83, 83, 83, 83, 83, 83, 83, 83, 82, 82, 82, 82, 82, 82, 82, 82, 82, 82, 82], [82, 82, 82, 82, 82, 82, 82, 82, 82, 82, 82, 82, 82, 82, 82, 82, 82, 82, 82, 82, 82, 82, 82, 82, 82], [82, 82, 82, 82, 82, 82, 82, 82, 82, 82, 82, 82, 82, 82, 82, 82, 82, 82, 82, 82, 82, 81, 81, 81, 81], None, [81, 81, 81, 81, 81, 81, 81, 81, 81, 81, 81, 81, 81, 81, 81, 81, 81, 81, 81, 81, 81, 81, 81, 81, 81], [81, 81, 81, 81, 81, 81, 81, 81, 81, 81, 81, 80, 80, 80, 80, 80, 80, 80, 80, 80, 80, 80, 80, 80, 80], None, [80, 80, 80, 80, 80, 80, 80, 80, 80, 80, 80, 80, 80, 80, 80, 80, 80, 80, 80, 80, 80, 80, 80, 80, 80], [80, 80, 80, 80, 80, 80, 80, 80, 80, 80, 80, 80, 80, 80, 80, 80, 80, 80, 80, 80, 80, 79, 79, 79, 79], [79, 79, 79, 79, 79, 79, 79, 79, 79, 79, 79, 79, 79, 79, 79, 79, 79, 79, 79, 79, 79, 79, 79, 79, 79], [79, 79, 79, 79, 79, 79, 79, 79, 79, 79, 79, 79, 79, 79, 79, 79, 79, 79, 79, 79, 79, 79, 78, 78, 78], [78, 78, 78, 78, 78, 78, 78, 78, 78, 78, 78, 78, 78, 78, 78, 78, 78, 78, 78, 78, 78, 78, 78, 78, 78], [78, 78, 78, 78, 78, 78, 78, 78, 78, 78, 78, 78, 78, 78, 78, 78, 78, 77, 77, 77, 77, 77, 77, 77, 77], None, [77, 77, 77, 77, 77, 77, 77, 77, 77, 77, 77, 77, 77, 77, 77, 77, 77, 77, 77, 77, 77, 77, 77, 77, 77], [77, 77, 77, 77, 77, 77, 77, 77, 77, 77, 77, 77, 77, 77, 77, 77, 76, 76, 76, 76, 76, 76, 76, 76, 76], None, [76, 76, 76, 76, 76, 76, 76, 76, 76, 76, 76, 76, 76, 76, 76, 76, 76, 76, 76, 76, 76, 76, 76, 75, 75], None, None, [75, 75, 75, 75, 75, 75, 75, 75, 75, 75, 75, 75, 75, 75, 75, 75, 75, 75, 75, 75, 75, 75, 75, 75, 75], [75, 75, 75, 75, 75, 75, 75, 75, 75, 75, 75, 74, 74, 74, 74, 74, 74, 74, 74, 74, 74, 74, 74, 74, 74], None, [74, 74, 74, 74, 74, 74, 74, 74, 74, 74, 74, 74, 74, 74, 74, 74, 74, 74, 74, 74, 74, 74, 74, 74, 74], [74, 74, 74, 74, 74, 73, 73, 73, 73, 73, 73, 73, 73, 73, 73, 73, 73, 73, 73, 73, 73, 73, 73, 73, 73], None, [73, 73, 73, 73, 73, 73, 73, 73, 73, 73, 73, 73, 73, 73, 73, 73, 73, 73, 73, 73, 73, 73, 73, 73, 73], [73, 73, 73, 73, 73, 73, 73, 73, 73, 72, 72, 72, 72, 72, 72, 72, 72, 72, 72, 72, 72, 72, 72, 72, 72], None, [72, 72, 72, 72, 72, 72, 72, 72, 72, 72, 72, 72, 72, 72, 72, 72, 72, 72, 72, 72, 72, 72, 72, 72, 72], [72, 72, 72, 72, 72, 71, 71, 71, 71, 71, 71, 71, 71, 71, 71, 71, 71, 71, 71, 71, 71, 71, 71, 71, 71], None, [71, 71, 71, 71, 71, 71, 71, 71, 71, 71, 71, 71, 71, 71, 71, 71, 71, 71, 71, 71, 71, 71, 71, 71, 71], [71, 71, 71, 71, 71, 71, 71, 71, 71, 71, 70, 70, 70, 70, 70, 70, 70, 70, 70, 70, 70, 70, 70, 70, 70], [70, 70, 70, 70, 70, 70, 70, 70, 70, 70, 70, 70, 70, 70, 70, 70, 70, 70, 70, 70, 70, 70, 70, 70, 70], None, [70, 70, 70, 70, 70, 70, 70, 70, 70, 70, 70, 70, 70, 70, 70, 70, 70, 70, 70, 70, 70, 70, 70, 70, 70], [70, 70, 70, 70, 70, 70, 69, 69, 69, 69, 69, 69, 69, 69, 69, 69, 69, 69, 69, 69, 69, 69, 69, 69, 69], None, [69, 69, 69, 69, 69, 69, 69, 69, 69, 69, 69, 69, 69, 69, 69, 69, 69, 69, 69, 69, 69, 69, 69, 69, 69], [69, 69, 69, 69, 69, 69, 69, 69, 69, 69, 69, 69, 69, 68, 68, 68, 68, 68, 68, 68, 68, 68, 68, 68, 68], None, [68, 68, 68, 68, 68, 68, 68, 68, 68, 68, 68, 68, 68, 68, 68, 68, 68, 68, 68, 68, 68, 68, 68, 68, 68], [68, 68, 68, 68, 68, 68, 68, 68, 68, 68, 68, 68, 68, 68, 68, 68, 68, 68, 68, 68, 68, 68, 68, 68, 68], [68, 68, 68, 68, 68, 68, 68, 68, 68, 68, 68, 68, 67, 67, 67, 67, 67, 67, 67, 67, 67, 67, 67, 67, 67], [67, 67, 67, 67, 67, 67, 67, 67, 67, 67, 67, 67, 67, 67, 67, 67, 67, 67, 67, 67, 67, 67, 67, 67, 67], None, None, [67, 66, 66, 66, 66, 66, 66, 66, 66, 66, 66, 66, 66, 66, 66, 66, 66, 66, 66, 66, 66, 66, 66, 66, 66], None, None, [66, 66, 66, 66, 66, 66, 66, 66, 66, 66, 66, 66, 66, 66, 66, 66, 66, 66, 66, 66, 66, 66, 66, 66, 66], [66, 66, 66, 66, 66, 66, 66, 66, 66, 66, 66, 66, 65, 65, 65, 65, 65, 65, 65, 65, 65, 65, 65, 65, 65], None, [65, 65, 65, 65, 65, 65, 65, 65, 65, 65, 65, 65, 65, 65, 65, 65, 65, 65, 65, 65, 65, 65, 65, 65, 65], [65, 65, 65, 65, 65, 65, 65, 65, 65, 65, 65, 65, 65, 65, 65, 65, 65, 65, 65, 65, 65, 65, 65, 65, 65], [65, 65, 65, 65, 65, 65, 65, 65, 65, 65, 65, 65, 65, 65, 65, 65, 65, 65, 65, 64, 64, 64, 64, 64, 64], [64, 64, 64, 64, 64, 64, 64, 64, 64, 64, 64, 64, 64, 64, 64, 64, 64, 64, 64, 64, 64, 64, 64, 64, 64], None, None, None, [64, 64, 64, 64, 64, 64, 64, 64, 64, 63, 63, 63, 63, 63, 63, 63, 63, 63, 63, 63, 63, 63, 63, 63, 63], None, None, [63, 63, 63, 63, 63, 63, 63, 63, 63, 63, 63, 63, 63, 63, 63, 63, 63, 63, 63, 63, 63, 63, 63, 63, 63], [63, 63, 63, 63, 63, 63, 63, 63, 63, 63, 63, 63, 63, 63, 63, 63, 63, 63, 63, 63, 63, 63, 62, 62, 62], None, [62, 62, 62, 62, 62, 62, 62, 62, 62, 62, 62, 62, 62, 62, 62, 62, 62, 62, 62, 62, 62, 62, 62, 62, 62], None, None, [62, 62, 62, 62, 62, 62, 62, 62, 62, 62, 61, 61, 61, 61, 61, 61, 61, 61, 61, 61, 61, 61, 61, 61, 61], None, None, [61, 61, 61, 61, 61, 61, 61, 61, 61, 61, 61, 61, 61, 61, 61, 61, 61, 61, 61, 61, 61, 61, 61, 61, 61], [61, 61, 61, 61, 61, 61, 61, 61, 61, 61, 61, 61, 61, 61, 61, 61, 61, 61, 61, 61, 61, 61, 61, 61, 61], [61, 61, 61, 61, 61, 61, 61, 61, 60, 60, 60, 60, 60, 60, 60, 60, 60, 60, 60, 60, 60, 60, 60, 60, 60], [60, 60, 60, 60, 60, 60, 60, 60, 60, 60, 60, 60, 60, 60, 60, 60, 60, 60, 60, 60, 60, 60, 60, 60, 60], None, None, [60, 60, 60, 60, 60, 60, 60, 60, 60, 60, 60, 60, 60, 60, 60, 60, 60, 60, 60, 60, 60, 60, 60, 60, 60], [60, 60, 60, 60, 60, 60, 60, 60, 60, 60, 60, 60, 60, 60, 60, 60, 60, 60, 60, 60, 60, 60, 60, 60, 60], [60, 60, 60, 60, 60, 60, 60, 60, 60, 60, 60, 60, 60, 60, 60, 60, 60, 60, 60, 60, 59, 59, 59, 59, 59], [59, 59, 59, 59, 59, 59, 59, 59, 59, 59, 59, 59, 59, 59, 59, 59, 59, 59, 59, 59, 59, 59, 59, 59, 59], None, None, None, [59, 59, 59, 59, 59, 59, 59, 59, 59, 59, 59, 59, 59, 59, 59, 59, 59, 59, 59, 58, 58, 58, 58, 58, 58], None, None, [58, 58, 58, 58, 58, 58, 58, 58, 58, 58, 58, 58, 58, 58, 58, 58, 58, 58, 58, 58, 58, 58, 58, 58, 58], [58, 58, 58, 58, 58, 58, 58, 58, 58, 58, 58, 58, 58, 58, 58, 58, 58, 58, 58, 58, 58, 58, 58, 58, 58], [58, 58, 58, 58, 58, 58, 58, 58, 58, 58, 58, 58, 58, 58, 58, 57, 57, 57, 57, 57, 57, 57, 57, 57, 57], [57, 57, 57, 57, 57, 57, 57, 57, 57, 57, 57, 57, 57, 57, 57, 57, 57, 57, 57, 57, 57, 57, 57, 57, 57], None, None, [57, 57, 57, 57, 57, 57, 57, 57, 57, 57, 57, 57, 57, 57, 57, 57, 57, 57, 57, 57, 57, 57, 57, 57, 57], [57, 57, 57, 57, 57, 57, 57, 57, 57, 57, 57, 57, 57, 57, 57, 57, 57, 57, 57, 57, 57, 57, 57, 57, 57], [57, 57, 57, 57, 57, 57, 57, 57, 56, 56, 56, 56, 56, 56, 56, 56, 56, 56, 56, 56, 56, 56, 56, 56, 56], [56, 56, 56, 56, 56, 56, 56, 56, 56, 56, 56, 56, 56, 56, 56, 56, 56, 56, 56, 56, 56, 56, 56, 56, 56], None, None, [56, 56, 56, 56, 56, 56, 56, 56, 56, 56, 56, 56, 56, 56, 56, 56, 56, 56, 56, 56, 56, 56, 56, 56, 56], [56, 56, 56, 56, 56, 56, 56, 56, 56, 56, 56, 56, 56, 56, 56, 56, 56, 56, 56, 56, 56, 56, 56, 56, 56], [56, 56, 56, 56, 56, 56, 56, 56, 56, 56, 56, 56, 56, 56, 56, 56, 56, 56, 56, 56, 55, 55, 55, 55, 55], [55, 55, 55, 55, 55, 55, 55, 55, 55, 55, 55, 55, 55, 55, 55, 55, 55, 55, 55, 55, 55, 55, 55, 55, 55], None, None, [55, 55, 55, 55, 55, 55, 55, 55, 55, 55, 55, 55, 55, 55, 55, 55, 55, 55, 55, 55, 55, 55, 55, 55, 55], None, [55, 55, 55, 55, 55, 55, 55, 55, 55, 55, 55, 55, 55, 55, 55, 55, 55, 55, 55, 55, 55, 55, 55, 55, 55], [55, 54, 54, 54, 54, 54, 54, 54, 54, 54, 54, 54, 54, 54, 54, 54, 54, 54, 54, 54, 54, 54, 54, 54, 54], [54, 54, 54, 54, 54, 54, 54, 54, 54, 54, 54, 54, 54, 54, 54, 54, 54, 54, 54, 54, 54, 54, 54, 54, 54], None, None, [54, 54, 54, 54, 54, 54, 54, 54, 54, 54, 54, 54, 54, 54, 54, 54, 54, 54, 54, 54, 54, 54, 54, 54, 54], [54, 54, 54, 54, 54, 54, 54, 54, 54, 54, 54, 54, 54, 54, 54, 54, 54, 54, 54, 54, 54, 54, 54, 54, 54], [54, 54, 54, 54, 54, 53, 53, 53, 53, 53, 53, 53, 53, 53, 53, 53, 53, 53, 53, 53, 53, 53, 53, 53, 53], [53, 53, 53, 53, 53, 53, 53, 53, 53, 53, 53, 53, 53, 53, 53, 53, 53, 53, 53, 53, 53, 53, 53, 53, 53], None, None, [53, 53, 53, 53, 53, 53, 53, 53, 53, 53, 53, 53, 53, 53, 53, 53, 53, 53, 53, 53, 53, 53, 53, 53, 53], [53, 53, 53, 53, 53, 53, 53, 53, 53, 53, 53, 53, 53, 53, 53, 53, 53, 53, 53, 53, 53, 53, 53, 53, 53], [53, 53, 53, 53, 53, 53, 53, 53, 53, 53, 53, 53, 53, 53, 53, 53, 53, 53, 53, 53, 53, 53, 53, 53, 52], [52, 52, 52, 52, 52, 52, 52, 52, 52, 52, 52, 52, 52, 52, 52, 52, 52, 52, 52, 52, 52, 52, 52, 52, 52], None, None, None, None, None, [52, 52, 52, 52, 52, 52, 52, 52, 52, 52, 52, 52, 52, 52, 52, 52, 52, 52, 52, 52, 52, 52, 52, 52, 52], [52, 51, 51, 51, 51, 51, 51, 51, 51, 51, 51, 51, 51, 51, 51, 51, 51, 51, 51, 51, 51, 51, 51, 51, 51], None, [51, 51, 51, 51, 51, 51, 51, 51, 51, 51, 51, 51, 51, 51, 51, 51, 51, 51, 51, 51, 51, 51, 51, 51, 51], None, None, None, [51, 51, 51, 51, 51, 51, 51, 51, 51, 51, 51, 51, 51, 51, 51, 51, 51, 51, 51, 51, 51, 51, 51, 51, 51], [51, 51, 51, 51, 51, 51, 51, 51, 51, 51, 51, 51, 51, 51, 51, 51, 51, 51, 51, 51, 51, 51, 51, 51, 51], [51, 51, 51, 51, 51, 51, 51, 51, 51, 50, 50, 50, 50, 50, 50, 50, 50, 50, 50, 50, 50, 50, 50, 50, 50], [50, 50, 50, 50, 50, 50, 50, 50, 50, 50, 50, 50, 50, 50, 50, 50, 50, 50, 50, 50, 50, 50, 50, 50, 50], None, None, [50, 50, 50, 50, 50, 50, 50, 50, 50, 50, 50, 50, 50, 50, 50, 50, 50, 50, 50, 50, 50, 50, 50, 50, 50], None, None, None, None, None, None, [50, 50, 50, 50, 50, 50, 50, 50, 50, 50, 50, 50, 50, 50, 50, 50, 50, 50, 50, 50, 50, 50, 50, 50, 50], None, None, None, None, None, [50, 50, 50, 50, 50, 50, 50, 50, 50, 50, 50, 50, 50, 50, 50, 50, 50, 50, 50, 50, 50, 50, 50, 50, 50], None, None, [50, 50, 50, 50, 50, 50, 50, 50, 50, 50, 50]]
T: 0	PS: 100
	Estimated kc (min): 684719
	Estimated kc (avg): 684719.0
	Estimated kc (max): 684719
	Total calls: 28
	Total time: 0:04:38.086233
