Trying queue: [1, 101, 201, 301, 401, 501, 601, 701, 801, 901]
arn:aws:lambda:us-east-1:858228748133:function:getHiscores6
Received response...
{'status': 200, 'body': '{"pageData": {"1": [[9000, 8315, 7476, 6868, 6462, 6247, 5947, 5850, 5807, 5649, 5552, 5385, 5305, 5262, 5219, 5199, 5033, 5000, 4848, 4765, 4735, 4734, 4733, 4670, 4635], false], "101": [[324, 324, 324, 324, 323, 323, 323, 323, 323, 323, 323, 323, 323, 323, 323, 323, 322, 322, 322, 322, 322, 322, 321, 321, 321], false], "201": [[186, 186, 186, 186, 186, 186, 186, 186, 186, 186, 186, 186, 186, 186, 186, 185, 185, 185, 185, 185, 185, 185, 185, 185, 185], false], "301": [[128, 128, 128, 128, 128, 128, 128, 128, 128, 128, 128, 128, 128, 128, 128, 128, 128, 128, 128, 128, 128, 128, 128, 128, 128], false], "401": [[97, 97, 97, 97, 97, 97, 97, 97, 97, 97, 97, 97, 97, 97, 97, 97, 97, 97, 97, 97, 97, 97, 97, 97, 97], false], "501": [[76, 76, 76, 76, 76, 76, 76, 76, 76, 76, 76, 76, 76, 76, 76, 76, 76, 76, 76, 76, 76, 76, 76, 75, 75], false], "601": [[61, 61, 61, 61, 61, 61, 61, 61, 61, 61, 61, 61, 61, 61, 61, 61, 61, 61, 61, 61, 61, 61, 61, 61, 61], false], "701": [[51, 51, 51, 51, 51, 51, 51, 51, 51, 51, 51, 51, 51, 51, 51, 51, 51, 51, 51, 51, 51, 51, 51, 51, 51], false], "801": [null, false], "901": [null, false]}}'}
{'1': [[9000, 8315, 7476, 6868, 6462, 6247, 5947, 5850, 5807, 5649, 5552, 5385, 5305, 5262, 5219, 5199, 5033, 5000, 4848, 4765, 4735, 4734, 4733, 4670, 4635], False], '101': [[324, 324, 324, 324, 323, 323, 323, 323, 323, 323, 323, 323, 323, 323, 323, 323, 322, 322, 322, 322, 322, 322, 321, 321, 321], False], '201': [[186, 186, 186, 186, 186, 186, 186, 186, 186, 186, 186, 186, 186, 186, 186, 185, 185, 185, 185, 185, 185, 185, 185, 185, 185], False], '301': [[128, 128, 128, 128, 128, 128, 128, 128, 128, 128, 128, 128, 128, 128, 128, 128, 128, 128, 128, 128, 128, 128, 128, 128, 128], False], '401': [[97, 97, 97, 97, 97, 97, 97, 97, 97, 97, 97, 97, 97, 97, 97, 97, 97, 97, 97, 97, 97, 97, 97, 97, 97], False], '501': [[76, 76, 76, 76, 76, 76, 76, 76, 76, 76, 76, 76, 76, 76, 76, 76, 76, 76, 76, 76, 76, 76, 76, 75, 75], False], '601': [[61, 61, 61, 61, 61, 61, 61, 61, 61, 61, 61, 61, 61, 61, 61, 61, 61, 61, 61, 61, 61, 61, 61, 61, 61], False], '701': [[51, 51, 51, 51, 51, 51, 51, 51, 51, 51, 51, 51, 51, 51, 51, 51, 51, 51, 51, 51, 51, 51, 51, 51, 51], False], '801': [None, False], '901': [None, False]}
dict_keys(['1', '101', '201', '301', '401', '501', '601', '701', '801', '901'])
[1, 101, 201, 301, 401, 501, 601, 701]
Looking for last page...
Trying page 701
arn:aws:lambda:us-east-1:858228748133:function:getHiscores4
{'701': [[51, 51, 51, 51, 51, 51, 51, 51, 51, 51, 51, 51, 51, 51, 51, 51, 51, 51, 51, 51, 51, 51, 51, 51, 51], False]}
dict_keys(['701'])
[701]
Trying page 751
arn:aws:lambda:us-east-1:858228748133:function:getHiscores2
{'751': [None, False]}
dict_keys(['751'])
[]
Trying page 726
arn:aws:lambda:us-east-1:858228748133:function:getHiscores1
{'726': [None, False]}
dict_keys(['726'])
[]
Trying page 714
arn:aws:lambda:us-east-1:858228748133:function:getHiscores6
{'714': [None, None]}
dict_keys(['714'])
[]
Trying page 708
arn:aws:lambda:us-east-1:858228748133:function:getHiscores8
{'708': [None, None]}
dict_keys(['708'])
[]
Trying page 705
arn:aws:lambda:us-east-1:858228748133:function:getHiscores10
{'705': [None, None]}
dict_keys(['705'])
[]
Trying page 704
arn:aws:lambda:us-east-1:858228748133:function:getHiscores7
{'704': [[51, 51, 51, 51, 51, 51, 51, 51, 51, 51, 51, 51, 51, 51, 51, 51, 51, 51, 51, 51, 51, 51, 51, 51, 51], False]}
dict_keys(['704'])
[704]
Trying page 705
arn:aws:lambda:us-east-1:858228748133:function:getHiscores10
{'705': [[51, 51, 51, 51, 51, 51, 51, 51, 51, 51, 51, 51, 51, 51, 51, 51, 51, 50, 50, 50, 50, 50, 50, 50, 50], False]}
dict_keys(['705'])
[705]
Trying page 706
arn:aws:lambda:us-east-1:858228748133:function:getHiscores8
{'706': [[50, 50, 50, 50, 50, 50, 50, 50, 50, 50, 50, 50, 50, 50, 50, 50, 50, 50, 50, 50, 50, 50, 50, 50, 50], False]}
dict_keys(['706'])
[706]
Trying page 707
arn:aws:lambda:us-east-1:858228748133:function:getHiscores6
{'707': [[50, 50, 50, 50, 50, 50, 50, 50, 50, 50, 50, 50, 50, 50, 50, 50, 50, 50, 50, 50, 50, 50, 50, 50, 50], False]}
dict_keys(['707'])
[707]
Trying page 708
arn:aws:lambda:us-east-1:858228748133:function:getHiscores2
{'708': [[50, 50, 50, 50, 50, 50, 50, 50, 50, 50, 50, 50, 50, 50, 50, 50, 50, 50, 50, 50, 50, 50, 50, 50, 50], False]}
dict_keys(['708'])
[708]
Trying page 709
arn:aws:lambda:us-east-1:858228748133:function:getHiscores6
{'709': [[50, 50, 50, 50, 50, 50, 50, 50, 50, 50, 50, 50, 50, 50, 50, 50, 50, 50, 50, 50, 50, 50, 50, 50, 50], False]}
dict_keys(['709'])
[709]
Could not find last page after 12 attempts. Aborting...
