Trying queue: [1, 101, 201, 301, 401, 501, 601, 701, 801, 901]
arn:aws:lambda:us-east-1:858228748133:function:getHiscores1
Received response...
{'status': 200, 'body': '{"pageData": {"1": [[123, 123, 96, 71, 60, 59, 58, 57, 55, 53, 49, 49, 47, 44, 43, 42, 42, 40, 37, 37, 36, 36, 36, 36, 36], false], "101": [[8, 8, 8, 8, 8, 8, 8, 8, 8, 8, 8, 8, 8, 8, 8, 8, 8, 8, 8, 8, 8, 8, 8, 8, 8], false], "201": [[5, 5, 5, 5, 5, 5, 5, 5, 5, 5, 5, 5, 5, 5, 5, 5, 5, 5, 5, 5, 5, 5, 5, 5, 5], false], "301": [[4, 4, 4, 4, 4, 4, 4, 4, 4, 4, 4, 4, 4, 4, 4, 4, 4, 4, 4, 4, 4, 4, 4, 4, 4], false], "401": [[4, 4, 4, 4, 4, 4, 4, 4, 4, 4, 4, 4, 4, 4, 4, 4, 4, 4, 4, 4, 4, 4, 4, 4, 4], false], "501": [[3, 3, 3, 3, 3, 3, 3, 3, 3, 3, 3, 3, 3, 3, 3, 3, 3, 3, 3, 3, 3, 3, 3, 3, 3], false], "601": [[3, 3, 3, 3, 3, 3, 3, 3, 3, 3, 3, 3, 3, 3, 3, 3, 3, 3, 3, 3, 3, 3, 3, 3, 3], false], "701": [[2, 2, 2, 2, 2, 2, 2, 2, 2, 2, 2, 2, 2, 2, 2, 2, 2, 2, 2, 2, 2, 2, 2, 2, 2], false], "801": [[2, 2, 2, 2, 2, 2, 2, 2, 2, 2, 2, 2, 2, 2, 2, 2, 2, 2, 2, 2, 2, 2, 2, 2, 2], false], "901": [[2, 2, 2, 2, 2, 2, 2, 2, 2, 2, 2, 2, 2, 2, 2, 2, 2, 2, 2, 2, 2, 2, 2, 2, 2], false]}}'}
{'1': [[123, 123, 96, 71, 60, 59, 58, 57, 55, 53, 49, 49, 47, 44, 43, 42, 42, 40, 37, 37, 36, 36, 36, 36, 36], False], '101': [[8, 8, 8, 8, 8, 8, 8, 8, 8, 8, 8, 8, 8, 8, 8, 8, 8, 8, 8, 8, 8, 8, 8, 8, 8], False], '201': [[5, 5, 5, 5, 5, 5, 5, 5, 5, 5, 5, 5, 5, 5, 5, 5, 5, 5, 5, 5, 5, 5, 5, 5, 5], False], '301': [[4, 4, 4, 4, 4, 4, 4, 4, 4, 4, 4, 4, 4, 4, 4, 4, 4, 4, 4, 4, 4, 4, 4, 4, 4], False], '401': [[4, 4, 4, 4, 4, 4, 4, 4, 4, 4, 4, 4, 4, 4, 4, 4, 4, 4, 4, 4, 4, 4, 4, 4, 4], False], '501': [[3, 3, 3, 3, 3, 3, 3, 3, 3, 3, 3, 3, 3, 3, 3, 3, 3, 3, 3, 3, 3, 3, 3, 3, 3], False], '601': [[3, 3, 3, 3, 3, 3, 3, 3, 3, 3, 3, 3, 3, 3, 3, 3, 3, 3, 3, 3, 3, 3, 3, 3, 3], False], '701': [[2, 2, 2, 2, 2, 2, 2, 2, 2, 2, 2, 2, 2, 2, 2, 2, 2, 2, 2, 2, 2, 2, 2, 2, 2], False], '801': [[2, 2, 2, 2, 2, 2, 2, 2, 2, 2, 2, 2, 2, 2, 2, 2, 2, 2, 2, 2, 2, 2, 2, 2, 2], False], '901': [[2, 2, 2, 2, 2, 2, 2, 2, 2, 2, 2, 2, 2, 2, 2, 2, 2, 2, 2, 2, 2, 2, 2, 2, 2], False]}
dict_keys(['1', '101', '201', '301', '401', '501', '601', '701', '801', '901'])
[1, 101, 201, 301, 401, 501, 601, 701, 801, 901]
Trying queue: [1001, 1101, 1201, 1301, 1401, 1501, 1601, 1701, 1801, 1901]
arn:aws:lambda:us-east-1:858228748133:function:getHiscores1
Received response...
{'status': 200, 'body': '{"pageData": {"1001": [[2, 2, 2, 2, 2, 2, 2, 2, 2, 2, 2, 2, 2, 2, 2, 2, 2, 2, 2, 2, 2, 2, 2, 2, 2], false], "1101": [[2, 2, 2, 2, 2, 2, 2, 2, 2, 2, 2, 2, 2, 2, 2, 2, 2, 2, 2, 2, 2, 2, 2, 2, 2], false], "1201": [null, false], "1301": [null, false], "1401": [null, false], "1501": [null, false], "1601": [null, false], "1701": [null, false], "1801": [null, false], "1901": [null, false]}}'}
{'1001': [[2, 2, 2, 2, 2, 2, 2, 2, 2, 2, 2, 2, 2, 2, 2, 2, 2, 2, 2, 2, 2, 2, 2, 2, 2], False], '1101': [[2, 2, 2, 2, 2, 2, 2, 2, 2, 2, 2, 2, 2, 2, 2, 2, 2, 2, 2, 2, 2, 2, 2, 2, 2], False], '1201': [None, False], '1301': [None, False], '1401': [None, False], '1501': [None, False], '1601': [None, False], '1701': [None, False], '1801': [None, False], '1901': [None, False]}
dict_keys(['1001', '1101', '1201', '1301', '1401', '1501', '1601', '1701', '1801', '1901'])
[1001, 1101]
Looking for last page...
Trying page 1101
arn:aws:lambda:us-east-1:858228748133:function:getHiscores4
{'1101': [[2, 2, 2, 2, 2, 2, 2, 2, 2, 2, 2, 2, 2, 2, 2, 2, 2, 2, 2, 2, 2, 2, 2, 2, 2], False]}
dict_keys(['1101'])
[1101]
Trying page 1151
arn:aws:lambda:us-east-1:858228748133:function:getHiscores2
{'1151': [[2, 2, 2, 2, 2, 2, 2, 2, 2, 2, 2, 2, 2, 2, 2, 2, 2, 2, 2, 2, 2, 2, 2, 2, 2], False]}
dict_keys(['1151'])
[1151]
Trying page 1176
arn:aws:lambda:us-east-1:858228748133:function:getHiscores10
{'1176': [None, None]}
dict_keys(['1176'])
[]
Trying page 1164
arn:aws:lambda:us-east-1:858228748133:function:getHiscores5
{'1164': [[2, 2, 2, 2, 2, 2, 2, 2, 2, 2, 2, 2, 2, 2, 2, 2, 2, 2, 2, 2, 2, 2, 2, 2, 2], False]}
dict_keys(['1164'])
[1164]
Trying page 1170
arn:aws:lambda:us-east-1:858228748133:function:getHiscores9
{'1170': [[2, 2, 2, 2, 2, 2, 2, 2, 2, 2, 2, 2, 2, 2, 2, 2, 2, 2, 2, 2, 2, 2, 2, 2, 2], False]}
dict_keys(['1170'])
[1170]
Trying page 1173
arn:aws:lambda:us-east-1:858228748133:function:getHiscores3
{'1173': [[2, 2, 2, 2, 2, 2, 2, 2, 2, 2, 2, 2, 2, 2, 2, 2, 2, 2, 2, 2, 2, 2, 2, 2, 2], False]}
dict_keys(['1173'])
[1173]
Trying page 1174
arn:aws:lambda:us-east-1:858228748133:function:getHiscores1
{'1174': [[2, 2, 2, 2, 2, 2, 2, 2, 2, 2, 2, 2, 2, 2, 2, 2, 2, 2, 2, 2, 2, 2, 2, 2, 2], False]}
dict_keys(['1174'])
[1174]
Trying page 1175
arn:aws:lambda:us-east-1:858228748133:function:getHiscores1
{'1175': [[2, 2, 2, 2, 2, 2, 2, 2, 2, 2, 2, 2, 2, 2, 2, 2, 2, 2, 2, 2, 2, 2, 2, 2, 2], False]}
dict_keys(['1175'])
[1175]
Trying page 1176
arn:aws:lambda:us-east-1:858228748133:function:getHiscores3
{'1176': [[2, 2, 2, 2, 2, 2, 2, 2, 2, 2, 2, 2, 2, 2, 2, 2, 2, 2, 2, 2, 2, 2, 2, 2, 2], False]}
dict_keys(['1176'])
[1176]
Trying page 1177
arn:aws:lambda:us-east-1:858228748133:function:getHiscores1
{'1177': [[2, 2, 2, 2, 2, 2, 2, 2, 2, 2, 2, 2, 2, 2, 2, 2, 2, 2, 2, 2, 2, 2, 2, 2, 2], False]}
dict_keys(['1177'])
[1177]
Trying page 1178
arn:aws:lambda:us-east-1:858228748133:function:getHiscores5
{'1178': [[2, 2, 2, 2, 2, 2, 2, 2, 2, 2, 2, 2, 2, 2, 2, 2, 2, 2, 2, 2, 2, 2, 2, 2, 2], False]}
dict_keys(['1178'])
[1178]
Trying page 1179
arn:aws:lambda:us-east-1:858228748133:function:getHiscores5
{'1179': [[2, 2, 2, 2, 2, 2, 2, 2, 2, 2, 2, 2, 2, 2, 2, 2, 2, 2, 2, 2, 2, 2, 2, 2, 2], False]}
dict_keys(['1179'])
[1179]
Could not find last page after 12 attempts. Aborting...
