Trying queue: [1, 101, 201, 301, 401, 501, 601, 701, 801, 901]
arn:aws:lambda:us-east-1:858228748133:function:getHiscores5
Received response...
{'status': 200, 'body': '{"pageData": {"1": [[4000, 3560, 3225, 2166, 1965, 1885, 1500, 1350, 1337, 1300, 1252, 1232, 1200, 1174, 1153, 1134, 1119, 1066, 1037, 1026, 1005, 1001, 1000, 1000, 1000], false], "101": [[62, 62, 62, 62, 62, 62, 62, 62, 62, 62, 62, 62, 62, 62, 62, 62, 62, 62, 62, 62, 62, 62, 62, 62, 62], false], "201": [null, false], "301": [null, false], "401": [null, false], "501": [null, false], "601": [null, false], "701": [null, false], "801": [null, false], "901": [null, false]}}'}
{'1': [[4000, 3560, 3225, 2166, 1965, 1885, 1500, 1350, 1337, 1300, 1252, 1232, 1200, 1174, 1153, 1134, 1119, 1066, 1037, 1026, 1005, 1001, 1000, 1000, 1000], False], '101': [[62, 62, 62, 62, 62, 62, 62, 62, 62, 62, 62, 62, 62, 62, 62, 62, 62, 62, 62, 62, 62, 62, 62, 62, 62], False], '201': [None, False], '301': [None, False], '401': [None, False], '501': [None, False], '601': [None, False], '701': [None, False], '801': [None, False], '901': [None, False]}
dict_keys(['1', '101', '201', '301', '401', '501', '601', '701', '801', '901'])
[1, 101]
Looking for last page...
Trying page 101
arn:aws:lambda:us-east-1:858228748133:function:getHiscores2
{'101': [[62, 62, 62, 62, 62, 62, 62, 62, 62, 62, 62, 62, 62, 62, 62, 62, 62, 62, 62, 62, 62, 62, 62, 62, 62], False]}
dict_keys(['101'])
[101]
Trying page 151
arn:aws:lambda:us-east-1:858228748133:function:getHiscores10
{'151': [[50, 50, 50, 50, 50, 50, 50, 50, 50, 50, 50, 50, 50, 50, 50, 50, 50, 50, 50, 50, 50, 50, 50, 50, 50], False]}
dict_keys(['151'])
[151]
Trying page 176
arn:aws:lambda:us-east-1:858228748133:function:getHiscores7
{'176': [None, False]}
dict_keys(['176'])
[]
Trying page 164
arn:aws:lambda:us-east-1:858228748133:function:getHiscores2
{'164': [[50, 50, 50, 50, 50, 50, 50, 50, 50, 50, 50, 50, 50, 50, 50, 50, 50, 50, 50, 50, 50, 50, 50, 50, 50], False]}
dict_keys(['164'])
[164]
Trying page 170
arn:aws:lambda:us-east-1:858228748133:function:getHiscores8
{'170': [[50, 50, 50, 50, 50, 50, 50, 50, 50, 50, 50, 50, 50, 50, 50, 50, 50, 50, 50, 50, 50, 50, 50, 50, 50], False]}
dict_keys(['170'])
[170]
Trying page 173
arn:aws:lambda:us-east-1:858228748133:function:getHiscores10
{'173': [None, False]}
dict_keys(['173'])
[]
Trying page 172
arn:aws:lambda:us-east-1:858228748133:function:getHiscores8
{'172': [[50, 50, 50, 50, 50, 50, 50, 50, 50], True]}
dict_keys(['172'])
[172]
Last page found: 172
Queue: [51, 126]
arn:aws:lambda:us-east-1:858228748133:function:getHiscores10
{'51': [[100, 100, 100, 100, 100, 100, 100, 100, 100, 100, 100, 100, 100, 100, 100, 100, 100, 100, 100, 100, 100, 100, 100, 100, 100], False], '126': [[54, 54, 54, 54, 54, 54, 54, 54, 54, 54, 54, 54, 54, 54, 54, 54, 54, 54, 54, 54, 54, 54, 54, 54, 54], False]}
dict_keys(['51', '126'])
[51, 126]
Queue: [26, 76, 113, 138]
arn:aws:lambda:us-east-1:858228748133:function:getHiscores8
{'26': [[132, 132, 132, 132, 132, 132, 132, 132, 131, 131, 131, 131, 131, 131, 131, 131, 131, 131, 131, 131, 130, 130, 130, 130, 130], False], '76': [[74, 74, 74, 74, 74, 74, 74, 74, 74, 74, 74, 74, 74, 74, 74, 74, 74, 74, 74, 74, 74, 74, 74, 74, 73], False], '113': [[57, 57, 57, 57, 57, 57, 57, 57, 57, 57, 57, 57, 57, 57, 57, 57, 57, 57, 57, 57, 57, 57, 57, 57, 57], False], '138': [[51, 51, 51, 51, 51, 51, 51, 51, 51, 51, 51, 51, 51, 51, 51, 51, 51, 51, 51, 51, 51, 51, 51, 51, 51], False]}
dict_keys(['26', '76', '113', '138'])
[26, 76, 113, 138]
Queue: [13, 38, 63, 88, 107, 119, 132, 144]
arn:aws:lambda:us-east-1:858228748133:function:getHiscores7
{'13': [[203, 203, 203, 203, 203, 202, 202, 202, 202, 201, 201, 201, 201, 200, 200, 200, 200, 200, 200, 200, 200, 200, 200, 200, 200], False], '38': [[106, 106, 106, 106, 106, 106, 106, 106, 106, 105, 105, 105, 105, 105, 105, 105, 105, 105, 105, 105, 105, 105, 105, 105, 105], False], '63': [[85, 85, 85, 85, 85, 85, 85, 85, 84, 84, 84, 84, 84, 84, 84, 84, 84, 84, 84, 84, 84, 84, 84, 84, 84], False], '88': [[68, 68, 68, 68, 68, 68, 68, 68, 68, 68, 68, 68, 68, 68, 68, 68, 68, 68, 68, 68, 68, 67, 67, 67, 67], False], '107': [[60, 60, 60, 60, 60, 60, 60, 60, 60, 60, 60, 60, 60, 60, 60, 60, 60, 60, 60, 60, 60, 60, 60, 60, 60], False], '119': [[55, 55, 55, 55, 55, 55, 55, 55, 55, 55, 55, 55, 55, 55, 55, 55, 55, 55, 55, 55, 55, 55, 55, 55, 55], False], '132': [[53, 53, 53, 53, 53, 53, 53, 53, 53, 53, 53, 53, 53, 53, 53, 53, 52, 52, 52, 52, 52, 52, 52, 52, 52], False], '144': [[51, 51, 51, 51, 51, 51, 51, 51, 51, 50, 50, 50, 50, 50, 50, 50, 50, 50, 50, 50, 50, 50, 50, 50, 50], False]}
dict_keys(['13', '38', '63', '88', '107', '119', '132', '144'])
[13, 38, 63, 88, 107, 119, 132, 144]
Queue: [7, 19, 32, 44, 57, 69, 82, 94, 104, 110]
arn:aws:lambda:us-east-1:858228748133:function:getHiscores10
{'7': [[303, 302, 302, 301, 300, 300, 300, 300, 300, 299, 299, 299, 299, 297, 297, 293, 290, 286, 284, 282, 282, 279, 279, 276, 276], False], '19': [[161, 161, 161, 161, 161, 161, 160, 160, 160, 160, 160, 160, 160, 159, 159, 159, 159, 159, 159, 159, 158, 158, 158, 158, 158], False], '32': [[115, 115, 115, 115, 115, 115, 115, 115, 115, 115, 115, 115, 115, 115, 115, 115, 115, 115, 115, 115, 115, 114, 114, 114, 114], False], '44': [[100, 100, 100, 100, 100, 100, 100, 100, 100, 100, 100, 100, 100, 100, 100, 100, 100, 100, 100, 100, 100, 100, 100, 100, 100], False], '57': [[92, 92, 92, 92, 92, 92, 92, 92, 92, 91, 91, 91, 91, 91, 91, 91, 91, 91, 91, 91, 91, 91, 91, 91, 91], False], '69': [[79, 79, 79, 79, 79, 79, 79, 79, 79, 79, 79, 79, 79, 79, 79, 79, 79, 79, 79, 79, 79, 79, 79, 78, 78], False], '82': [[70, 70, 70, 70, 70, 70, 70, 70, 70, 70, 70, 70, 70, 70, 70, 70, 70, 70, 70, 70, 70, 70, 70, 70, 70], False], '94': [[65, 65, 65, 65, 65, 65, 65, 65, 65, 65, 65, 65, 65, 65, 65, 65, 65, 65, 65, 65, 65, 65, 65, 65, 65], False], '104': [[61, 61, 61, 60, 60, 60, 60, 60, 60, 60, 60, 60, 60, 60, 60, 60, 60, 60, 60, 60, 60, 60, 60, 60, 60], False], '110': [[59, 59, 59, 59, 59, 59, 58, 58, 58, 58, 58, 58, 58, 58, 58, 58, 58, 58, 58, 58, 58, 58, 58, 58, 58], False]}
dict_keys(['7', '19', '32', '44', '57', '69', '82', '94', '104', '110'])
[7, 19, 32, 44, 57, 69, 82, 94, 104, 110]
Queue: [116, 122, 129, 135]
arn:aws:lambda:us-east-1:858228748133:function:getHiscores6
{'116': [[56, 56, 56, 56, 56, 56, 56, 56, 56, 56, 56, 56, 56, 56, 56, 56, 56, 56, 56, 56, 56, 56, 56, 56, 56], False], '122': [[55, 55, 55, 55, 55, 55, 55, 55, 55, 55, 55, 55, 55, 55, 55, 55, 55, 55, 55, 55, 55, 55, 55, 55, 55], False], '129': [[53, 53, 53, 53, 53, 53, 53, 53, 53, 53, 53, 53, 53, 53, 53, 53, 53, 53, 53, 53, 53, 53, 53, 53, 53], False], '135': [[52, 52, 52, 52, 52, 52, 52, 52, 52, 52, 52, 52, 52, 52, 52, 52, 52, 52, 52, 52, 52, 52, 52, 52, 52], False]}
dict_keys(['116', '122', '129', '135'])
[116, 122, 129, 135]
Queue: [4, 10, 16, 22, 29, 35, 41, 54, 60, 66]
arn:aws:lambda:us-east-1:858228748133:function:getHiscores7
{'4': [[423, 421, 420, 420, 420, 420, 416, 416, 416, 410, 409, 408, 406, 404, 400, 397, 396, 395, 393, 381, 381, 380, 377, 375, 375], False], '10': [[237, 237, 236, 236, 235, 234, 234, 234, 233, 233, 233, 232, 232, 231, 230, 230, 230, 229, 229, 228, 228, 228, 227, 227, 227], False], '16': [[181, 180, 180, 180, 180, 179, 179, 179, 178, 178, 177, 176, 176, 176, 176, 176, 176, 175, 175, 175, 175, 175, 175, 175, 174], False], '22': [[148, 147, 147, 147, 147, 147, 147, 147, 146, 146, 146, 146, 146, 146, 145, 145, 145, 145, 145, 145, 145, 145, 145, 145, 144], False], '29': [[123, 123, 123, 123, 123, 123, 122, 122, 122, 122, 122, 122, 122, 122, 122, 122, 122, 121, 121, 121, 121, 121, 121, 121, 120], False], '35': [[110, 110, 110, 110, 110, 110, 110, 110, 110, 110, 109, 109, 109, 109, 109, 109, 109, 109, 109, 109, 109, 109, 108, 108, 108], False], '41': [[102, 102, 102, 102, 102, 102, 102, 102, 102, 102, 102, 102, 102, 102, 102, 102, 102, 102, 101, 101, 101, 101, 101, 101, 101], False], '54': [[97, 97, 97, 97, 97, 97, 97, 96, 96, 96, 96, 96, 96, 96, 96, 96, 96, 96, 96, 95, 95, 95, 95, 95, 95], False], '60': [[88, 88, 88, 88, 88, 88, 88, 88, 88, 88, 88, 88, 88, 88, 88, 88, 88, 88, 88, 88, 88, 87, 87, 87, 87], False], '66': [[82, 82, 82, 82, 82, 82, 82, 82, 82, 82, 81, 81, 81, 81, 81, 81, 81, 81, 81, 81, 81, 81, 81, 81, 81], False]}
dict_keys(['4', '10', '16', '22', '29', '35', '41', '54', '60', '66'])
[4, 10, 16, 22, 29, 35, 41, 54, 60, 66]
Queue: [72, 79, 85, 91, 97, 102, 108, 111, 114, 117]
arn:aws:lambda:us-east-1:858228748133:function:getHiscores10
{'72': [[77, 77, 77, 77, 77, 77, 77, 76, 76, 76, 76, 76, 76, 76, 76, 76, 76, 76, 76, 76, 76, 76, 76, 76, 76], False], '79': [[72, 72, 72, 72, 72, 72, 72, 72, 72, 72, 72, 72, 72, 72, 72, 72, 72, 71, 71, 71, 71, 71, 71, 71, 71], False], '85': [[69, 69, 69, 69, 69, 69, 69, 69, 69, 69, 69, 69, 69, 69, 69, 69, 69, 69, 69, 69, 69, 69, 69, 69, 69], False], '91': [[66, 66, 66, 66, 66, 66, 66, 66, 66, 66, 66, 66, 66, 66, 66, 66, 66, 66, 66, 66, 66, 66, 66, 66, 66], False], '97': [[64, 64, 63, 63, 63, 63, 63, 63, 63, 63, 63, 63, 63, 63, 63, 63, 63, 63, 63, 63, 63, 63, 63, 63, 63], False], '102': [[62, 61, 61, 61, 61, 61, 61, 61, 61, 61, 61, 61, 61, 61, 61, 61, 61, 61, 61, 61, 61, 61, 61, 61, 61], False], '108': [[60, 60, 60, 59, 59, 59, 59, 59, 59, 59, 59, 59, 59, 59, 59, 59, 59, 59, 59, 59, 59, 59, 59, 59, 59], False], '111': [[58, 58, 58, 58, 58, 58, 58, 58, 58, 58, 58, 58, 58, 58, 58, 58, 58, 58, 58, 58, 58, 58, 58, 58, 58], False], '114': [[57, 57, 57, 57, 57, 57, 57, 57, 57, 57, 57, 57, 57, 57, 57, 57, 57, 57, 57, 57, 57, 57, 57, 57, 57], False], '117': [[56, 56, 56, 56, 56, 56, 56, 56, 56, 56, 56, 56, 56, 56, 56, 56, 56, 56, 56, 56, 56, 56, 56, 56, 56], False]}
dict_keys(['72', '79', '85', '91', '97', '102', '108', '111', '114', '117'])
[72, 79, 85, 91, 97, 102, 108, 111, 114, 117]
Queue: [124, 127, 136]
arn:aws:lambda:us-east-1:858228748133:function:getHiscores4
{'124': [[54, 54, 54, 54, 54, 54, 54, 54, 54, 54, 54, 54, 54, 54, 54, 54, 54, 54, 54, 54, 54, 54, 54, 54, 54], False], '127': [[54, 54, 54, 54, 54, 54, 54, 54, 54, 54, 54, 54, 54, 54, 54, 54, 53, 53, 53, 53, 53, 53, 53, 53, 53], False], '136': [[52, 52, 52, 52, 52, 52, 52, 52, 52, 52, 52, 52, 52, 52, 52, 52, 52, 52, 52, 52, 52, 52, 52, 52, 52], False]}
dict_keys(['124', '127', '136'])
[124, 127, 136]
Queue: [2, 5, 8, 11, 14, 17, 20, 24, 27, 30]
arn:aws:lambda:us-east-1:858228748133:function:getHiscores1
{'2': [[1000, 1000, 970, 880, 869, 833, 793, 768, 750, 716, 700, 684, 666, 628, 615, 602, 600, 590, 585, 579, 578, 566, 563, 561, 555], False], '5': [[374, 373, 370, 365, 363, 362, 361, 360, 360, 359, 359, 359, 344, 341, 340, 338, 336, 334, 333, 330, 329, 328, 327, 326, 325], False], '8': [[275, 274, 274, 274, 271, 270, 269, 269, 269, 268, 268, 268, 267, 267, 266, 264, 263, 263, 262, 261, 261, 260, 260, 260, 259], False], '11': [[226, 225, 224, 224, 222, 222, 222, 221, 220, 220, 220, 220, 220, 219, 219, 219, 218, 218, 218, 217, 217, 216, 216, 216, 216], False], '14': [[200, 200, 200, 200, 200, 200, 200, 200, 199, 199, 199, 198, 198, 198, 197, 196, 196, 195, 195, 193, 193, 191, 191, 191, 191], False], '17': [[174, 174, 174, 173, 172, 172, 172, 172, 171, 171, 171, 171, 171, 170, 170, 170, 170, 170, 170, 169, 169, 169, 169, 169, 169], False], '20': [[158, 157, 157, 157, 157, 156, 156, 156, 156, 156, 156, 155, 155, 155, 154, 154, 154, 154, 153, 153, 152, 152, 152, 151, 151], False], '24': [[140, 140, 140, 140, 139, 139, 139, 139, 139, 138, 138, 138, 138, 138, 138, 137, 137, 137, 137, 136, 136, 136, 136, 135, 135], False], '27': [[130, 130, 130, 130, 129, 129, 129, 129, 128, 128, 128, 127, 127, 127, 127, 127, 127, 127, 127, 126, 126, 126, 126, 125, 125], False], '30': [[120, 120, 120, 120, 120, 120, 120, 120, 120, 120, 120, 120, 119, 119, 119, 119, 119, 119, 119, 119, 119, 118, 118, 118, 118], False]}
dict_keys(['2', '5', '8', '11', '14', '17', '20', '24', '27', '30'])
[2, 5, 8, 11, 14, 17, 20, 24, 27, 30]
Queue: [33, 36, 39, 42, 52, 55, 58, 61, 64, 67]
arn:aws:lambda:us-east-1:858228748133:function:getHiscores6
{'33': [[114, 114, 114, 114, 114, 114, 114, 114, 114, 113, 113, 113, 113, 113, 113, 113, 112, 112, 112, 112, 112, 112, 112, 112, 112], False], '36': [[108, 108, 108, 108, 108, 108, 108, 108, 108, 108, 108, 108, 108, 108, 108, 108, 108, 107, 107, 107, 107, 107, 107, 107, 107], False], '39': [[105, 105, 105, 105, 105, 105, 105, 105, 105, 105, 105, 105, 105, 105, 105, 104, 104, 104, 104, 104, 104, 104, 104, 104, 104], False], '42': [[101, 101, 101, 101, 101, 101, 101, 101, 101, 101, 101, 101, 101, 101, 101, 101, 101, 101, 101, 101, 101, 101, 101, 101, 101], False], '52': [[100, 100, 100, 100, 100, 100, 100, 100, 100, 100, 100, 100, 100, 100, 100, 100, 100, 100, 100, 100, 100, 100, 99, 99, 99], False], '55': [[95, 95, 95, 95, 95, 95, 95, 95, 95, 95, 95, 95, 95, 94, 94, 94, 94, 94, 94, 94, 94, 93, 93, 93, 93], False], '58': [[91, 91, 90, 90, 90, 90, 90, 90, 90, 90, 90, 90, 90, 90, 90, 90, 90, 90, 90, 90, 90, 90, 90, 90, 90], False], '61': [[87, 87, 87, 87, 87, 87, 87, 87, 87, 87, 87, 87, 87, 86, 86, 86, 86, 86, 86, 86, 86, 86, 86, 86, 86], False], '64': [[84, 84, 84, 84, 84, 84, 84, 84, 84, 83, 83, 83, 83, 83, 83, 83, 83, 83, 83, 83, 83, 83, 83, 83, 83], False], '67': [[81, 81, 81, 81, 81, 81, 81, 81, 81, 80, 80, 80, 80, 80, 80, 80, 80, 80, 80, 80, 80, 80, 80, 80, 80], False]}
dict_keys(['33', '36', '39', '42', '52', '55', '58', '61', '64', '67'])
[33, 36, 39, 42, 52, 55, 58, 61, 64, 67]
Queue: [70, 74, 77, 80, 83, 86, 89, 92, 95, 99]
arn:aws:lambda:us-east-1:858228748133:function:getHiscores5
{'70': [[78, 78, 78, 78, 78, 78, 78, 78, 78, 78, 78, 78, 78, 78, 78, 78, 78, 78, 78, 78, 78, 78, 78, 78, 78], False], '74': [[75, 75, 75, 75, 75, 75, 75, 75, 75, 75, 75, 75, 75, 75, 75, 75, 75, 75, 75, 75, 75, 75, 75, 75, 75], False], '77': [[73, 73, 73, 73, 73, 73, 73, 73, 73, 73, 73, 73, 73, 73, 73, 73, 73, 73, 73, 73, 73, 73, 73, 73, 73], False], '80': [[71, 71, 71, 71, 71, 71, 71, 71, 71, 71, 71, 71, 71, 71, 71, 71, 71, 71, 71, 71, 71, 71, 71, 71, 71], False], '83': [[70, 70, 70, 70, 70, 70, 70, 70, 70, 70, 70, 70, 70, 70, 70, 70, 70, 70, 70, 70, 70, 70, 70, 70, 70], False], '86': [[69, 69, 69, 69, 69, 69, 69, 69, 69, 69, 69, 69, 69, 69, 69, 69, 69, 69, 69, 69, 69, 69, 69, 69, 69], False], '89': [[67, 67, 67, 67, 67, 67, 67, 67, 67, 67, 67, 67, 67, 67, 67, 67, 67, 67, 67, 67, 67, 67, 67, 67, 67], False], '92': [[66, 66, 66, 66, 66, 66, 66, 66, 66, 66, 66, 66, 66, 66, 66, 66, 66, 66, 66, 66, 66, 66, 66, 66, 65], False], '95': [[65, 65, 65, 65, 65, 65, 65, 65, 65, 65, 65, 65, 64, 64, 64, 64, 64, 64, 64, 64, 64, 64, 64, 64, 64], False], '99': [[63, 63, 62, 62, 62, 62, 62, 62, 62, 62, 62, 62, 62, 62, 62, 62, 62, 62, 62, 62, 62, 62, 62, 62, 62], False]}
dict_keys(['70', '74', '77', '80', '83', '86', '89', '92', '95', '99'])
[70, 74, 77, 80, 83, 86, 89, 92, 95, 99]
Queue: [112, 115, 118, 123, 137]
arn:aws:lambda:us-east-1:858228748133:function:getHiscores10
{'112': [[58, 58, 58, 58, 58, 58, 58, 58, 58, 58, 58, 58, 58, 58, 58, 58, 57, 57, 57, 57, 57, 57, 57, 57, 57], False], '115': [[57, 57, 57, 57, 57, 57, 57, 57, 57, 57, 57, 57, 57, 56, 56, 56, 56, 56, 56, 56, 56, 56, 56, 56, 56], False], '118': [[56, 56, 56, 56, 56, 56, 56, 56, 56, 56, 56, 56, 56, 56, 56, 56, 56, 56, 56, 56, 56, 56, 56, 56, 56], False], '123': [[55, 55, 55, 55, 55, 55, 55, 55, 55, 55, 55, 55, 55, 55, 55, 55, 55, 55, 55, 55, 55, 54, 54, 54, 54], False], '137': [[52, 52, 52, 52, 52, 52, 52, 52, 52, 52, 52, 52, 52, 52, 52, 52, 52, 52, 52, 51, 51, 51, 51, 51, 51], False]}
dict_keys(['112', '115', '118', '123', '137'])
[112, 115, 118, 123, 137]
Queue: [3, 6, 9, 12, 15, 18, 21, 23, 25, 28]
arn:aws:lambda:us-east-1:858228748133:function:getHiscores3
{'3': [[553, 527, 520, 512, 508, 500, 500, 500, 500, 500, 500, 499, 494, 486, 484, 482, 478, 472, 468, 466, 464, 456, 441, 440, 425], False], '6': [[325, 324, 324, 320, 320, 320, 317, 317, 316, 316, 315, 314, 313, 312, 311, 310, 310, 310, 309, 308, 307, 305, 304, 304, 303], False], '9': [[257, 256, 256, 255, 254, 253, 251, 251, 250, 250, 250, 248, 247, 246, 246, 245, 243, 242, 241, 239, 239, 238, 238, 238, 238], False], '12': [[216, 215, 214, 212, 211, 211, 211, 210, 210, 210, 210, 210, 210, 209, 209, 208, 207, 207, 206, 206, 206, 205, 205, 204, 204], False], '15': [[190, 190, 190, 190, 188, 188, 188, 187, 187, 186, 186, 185, 185, 185, 183, 183, 183, 183, 183, 183, 183, 182, 182, 182, 181], False], '18': [[168, 168, 167, 167, 167, 167, 166, 166, 166, 166, 166, 166, 165, 165, 165, 165, 164, 164, 164, 164, 163, 162, 162, 162, 161], False], '21': [[151, 151, 151, 150, 150, 150, 150, 150, 150, 150, 150, 150, 150, 150, 150, 150, 150, 150, 150, 150, 150, 149, 149, 149, 148], False], '23': [[144, 144, 144, 144, 144, 143, 143, 143, 143, 143, 143, 143, 142, 142, 142, 141, 141, 141, 141, 140, 140, 140, 140, 140, 140], False], '25': [[135, 135, 135, 135, 134, 134, 134, 134, 134, 134, 134, 134, 134, 134, 133, 133, 133, 133, 133, 133, 133, 132, 132, 132, 132], False], '28': [[125, 125, 125, 125, 125, 125, 125, 125, 124, 124, 124, 124, 124, 124, 123, 123, 123, 123, 123, 123, 123, 123, 123, 123, 123], False]}
dict_keys(['3', '6', '9', '12', '15', '18', '21', '23', '25', '28'])
[3, 6, 9, 12, 15, 18, 21, 23, 25, 28]
Queue: [31, 34, 37, 40, 43, 53, 56, 59, 62, 65]
arn:aws:lambda:us-east-1:858228748133:function:getHiscores6
{'31': [[118, 118, 118, 118, 118, 118, 118, 118, 117, 117, 117, 116, 116, 116, 116, 116, 116, 116, 116, 116, 116, 116, 116, 116, 115], False], '34': [[112, 112, 111, 111, 111, 111, 111, 111, 111, 111, 111, 111, 111, 111, 111, 111, 111, 110, 110, 110, 110, 110, 110, 110, 110], False], '37': [[107, 107, 107, 107, 107, 107, 107, 107, 106, 106, 106, 106, 106, 106, 106, 106, 106, 106, 106, 106, 106, 106, 106, 106, 106], False], '40': [[104, 104, 104, 104, 104, 104, 104, 104, 103, 103, 103, 103, 103, 103, 103, 103, 103, 103, 103, 103, 102, 102, 102, 102, 102], False], '43': [[100, 100, 100, 100, 100, 100, 100, 100, 100, 100, 100, 100, 100, 100, 100, 100, 100, 100, 100, 100, 100, 100, 100, 100, 100], False], '53': [[99, 99, 99, 99, 99, 99, 99, 99, 99, 99, 99, 98, 98, 98, 98, 98, 98, 98, 98, 98, 97, 97, 97, 97, 97], False], '56': [[93, 93, 93, 93, 93, 93, 93, 93, 93, 93, 93, 93, 93, 93, 93, 93, 93, 93, 93, 93, 92, 92, 92, 92, 92], False], '59': [[90, 90, 90, 90, 90, 89, 89, 89, 89, 89, 89, 89, 89, 89, 89, 89, 89, 89, 89, 89, 88, 88, 88, 88, 88], False], '62': [[86, 86, 86, 86, 86, 86, 85, 85, 85, 85, 85, 85, 85, 85, 85, 85, 85, 85, 85, 85, 85, 85, 85, 85, 85], False], '65': [[83, 83, 83, 83, 83, 83, 83, 83, 83, 83, 82, 82, 82, 82, 82, 82, 82, 82, 82, 82, 82, 82, 82, 82, 82], False]}
dict_keys(['31', '34', '37', '40', '43', '53', '56', '59', '62', '65'])
[31, 34, 37, 40, 43, 53, 56, 59, 62, 65]
Queue: [68, 71, 73, 75, 78, 81, 84, 87, 90]
arn:aws:lambda:us-east-1:858228748133:function:getHiscores1
{'68': [[80, 80, 80, 80, 80, 80, 80, 80, 80, 80, 80, 80, 80, 80, 80, 80, 80, 80, 80, 80, 80, 80, 80, 79, 79], False], '71': [[78, 78, 78, 78, 78, 77, 77, 77, 77, 77, 77, 77, 77, 77, 77, 77, 77, 77, 77, 77, 77, 77, 77, 77, 77], False], '73': [[76, 76, 76, 76, 76, 76, 76, 76, 75, 75, 75, 75, 75, 75, 75, 75, 75, 75, 75, 75, 75, 75, 75, 75, 75], False], '75': [[75, 75, 75, 75, 75, 75, 75, 75, 75, 75, 75, 75, 75, 75, 75, 75, 75, 75, 74, 74, 74, 74, 74, 74, 74], False], '78': [[73, 73, 73, 73, 73, 73, 73, 73, 73, 73, 73, 72, 72, 72, 72, 72, 72, 72, 72, 72, 72, 72, 72, 72, 72], False], '81': [[71, 71, 71, 71, 71, 71, 71, 71, 71, 71, 71, 71, 70, 70, 70, 70, 70, 70, 70, 70, 70, 70, 70, 70, 70], False], '84': [[70, 70, 70, 70, 70, 70, 70, 70, 70, 70, 70, 70, 70, 69, 69, 69, 69, 69, 69, 69, 69, 69, 69, 69, 69], False], '87': [[69, 69, 69, 69, 69, 69, 69, 69, 69, 69, 69, 69, 69, 69, 69, 69, 69, 68, 68, 68, 68, 68, 68, 68, 68], False], '90': [[67, 67, 67, 67, 67, 67, 67, 67, 67, 67, 67, 67, 67, 67, 67, 67, 67, 67, 67, 67, 67, 67, 66, 66, 66], False]}
dict_keys(['68', '71', '73', '75', '78', '81', '84', '87', '90'])
[68, 71, 73, 75, 78, 81, 84, 87, 90]
[None, [4000, 3560, 3225, 2166, 1965, 1885, 1500, 1350, 1337, 1300, 1252, 1232, 1200, 1174, 1153, 1134, 1119, 1066, 1037, 1026, 1005, 1001, 1000, 1000, 1000], [1000, 1000, 970, 880, 869, 833, 793, 768, 750, 716, 700, 684, 666, 628, 615, 602, 600, 590, 585, 579, 578, 566, 563, 561, 555], [553, 527, 520, 512, 508, 500, 500, 500, 500, 500, 500, 499, 494, 486, 484, 482, 478, 472, 468, 466, 464, 456, 441, 440, 425], [423, 421, 420, 420, 420, 420, 416, 416, 416, 410, 409, 408, 406, 404, 400, 397, 396, 395, 393, 381, 381, 380, 377, 375, 375], [374, 373, 370, 365, 363, 362, 361, 360, 360, 359, 359, 359, 344, 341, 340, 338, 336, 334, 333, 330, 329, 328, 327, 326, 325], [325, 324, 324, 320, 320, 320, 317, 317, 316, 316, 315, 314, 313, 312, 311, 310, 310, 310, 309, 308, 307, 305, 304, 304, 303], [303, 302, 302, 301, 300, 300, 300, 300, 300, 299, 299, 299, 299, 297, 297, 293, 290, 286, 284, 282, 282, 279, 279, 276, 276], [275, 274, 274, 274, 271, 270, 269, 269, 269, 268, 268, 268, 267, 267, 266, 264, 263, 263, 262, 261, 261, 260, 260, 260, 259], [257, 256, 256, 255, 254, 253, 251, 251, 250, 250, 250, 248, 247, 246, 246, 245, 243, 242, 241, 239, 239, 238, 238, 238, 238], [237, 237, 236, 236, 235, 234, 234, 234, 233, 233, 233, 232, 232, 231, 230, 230, 230, 229, 229, 228, 228, 228, 227, 227, 227], [226, 225, 224, 224, 222, 222, 222, 221, 220, 220, 220, 220, 220, 219, 219, 219, 218, 218, 218, 217, 217, 216, 216, 216, 216], [216, 215, 214, 212, 211, 211, 211, 210, 210, 210, 210, 210, 210, 209, 209, 208, 207, 207, 206, 206, 206, 205, 205, 204, 204], [203, 203, 203, 203, 203, 202, 202, 202, 202, 201, 201, 201, 201, 200, 200, 200, 200, 200, 200, 200, 200, 200, 200, 200, 200], [200, 200, 200, 200, 200, 200, 200, 200, 199, 199, 199, 198, 198, 198, 197, 196, 196, 195, 195, 193, 193, 191, 191, 191, 191], [190, 190, 190, 190, 188, 188, 188, 187, 187, 186, 186, 185, 185, 185, 183, 183, 183, 183, 183, 183, 183, 182, 182, 182, 181], [181, 180, 180, 180, 180, 179, 179, 179, 178, 178, 177, 176, 176, 176, 176, 176, 176, 175, 175, 175, 175, 175, 175, 175, 174], [174, 174, 174, 173, 172, 172, 172, 172, 171, 171, 171, 171, 171, 170, 170, 170, 170, 170, 170, 169, 169, 169, 169, 169, 169], [168, 168, 167, 167, 167, 167, 166, 166, 166, 166, 166, 166, 165, 165, 165, 165, 164, 164, 164, 164, 163, 162, 162, 162, 161], [161, 161, 161, 161, 161, 161, 160, 160, 160, 160, 160, 160, 160, 159, 159, 159, 159, 159, 159, 159, 158, 158, 158, 158, 158], [158, 157, 157, 157, 157, 156, 156, 156, 156, 156, 156, 155, 155, 155, 154, 154, 154, 154, 153, 153, 152, 152, 152, 151, 151], [151, 151, 151, 150, 150, 150, 150, 150, 150, 150, 150, 150, 150, 150, 150, 150, 150, 150, 150, 150, 150, 149, 149, 149, 148], [148, 147, 147, 147, 147, 147, 147, 147, 146, 146, 146, 146, 146, 146, 145, 145, 145, 145, 145, 145, 145, 145, 145, 145, 144], [144, 144, 144, 144, 144, 143, 143, 143, 143, 143, 143, 143, 142, 142, 142, 141, 141, 141, 141, 140, 140, 140, 140, 140, 140], [140, 140, 140, 140, 139, 139, 139, 139, 139, 138, 138, 138, 138, 138, 138, 137, 137, 137, 137, 136, 136, 136, 136, 135, 135], [135, 135, 135, 135, 134, 134, 134, 134, 134, 134, 134, 134, 134, 134, 133, 133, 133, 133, 133, 133, 133, 132, 132, 132, 132], [132, 132, 132, 132, 132, 132, 132, 132, 131, 131, 131, 131, 131, 131, 131, 131, 131, 131, 131, 131, 130, 130, 130, 130, 130], [130, 130, 130, 130, 129, 129, 129, 129, 128, 128, 128, 127, 127, 127, 127, 127, 127, 127, 127, 126, 126, 126, 126, 125, 125], [125, 125, 125, 125, 125, 125, 125, 125, 124, 124, 124, 124, 124, 124, 123, 123, 123, 123, 123, 123, 123, 123, 123, 123, 123], [123, 123, 123, 123, 123, 123, 122, 122, 122, 122, 122, 122, 122, 122, 122, 122, 122, 121, 121, 121, 121, 121, 121, 121, 120], [120, 120, 120, 120, 120, 120, 120, 120, 120, 120, 120, 120, 119, 119, 119, 119, 119, 119, 119, 119, 119, 118, 118, 118, 118], [118, 118, 118, 118, 118, 118, 118, 118, 117, 117, 117, 116, 116, 116, 116, 116, 116, 116, 116, 116, 116, 116, 116, 116, 115], [115, 115, 115, 115, 115, 115, 115, 115, 115, 115, 115, 115, 115, 115, 115, 115, 115, 115, 115, 115, 115, 114, 114, 114, 114], [114, 114, 114, 114, 114, 114, 114, 114, 114, 113, 113, 113, 113, 113, 113, 113, 112, 112, 112, 112, 112, 112, 112, 112, 112], [112, 112, 111, 111, 111, 111, 111, 111, 111, 111, 111, 111, 111, 111, 111, 111, 111, 110, 110, 110, 110, 110, 110, 110, 110], [110, 110, 110, 110, 110, 110, 110, 110, 110, 110, 109, 109, 109, 109, 109, 109, 109, 109, 109, 109, 109, 109, 108, 108, 108], [108, 108, 108, 108, 108, 108, 108, 108, 108, 108, 108, 108, 108, 108, 108, 108, 108, 107, 107, 107, 107, 107, 107, 107, 107], [107, 107, 107, 107, 107, 107, 107, 107, 106, 106, 106, 106, 106, 106, 106, 106, 106, 106, 106, 106, 106, 106, 106, 106, 106], [106, 106, 106, 106, 106, 106, 106, 106, 106, 105, 105, 105, 105, 105, 105, 105, 105, 105, 105, 105, 105, 105, 105, 105, 105], [105, 105, 105, 105, 105, 105, 105, 105, 105, 105, 105, 105, 105, 105, 105, 104, 104, 104, 104, 104, 104, 104, 104, 104, 104], [104, 104, 104, 104, 104, 104, 104, 104, 103, 103, 103, 103, 103, 103, 103, 103, 103, 103, 103, 103, 102, 102, 102, 102, 102], [102, 102, 102, 102, 102, 102, 102, 102, 102, 102, 102, 102, 102, 102, 102, 102, 102, 102, 101, 101, 101, 101, 101, 101, 101], [101, 101, 101, 101, 101, 101, 101, 101, 101, 101, 101, 101, 101, 101, 101, 101, 101, 101, 101, 101, 101, 101, 101, 101, 101], [100, 100, 100, 100, 100, 100, 100, 100, 100, 100, 100, 100, 100, 100, 100, 100, 100, 100, 100, 100, 100, 100, 100, 100, 100], [100, 100, 100, 100, 100, 100, 100, 100, 100, 100, 100, 100, 100, 100, 100, 100, 100, 100, 100, 100, 100, 100, 100, 100, 100], None, None, None, None, None, None, [100, 100, 100, 100, 100, 100, 100, 100, 100, 100, 100, 100, 100, 100, 100, 100, 100, 100, 100, 100, 100, 100, 100, 100, 100], [100, 100, 100, 100, 100, 100, 100, 100, 100, 100, 100, 100, 100, 100, 100, 100, 100, 100, 100, 100, 100, 100, 99, 99, 99], [99, 99, 99, 99, 99, 99, 99, 99, 99, 99, 99, 98, 98, 98, 98, 98, 98, 98, 98, 98, 97, 97, 97, 97, 97], [97, 97, 97, 97, 97, 97, 97, 96, 96, 96, 96, 96, 96, 96, 96, 96, 96, 96, 96, 95, 95, 95, 95, 95, 95], [95, 95, 95, 95, 95, 95, 95, 95, 95, 95, 95, 95, 95, 94, 94, 94, 94, 94, 94, 94, 94, 93, 93, 93, 93], [93, 93, 93, 93, 93, 93, 93, 93, 93, 93, 93, 93, 93, 93, 93, 93, 93, 93, 93, 93, 92, 92, 92, 92, 92], [92, 92, 92, 92, 92, 92, 92, 92, 92, 91, 91, 91, 91, 91, 91, 91, 91, 91, 91, 91, 91, 91, 91, 91, 91], [91, 91, 90, 90, 90, 90, 90, 90, 90, 90, 90, 90, 90, 90, 90, 90, 90, 90, 90, 90, 90, 90, 90, 90, 90], [90, 90, 90, 90, 90, 89, 89, 89, 89, 89, 89, 89, 89, 89, 89, 89, 89, 89, 89, 89, 88, 88, 88, 88, 88], [88, 88, 88, 88, 88, 88, 88, 88, 88, 88, 88, 88, 88, 88, 88, 88, 88, 88, 88, 88, 88, 87, 87, 87, 87], [87, 87, 87, 87, 87, 87, 87, 87, 87, 87, 87, 87, 87, 86, 86, 86, 86, 86, 86, 86, 86, 86, 86, 86, 86], [86, 86, 86, 86, 86, 86, 85, 85, 85, 85, 85, 85, 85, 85, 85, 85, 85, 85, 85, 85, 85, 85, 85, 85, 85], [85, 85, 85, 85, 85, 85, 85, 85, 84, 84, 84, 84, 84, 84, 84, 84, 84, 84, 84, 84, 84, 84, 84, 84, 84], [84, 84, 84, 84, 84, 84, 84, 84, 84, 83, 83, 83, 83, 83, 83, 83, 83, 83, 83, 83, 83, 83, 83, 83, 83], [83, 83, 83, 83, 83, 83, 83, 83, 83, 83, 82, 82, 82, 82, 82, 82, 82, 82, 82, 82, 82, 82, 82, 82, 82], [82, 82, 82, 82, 82, 82, 82, 82, 82, 82, 81, 81, 81, 81, 81, 81, 81, 81, 81, 81, 81, 81, 81, 81, 81], [81, 81, 81, 81, 81, 81, 81, 81, 81, 80, 80, 80, 80, 80, 80, 80, 80, 80, 80, 80, 80, 80, 80, 80, 80], [80, 80, 80, 80, 80, 80, 80, 80, 80, 80, 80, 80, 80, 80, 80, 80, 80, 80, 80, 80, 80, 80, 80, 79, 79], [79, 79, 79, 79, 79, 79, 79, 79, 79, 79, 79, 79, 79, 79, 79, 79, 79, 79, 79, 79, 79, 79, 79, 78, 78], [78, 78, 78, 78, 78, 78, 78, 78, 78, 78, 78, 78, 78, 78, 78, 78, 78, 78, 78, 78, 78, 78, 78, 78, 78], [78, 78, 78, 78, 78, 77, 77, 77, 77, 77, 77, 77, 77, 77, 77, 77, 77, 77, 77, 77, 77, 77, 77, 77, 77], [77, 77, 77, 77, 77, 77, 77, 76, 76, 76, 76, 76, 76, 76, 76, 76, 76, 76, 76, 76, 76, 76, 76, 76, 76], [76, 76, 76, 76, 76, 76, 76, 76, 75, 75, 75, 75, 75, 75, 75, 75, 75, 75, 75, 75, 75, 75, 75, 75, 75], [75, 75, 75, 75, 75, 75, 75, 75, 75, 75, 75, 75, 75, 75, 75, 75, 75, 75, 75, 75, 75, 75, 75, 75, 75], [75, 75, 75, 75, 75, 75, 75, 75, 75, 75, 75, 75, 75, 75, 75, 75, 75, 75, 74, 74, 74, 74, 74, 74, 74], [74, 74, 74, 74, 74, 74, 74, 74, 74, 74, 74, 74, 74, 74, 74, 74, 74, 74, 74, 74, 74, 74, 74, 74, 73], [73, 73, 73, 73, 73, 73, 73, 73, 73, 73, 73, 73, 73, 73, 73, 73, 73, 73, 73, 73, 73, 73, 73, 73, 73], [73, 73, 73, 73, 73, 73, 73, 73, 73, 73, 73, 72, 72, 72, 72, 72, 72, 72, 72, 72, 72, 72, 72, 72, 72], [72, 72, 72, 72, 72, 72, 72, 72, 72, 72, 72, 72, 72, 72, 72, 72, 72, 71, 71, 71, 71, 71, 71, 71, 71], [71, 71, 71, 71, 71, 71, 71, 71, 71, 71, 71, 71, 71, 71, 71, 71, 71, 71, 71, 71, 71, 71, 71, 71, 71], [71, 71, 71, 71, 71, 71, 71, 71, 71, 71, 71, 71, 70, 70, 70, 70, 70, 70, 70, 70, 70, 70, 70, 70, 70], [70, 70, 70, 70, 70, 70, 70, 70, 70, 70, 70, 70, 70, 70, 70, 70, 70, 70, 70, 70, 70, 70, 70, 70, 70], [70, 70, 70, 70, 70, 70, 70, 70, 70, 70, 70, 70, 70, 70, 70, 70, 70, 70, 70, 70, 70, 70, 70, 70, 70], [70, 70, 70, 70, 70, 70, 70, 70, 70, 70, 70, 70, 70, 69, 69, 69, 69, 69, 69, 69, 69, 69, 69, 69, 69], [69, 69, 69, 69, 69, 69, 69, 69, 69, 69, 69, 69, 69, 69, 69, 69, 69, 69, 69, 69, 69, 69, 69, 69, 69], [69, 69, 69, 69, 69, 69, 69, 69, 69, 69, 69, 69, 69, 69, 69, 69, 69, 69, 69, 69, 69, 69, 69, 69, 69], [69, 69, 69, 69, 69, 69, 69, 69, 69, 69, 69, 69, 69, 69, 69, 69, 69, 68, 68, 68, 68, 68, 68, 68, 68], [68, 68, 68, 68, 68, 68, 68, 68, 68, 68, 68, 68, 68, 68, 68, 68, 68, 68, 68, 68, 68, 67, 67, 67, 67], [67, 67, 67, 67, 67, 67, 67, 67, 67, 67, 67, 67, 67, 67, 67, 67, 67, 67, 67, 67, 67, 67, 67, 67, 67], [67, 67, 67, 67, 67, 67, 67, 67, 67, 67, 67, 67, 67, 67, 67, 67, 67, 67, 67, 67, 67, 67, 66, 66, 66], [66, 66, 66, 66, 66, 66, 66, 66, 66, 66, 66, 66, 66, 66, 66, 66, 66, 66, 66, 66, 66, 66, 66, 66, 66], [66, 66, 66, 66, 66, 66, 66, 66, 66, 66, 66, 66, 66, 66, 66, 66, 66, 66, 66, 66, 66, 66, 66, 66, 65], None, [65, 65, 65, 65, 65, 65, 65, 65, 65, 65, 65, 65, 65, 65, 65, 65, 65, 65, 65, 65, 65, 65, 65, 65, 65], [65, 65, 65, 65, 65, 65, 65, 65, 65, 65, 65, 65, 64, 64, 64, 64, 64, 64, 64, 64, 64, 64, 64, 64, 64], None, [64, 64, 63, 63, 63, 63, 63, 63, 63, 63, 63, 63, 63, 63, 63, 63, 63, 63, 63, 63, 63, 63, 63, 63, 63], None, [63, 63, 62, 62, 62, 62, 62, 62, 62, 62, 62, 62, 62, 62, 62, 62, 62, 62, 62, 62, 62, 62, 62, 62, 62], None, [62, 62, 62, 62, 62, 62, 62, 62, 62, 62, 62, 62, 62, 62, 62, 62, 62, 62, 62, 62, 62, 62, 62, 62, 62], [62, 61, 61, 61, 61, 61, 61, 61, 61, 61, 61, 61, 61, 61, 61, 61, 61, 61, 61, 61, 61, 61, 61, 61, 61], None, [61, 61, 61, 60, 60, 60, 60, 60, 60, 60, 60, 60, 60, 60, 60, 60, 60, 60, 60, 60, 60, 60, 60, 60, 60], None, None, [60, 60, 60, 60, 60, 60, 60, 60, 60, 60, 60, 60, 60, 60, 60, 60, 60, 60, 60, 60, 60, 60, 60, 60, 60], [60, 60, 60, 59, 59, 59, 59, 59, 59, 59, 59, 59, 59, 59, 59, 59, 59, 59, 59, 59, 59, 59, 59, 59, 59], None, [59, 59, 59, 59, 59, 59, 58, 58, 58, 58, 58, 58, 58, 58, 58, 58, 58, 58, 58, 58, 58, 58, 58, 58, 58], [58, 58, 58, 58, 58, 58, 58, 58, 58, 58, 58, 58, 58, 58, 58, 58, 58, 58, 58, 58, 58, 58, 58, 58, 58], [58, 58, 58, 58, 58, 58, 58, 58, 58, 58, 58, 58, 58, 58, 58, 58, 57, 57, 57, 57, 57, 57, 57, 57, 57], [57, 57, 57, 57, 57, 57, 57, 57, 57, 57, 57, 57, 57, 57, 57, 57, 57, 57, 57, 57, 57, 57, 57, 57, 57], [57, 57, 57, 57, 57, 57, 57, 57, 57, 57, 57, 57, 57, 57, 57, 57, 57, 57, 57, 57, 57, 57, 57, 57, 57], [57, 57, 57, 57, 57, 57, 57, 57, 57, 57, 57, 57, 57, 56, 56, 56, 56, 56, 56, 56, 56, 56, 56, 56, 56], [56, 56, 56, 56, 56, 56, 56, 56, 56, 56, 56, 56, 56, 56, 56, 56, 56, 56, 56, 56, 56, 56, 56, 56, 56], [56, 56, 56, 56, 56, 56, 56, 56, 56, 56, 56, 56, 56, 56, 56, 56, 56, 56, 56, 56, 56, 56, 56, 56, 56], [56, 56, 56, 56, 56, 56, 56, 56, 56, 56, 56, 56, 56, 56, 56, 56, 56, 56, 56, 56, 56, 56, 56, 56, 56], [55, 55, 55, 55, 55, 55, 55, 55, 55, 55, 55, 55, 55, 55, 55, 55, 55, 55, 55, 55, 55, 55, 55, 55, 55], None, None, [55, 55, 55, 55, 55, 55, 55, 55, 55, 55, 55, 55, 55, 55, 55, 55, 55, 55, 55, 55, 55, 55, 55, 55, 55], [55, 55, 55, 55, 55, 55, 55, 55, 55, 55, 55, 55, 55, 55, 55, 55, 55, 55, 55, 55, 55, 54, 54, 54, 54], [54, 54, 54, 54, 54, 54, 54, 54, 54, 54, 54, 54, 54, 54, 54, 54, 54, 54, 54, 54, 54, 54, 54, 54, 54], None, [54, 54, 54, 54, 54, 54, 54, 54, 54, 54, 54, 54, 54, 54, 54, 54, 54, 54, 54, 54, 54, 54, 54, 54, 54], [54, 54, 54, 54, 54, 54, 54, 54, 54, 54, 54, 54, 54, 54, 54, 54, 53, 53, 53, 53, 53, 53, 53, 53, 53], None, [53, 53, 53, 53, 53, 53, 53, 53, 53, 53, 53, 53, 53, 53, 53, 53, 53, 53, 53, 53, 53, 53, 53, 53, 53], None, None, [53, 53, 53, 53, 53, 53, 53, 53, 53, 53, 53, 53, 53, 53, 53, 53, 52, 52, 52, 52, 52, 52, 52, 52, 52], None, None, [52, 52, 52, 52, 52, 52, 52, 52, 52, 52, 52, 52, 52, 52, 52, 52, 52, 52, 52, 52, 52, 52, 52, 52, 52], [52, 52, 52, 52, 52, 52, 52, 52, 52, 52, 52, 52, 52, 52, 52, 52, 52, 52, 52, 52, 52, 52, 52, 52, 52], [52, 52, 52, 52, 52, 52, 52, 52, 52, 52, 52, 52, 52, 52, 52, 52, 52, 52, 52, 51, 51, 51, 51, 51, 51], [51, 51, 51, 51, 51, 51, 51, 51, 51, 51, 51, 51, 51, 51, 51, 51, 51, 51, 51, 51, 51, 51, 51, 51, 51], None, None, None, None, None, [51, 51, 51, 51, 51, 51, 51, 51, 51, 50, 50, 50, 50, 50, 50, 50, 50, 50, 50, 50, 50, 50, 50, 50, 50], None, None, None, None, None, None, [50, 50, 50, 50, 50, 50, 50, 50, 50, 50, 50, 50, 50, 50, 50, 50, 50, 50, 50, 50, 50, 50, 50, 50, 50], None, None, None, None, None, None, None, None, None, None, None, None, [50, 50, 50, 50, 50, 50, 50, 50, 50, 50, 50, 50, 50, 50, 50, 50, 50, 50, 50, 50, 50, 50, 50, 50, 50], None, None, None, None, None, [50, 50, 50, 50, 50, 50, 50, 50, 50, 50, 50, 50, 50, 50, 50, 50, 50, 50, 50, 50, 50, 50, 50, 50, 50], None, [50, 50, 50, 50, 50, 50, 50, 50, 50]]
T: 0	PS: 100
	Estimated kc (min): 443305
	Estimated kc (avg): 443305.0
	Estimated kc (max): 443305
	Total calls: 23
	Total time: 0:03:45.157296
