Trying queue: [1, 101, 201, 301, 401, 501, 601, 701, 801, 901]
arn:aws:lambda:us-east-1:858228748133:function:getHiscores10
Received response...
{'status': 200, 'body': '{"pageData": {"1": [[2692, 2591, 2406, 2370, 2329, 2264, 2174, 2152, 2080, 2005, 2004, 2000, 2000, 2000, 1910, 1842, 1817, 1659, 1579, 1543, 1503, 1491, 1474, 1472, 1462], false], "101": [[144, 144, 144, 144, 144, 144, 144, 144, 144, 144, 144, 144, 144, 144, 144, 143, 143, 143, 143, 143, 143, 143, 143, 143, 143], false], "201": [[62, 62, 62, 62, 62, 62, 62, 61, 61, 61, 61, 61, 61, 61, 61, 61, 61, 61, 61, 61, 61, 61, 61, 61, 61], false], "301": [[29, 29, 29, 29, 29, 29, 29, 29, 29, 29, 29, 29, 29, 29, 29, 29, 29, 29, 29, 29, 28, 28, 28, 28, 28], false], "401": [[13, 13, 13, 13, 13, 13, 13, 13, 13, 13, 13, 13, 13, 13, 13, 13, 13, 13, 13, 13, 13, 13, 13, 13, 13], false], "501": [null, false], "601": [null, false], "701": [null, false], "801": [null, false], "901": [null, false]}}'}
{'1': [[2692, 2591, 2406, 2370, 2329, 2264, 2174, 2152, 2080, 2005, 2004, 2000, 2000, 2000, 1910, 1842, 1817, 1659, 1579, 1543, 1503, 1491, 1474, 1472, 1462], False], '101': [[144, 144, 144, 144, 144, 144, 144, 144, 144, 144, 144, 144, 144, 144, 144, 143, 143, 143, 143, 143, 143, 143, 143, 143, 143], False], '201': [[62, 62, 62, 62, 62, 62, 62, 61, 61, 61, 61, 61, 61, 61, 61, 61, 61, 61, 61, 61, 61, 61, 61, 61, 61], False], '301': [[29, 29, 29, 29, 29, 29, 29, 29, 29, 29, 29, 29, 29, 29, 29, 29, 29, 29, 29, 29, 28, 28, 28, 28, 28], False], '401': [[13, 13, 13, 13, 13, 13, 13, 13, 13, 13, 13, 13, 13, 13, 13, 13, 13, 13, 13, 13, 13, 13, 13, 13, 13], False], '501': [None, False], '601': [None, False], '701': [None, False], '801': [None, False], '901': [None, False]}
dict_keys(['1', '101', '201', '301', '401', '501', '601', '701', '801', '901'])
[1, 101, 201, 301, 401]
Looking for last page...
Trying page 401
arn:aws:lambda:us-east-1:858228748133:function:getHiscores2
{'401': [[13, 13, 13, 13, 13, 13, 13, 13, 13, 13, 13, 13, 13, 13, 13, 13, 13, 13, 13, 13, 13, 13, 13, 13, 13], False]}
dict_keys(['401'])
[401]
Trying page 451
arn:aws:lambda:us-east-1:858228748133:function:getHiscores7
{'451': [None, False]}
dict_keys(['451'])
[]
Trying page 426
arn:aws:lambda:us-east-1:858228748133:function:getHiscores6
{'426': [[11, 11, 11, 11, 11, 11, 11, 11, 11, 11, 11, 11, 11, 11, 11, 11, 11, 11, 11, 11, 11, 11, 11, 11, 11], False]}
dict_keys(['426'])
[426]
Trying page 438
arn:aws:lambda:us-east-1:858228748133:function:getHiscores2
{'438': [[10, 10, 10, 10, 10, 10, 10, 10, 10, 10, 10, 10, 10, 10, 10, 10, 10, 10, 10, 10, 10, 10, 10, 10, 10], False]}
dict_keys(['438'])
[438]
Trying page 444
arn:aws:lambda:us-east-1:858228748133:function:getHiscores8
{'444': [[10, 10, 10, 10, 10, 10, 10, 10, 10, 10, 10, 10, 10, 10, 10, 10, 10, 10, 10, 10, 10, 10, 10, 10, 10], False]}
dict_keys(['444'])
[444]
Trying page 447
arn:aws:lambda:us-east-1:858228748133:function:getHiscores7
{'447': [[10, 10, 10, 10, 10, 10, 10, 10, 10, 10, 10, 10, 10, 10, 10, 10, 10, 10, 10, 10, 10, 10, 10, 10, 10], False]}
dict_keys(['447'])
[447]
Trying page 448
arn:aws:lambda:us-east-1:858228748133:function:getHiscores1
{'448': [[10, 10, 10, 10, 10, 10, 10, 10, 10, 10, 10, 10, 10, 10, 10, 10, 10, 10, 10, 10, 10, 10, 10, 10, 10], False]}
dict_keys(['448'])
[448]
Trying page 449
arn:aws:lambda:us-east-1:858228748133:function:getHiscores8
{'449': [[10, 10], True]}
dict_keys(['449'])
[449]
Last page found: 449
Queue: [51, 151, 251, 351, 413, 432]
arn:aws:lambda:us-east-1:858228748133:function:getHiscores10
{'51': [[243, 243, 243, 243, 243, 243, 243, 242, 242, 242, 242, 242, 242, 242, 242, 241, 241, 241, 241, 241, 241, 241, 241, 241, 240], False], '151': [[93, 93, 93, 93, 93, 93, 93, 93, 93, 93, 93, 93, 93, 93, 93, 93, 93, 92, 92, 92, 92, 92, 92, 92, 92], False], '251': [[43, 42, 42, 42, 42, 42, 42, 42, 42, 42, 42, 42, 42, 42, 42, 42, 42, 42, 42, 42, 42, 42, 42, 42, 42], False], '351': [[19, 19, 19, 19, 19, 19, 19, 19, 19, 19, 19, 19, 19, 19, 19, 19, 19, 19, 19, 19, 19, 19, 19, 19, 19], False], '413': [[12, 12, 12, 12, 12, 12, 12, 12, 12, 12, 12, 12, 12, 12, 12, 12, 12, 12, 12, 12, 12, 12, 12, 12, 12], False], '432': [[11, 11, 11, 11, 11, 11, 11, 11, 11, 11, 11, 11, 11, 11, 11, 11, 11, 11, 11, 11, 11, 11, 11, 11, 11], False]}
dict_keys(['51', '151', '251', '351', '413', '432'])
[51, 151, 251, 351, 413, 432]
Queue: [26, 76, 126, 176, 226, 276, 326, 376, 407, 419]
arn:aws:lambda:us-east-1:858228748133:function:getHiscores6
{'26': [[366, 365, 365, 364, 363, 363, 362, 362, 361, 361, 361, 361, 360, 360, 359, 359, 359, 359, 358, 358, 358, 358, 358, 358, 357], False], '76': [[182, 182, 182, 182, 182, 181, 181, 181, 181, 181, 181, 181, 181, 181, 181, 181, 181, 180, 180, 180, 180, 180, 180, 180, 180], False], '126': [[115, 115, 115, 115, 115, 115, 115, 115, 115, 115, 115, 115, 115, 114, 114, 114, 114, 114, 114, 114, 114, 114, 114, 114, 114], False], '176': [[76, 76, 76, 76, 76, 76, 76, 76, 76, 76, 76, 76, 76, 76, 76, 76, 76, 76, 75, 75, 75, 75, 75, 75, 75], False], '226': [[51, 51, 51, 51, 51, 51, 51, 51, 51, 51, 51, 51, 51, 51, 51, 51, 51, 51, 51, 51, 51, 51, 51, 51, 51], False], '276': [[35, 35, 35, 35, 35, 35, 35, 35, 35, 35, 35, 35, 35, 35, 35, 35, 35, 35, 35, 35, 35, 35, 35, 35, 35], False], '326': [[24, 24, 24, 24, 24, 24, 24, 23, 23, 23, 23, 23, 23, 23, 23, 23, 23, 23, 23, 23, 23, 23, 23, 23, 23], False], '376': [[16, 16, 16, 16, 16, 16, 16, 16, 16, 16, 16, 16, 16, 16, 16, 16, 16, 16, 16, 16, 16, 16, 16, 16, 16], False], '407': [[13, 13, 13, 13, 13, 13, 13, 13, 13, 13, 13, 13, 13, 13, 13, 13, 13, 13, 13, 13, 13, 13, 13, 13, 13], False], '419': [[12, 12, 12, 12, 12, 12, 12, 12, 12, 12, 12, 12, 12, 12, 12, 12, 12, 12, 12, 12, 12, 12, 12, 12, 12], False]}
dict_keys(['26', '76', '126', '176', '226', '276', '326', '376', '407', '419'])
[26, 76, 126, 176, 226, 276, 326, 376, 407, 419]
Queue: [435]
arn:aws:lambda:us-east-1:858228748133:function:getHiscores1
{'435': [[10, 10, 10, 10, 10, 10, 10, 10, 10, 10, 10, 10, 10, 10, 10, 10, 10, 10, 10, 10, 10, 10, 10, 10, 10], False]}
dict_keys(['435'])
[435]
Queue: [13, 38, 63, 88, 113, 138, 163, 188, 213, 238]
arn:aws:lambda:us-east-1:858228748133:function:getHiscores5
{'13': [[527, 525, 525, 525, 523, 523, 523, 520, 520, 520, 517, 516, 516, 516, 514, 514, 514, 513, 513, 512, 512, 512, 511, 511, 509], False], '38': [[292, 292, 292, 292, 291, 291, 291, 291, 291, 291, 290, 290, 290, 290, 290, 290, 290, 290, 290, 289, 289, 289, 289, 289, 288], False], '63': [[210, 210, 210, 210, 210, 210, 209, 209, 209, 209, 209, 209, 209, 209, 209, 209, 209, 208, 208, 208, 208, 208, 208, 208, 208], False], '88': [[162, 162, 162, 162, 162, 162, 162, 161, 161, 161, 161, 161, 161, 161, 161, 161, 161, 161, 161, 161, 161, 160, 160, 160, 160], False], '113': [[129, 129, 129, 129, 129, 129, 129, 129, 129, 129, 129, 129, 129, 129, 129, 129, 129, 128, 128, 128, 128, 128, 128, 128, 128], False], '138': [[104, 104, 104, 104, 104, 104, 104, 104, 104, 104, 104, 104, 104, 104, 104, 104, 104, 104, 104, 104, 104, 104, 103, 103, 103], False], '163': [[85, 84, 84, 84, 84, 84, 84, 84, 84, 84, 84, 84, 84, 84, 84, 84, 84, 84, 84, 84, 84, 84, 84, 84, 84], False], '188': [[69, 69, 69, 69, 69, 69, 69, 69, 69, 69, 69, 69, 69, 69, 69, 68, 68, 68, 68, 68, 68, 68, 68, 68, 68], False], '213': [[57, 57, 57, 56, 56, 56, 56, 56, 56, 56, 56, 56, 56, 56, 56, 56, 56, 56, 56, 56, 56, 56, 56, 56, 56], False], '238': [[47, 47, 47, 47, 47, 47, 47, 47, 47, 47, 47, 47, 47, 47, 47, 47, 47, 47, 47, 47, 47, 47, 47, 47, 47], False]}
dict_keys(['13', '38', '63', '88', '113', '138', '163', '188', '213', '238'])
[13, 38, 63, 88, 113, 138, 163, 188, 213, 238]
Queue: [263, 288, 313, 338, 363, 388, 410, 422, 433]
arn:aws:lambda:us-east-1:858228748133:function:getHiscores2
{'263': [[39, 39, 39, 39, 39, 39, 39, 39, 39, 39, 39, 39, 39, 39, 39, 39, 39, 39, 39, 39, 39, 39, 39, 39, 39], False], '288': [[32, 32, 32, 32, 32, 32, 32, 32, 32, 32, 32, 32, 32, 32, 32, 32, 32, 32, 32, 32, 32, 31, 31, 31, 31], False], '313': [[26, 26, 26, 26, 26, 26, 26, 26, 26, 26, 26, 26, 26, 26, 26, 26, 26, 26, 26, 26, 26, 26, 26, 26, 26], False], '338': [[22, 21, 21, 21, 21, 21, 21, 21, 21, 21, 21, 21, 21, 21, 21, 21, 21, 21, 21, 21, 21, 21, 21, 21, 21], False], '363': [[18, 18, 18, 18, 18, 18, 18, 18, 18, 18, 18, 18, 18, 18, 18, 18, 18, 18, 18, 18, 18, 18, 18, 18, 18], False], '388': [[15, 15, 15, 15, 15, 15, 15, 15, 15, 15, 15, 15, 15, 15, 15, 15, 15, 15, 15, 15, 15, 15, 15, 15, 15], False], '410': [[13, 13, 13, 13, 13, 13, 13, 13, 13, 13, 13, 13, 13, 13, 13, 13, 13, 13, 13, 12, 12, 12, 12, 12, 12], False], '422': [[12, 12, 11, 11, 11, 11, 11, 11, 11, 11, 11, 11, 11, 11, 11, 11, 11, 11, 11, 11, 11, 11, 11, 11, 11], False], '433': [[11, 11, 11, 11, 11, 11, 11, 11, 11, 11, 11, 11, 11, 11, 11, 11, 11, 11, 11, 11, 11, 11, 11, 11, 11], False]}
dict_keys(['263', '288', '313', '338', '363', '388', '410', '422', '433'])
[263, 288, 313, 338, 363, 388, 410, 422, 433]
Queue: [7, 19, 32, 44, 57, 69, 82, 94, 107, 119]
arn:aws:lambda:us-east-1:858228748133:function:getHiscores2
{'7': [[695, 695, 695, 694, 693, 693, 691, 690, 688, 688, 686, 685, 685, 684, 683, 683, 678, 678, 678, 677, 674, 672, 672, 672, 666], False], '19': [[437, 436, 435, 435, 435, 435, 434, 433, 433, 433, 433, 432, 432, 432, 431, 431, 430, 430, 430, 430, 429, 429, 428, 428, 427], False], '32': [[322, 321, 321, 321, 321, 320, 320, 320, 320, 320, 320, 320, 320, 320, 320, 320, 319, 319, 319, 318, 318, 318, 318, 318, 317], False], '44': [[266, 266, 266, 265, 265, 265, 265, 265, 265, 265, 265, 264, 264, 264, 264, 264, 264, 264, 264, 264, 263, 263, 263, 263, 263], False], '57': [[224, 224, 224, 224, 224, 224, 224, 224, 224, 224, 223, 223, 223, 223, 223, 223, 223, 223, 223, 222, 222, 222, 222, 222, 222], False], '69': [[196, 196, 196, 196, 196, 196, 196, 196, 196, 195, 195, 195, 195, 195, 195, 195, 195, 195, 195, 195, 195, 194, 194, 194, 194], False], '82': [[171, 171, 171, 171, 171, 171, 170, 170, 170, 170, 170, 170, 170, 170, 170, 170, 170, 170, 170, 169, 169, 169, 169, 169, 169], False], '94': [[153, 153, 153, 153, 153, 153, 153, 153, 153, 153, 153, 153, 153, 153, 152, 152, 152, 152, 152, 152, 152, 152, 152, 152, 152], False], '107': [[136, 136, 136, 136, 136, 136, 135, 135, 135, 135, 135, 135, 135, 135, 135, 135, 135, 135, 135, 135, 135, 135, 135, 135, 135], False], '119': [[123, 123, 122, 122, 122, 122, 122, 122, 122, 122, 122, 122, 122, 122, 122, 122, 122, 122, 122, 122, 121, 121, 121, 121, 121], False]}
dict_keys(['7', '19', '32', '44', '57', '69', '82', '94', '107', '119'])
[7, 19, 32, 44, 57, 69, 82, 94, 107, 119]
Queue: [132, 144, 157, 169, 182, 194, 207, 219, 232, 244]
arn:aws:lambda:us-east-1:858228748133:function:getHiscores7
{'132': [[109, 109, 109, 109, 109, 109, 109, 109, 109, 109, 109, 109, 109, 109, 109, 109, 109, 109, 109, 109, 109, 109, 109, 108, 108], False], '144': [[100, 100, 99, 99, 99, 99, 99, 99, 99, 99, 99, 99, 99, 99, 99, 99, 99, 99, 99, 98, 98, 98, 98, 98, 98], False], '157': [[89, 89, 89, 89, 89, 88, 88, 88, 88, 88, 88, 88, 88, 88, 88, 88, 88, 88, 88, 88, 88, 88, 88, 88, 88], False], '169': [[80, 80, 80, 80, 80, 80, 80, 80, 80, 80, 80, 80, 80, 80, 80, 80, 80, 80, 80, 80, 80, 80, 80, 80, 80], False], '182': [[72, 72, 72, 72, 72, 72, 72, 72, 72, 72, 72, 72, 72, 72, 72, 72, 72, 72, 72, 72, 72, 72, 72, 72, 72], False], '194': [[65, 65, 65, 65, 65, 65, 65, 65, 65, 65, 65, 65, 65, 65, 65, 65, 65, 65, 65, 65, 65, 65, 65, 65, 65], False], '207': [[59, 59, 59, 59, 59, 59, 59, 59, 59, 59, 59, 59, 59, 59, 59, 59, 59, 59, 59, 59, 59, 59, 59, 59, 59], False], '219': [[54, 54, 54, 54, 54, 54, 54, 54, 54, 54, 54, 54, 54, 54, 54, 54, 54, 54, 54, 54, 54, 54, 54, 54, 54], False], '232': [[49, 49, 49, 49, 49, 49, 49, 49, 49, 49, 49, 49, 49, 49, 49, 49, 49, 49, 49, 49, 49, 49, 49, 49, 49], False], '244': [[45, 45, 45, 45, 45, 45, 45, 45, 45, 45, 45, 45, 45, 45, 45, 45, 45, 45, 45, 45, 45, 45, 45, 45, 45], False]}
dict_keys(['132', '144', '157', '169', '182', '194', '207', '219', '232', '244'])
[132, 144, 157, 169, 182, 194, 207, 219, 232, 244]
Queue: [257, 269, 282, 294, 307, 319, 332, 344, 357, 369]
arn:aws:lambda:us-east-1:858228748133:function:getHiscores8
{'257': [[41, 41, 41, 41, 41, 41, 41, 41, 41, 41, 40, 40, 40, 40, 40, 40, 40, 40, 40, 40, 40, 40, 40, 40, 40], False], '269': [[37, 37, 37, 37, 37, 37, 37, 37, 37, 37, 37, 37, 37, 37, 37, 37, 37, 37, 37, 37, 37, 37, 37, 37, 37], False], '282': [[33, 33, 33, 33, 33, 33, 33, 33, 33, 33, 33, 33, 33, 33, 33, 33, 33, 33, 33, 33, 33, 33, 33, 33, 33], False], '294': [[30, 30, 30, 30, 30, 30, 30, 30, 30, 30, 30, 30, 30, 30, 30, 30, 30, 30, 30, 30, 30, 30, 30, 30, 30], False], '307': [[27, 27, 27, 27, 27, 27, 27, 27, 27, 27, 27, 27, 27, 27, 27, 27, 27, 27, 27, 27, 27, 27, 27, 27, 27], False], '319': [[25, 25, 25, 25, 25, 25, 25, 25, 25, 25, 25, 25, 25, 25, 25, 25, 25, 25, 25, 25, 25, 25, 25, 25, 25], False], '332': [[23, 23, 23, 23, 23, 23, 22, 22, 22, 22, 22, 22, 22, 22, 22, 22, 22, 22, 22, 22, 22, 22, 22, 22, 22], False], '344': [[20, 20, 20, 20, 20, 20, 20, 20, 20, 20, 20, 20, 20, 20, 20, 20, 20, 20, 20, 20, 20, 20, 20, 20, 20], False], '357': [[19, 19, 19, 19, 19, 19, 19, 19, 19, 19, 19, 19, 19, 19, 19, 19, 19, 19, 19, 19, 19, 18, 18, 18, 18], False], '369': [[17, 17, 17, 17, 17, 17, 17, 17, 17, 17, 17, 17, 17, 17, 17, 17, 17, 17, 17, 17, 17, 17, 17, 17, 17], False]}
dict_keys(['257', '269', '282', '294', '307', '319', '332', '344', '357', '369'])
[257, 269, 282, 294, 307, 319, 332, 344, 357, 369]
Queue: [382, 394, 434]
arn:aws:lambda:us-east-1:858228748133:function:getHiscores5
{'382': [[15, 15, 15, 15, 15, 15, 15, 15, 15, 15, 15, 15, 15, 15, 15, 15, 15, 15, 15, 15, 15, 15, 15, 15, 15], False], '394': [[14, 14, 14, 14, 14, 14, 14, 14, 14, 14, 14, 14, 14, 14, 14, 14, 14, 14, 14, 14, 14, 14, 14, 14, 14], False], '434': [[11, 11, 11, 11, 11, 11, 11, 11, 11, 11, 11, 11, 11, 11, 11, 11, 11, 11, 10, 10, 10, 10, 10, 10, 10], False]}
dict_keys(['382', '394', '434'])
[382, 394, 434]
Queue: [4, 10, 16, 22, 29, 35, 41, 47, 54, 60]
arn:aws:lambda:us-east-1:858228748133:function:getHiscores10
{'4': [[933, 932, 922, 907, 906, 905, 903, 899, 894, 893, 873, 872, 871, 870, 870, 860, 860, 857, 850, 848, 843, 842, 841, 838, 836], False], '10': [[590, 586, 585, 584, 583, 582, 582, 581, 581, 581, 580, 580, 578, 578, 578, 578, 578, 578, 577, 577, 577, 571, 569, 569, 569], False], '16': [[469, 469, 468, 468, 467, 467, 467, 467, 466, 465, 465, 465, 464, 464, 464, 463, 463, 462, 462, 461, 461, 461, 461, 460, 460], False], '22': [[403, 402, 402, 402, 401, 401, 400, 400, 400, 400, 400, 400, 400, 400, 399, 399, 399, 398, 397, 396, 396, 395, 395, 394, 393], False], '29': [[339, 338, 338, 338, 337, 337, 337, 336, 336, 336, 336, 336, 336, 335, 335, 335, 334, 334, 334, 334, 333, 333, 333, 333, 332], False], '35': [[306, 306, 306, 306, 306, 305, 305, 305, 304, 304, 304, 303, 303, 303, 303, 302, 302, 302, 302, 302, 302, 302, 301, 301, 301], False], '41': [[280, 279, 279, 279, 279, 279, 278, 278, 278, 278, 277, 277, 277, 277, 277, 277, 277, 276, 276, 276, 276, 276, 275, 275, 275], False], '47': [[257, 257, 257, 257, 257, 256, 256, 256, 256, 256, 256, 255, 255, 254, 254, 254, 254, 254, 254, 254, 254, 254, 253, 253, 253], False], '54': [[233, 233, 233, 233, 233, 233, 232, 232, 232, 232, 232, 232, 232, 231, 231, 231, 231, 231, 231, 231, 231, 231, 230, 230, 230], False], '60': [[217, 216, 216, 216, 216, 216, 216, 216, 215, 215, 215, 215, 215, 215, 215, 215, 215, 214, 214, 214, 214, 214, 214, 214, 214], False]}
dict_keys(['4', '10', '16', '22', '29', '35', '41', '47', '54', '60'])
[4, 10, 16, 22, 29, 35, 41, 47, 54, 60]
Queue: [66, 72, 79, 85, 91, 97, 104, 110, 116, 122]
arn:aws:lambda:us-east-1:858228748133:function:getHiscores8
{'66': [[203, 203, 203, 202, 202, 202, 202, 202, 202, 202, 202, 202, 202, 202, 201, 201, 201, 201, 201, 201, 201, 201, 201, 201, 200], False], '72': [[190, 190, 190, 190, 190, 190, 190, 189, 189, 189, 189, 189, 189, 189, 188, 188, 188, 188, 188, 188, 188, 188, 188, 188, 188], False], '79': [[176, 176, 176, 176, 176, 176, 176, 176, 175, 175, 175, 175, 175, 175, 175, 175, 175, 175, 175, 175, 175, 175, 175, 175, 175], False], '85': [[166, 166, 166, 166, 166, 166, 166, 166, 166, 165, 165, 165, 165, 165, 165, 165, 165, 165, 165, 165, 165, 165, 165, 165, 165], False], '91': [[158, 158, 158, 158, 158, 158, 158, 158, 158, 158, 158, 158, 158, 157, 157, 157, 157, 157, 157, 157, 157, 157, 157, 157, 157], False], '97': [[149, 149, 149, 149, 149, 149, 149, 149, 148, 148, 148, 148, 148, 148, 148, 148, 148, 148, 148, 148, 148, 148, 148, 148, 148], False], '104': [[140, 140, 140, 140, 140, 140, 140, 140, 140, 140, 140, 140, 139, 139, 139, 139, 139, 139, 139, 139, 139, 139, 139, 139, 139], False], '110': [[132, 132, 132, 132, 132, 132, 132, 132, 132, 132, 132, 132, 132, 132, 131, 131, 131, 131, 131, 131, 131, 131, 131, 131, 131], False], '116': [[126, 126, 126, 126, 126, 126, 126, 125, 125, 125, 125, 125, 125, 125, 125, 125, 125, 125, 125, 125, 125, 125, 125, 125, 125], False], '122': [[119, 119, 119, 119, 119, 119, 119, 119, 119, 119, 119, 119, 119, 119, 119, 119, 119, 119, 119, 118, 118, 118, 118, 118, 118], False]}
dict_keys(['66', '72', '79', '85', '91', '97', '104', '110', '116', '122'])
[66, 72, 79, 85, 91, 97, 104, 110, 116, 122]
Queue: [129, 135, 141, 147, 154, 160, 166, 172, 179, 185]
arn:aws:lambda:us-east-1:858228748133:function:getHiscores1
{'129': [[112, 112, 112, 112, 112, 112, 112, 112, 112, 112, 112, 112, 112, 112, 112, 112, 111, 111, 111, 111, 111, 111, 111, 111, 111], False], '135': [[107, 106, 106, 106, 106, 106, 106, 106, 106, 106, 106, 106, 106, 106, 106, 106, 106, 106, 106, 106, 106, 106, 106, 106, 106], False], '141': [[101, 101, 101, 101, 101, 101, 101, 101, 101, 101, 101, 101, 101, 101, 101, 101, 101, 101, 101, 101, 101, 101, 101, 101, 101], False], '147': [[96, 96, 96, 96, 96, 96, 96, 96, 96, 96, 96, 96, 95, 95, 95, 95, 95, 95, 95, 95, 95, 95, 95, 95, 95], False], '154': [[91, 91, 91, 91, 91, 91, 91, 91, 91, 91, 91, 91, 91, 91, 91, 91, 90, 90, 90, 90, 90, 90, 90, 90, 90], False], '160': [[87, 87, 87, 87, 87, 86, 86, 86, 86, 86, 86, 86, 86, 86, 86, 86, 86, 86, 86, 86, 86, 86, 86, 86, 86], False], '166': [[82, 82, 82, 82, 82, 82, 82, 82, 82, 82, 82, 82, 82, 82, 82, 82, 82, 82, 82, 82, 82, 82, 82, 82, 82], False], '172': [[78, 78, 78, 78, 78, 78, 78, 78, 78, 78, 78, 78, 78, 78, 78, 78, 78, 78, 78, 78, 78, 78, 78, 78, 78], False], '179': [[74, 74, 74, 74, 74, 74, 74, 74, 74, 74, 74, 74, 74, 74, 74, 74, 74, 74, 74, 73, 73, 73, 73, 73, 73], False], '185': [[71, 71, 71, 71, 71, 70, 70, 70, 70, 70, 70, 70, 70, 70, 70, 70, 70, 70, 70, 70, 70, 70, 70, 70, 70], False]}
dict_keys(['129', '135', '141', '147', '154', '160', '166', '172', '179', '185'])
[129, 135, 141, 147, 154, 160, 166, 172, 179, 185]
Queue: [191, 197, 204, 210, 216, 222, 229, 235, 241, 247]
arn:aws:lambda:us-east-1:858228748133:function:getHiscores5
{'191': [[67, 67, 67, 67, 67, 67, 67, 67, 67, 67, 67, 67, 67, 67, 67, 67, 67, 67, 67, 67, 66, 66, 66, 66, 66], False], '197': [[64, 64, 64, 64, 64, 64, 64, 64, 64, 64, 64, 64, 64, 64, 64, 64, 64, 64, 63, 63, 63, 63, 63, 63, 63], False], '204': [[60, 60, 60, 60, 60, 60, 60, 60, 60, 60, 60, 60, 60, 60, 60, 60, 60, 60, 60, 60, 60, 60, 60, 60, 60], False], '210': [[58, 58, 58, 58, 58, 58, 58, 58, 58, 58, 58, 58, 58, 57, 57, 57, 57, 57, 57, 57, 57, 57, 57, 57, 57], False], '216': [[55, 55, 55, 55, 55, 55, 55, 55, 55, 55, 55, 55, 55, 55, 55, 55, 55, 55, 55, 55, 55, 55, 55, 55, 55], False], '222': [[53, 53, 53, 53, 53, 53, 53, 53, 53, 53, 53, 53, 53, 53, 53, 53, 53, 53, 53, 53, 53, 53, 53, 53, 53], False], '229': [[51, 51, 51, 51, 50, 50, 50, 50, 50, 50, 50, 50, 50, 50, 50, 50, 50, 50, 50, 50, 50, 50, 50, 50, 50], False], '235': [[48, 48, 48, 48, 48, 48, 48, 48, 48, 48, 48, 48, 48, 48, 48, 48, 48, 48, 48, 48, 48, 48, 48, 48, 48], False], '241': [[46, 46, 46, 46, 46, 46, 46, 46, 46, 46, 46, 46, 46, 46, 46, 46, 46, 46, 46, 46, 46, 46, 46, 46, 46], False], '247': [[44, 44, 44, 44, 44, 44, 44, 44, 44, 44, 44, 44, 44, 44, 44, 44, 44, 44, 44, 44, 44, 44, 44, 44, 44], False]}
dict_keys(['191', '197', '204', '210', '216', '222', '229', '235', '241', '247'])
[191, 197, 204, 210, 216, 222, 229, 235, 241, 247]
Queue: [254, 260, 266, 272, 279, 285, 291, 297, 304, 310]
arn:aws:lambda:us-east-1:858228748133:function:getHiscores4
{'254': [[42, 42, 42, 42, 41, 41, 41, 41, 41, 41, 41, 41, 41, 41, 41, 41, 41, 41, 41, 41, 41, 41, 41, 41, 41], False], '260': [[40, 40, 40, 40, 40, 40, 40, 40, 40, 40, 40, 40, 40, 40, 40, 40, 40, 40, 40, 40, 40, 40, 39, 39, 39], False], '266': [[38, 38, 38, 38, 38, 38, 38, 38, 38, 38, 38, 38, 38, 38, 38, 38, 38, 38, 38, 38, 38, 38, 38, 38, 38], False], '272': [[36, 36, 36, 36, 36, 36, 36, 36, 36, 36, 36, 36, 36, 36, 36, 36, 36, 36, 36, 36, 36, 36, 36, 36, 36], False], '279': [[34, 34, 34, 34, 34, 34, 34, 34, 34, 34, 34, 34, 34, 34, 34, 34, 34, 34, 34, 34, 34, 34, 34, 34, 34], False], '285': [[32, 32, 32, 32, 32, 32, 32, 32, 32, 32, 32, 32, 32, 32, 32, 32, 32, 32, 32, 32, 32, 32, 32, 32, 32], False], '291': [[31, 31, 31, 31, 31, 31, 31, 31, 31, 31, 31, 31, 31, 31, 31, 31, 31, 31, 31, 31, 31, 31, 31, 31, 31], False], '297': [[30, 30, 30, 30, 30, 30, 30, 30, 30, 30, 30, 30, 30, 30, 30, 30, 30, 30, 29, 29, 29, 29, 29, 29, 29], False], '304': [[28, 28, 28, 28, 28, 28, 28, 28, 28, 28, 28, 28, 28, 28, 28, 28, 28, 28, 28, 28, 28, 28, 28, 28, 28], False], '310': [[27, 27, 27, 27, 27, 27, 27, 27, 27, 27, 27, 27, 27, 27, 27, 27, 27, 27, 27, 27, 27, 26, 26, 26, 26], False]}
dict_keys(['254', '260', '266', '272', '279', '285', '291', '297', '304', '310'])
[254, 260, 266, 272, 279, 285, 291, 297, 304, 310]
Queue: [316, 322, 341, 347, 366, 372, 379, 391, 397]
arn:aws:lambda:us-east-1:858228748133:function:getHiscores3
{'316': [[25, 25, 25, 25, 25, 25, 25, 25, 25, 25, 25, 25, 25, 25, 25, 25, 25, 25, 25, 25, 25, 25, 25, 25, 25], False], '322': [[24, 24, 24, 24, 24, 24, 24, 24, 24, 24, 24, 24, 24, 24, 24, 24, 24, 24, 24, 24, 24, 24, 24, 24, 24], False], '341': [[21, 21, 21, 21, 21, 21, 21, 21, 21, 21, 21, 21, 21, 21, 21, 21, 21, 21, 21, 21, 21, 21, 21, 21, 21], False], '347': [[20, 20, 20, 20, 20, 20, 20, 20, 20, 20, 20, 20, 20, 20, 20, 20, 20, 20, 20, 20, 20, 20, 20, 20, 20], False], '366': [[17, 17, 17, 17, 17, 17, 17, 17, 17, 17, 17, 17, 17, 17, 17, 17, 17, 17, 17, 17, 17, 17, 17, 17, 17], False], '372': [[17, 17, 17, 17, 17, 17, 17, 17, 17, 17, 17, 17, 17, 17, 17, 17, 17, 17, 17, 17, 17, 17, 16, 16, 16], False], '379': [[16, 16, 16, 16, 16, 16, 16, 16, 16, 16, 16, 16, 16, 16, 16, 16, 16, 16, 16, 16, 16, 16, 16, 16, 16], False], '391': [[14, 14, 14, 14, 14, 14, 14, 14, 14, 14, 14, 14, 14, 14, 14, 14, 14, 14, 14, 14, 14, 14, 14, 14, 14], False], '397': [[14, 14, 14, 14, 14, 14, 14, 14, 14, 14, 14, 14, 14, 14, 14, 14, 14, 14, 14, 14, 14, 14, 14, 14, 14], False]}
dict_keys(['316', '322', '341', '347', '366', '372', '379', '391', '397'])
[316, 322, 341, 347, 366, 372, 379, 391, 397]
Queue: [2, 5, 8, 11, 14, 17, 20, 24, 27, 30]
arn:aws:lambda:us-east-1:858228748133:function:getHiscores6
{'2': [[1359, 1316, 1302, 1287, 1256, 1248, 1242, 1223, 1211, 1202, 1184, 1183, 1183, 1177, 1169, 1163, 1161, 1158, 1154, 1149, 1147, 1116, 1113, 1103, 1101], False], '5': [[835, 835, 832, 831, 827, 812, 809, 803, 802, 801, 800, 800, 799, 792, 791, 788, 784, 778, 777, 774, 771, 770, 768, 768, 758], False], '8': [[665, 664, 661, 660, 656, 651, 650, 648, 646, 644, 643, 641, 641, 640, 639, 639, 635, 632, 631, 629, 629, 629, 627, 625, 623], False], '11': [[567, 566, 563, 562, 561, 560, 558, 557, 555, 555, 552, 551, 550, 549, 549, 547, 545, 544, 543, 541, 540, 539, 539, 539, 538], False], '14': [[509, 508, 508, 506, 505, 504, 503, 502, 501, 500, 500, 498, 497, 496, 494, 493, 492, 492, 491, 491, 490, 487, 484, 484, 483], False], '17': [[460, 460, 459, 459, 459, 458, 458, 458, 458, 458, 457, 457, 456, 456, 456, 455, 455, 454, 454, 453, 450, 450, 449, 449, 448], False], '20': [[426, 425, 425, 425, 424, 424, 423, 423, 422, 422, 422, 422, 421, 421, 420, 420, 419, 418, 417, 417, 417, 417, 417, 416, 416], False], '24': [[383, 383, 383, 382, 382, 381, 381, 381, 380, 380, 379, 379, 379, 378, 378, 377, 377, 376, 376, 376, 376, 376, 375, 374, 374], False], '27': [[357, 356, 356, 356, 355, 355, 354, 353, 353, 353, 353, 353, 352, 352, 352, 352, 352, 352, 351, 351, 350, 350, 350, 349, 349], False], '30': [[332, 332, 330, 330, 330, 329, 329, 328, 328, 328, 328, 327, 327, 327, 327, 327, 327, 327, 326, 326, 326, 326, 326, 326, 325], False]}
dict_keys(['2', '5', '8', '11', '14', '17', '20', '24', '27', '30'])
[2, 5, 8, 11, 14, 17, 20, 24, 27, 30]
Queue: [33, 36, 39, 42, 45, 49, 52, 55, 58, 61]
arn:aws:lambda:us-east-1:858228748133:function:getHiscores4
{'33': [[317, 315, 315, 315, 315, 315, 314, 314, 314, 314, 314, 313, 313, 313, 313, 313, 313, 313, 313, 312, 312, 312, 312, 312, 312], False], '36': [[301, 301, 300, 300, 300, 300, 300, 300, 299, 299, 299, 299, 299, 298, 298, 298, 297, 297, 297, 296, 296, 296, 296, 296, 296], False], '39': [[288, 288, 288, 287, 287, 287, 287, 287, 286, 286, 286, 286, 285, 285, 285, 285, 285, 284, 284, 284, 284, 284, 283, 283, 283], False], '42': [[275, 275, 274, 274, 274, 274, 274, 274, 274, 273, 273, 273, 273, 273, 272, 272, 272, 272, 272, 272, 271, 271, 271, 270, 270], False], '45': [[263, 263, 263, 263, 263, 263, 262, 262, 262, 262, 262, 262, 262, 262, 262, 261, 261, 261, 261, 261, 261, 261, 261, 261, 261], False], '49': [[249, 249, 249, 249, 249, 249, 248, 248, 248, 248, 248, 248, 248, 248, 247, 247, 247, 247, 247, 246, 246, 246, 246, 246, 245], False], '52': [[240, 240, 240, 240, 239, 239, 239, 239, 239, 239, 238, 238, 238, 238, 238, 238, 237, 237, 237, 237, 237, 237, 237, 237, 237], False], '55': [[230, 230, 230, 230, 230, 229, 229, 229, 229, 229, 229, 229, 229, 229, 229, 229, 229, 228, 228, 228, 228, 227, 227, 227, 227], False], '58': [[222, 221, 221, 221, 221, 221, 221, 221, 221, 221, 221, 221, 221, 220, 220, 220, 220, 220, 220, 220, 220, 220, 220, 220, 220], False], '61': [[214, 214, 214, 214, 214, 213, 213, 213, 213, 213, 213, 213, 213, 213, 213, 213, 212, 212, 212, 212, 212, 212, 212, 212, 212], False]}
dict_keys(['33', '36', '39', '42', '45', '49', '52', '55', '58', '61'])
[33, 36, 39, 42, 45, 49, 52, 55, 58, 61]
Queue: [64, 67, 70, 74, 77, 80, 83, 86, 89, 92]
arn:aws:lambda:us-east-1:858228748133:function:getHiscores8
{'64': [[208, 208, 208, 208, 208, 208, 207, 207, 207, 207, 207, 207, 207, 207, 207, 207, 207, 207, 207, 206, 206, 206, 206, 206, 206], False], '67': [[200, 200, 200, 200, 200, 200, 200, 200, 200, 200, 200, 200, 200, 200, 200, 200, 200, 200, 199, 199, 199, 199, 199, 199, 199], False], '70': [[194, 194, 194, 194, 194, 194, 194, 194, 194, 193, 193, 193, 193, 193, 193, 193, 193, 193, 193, 193, 193, 193, 192, 192, 192], False], '74': [[185, 185, 185, 185, 185, 185, 185, 185, 185, 185, 185, 185, 185, 185, 185, 185, 184, 184, 184, 184, 184, 184, 184, 184, 184], False], '77': [[180, 180, 180, 180, 180, 180, 179, 179, 179, 179, 179, 179, 179, 179, 179, 178, 178, 178, 178, 178, 178, 178, 178, 178, 178], False], '80': [[174, 174, 174, 174, 174, 174, 174, 174, 174, 174, 174, 174, 174, 174, 174, 173, 173, 173, 173, 173, 173, 173, 173, 173, 173], False], '83': [[169, 169, 169, 169, 169, 169, 169, 169, 169, 169, 169, 169, 169, 169, 168, 168, 168, 168, 168, 168, 168, 168, 168, 168, 168], False], '86': [[165, 165, 164, 164, 164, 164, 164, 164, 164, 164, 164, 164, 164, 164, 164, 164, 163, 163, 163, 163, 163, 163, 163, 163, 163], False], '89': [[160, 160, 160, 160, 160, 160, 160, 160, 160, 160, 160, 160, 160, 159, 159, 159, 159, 159, 159, 159, 159, 159, 159, 159, 159], False], '92': [[157, 157, 157, 157, 157, 157, 156, 156, 156, 156, 156, 156, 156, 156, 156, 156, 156, 156, 156, 156, 155, 155, 155, 155, 155], False]}
dict_keys(['64', '67', '70', '74', '77', '80', '83', '86', '89', '92'])
[64, 67, 70, 74, 77, 80, 83, 86, 89, 92]
Queue: [95, 99, 102, 105, 108, 111, 114, 117, 120, 124]
arn:aws:lambda:us-east-1:858228748133:function:getHiscores5
{'95': [[152, 152, 152, 152, 152, 151, 151, 151, 151, 151, 151, 151, 151, 151, 151, 151, 151, 151, 151, 150, 150, 150, 150, 150, 150], False], '99': [[146, 146, 146, 146, 146, 146, 146, 146, 146, 146, 146, 146, 146, 146, 146, 146, 146, 146, 146, 146, 146, 146, 145, 145, 145], False], '102': [[143, 143, 143, 143, 143, 143, 143, 143, 143, 143, 142, 142, 142, 142, 142, 142, 142, 142, 142, 142, 142, 142, 142, 142, 142], False], '105': [[139, 139, 139, 139, 139, 139, 139, 139, 138, 138, 138, 138, 138, 138, 138, 138, 138, 138, 138, 138, 138, 138, 138, 137, 137], False], '108': [[135, 135, 135, 135, 134, 134, 134, 134, 134, 134, 134, 134, 134, 134, 134, 134, 134, 133, 133, 133, 133, 133, 133, 133, 133], False], '111': [[131, 131, 131, 131, 131, 131, 131, 131, 131, 131, 131, 131, 131, 131, 131, 131, 131, 130, 130, 130, 130, 130, 130, 130, 130], False], '114': [[128, 128, 128, 128, 128, 128, 128, 128, 128, 128, 128, 128, 128, 128, 128, 128, 127, 127, 127, 127, 127, 127, 127, 127, 127], False], '117': [[125, 125, 125, 125, 125, 125, 125, 125, 125, 125, 125, 124, 124, 124, 124, 124, 124, 124, 124, 124, 124, 124, 124, 124, 124], False], '120': [[121, 121, 121, 121, 121, 121, 121, 121, 121, 121, 121, 121, 121, 121, 121, 121, 121, 121, 121, 121, 121, 121, 121, 121, 121], False], '124': [[117, 117, 117, 117, 117, 117, 117, 117, 117, 117, 117, 117, 117, 117, 116, 116, 116, 116, 116, 116, 116, 116, 116, 116, 116], False]}
dict_keys(['95', '99', '102', '105', '108', '111', '114', '117', '120', '124'])
[95, 99, 102, 105, 108, 111, 114, 117, 120, 124]
Queue: [127, 130, 133, 136, 139, 142, 145, 149, 152, 155]
arn:aws:lambda:us-east-1:858228748133:function:getHiscores9
{'127': [[114, 114, 114, 114, 114, 114, 114, 114, 114, 114, 114, 114, 113, 113, 113, 113, 113, 113, 113, 113, 113, 113, 113, 113, 113], False], '130': [[111, 111, 111, 111, 111, 111, 111, 111, 111, 111, 111, 111, 111, 111, 110, 110, 110, 110, 110, 110, 110, 110, 110, 110, 110], False], '133': [[108, 108, 108, 108, 108, 108, 108, 108, 108, 108, 108, 108, 108, 108, 108, 108, 108, 108, 108, 108, 108, 108, 107, 107, 107], False], '136': [[106, 106, 106, 106, 106, 106, 105, 105, 105, 105, 105, 105, 105, 105, 105, 105, 105, 105, 105, 105, 105, 105, 105, 105, 105], False], '139': [[103, 103, 103, 103, 103, 103, 103, 103, 103, 103, 103, 103, 103, 103, 103, 103, 103, 103, 103, 103, 103, 103, 103, 102, 102], False], '142': [[101, 101, 101, 101, 101, 101, 101, 101, 101, 100, 100, 100, 100, 100, 100, 100, 100, 100, 100, 100, 100, 100, 100, 100, 100], False], '145': [[98, 98, 98, 98, 98, 98, 98, 98, 98, 98, 98, 97, 97, 97, 97, 97, 97, 97, 97, 97, 97, 97, 97, 97, 97], False], '149': [[95, 95, 95, 95, 95, 94, 94, 94, 94, 94, 94, 94, 94, 94, 94, 94, 94, 94, 94, 94, 94, 94, 94, 94, 94], False], '152': [[92, 92, 92, 92, 92, 92, 92, 92, 92, 92, 92, 92, 92, 92, 92, 92, 92, 92, 92, 92, 92, 92, 92, 92, 92], False], '155': [[90, 90, 90, 90, 90, 90, 90, 90, 90, 90, 90, 90, 90, 90, 90, 90, 90, 90, 90, 90, 90, 90, 90, 90, 89], False]}
dict_keys(['127', '130', '133', '136', '139', '142', '145', '149', '152', '155'])
[127, 130, 133, 136, 139, 142, 145, 149, 152, 155]
Queue: [158, 161, 164, 167, 170, 174, 177, 180, 183, 186]
arn:aws:lambda:us-east-1:858228748133:function:getHiscores7
{'158': [[88, 88, 88, 88, 88, 88, 88, 88, 88, 88, 88, 88, 88, 88, 88, 88, 88, 88, 88, 88, 87, 87, 87, 87, 87], False], '161': [[86, 86, 86, 86, 86, 86, 86, 86, 86, 86, 86, 86, 86, 86, 86, 86, 86, 85, 85, 85, 85, 85, 85, 85, 85], False], '164': [[84, 84, 84, 84, 84, 84, 84, 84, 84, 83, 83, 83, 83, 83, 83, 83, 83, 83, 83, 83, 83, 83, 83, 83, 83], False], '167': [[82, 82, 82, 81, 81, 81, 81, 81, 81, 81, 81, 81, 81, 81, 81, 81, 81, 81, 81, 81, 81, 81, 81, 81, 81], False], '170': [[80, 80, 80, 80, 80, 80, 80, 80, 80, 80, 80, 79, 79, 79, 79, 79, 79, 79, 79, 79, 79, 79, 79, 79, 79], False], '174': [[77, 77, 77, 77, 77, 77, 77, 77, 77, 77, 77, 77, 77, 77, 77, 77, 77, 77, 77, 77, 77, 77, 77, 77, 77], False], '177': [[75, 75, 75, 75, 75, 75, 75, 75, 75, 75, 75, 75, 75, 75, 75, 75, 75, 75, 75, 75, 75, 75, 75, 75, 75], False], '180': [[73, 73, 73, 73, 73, 73, 73, 73, 73, 73, 73, 73, 73, 73, 73, 73, 73, 73, 73, 73, 73, 73, 73, 73, 73], False], '183': [[71, 71, 71, 71, 71, 71, 71, 71, 71, 71, 71, 71, 71, 71, 71, 71, 71, 71, 71, 71, 71, 71, 71, 71, 71], False], '186': [[70, 70, 70, 70, 70, 70, 70, 70, 70, 70, 70, 70, 70, 70, 70, 70, 70, 69, 69, 69, 69, 69, 69, 69, 69], False]}
dict_keys(['158', '161', '164', '167', '170', '174', '177', '180', '183', '186'])
[158, 161, 164, 167, 170, 174, 177, 180, 183, 186]
Queue: [189, 192, 195, 199, 202, 205, 208, 214, 217, 220]
arn:aws:lambda:us-east-1:858228748133:function:getHiscores3
{'189': [[68, 68, 68, 68, 68, 68, 68, 68, 68, 68, 68, 68, 68, 68, 68, 68, 68, 68, 68, 68, 68, 68, 68, 68, 68], False], '192': [[66, 66, 66, 66, 66, 66, 66, 66, 66, 66, 66, 66, 66, 66, 66, 66, 66, 66, 66, 66, 66, 66, 66, 66, 66], False], '195': [[65, 65, 65, 65, 65, 65, 65, 65, 65, 65, 65, 65, 65, 64, 64, 64, 64, 64, 64, 64, 64, 64, 64, 64, 64], False], '199': [[63, 63, 63, 63, 63, 63, 63, 63, 63, 63, 63, 63, 63, 63, 63, 63, 63, 63, 62, 62, 62, 62, 62, 62, 62], False], '202': [[61, 61, 61, 61, 61, 61, 61, 61, 61, 61, 61, 61, 61, 61, 61, 61, 61, 61, 61, 61, 61, 61, 61, 61, 61], False], '205': [[60, 60, 60, 60, 60, 60, 60, 60, 60, 60, 60, 60, 60, 60, 60, 60, 60, 59, 59, 59, 59, 59, 59, 59, 59], False], '208': [[59, 59, 59, 59, 59, 59, 58, 58, 58, 58, 58, 58, 58, 58, 58, 58, 58, 58, 58, 58, 58, 58, 58, 58, 58], False], '214': [[56, 56, 56, 56, 56, 56, 56, 56, 56, 56, 56, 56, 56, 56, 56, 56, 56, 56, 56, 56, 56, 56, 56, 56, 56], False], '217': [[55, 55, 55, 55, 55, 55, 55, 55, 55, 55, 55, 55, 55, 55, 55, 55, 55, 55, 55, 55, 55, 55, 55, 55, 55], False], '220': [[54, 54, 54, 54, 54, 54, 54, 54, 54, 54, 54, 54, 54, 54, 54, 54, 54, 54, 54, 54, 54, 54, 54, 54, 54], False]}
dict_keys(['189', '192', '195', '199', '202', '205', '208', '214', '217', '220'])
[189, 192, 195, 199, 202, 205, 208, 214, 217, 220]
Queue: [224, 230, 233, 236, 239, 242, 245, 249, 264, 267]
arn:aws:lambda:us-east-1:858228748133:function:getHiscores9
{'224': [[52, 52, 52, 52, 52, 52, 52, 52, 52, 52, 52, 52, 52, 52, 52, 52, 52, 52, 52, 52, 52, 52, 52, 52, 52], False], '230': [[50, 50, 50, 50, 50, 50, 50, 50, 50, 50, 50, 50, 50, 50, 50, 50, 50, 50, 50, 50, 50, 50, 50, 50, 50], False], '233': [[49, 49, 49, 49, 49, 49, 49, 49, 49, 49, 49, 49, 49, 49, 49, 49, 49, 49, 49, 49, 49, 49, 49, 49, 49], False], '236': [[48, 48, 48, 48, 48, 48, 48, 48, 48, 48, 48, 48, 48, 48, 48, 48, 47, 47, 47, 47, 47, 47, 47, 47, 47], False], '239': [[47, 47, 47, 47, 47, 47, 47, 47, 47, 47, 47, 47, 47, 47, 47, 47, 47, 46, 46, 46, 46, 46, 46, 46, 46], False], '242': [[46, 46, 46, 46, 46, 46, 46, 46, 46, 46, 46, 46, 46, 46, 46, 45, 45, 45, 45, 45, 45, 45, 45, 45, 45], False], '245': [[45, 45, 45, 44, 44, 44, 44, 44, 44, 44, 44, 44, 44, 44, 44, 44, 44, 44, 44, 44, 44, 44, 44, 44, 44], False], '249': [[43, 43, 43, 43, 43, 43, 43, 43, 43, 43, 43, 43, 43, 43, 43, 43, 43, 43, 43, 43, 43, 43, 43, 43, 43], False], '264': [[39, 39, 39, 39, 39, 39, 39, 39, 38, 38, 38, 38, 38, 38, 38, 38, 38, 38, 38, 38, 38, 38, 38, 38, 38], False], '267': [[38, 38, 38, 38, 38, 38, 38, 38, 38, 38, 38, 38, 38, 38, 38, 37, 37, 37, 37, 37, 37, 37, 37, 37, 37], False]}
dict_keys(['224', '230', '233', '236', '239', '242', '245', '249', '264', '267'])
[224, 230, 233, 236, 239, 242, 245, 249, 264, 267]
Queue: [270, 274, 277, 280, 283, 292, 305, 314, 320, 342]
arn:aws:lambda:us-east-1:858228748133:function:getHiscores9
{'270': [[37, 37, 37, 37, 37, 37, 37, 37, 37, 37, 37, 37, 37, 37, 37, 37, 37, 37, 37, 37, 37, 37, 37, 37, 37], False], '274': [[36, 36, 36, 36, 36, 36, 36, 36, 36, 36, 35, 35, 35, 35, 35, 35, 35, 35, 35, 35, 35, 35, 35, 35, 35], False], '277': [[35, 35, 35, 35, 35, 35, 35, 35, 35, 35, 35, 35, 35, 35, 35, 35, 35, 35, 35, 35, 35, 35, 35, 35, 35], False], '280': [[34, 34, 34, 34, 34, 34, 34, 34, 34, 34, 34, 34, 34, 34, 34, 34, 34, 34, 34, 34, 34, 34, 34, 34, 34], False], '283': [[33, 33, 33, 33, 33, 33, 33, 33, 33, 33, 33, 33, 33, 33, 33, 33, 33, 33, 33, 33, 33, 33, 33, 33, 33], False], '292': [[31, 31, 31, 31, 31, 31, 31, 31, 31, 31, 31, 31, 31, 31, 31, 31, 31, 31, 31, 31, 31, 31, 31, 31, 31], False], '305': [[28, 28, 28, 28, 28, 28, 28, 28, 28, 28, 28, 28, 28, 28, 28, 28, 28, 28, 28, 28, 28, 28, 28, 28, 28], False], '314': [[26, 26, 26, 26, 26, 26, 26, 26, 26, 26, 26, 26, 26, 26, 26, 26, 26, 26, 26, 26, 26, 26, 26, 26, 26], False], '320': [[25, 25, 25, 25, 25, 25, 25, 25, 24, 24, 24, 24, 24, 24, 24, 24, 24, 24, 24, 24, 24, 24, 24, 24, 24], False], '342': [[21, 21, 21, 21, 21, 21, 21, 21, 21, 21, 21, 21, 21, 21, 21, 21, 21, 21, 21, 21, 21, 21, 21, 21, 21], False]}
dict_keys(['270', '274', '277', '280', '283', '292', '305', '314', '320', '342'])
[270, 274, 277, 280, 283, 292, 305, 314, 320, 342]
Queue: [349, 364, 380, 389, 399]
arn:aws:lambda:us-east-1:858228748133:function:getHiscores8
{'349': [[20, 20, 20, 20, 20, 20, 20, 20, 20, 20, 20, 20, 20, 20, 20, 20, 20, 20, 20, 20, 20, 20, 20, 20, 20], False], '364': [[18, 18, 18, 18, 18, 18, 18, 18, 18, 18, 18, 18, 18, 18, 18, 18, 18, 18, 18, 18, 18, 18, 18, 18, 18], False], '380': [[16, 16, 16, 16, 16, 16, 16, 16, 16, 16, 16, 16, 16, 16, 16, 16, 16, 16, 16, 16, 16, 16, 16, 16, 16], False], '389': [[15, 15, 15, 15, 15, 15, 15, 15, 15, 15, 15, 15, 15, 15, 15, 15, 15, 15, 14, 14, 14, 14, 14, 14, 14], False], '399': [[14, 14, 14, 14, 14, 13, 13, 13, 13, 13, 13, 13, 13, 13, 13, 13, 13, 13, 13, 13, 13, 13, 13, 13, 13], False]}
dict_keys(['349', '364', '380', '389', '399'])
[349, 364, 380, 389, 399]
Queue: [3, 6, 9, 12, 15, 18, 21, 23, 25, 28]
arn:aws:lambda:us-east-1:858228748133:function:getHiscores3
{'3': [[1087, 1074, 1073, 1063, 1058, 1052, 1050, 1047, 1042, 1042, 1023, 1016, 1002, 1000, 988, 980, 972, 968, 965, 963, 958, 954, 951, 940, 938], False], '6': [[754, 747, 740, 740, 737, 735, 735, 726, 725, 725, 724, 722, 719, 714, 714, 712, 710, 709, 708, 704, 701, 701, 701, 700, 700], False], '9': [[623, 621, 620, 618, 617, 617, 614, 613, 610, 609, 609, 607, 607, 604, 604, 602, 600, 600, 599, 597, 595, 593, 592, 590, 590], False], '12': [[538, 538, 537, 537, 537, 537, 537, 536, 536, 535, 534, 534, 534, 534, 533, 532, 532, 532, 531, 531, 530, 529, 529, 529, 528], False], '15': [[483, 482, 482, 481, 481, 480, 479, 479, 479, 479, 479, 479, 478, 477, 476, 476, 475, 474, 474, 473, 472, 472, 472, 471, 470], False], '18': [[448, 448, 447, 447, 447, 447, 446, 446, 445, 444, 444, 444, 443, 443, 443, 442, 442, 441, 441, 441, 440, 440, 439, 438, 437], False], '21': [[415, 415, 414, 413, 413, 412, 412, 412, 411, 411, 410, 409, 408, 408, 407, 407, 407, 405, 405, 405, 404, 404, 404, 404, 403], False], '23': [[393, 392, 392, 392, 392, 390, 390, 389, 389, 389, 389, 388, 388, 388, 387, 387, 387, 386, 385, 385, 385, 385, 384, 384, 383], False], '25': [[374, 374, 374, 373, 371, 371, 371, 370, 370, 369, 369, 369, 369, 369, 368, 368, 368, 368, 367, 367, 367, 366, 366, 366, 366], False], '28': [[349, 349, 347, 347, 347, 347, 347, 346, 346, 346, 345, 344, 344, 344, 344, 343, 343, 342, 342, 341, 340, 340, 340, 340, 339], False]}
dict_keys(['3', '6', '9', '12', '15', '18', '21', '23', '25', '28'])
[3, 6, 9, 12, 15, 18, 21, 23, 25, 28]
Queue: [31, 34, 37, 40, 43, 46, 48, 50, 53, 56]
arn:aws:lambda:us-east-1:858228748133:function:getHiscores1
{'31': [[325, 325, 325, 325, 324, 324, 324, 324, 324, 323, 323, 323, 323, 323, 323, 323, 323, 323, 322, 322, 322, 322, 322, 322, 322], False], '34': [[312, 312, 312, 311, 311, 311, 310, 310, 310, 310, 310, 310, 309, 309, 309, 309, 309, 309, 309, 309, 308, 308, 308, 307, 307], False], '37': [[296, 295, 295, 295, 295, 295, 295, 295, 295, 294, 294, 294, 294, 294, 294, 294, 294, 294, 294, 294, 293, 293, 293, 293, 293], False], '40': [[283, 283, 283, 283, 283, 283, 283, 282, 282, 282, 282, 282, 282, 282, 282, 282, 281, 281, 281, 281, 281, 281, 281, 280, 280], False], '43': [[270, 269, 269, 269, 269, 269, 269, 269, 269, 268, 268, 268, 268, 268, 268, 267, 267, 267, 267, 267, 267, 267, 267, 267, 266], False], '46': [[260, 260, 260, 260, 260, 260, 260, 260, 260, 260, 259, 259, 259, 259, 259, 259, 259, 259, 258, 258, 258, 258, 258, 258, 257], False], '48': [[252, 252, 252, 252, 251, 251, 251, 251, 251, 251, 251, 251, 251, 250, 250, 250, 250, 250, 250, 250, 250, 250, 250, 250, 249], False], '50': [[245, 245, 245, 245, 245, 245, 245, 245, 245, 245, 244, 244, 244, 244, 244, 244, 244, 244, 244, 244, 244, 244, 244, 243, 243], False], '53': [[236, 236, 236, 236, 236, 236, 236, 236, 235, 235, 235, 235, 235, 235, 235, 235, 235, 234, 234, 234, 234, 234, 234, 233, 233], False], '56': [[227, 227, 227, 227, 227, 227, 226, 226, 225, 225, 225, 225, 225, 225, 225, 225, 225, 225, 225, 225, 225, 224, 224, 224, 224], False]}
dict_keys(['31', '34', '37', '40', '43', '46', '48', '50', '53', '56'])
[31, 34, 37, 40, 43, 46, 48, 50, 53, 56]
Queue: [59, 62, 65, 68, 71, 73, 75, 78, 81, 84]
arn:aws:lambda:us-east-1:858228748133:function:getHiscores8
{'59': [[219, 219, 219, 219, 219, 219, 219, 219, 219, 218, 218, 218, 218, 218, 218, 218, 218, 218, 218, 218, 217, 217, 217, 217, 217], False], '62': [[212, 212, 212, 212, 212, 212, 211, 211, 211, 211, 211, 211, 211, 211, 211, 211, 210, 210, 210, 210, 210, 210, 210, 210, 210], False], '65': [[206, 205, 205, 205, 205, 205, 205, 205, 205, 205, 204, 204, 204, 204, 204, 204, 203, 203, 203, 203, 203, 203, 203, 203, 203], False], '68': [[198, 198, 198, 198, 198, 198, 198, 198, 197, 197, 197, 197, 197, 197, 197, 197, 197, 196, 196, 196, 196, 196, 196, 196, 196], False], '71': [[192, 192, 192, 192, 192, 192, 192, 191, 191, 191, 191, 191, 191, 191, 191, 191, 191, 191, 191, 191, 191, 191, 191, 190, 190], False], '73': [[188, 188, 188, 188, 187, 187, 187, 187, 187, 187, 187, 187, 187, 187, 187, 186, 186, 186, 186, 186, 186, 186, 186, 186, 185], False], '75': [[184, 184, 184, 183, 183, 183, 183, 183, 183, 183, 183, 183, 183, 183, 182, 182, 182, 182, 182, 182, 182, 182, 182, 182, 182], False], '78': [[178, 178, 178, 178, 178, 178, 177, 177, 177, 177, 177, 177, 177, 177, 177, 177, 176, 176, 176, 176, 176, 176, 176, 176, 176], False], '81': [[173, 173, 173, 173, 173, 173, 172, 172, 172, 172, 172, 172, 172, 172, 172, 172, 172, 171, 171, 171, 171, 171, 171, 171, 171], False], '84': [[168, 168, 168, 167, 167, 167, 167, 167, 167, 167, 167, 167, 167, 167, 167, 167, 167, 167, 167, 167, 167, 167, 167, 167, 166], False]}
dict_keys(['59', '62', '65', '68', '71', '73', '75', '78', '81', '84'])
[59, 62, 65, 68, 71, 73, 75, 78, 81, 84]
Queue: [87, 90, 93, 96, 98, 100, 103, 106, 109, 112]
arn:aws:lambda:us-east-1:858228748133:function:getHiscores4
{'87': [[163, 163, 163, 163, 163, 163, 163, 163, 163, 163, 163, 163, 162, 162, 162, 162, 162, 162, 162, 162, 162, 162, 162, 162, 162], False], '90': [[159, 159, 159, 159, 159, 159, 159, 159, 159, 159, 159, 159, 159, 159, 158, 158, 158, 158, 158, 158, 158, 158, 158, 158, 158], False], '93': [[155, 155, 155, 155, 155, 155, 155, 155, 155, 155, 155, 155, 155, 155, 155, 155, 154, 154, 154, 154, 154, 154, 154, 154, 154], False], '96': [[150, 150, 150, 150, 150, 150, 150, 150, 150, 150, 150, 150, 150, 149, 149, 149, 149, 149, 149, 149, 149, 149, 149, 149, 149], False], '98': [[148, 148, 148, 148, 148, 148, 147, 147, 147, 147, 147, 147, 147, 147, 147, 147, 147, 147, 147, 147, 147, 146, 146, 146, 146], False], '100': [[145, 145, 145, 145, 145, 145, 145, 145, 145, 145, 145, 145, 145, 145, 145, 145, 145, 144, 144, 144, 144, 144, 144, 144, 144], False], '103': [[142, 142, 141, 141, 141, 141, 141, 141, 141, 141, 141, 141, 141, 141, 141, 141, 141, 140, 140, 140, 140, 140, 140, 140, 140], False], '106': [[137, 137, 137, 137, 137, 137, 137, 137, 137, 137, 137, 137, 137, 136, 136, 136, 136, 136, 136, 136, 136, 136, 136, 136, 136], False], '109': [[133, 133, 133, 133, 133, 133, 133, 133, 133, 133, 133, 133, 133, 133, 133, 132, 132, 132, 132, 132, 132, 132, 132, 132, 132], False], '112': [[130, 130, 130, 130, 130, 130, 130, 130, 130, 130, 130, 130, 130, 130, 130, 130, 130, 130, 129, 129, 129, 129, 129, 129, 129], False]}
dict_keys(['87', '90', '93', '96', '98', '100', '103', '106', '109', '112'])
[87, 90, 93, 96, 98, 100, 103, 106, 109, 112]
Queue: [115, 118, 121, 123, 125, 128, 131, 137, 140, 146]
arn:aws:lambda:us-east-1:858228748133:function:getHiscores5
{'115': [[127, 127, 127, 127, 127, 127, 127, 127, 127, 127, 127, 127, 127, 127, 127, 127, 127, 126, 126, 126, 126, 126, 126, 126, 126], False], '118': [[124, 124, 124, 124, 124, 124, 123, 123, 123, 123, 123, 123, 123, 123, 123, 123, 123, 123, 123, 123, 123, 123, 123, 123, 123], False], '121': [[120, 120, 120, 120, 120, 120, 120, 120, 120, 120, 120, 120, 120, 120, 120, 120, 120, 120, 120, 120, 119, 119, 119, 119, 119], False], '123': [[118, 118, 118, 118, 118, 118, 118, 118, 118, 118, 118, 118, 118, 118, 118, 118, 118, 117, 117, 117, 117, 117, 117, 117, 117], False], '125': [[116, 116, 116, 116, 116, 116, 116, 116, 116, 116, 116, 116, 116, 116, 115, 115, 115, 115, 115, 115, 115, 115, 115, 115, 115], False], '128': [[113, 113, 113, 113, 113, 113, 113, 113, 113, 112, 112, 112, 112, 112, 112, 112, 112, 112, 112, 112, 112, 112, 112, 112, 112], False], '131': [[110, 110, 110, 110, 110, 110, 110, 110, 110, 110, 110, 110, 110, 110, 110, 110, 110, 110, 109, 109, 109, 109, 109, 109, 109], False], '137': [[105, 105, 105, 105, 105, 105, 105, 105, 105, 105, 105, 105, 104, 104, 104, 104, 104, 104, 104, 104, 104, 104, 104, 104, 104], False], '140': [[102, 102, 102, 102, 102, 102, 102, 102, 102, 102, 102, 102, 102, 102, 102, 102, 102, 102, 102, 102, 102, 102, 102, 102, 101], False], '146': [[97, 97, 97, 97, 97, 97, 97, 97, 97, 97, 97, 96, 96, 96, 96, 96, 96, 96, 96, 96, 96, 96, 96, 96, 96], False]}
dict_keys(['115', '118', '121', '123', '125', '128', '131', '137', '140', '146'])
[115, 118, 121, 123, 125, 128, 131, 137, 140, 146]
Queue: [150, 153, 165, 168, 171, 173, 175, 178, 181, 190]
arn:aws:lambda:us-east-1:858228748133:function:getHiscores5
{'150': [[94, 94, 94, 94, 94, 94, 94, 94, 94, 94, 93, 93, 93, 93, 93, 93, 93, 93, 93, 93, 93, 93, 93, 93, 93], False], '153': [[91, 91, 91, 91, 91, 91, 91, 91, 91, 91, 91, 91, 91, 91, 91, 91, 91, 91, 91, 91, 91, 91, 91, 91, 91], False], '165': [[83, 83, 83, 83, 83, 83, 83, 83, 83, 83, 83, 83, 83, 83, 83, 82, 82, 82, 82, 82, 82, 82, 82, 82, 82], False], '168': [[81, 81, 81, 81, 81, 81, 81, 81, 81, 81, 81, 81, 81, 81, 81, 81, 80, 80, 80, 80, 80, 80, 80, 80, 80], False], '171': [[79, 79, 79, 79, 79, 79, 79, 79, 79, 79, 79, 79, 79, 78, 78, 78, 78, 78, 78, 78, 78, 78, 78, 78, 78], False], '173': [[78, 78, 78, 78, 78, 78, 78, 78, 78, 78, 78, 78, 78, 77, 77, 77, 77, 77, 77, 77, 77, 77, 77, 77, 77], False], '175': [[77, 77, 77, 76, 76, 76, 76, 76, 76, 76, 76, 76, 76, 76, 76, 76, 76, 76, 76, 76, 76, 76, 76, 76, 76], False], '178': [[75, 75, 75, 75, 75, 75, 75, 75, 75, 75, 75, 75, 75, 74, 74, 74, 74, 74, 74, 74, 74, 74, 74, 74, 74], False], '181': [[73, 73, 73, 73, 73, 73, 73, 73, 73, 73, 73, 73, 73, 73, 73, 73, 72, 72, 72, 72, 72, 72, 72, 72, 72], False], '190': [[68, 68, 68, 68, 68, 68, 68, 67, 67, 67, 67, 67, 67, 67, 67, 67, 67, 67, 67, 67, 67, 67, 67, 67, 67], False]}
dict_keys(['150', '153', '165', '168', '171', '173', '175', '178', '181', '190'])
[150, 153, 165, 168, 171, 173, 175, 178, 181, 190]
Queue: [193, 203, 215, 218, 221, 223, 225, 231, 234, 248]
arn:aws:lambda:us-east-1:858228748133:function:getHiscores3
{'193': [[66, 66, 66, 66, 66, 65, 65, 65, 65, 65, 65, 65, 65, 65, 65, 65, 65, 65, 65, 65, 65, 65, 65, 65, 65], False], '203': [[61, 61, 61, 61, 61, 61, 61, 61, 61, 61, 61, 61, 61, 61, 61, 61, 61, 61, 61, 60, 60, 60, 60, 60, 60], False], '215': [[56, 56, 56, 56, 56, 56, 56, 56, 56, 56, 56, 56, 55, 55, 55, 55, 55, 55, 55, 55, 55, 55, 55, 55, 55], False], '218': [[55, 55, 55, 55, 55, 55, 55, 55, 54, 54, 54, 54, 54, 54, 54, 54, 54, 54, 54, 54, 54, 54, 54, 54, 54], False], '221': [[54, 53, 53, 53, 53, 53, 53, 53, 53, 53, 53, 53, 53, 53, 53, 53, 53, 53, 53, 53, 53, 53, 53, 53, 53], False], '223': [[53, 53, 53, 53, 53, 53, 53, 53, 53, 53, 53, 53, 53, 53, 53, 53, 53, 53, 53, 52, 52, 52, 52, 52, 52], False], '225': [[52, 52, 52, 52, 52, 52, 52, 52, 52, 52, 52, 52, 52, 52, 52, 52, 52, 52, 52, 52, 52, 52, 52, 52, 52], False], '231': [[50, 50, 50, 50, 50, 50, 50, 50, 50, 50, 50, 50, 50, 50, 50, 50, 50, 50, 50, 50, 50, 50, 50, 50, 50], False], '234': [[49, 49, 49, 49, 49, 49, 48, 48, 48, 48, 48, 48, 48, 48, 48, 48, 48, 48, 48, 48, 48, 48, 48, 48, 48], False], '248': [[44, 44, 44, 44, 44, 44, 44, 44, 44, 43, 43, 43, 43, 43, 43, 43, 43, 43, 43, 43, 43, 43, 43, 43, 43], False]}
dict_keys(['193', '203', '215', '218', '221', '223', '225', '231', '234', '248'])
[193, 203, 215, 218, 221, 223, 225, 231, 234, 248]
Queue: [271, 278, 281, 284, 293, 306, 315, 343, 350, 365]
arn:aws:lambda:us-east-1:858228748133:function:getHiscores5
{'271': [[37, 37, 37, 37, 37, 37, 36, 36, 36, 36, 36, 36, 36, 36, 36, 36, 36, 36, 36, 36, 36, 36, 36, 36, 36], False], '278': [[35, 35, 35, 34, 34, 34, 34, 34, 34, 34, 34, 34, 34, 34, 34, 34, 34, 34, 34, 34, 34, 34, 34, 34, 34], False], '281': [[34, 34, 34, 34, 34, 34, 34, 34, 34, 34, 34, 34, 34, 33, 33, 33, 33, 33, 33, 33, 33, 33, 33, 33, 33], False], '284': [[33, 33, 33, 33, 33, 33, 33, 33, 33, 33, 33, 33, 33, 33, 33, 33, 33, 33, 33, 33, 33, 32, 32, 32, 32], False], '293': [[31, 31, 30, 30, 30, 30, 30, 30, 30, 30, 30, 30, 30, 30, 30, 30, 30, 30, 30, 30, 30, 30, 30, 30, 30], False], '306': [[28, 28, 28, 28, 28, 28, 27, 27, 27, 27, 27, 27, 27, 27, 27, 27, 27, 27, 27, 27, 27, 27, 27, 27, 27], False], '315': [[26, 26, 26, 26, 26, 26, 26, 26, 26, 26, 26, 26, 26, 26, 26, 26, 26, 25, 25, 25, 25, 25, 25, 25, 25], False], '343': [[21, 21, 21, 21, 21, 21, 21, 21, 21, 21, 21, 21, 21, 21, 21, 21, 21, 21, 21, 21, 21, 21, 21, 21, 21], False], '350': [[20, 20, 20, 20, 20, 20, 20, 20, 20, 20, 20, 20, 20, 20, 20, 20, 20, 20, 20, 20, 20, 20, 20, 19, 19], False], '365': [[18, 18, 18, 18, 18, 18, 18, 18, 18, 18, 18, 18, 18, 18, 18, 18, 18, 18, 17, 17, 17, 17, 17, 17, 17], False]}
dict_keys(['271', '278', '281', '284', '293', '306', '315', '343', '350', '365'])
[271, 278, 281, 284, 293, 306, 315, 343, 350, 365]
Queue: [381]
arn:aws:lambda:us-east-1:858228748133:function:getHiscores8
{'381': [[16, 15, 15, 15, 15, 15, 15, 15, 15, 15, 15, 15, 15, 15, 15, 15, 15, 15, 15, 15, 15, 15, 15, 15, 15], False]}
dict_keys(['381'])
[381]
[None, [2692, 2591, 2406, 2370, 2329, 2264, 2174, 2152, 2080, 2005, 2004, 2000, 2000, 2000, 1910, 1842, 1817, 1659, 1579, 1543, 1503, 1491, 1474, 1472, 1462], [1359, 1316, 1302, 1287, 1256, 1248, 1242, 1223, 1211, 1202, 1184, 1183, 1183, 1177, 1169, 1163, 1161, 1158, 1154, 1149, 1147, 1116, 1113, 1103, 1101], [1087, 1074, 1073, 1063, 1058, 1052, 1050, 1047, 1042, 1042, 1023, 1016, 1002, 1000, 988, 980, 972, 968, 965, 963, 958, 954, 951, 940, 938], [933, 932, 922, 907, 906, 905, 903, 899, 894, 893, 873, 872, 871, 870, 870, 860, 860, 857, 850, 848, 843, 842, 841, 838, 836], [835, 835, 832, 831, 827, 812, 809, 803, 802, 801, 800, 800, 799, 792, 791, 788, 784, 778, 777, 774, 771, 770, 768, 768, 758], [754, 747, 740, 740, 737, 735, 735, 726, 725, 725, 724, 722, 719, 714, 714, 712, 710, 709, 708, 704, 701, 701, 701, 700, 700], [695, 695, 695, 694, 693, 693, 691, 690, 688, 688, 686, 685, 685, 684, 683, 683, 678, 678, 678, 677, 674, 672, 672, 672, 666], [665, 664, 661, 660, 656, 651, 650, 648, 646, 644, 643, 641, 641, 640, 639, 639, 635, 632, 631, 629, 629, 629, 627, 625, 623], [623, 621, 620, 618, 617, 617, 614, 613, 610, 609, 609, 607, 607, 604, 604, 602, 600, 600, 599, 597, 595, 593, 592, 590, 590], [590, 586, 585, 584, 583, 582, 582, 581, 581, 581, 580, 580, 578, 578, 578, 578, 578, 578, 577, 577, 577, 571, 569, 569, 569], [567, 566, 563, 562, 561, 560, 558, 557, 555, 555, 552, 551, 550, 549, 549, 547, 545, 544, 543, 541, 540, 539, 539, 539, 538], [538, 538, 537, 537, 537, 537, 537, 536, 536, 535, 534, 534, 534, 534, 533, 532, 532, 532, 531, 531, 530, 529, 529, 529, 528], [527, 525, 525, 525, 523, 523, 523, 520, 520, 520, 517, 516, 516, 516, 514, 514, 514, 513, 513, 512, 512, 512, 511, 511, 509], [509, 508, 508, 506, 505, 504, 503, 502, 501, 500, 500, 498, 497, 496, 494, 493, 492, 492, 491, 491, 490, 487, 484, 484, 483], [483, 482, 482, 481, 481, 480, 479, 479, 479, 479, 479, 479, 478, 477, 476, 476, 475, 474, 474, 473, 472, 472, 472, 471, 470], [469, 469, 468, 468, 467, 467, 467, 467, 466, 465, 465, 465, 464, 464, 464, 463, 463, 462, 462, 461, 461, 461, 461, 460, 460], [460, 460, 459, 459, 459, 458, 458, 458, 458, 458, 457, 457, 456, 456, 456, 455, 455, 454, 454, 453, 450, 450, 449, 449, 448], [448, 448, 447, 447, 447, 447, 446, 446, 445, 444, 444, 444, 443, 443, 443, 442, 442, 441, 441, 441, 440, 440, 439, 438, 437], [437, 436, 435, 435, 435, 435, 434, 433, 433, 433, 433, 432, 432, 432, 431, 431, 430, 430, 430, 430, 429, 429, 428, 428, 427], [426, 425, 425, 425, 424, 424, 423, 423, 422, 422, 422, 422, 421, 421, 420, 420, 419, 418, 417, 417, 417, 417, 417, 416, 416], [415, 415, 414, 413, 413, 412, 412, 412, 411, 411, 410, 409, 408, 408, 407, 407, 407, 405, 405, 405, 404, 404, 404, 404, 403], [403, 402, 402, 402, 401, 401, 400, 400, 400, 400, 400, 400, 400, 400, 399, 399, 399, 398, 397, 396, 396, 395, 395, 394, 393], [393, 392, 392, 392, 392, 390, 390, 389, 389, 389, 389, 388, 388, 388, 387, 387, 387, 386, 385, 385, 385, 385, 384, 384, 383], [383, 383, 383, 382, 382, 381, 381, 381, 380, 380, 379, 379, 379, 378, 378, 377, 377, 376, 376, 376, 376, 376, 375, 374, 374], [374, 374, 374, 373, 371, 371, 371, 370, 370, 369, 369, 369, 369, 369, 368, 368, 368, 368, 367, 367, 367, 366, 366, 366, 366], [366, 365, 365, 364, 363, 363, 362, 362, 361, 361, 361, 361, 360, 360, 359, 359, 359, 359, 358, 358, 358, 358, 358, 358, 357], [357, 356, 356, 356, 355, 355, 354, 353, 353, 353, 353, 353, 352, 352, 352, 352, 352, 352, 351, 351, 350, 350, 350, 349, 349], [349, 349, 347, 347, 347, 347, 347, 346, 346, 346, 345, 344, 344, 344, 344, 343, 343, 342, 342, 341, 340, 340, 340, 340, 339], [339, 338, 338, 338, 337, 337, 337, 336, 336, 336, 336, 336, 336, 335, 335, 335, 334, 334, 334, 334, 333, 333, 333, 333, 332], [332, 332, 330, 330, 330, 329, 329, 328, 328, 328, 328, 327, 327, 327, 327, 327, 327, 327, 326, 326, 326, 326, 326, 326, 325], [325, 325, 325, 325, 324, 324, 324, 324, 324, 323, 323, 323, 323, 323, 323, 323, 323, 323, 322, 322, 322, 322, 322, 322, 322], [322, 321, 321, 321, 321, 320, 320, 320, 320, 320, 320, 320, 320, 320, 320, 320, 319, 319, 319, 318, 318, 318, 318, 318, 317], [317, 315, 315, 315, 315, 315, 314, 314, 314, 314, 314, 313, 313, 313, 313, 313, 313, 313, 313, 312, 312, 312, 312, 312, 312], [312, 312, 312, 311, 311, 311, 310, 310, 310, 310, 310, 310, 309, 309, 309, 309, 309, 309, 309, 309, 308, 308, 308, 307, 307], [306, 306, 306, 306, 306, 305, 305, 305, 304, 304, 304, 303, 303, 303, 303, 302, 302, 302, 302, 302, 302, 302, 301, 301, 301], [301, 301, 300, 300, 300, 300, 300, 300, 299, 299, 299, 299, 299, 298, 298, 298, 297, 297, 297, 296, 296, 296, 296, 296, 296], [296, 295, 295, 295, 295, 295, 295, 295, 295, 294, 294, 294, 294, 294, 294, 294, 294, 294, 294, 294, 293, 293, 293, 293, 293], [292, 292, 292, 292, 291, 291, 291, 291, 291, 291, 290, 290, 290, 290, 290, 290, 290, 290, 290, 289, 289, 289, 289, 289, 288], [288, 288, 288, 287, 287, 287, 287, 287, 286, 286, 286, 286, 285, 285, 285, 285, 285, 284, 284, 284, 284, 284, 283, 283, 283], [283, 283, 283, 283, 283, 283, 283, 282, 282, 282, 282, 282, 282, 282, 282, 282, 281, 281, 281, 281, 281, 281, 281, 280, 280], [280, 279, 279, 279, 279, 279, 278, 278, 278, 278, 277, 277, 277, 277, 277, 277, 277, 276, 276, 276, 276, 276, 275, 275, 275], [275, 275, 274, 274, 274, 274, 274, 274, 274, 273, 273, 273, 273, 273, 272, 272, 272, 272, 272, 272, 271, 271, 271, 270, 270], [270, 269, 269, 269, 269, 269, 269, 269, 269, 268, 268, 268, 268, 268, 268, 267, 267, 267, 267, 267, 267, 267, 267, 267, 266], [266, 266, 266, 265, 265, 265, 265, 265, 265, 265, 265, 264, 264, 264, 264, 264, 264, 264, 264, 264, 263, 263, 263, 263, 263], [263, 263, 263, 263, 263, 263, 262, 262, 262, 262, 262, 262, 262, 262, 262, 261, 261, 261, 261, 261, 261, 261, 261, 261, 261], [260, 260, 260, 260, 260, 260, 260, 260, 260, 260, 259, 259, 259, 259, 259, 259, 259, 259, 258, 258, 258, 258, 258, 258, 257], [257, 257, 257, 257, 257, 256, 256, 256, 256, 256, 256, 255, 255, 254, 254, 254, 254, 254, 254, 254, 254, 254, 253, 253, 253], [252, 252, 252, 252, 251, 251, 251, 251, 251, 251, 251, 251, 251, 250, 250, 250, 250, 250, 250, 250, 250, 250, 250, 250, 249], [249, 249, 249, 249, 249, 249, 248, 248, 248, 248, 248, 248, 248, 248, 247, 247, 247, 247, 247, 246, 246, 246, 246, 246, 245], [245, 245, 245, 245, 245, 245, 245, 245, 245, 245, 244, 244, 244, 244, 244, 244, 244, 244, 244, 244, 244, 244, 244, 243, 243], [243, 243, 243, 243, 243, 243, 243, 242, 242, 242, 242, 242, 242, 242, 242, 241, 241, 241, 241, 241, 241, 241, 241, 241, 240], [240, 240, 240, 240, 239, 239, 239, 239, 239, 239, 238, 238, 238, 238, 238, 238, 237, 237, 237, 237, 237, 237, 237, 237, 237], [236, 236, 236, 236, 236, 236, 236, 236, 235, 235, 235, 235, 235, 235, 235, 235, 235, 234, 234, 234, 234, 234, 234, 233, 233], [233, 233, 233, 233, 233, 233, 232, 232, 232, 232, 232, 232, 232, 231, 231, 231, 231, 231, 231, 231, 231, 231, 230, 230, 230], [230, 230, 230, 230, 230, 229, 229, 229, 229, 229, 229, 229, 229, 229, 229, 229, 229, 228, 228, 228, 228, 227, 227, 227, 227], [227, 227, 227, 227, 227, 227, 226, 226, 225, 225, 225, 225, 225, 225, 225, 225, 225, 225, 225, 225, 225, 224, 224, 224, 224], [224, 224, 224, 224, 224, 224, 224, 224, 224, 224, 223, 223, 223, 223, 223, 223, 223, 223, 223, 222, 222, 222, 222, 222, 222], [222, 221, 221, 221, 221, 221, 221, 221, 221, 221, 221, 221, 221, 220, 220, 220, 220, 220, 220, 220, 220, 220, 220, 220, 220], [219, 219, 219, 219, 219, 219, 219, 219, 219, 218, 218, 218, 218, 218, 218, 218, 218, 218, 218, 218, 217, 217, 217, 217, 217], [217, 216, 216, 216, 216, 216, 216, 216, 215, 215, 215, 215, 215, 215, 215, 215, 215, 214, 214, 214, 214, 214, 214, 214, 214], [214, 214, 214, 214, 214, 213, 213, 213, 213, 213, 213, 213, 213, 213, 213, 213, 212, 212, 212, 212, 212, 212, 212, 212, 212], [212, 212, 212, 212, 212, 212, 211, 211, 211, 211, 211, 211, 211, 211, 211, 211, 210, 210, 210, 210, 210, 210, 210, 210, 210], [210, 210, 210, 210, 210, 210, 209, 209, 209, 209, 209, 209, 209, 209, 209, 209, 209, 208, 208, 208, 208, 208, 208, 208, 208], [208, 208, 208, 208, 208, 208, 207, 207, 207, 207, 207, 207, 207, 207, 207, 207, 207, 207, 207, 206, 206, 206, 206, 206, 206], [206, 205, 205, 205, 205, 205, 205, 205, 205, 205, 204, 204, 204, 204, 204, 204, 203, 203, 203, 203, 203, 203, 203, 203, 203], [203, 203, 203, 202, 202, 202, 202, 202, 202, 202, 202, 202, 202, 202, 201, 201, 201, 201, 201, 201, 201, 201, 201, 201, 200], [200, 200, 200, 200, 200, 200, 200, 200, 200, 200, 200, 200, 200, 200, 200, 200, 200, 200, 199, 199, 199, 199, 199, 199, 199], [198, 198, 198, 198, 198, 198, 198, 198, 197, 197, 197, 197, 197, 197, 197, 197, 197, 196, 196, 196, 196, 196, 196, 196, 196], [196, 196, 196, 196, 196, 196, 196, 196, 196, 195, 195, 195, 195, 195, 195, 195, 195, 195, 195, 195, 195, 194, 194, 194, 194], [194, 194, 194, 194, 194, 194, 194, 194, 194, 193, 193, 193, 193, 193, 193, 193, 193, 193, 193, 193, 193, 193, 192, 192, 192], [192, 192, 192, 192, 192, 192, 192, 191, 191, 191, 191, 191, 191, 191, 191, 191, 191, 191, 191, 191, 191, 191, 191, 190, 190], [190, 190, 190, 190, 190, 190, 190, 189, 189, 189, 189, 189, 189, 189, 188, 188, 188, 188, 188, 188, 188, 188, 188, 188, 188], [188, 188, 188, 188, 187, 187, 187, 187, 187, 187, 187, 187, 187, 187, 187, 186, 186, 186, 186, 186, 186, 186, 186, 186, 185], [185, 185, 185, 185, 185, 185, 185, 185, 185, 185, 185, 185, 185, 185, 185, 185, 184, 184, 184, 184, 184, 184, 184, 184, 184], [184, 184, 184, 183, 183, 183, 183, 183, 183, 183, 183, 183, 183, 183, 182, 182, 182, 182, 182, 182, 182, 182, 182, 182, 182], [182, 182, 182, 182, 182, 181, 181, 181, 181, 181, 181, 181, 181, 181, 181, 181, 181, 180, 180, 180, 180, 180, 180, 180, 180], [180, 180, 180, 180, 180, 180, 179, 179, 179, 179, 179, 179, 179, 179, 179, 178, 178, 178, 178, 178, 178, 178, 178, 178, 178], [178, 178, 178, 178, 178, 178, 177, 177, 177, 177, 177, 177, 177, 177, 177, 177, 176, 176, 176, 176, 176, 176, 176, 176, 176], [176, 176, 176, 176, 176, 176, 176, 176, 175, 175, 175, 175, 175, 175, 175, 175, 175, 175, 175, 175, 175, 175, 175, 175, 175], [174, 174, 174, 174, 174, 174, 174, 174, 174, 174, 174, 174, 174, 174, 174, 173, 173, 173, 173, 173, 173, 173, 173, 173, 173], [173, 173, 173, 173, 173, 173, 172, 172, 172, 172, 172, 172, 172, 172, 172, 172, 172, 171, 171, 171, 171, 171, 171, 171, 171], [171, 171, 171, 171, 171, 171, 170, 170, 170, 170, 170, 170, 170, 170, 170, 170, 170, 170, 170, 169, 169, 169, 169, 169, 169], [169, 169, 169, 169, 169, 169, 169, 169, 169, 169, 169, 169, 169, 169, 168, 168, 168, 168, 168, 168, 168, 168, 168, 168, 168], [168, 168, 168, 167, 167, 167, 167, 167, 167, 167, 167, 167, 167, 167, 167, 167, 167, 167, 167, 167, 167, 167, 167, 167, 166], [166, 166, 166, 166, 166, 166, 166, 166, 166, 165, 165, 165, 165, 165, 165, 165, 165, 165, 165, 165, 165, 165, 165, 165, 165], [165, 165, 164, 164, 164, 164, 164, 164, 164, 164, 164, 164, 164, 164, 164, 164, 163, 163, 163, 163, 163, 163, 163, 163, 163], [163, 163, 163, 163, 163, 163, 163, 163, 163, 163, 163, 163, 162, 162, 162, 162, 162, 162, 162, 162, 162, 162, 162, 162, 162], [162, 162, 162, 162, 162, 162, 162, 161, 161, 161, 161, 161, 161, 161, 161, 161, 161, 161, 161, 161, 161, 160, 160, 160, 160], [160, 160, 160, 160, 160, 160, 160, 160, 160, 160, 160, 160, 160, 159, 159, 159, 159, 159, 159, 159, 159, 159, 159, 159, 159], [159, 159, 159, 159, 159, 159, 159, 159, 159, 159, 159, 159, 159, 159, 158, 158, 158, 158, 158, 158, 158, 158, 158, 158, 158], [158, 158, 158, 158, 158, 158, 158, 158, 158, 158, 158, 158, 158, 157, 157, 157, 157, 157, 157, 157, 157, 157, 157, 157, 157], [157, 157, 157, 157, 157, 157, 156, 156, 156, 156, 156, 156, 156, 156, 156, 156, 156, 156, 156, 156, 155, 155, 155, 155, 155], [155, 155, 155, 155, 155, 155, 155, 155, 155, 155, 155, 155, 155, 155, 155, 155, 154, 154, 154, 154, 154, 154, 154, 154, 154], [153, 153, 153, 153, 153, 153, 153, 153, 153, 153, 153, 153, 153, 153, 152, 152, 152, 152, 152, 152, 152, 152, 152, 152, 152], [152, 152, 152, 152, 152, 151, 151, 151, 151, 151, 151, 151, 151, 151, 151, 151, 151, 151, 151, 150, 150, 150, 150, 150, 150], [150, 150, 150, 150, 150, 150, 150, 150, 150, 150, 150, 150, 150, 149, 149, 149, 149, 149, 149, 149, 149, 149, 149, 149, 149], [149, 149, 149, 149, 149, 149, 149, 149, 148, 148, 148, 148, 148, 148, 148, 148, 148, 148, 148, 148, 148, 148, 148, 148, 148], [148, 148, 148, 148, 148, 148, 147, 147, 147, 147, 147, 147, 147, 147, 147, 147, 147, 147, 147, 147, 147, 146, 146, 146, 146], [146, 146, 146, 146, 146, 146, 146, 146, 146, 146, 146, 146, 146, 146, 146, 146, 146, 146, 146, 146, 146, 146, 145, 145, 145], [145, 145, 145, 145, 145, 145, 145, 145, 145, 145, 145, 145, 145, 145, 145, 145, 145, 144, 144, 144, 144, 144, 144, 144, 144], [144, 144, 144, 144, 144, 144, 144, 144, 144, 144, 144, 144, 144, 144, 144, 143, 143, 143, 143, 143, 143, 143, 143, 143, 143], [143, 143, 143, 143, 143, 143, 143, 143, 143, 143, 142, 142, 142, 142, 142, 142, 142, 142, 142, 142, 142, 142, 142, 142, 142], [142, 142, 141, 141, 141, 141, 141, 141, 141, 141, 141, 141, 141, 141, 141, 141, 141, 140, 140, 140, 140, 140, 140, 140, 140], [140, 140, 140, 140, 140, 140, 140, 140, 140, 140, 140, 140, 139, 139, 139, 139, 139, 139, 139, 139, 139, 139, 139, 139, 139], [139, 139, 139, 139, 139, 139, 139, 139, 138, 138, 138, 138, 138, 138, 138, 138, 138, 138, 138, 138, 138, 138, 138, 137, 137], [137, 137, 137, 137, 137, 137, 137, 137, 137, 137, 137, 137, 137, 136, 136, 136, 136, 136, 136, 136, 136, 136, 136, 136, 136], [136, 136, 136, 136, 136, 136, 135, 135, 135, 135, 135, 135, 135, 135, 135, 135, 135, 135, 135, 135, 135, 135, 135, 135, 135], [135, 135, 135, 135, 134, 134, 134, 134, 134, 134, 134, 134, 134, 134, 134, 134, 134, 133, 133, 133, 133, 133, 133, 133, 133], [133, 133, 133, 133, 133, 133, 133, 133, 133, 133, 133, 133, 133, 133, 133, 132, 132, 132, 132, 132, 132, 132, 132, 132, 132], [132, 132, 132, 132, 132, 132, 132, 132, 132, 132, 132, 132, 132, 132, 131, 131, 131, 131, 131, 131, 131, 131, 131, 131, 131], [131, 131, 131, 131, 131, 131, 131, 131, 131, 131, 131, 131, 131, 131, 131, 131, 131, 130, 130, 130, 130, 130, 130, 130, 130], [130, 130, 130, 130, 130, 130, 130, 130, 130, 130, 130, 130, 130, 130, 130, 130, 130, 130, 129, 129, 129, 129, 129, 129, 129], [129, 129, 129, 129, 129, 129, 129, 129, 129, 129, 129, 129, 129, 129, 129, 129, 129, 128, 128, 128, 128, 128, 128, 128, 128], [128, 128, 128, 128, 128, 128, 128, 128, 128, 128, 128, 128, 128, 128, 128, 128, 127, 127, 127, 127, 127, 127, 127, 127, 127], [127, 127, 127, 127, 127, 127, 127, 127, 127, 127, 127, 127, 127, 127, 127, 127, 127, 126, 126, 126, 126, 126, 126, 126, 126], [126, 126, 126, 126, 126, 126, 126, 125, 125, 125, 125, 125, 125, 125, 125, 125, 125, 125, 125, 125, 125, 125, 125, 125, 125], [125, 125, 125, 125, 125, 125, 125, 125, 125, 125, 125, 124, 124, 124, 124, 124, 124, 124, 124, 124, 124, 124, 124, 124, 124], [124, 124, 124, 124, 124, 124, 123, 123, 123, 123, 123, 123, 123, 123, 123, 123, 123, 123, 123, 123, 123, 123, 123, 123, 123], [123, 123, 122, 122, 122, 122, 122, 122, 122, 122, 122, 122, 122, 122, 122, 122, 122, 122, 122, 122, 121, 121, 121, 121, 121], [121, 121, 121, 121, 121, 121, 121, 121, 121, 121, 121, 121, 121, 121, 121, 121, 121, 121, 121, 121, 121, 121, 121, 121, 121], [120, 120, 120, 120, 120, 120, 120, 120, 120, 120, 120, 120, 120, 120, 120, 120, 120, 120, 120, 120, 119, 119, 119, 119, 119], [119, 119, 119, 119, 119, 119, 119, 119, 119, 119, 119, 119, 119, 119, 119, 119, 119, 119, 119, 118, 118, 118, 118, 118, 118], [118, 118, 118, 118, 118, 118, 118, 118, 118, 118, 118, 118, 118, 118, 118, 118, 118, 117, 117, 117, 117, 117, 117, 117, 117], [117, 117, 117, 117, 117, 117, 117, 117, 117, 117, 117, 117, 117, 117, 116, 116, 116, 116, 116, 116, 116, 116, 116, 116, 116], [116, 116, 116, 116, 116, 116, 116, 116, 116, 116, 116, 116, 116, 116, 115, 115, 115, 115, 115, 115, 115, 115, 115, 115, 115], [115, 115, 115, 115, 115, 115, 115, 115, 115, 115, 115, 115, 115, 114, 114, 114, 114, 114, 114, 114, 114, 114, 114, 114, 114], [114, 114, 114, 114, 114, 114, 114, 114, 114, 114, 114, 114, 113, 113, 113, 113, 113, 113, 113, 113, 113, 113, 113, 113, 113], [113, 113, 113, 113, 113, 113, 113, 113, 113, 112, 112, 112, 112, 112, 112, 112, 112, 112, 112, 112, 112, 112, 112, 112, 112], [112, 112, 112, 112, 112, 112, 112, 112, 112, 112, 112, 112, 112, 112, 112, 112, 111, 111, 111, 111, 111, 111, 111, 111, 111], [111, 111, 111, 111, 111, 111, 111, 111, 111, 111, 111, 111, 111, 111, 110, 110, 110, 110, 110, 110, 110, 110, 110, 110, 110], [110, 110, 110, 110, 110, 110, 110, 110, 110, 110, 110, 110, 110, 110, 110, 110, 110, 110, 109, 109, 109, 109, 109, 109, 109], [109, 109, 109, 109, 109, 109, 109, 109, 109, 109, 109, 109, 109, 109, 109, 109, 109, 109, 109, 109, 109, 109, 109, 108, 108], [108, 108, 108, 108, 108, 108, 108, 108, 108, 108, 108, 108, 108, 108, 108, 108, 108, 108, 108, 108, 108, 108, 107, 107, 107], None, [107, 106, 106, 106, 106, 106, 106, 106, 106, 106, 106, 106, 106, 106, 106, 106, 106, 106, 106, 106, 106, 106, 106, 106, 106], [106, 106, 106, 106, 106, 106, 105, 105, 105, 105, 105, 105, 105, 105, 105, 105, 105, 105, 105, 105, 105, 105, 105, 105, 105], [105, 105, 105, 105, 105, 105, 105, 105, 105, 105, 105, 105, 104, 104, 104, 104, 104, 104, 104, 104, 104, 104, 104, 104, 104], [104, 104, 104, 104, 104, 104, 104, 104, 104, 104, 104, 104, 104, 104, 104, 104, 104, 104, 104, 104, 104, 104, 103, 103, 103], [103, 103, 103, 103, 103, 103, 103, 103, 103, 103, 103, 103, 103, 103, 103, 103, 103, 103, 103, 103, 103, 103, 103, 102, 102], [102, 102, 102, 102, 102, 102, 102, 102, 102, 102, 102, 102, 102, 102, 102, 102, 102, 102, 102, 102, 102, 102, 102, 102, 101], [101, 101, 101, 101, 101, 101, 101, 101, 101, 101, 101, 101, 101, 101, 101, 101, 101, 101, 101, 101, 101, 101, 101, 101, 101], [101, 101, 101, 101, 101, 101, 101, 101, 101, 100, 100, 100, 100, 100, 100, 100, 100, 100, 100, 100, 100, 100, 100, 100, 100], None, [100, 100, 99, 99, 99, 99, 99, 99, 99, 99, 99, 99, 99, 99, 99, 99, 99, 99, 99, 98, 98, 98, 98, 98, 98], [98, 98, 98, 98, 98, 98, 98, 98, 98, 98, 98, 97, 97, 97, 97, 97, 97, 97, 97, 97, 97, 97, 97, 97, 97], [97, 97, 97, 97, 97, 97, 97, 97, 97, 97, 97, 96, 96, 96, 96, 96, 96, 96, 96, 96, 96, 96, 96, 96, 96], [96, 96, 96, 96, 96, 96, 96, 96, 96, 96, 96, 96, 95, 95, 95, 95, 95, 95, 95, 95, 95, 95, 95, 95, 95], None, [95, 95, 95, 95, 95, 94, 94, 94, 94, 94, 94, 94, 94, 94, 94, 94, 94, 94, 94, 94, 94, 94, 94, 94, 94], [94, 94, 94, 94, 94, 94, 94, 94, 94, 94, 93, 93, 93, 93, 93, 93, 93, 93, 93, 93, 93, 93, 93, 93, 93], [93, 93, 93, 93, 93, 93, 93, 93, 93, 93, 93, 93, 93, 93, 93, 93, 93, 92, 92, 92, 92, 92, 92, 92, 92], [92, 92, 92, 92, 92, 92, 92, 92, 92, 92, 92, 92, 92, 92, 92, 92, 92, 92, 92, 92, 92, 92, 92, 92, 92], [91, 91, 91, 91, 91, 91, 91, 91, 91, 91, 91, 91, 91, 91, 91, 91, 91, 91, 91, 91, 91, 91, 91, 91, 91], [91, 91, 91, 91, 91, 91, 91, 91, 91, 91, 91, 91, 91, 91, 91, 91, 90, 90, 90, 90, 90, 90, 90, 90, 90], [90, 90, 90, 90, 90, 90, 90, 90, 90, 90, 90, 90, 90, 90, 90, 90, 90, 90, 90, 90, 90, 90, 90, 90, 89], None, [89, 89, 89, 89, 89, 88, 88, 88, 88, 88, 88, 88, 88, 88, 88, 88, 88, 88, 88, 88, 88, 88, 88, 88, 88], [88, 88, 88, 88, 88, 88, 88, 88, 88, 88, 88, 88, 88, 88, 88, 88, 88, 88, 88, 88, 87, 87, 87, 87, 87], None, [87, 87, 87, 87, 87, 86, 86, 86, 86, 86, 86, 86, 86, 86, 86, 86, 86, 86, 86, 86, 86, 86, 86, 86, 86], [86, 86, 86, 86, 86, 86, 86, 86, 86, 86, 86, 86, 86, 86, 86, 86, 86, 85, 85, 85, 85, 85, 85, 85, 85], None, [85, 84, 84, 84, 84, 84, 84, 84, 84, 84, 84, 84, 84, 84, 84, 84, 84, 84, 84, 84, 84, 84, 84, 84, 84], [84, 84, 84, 84, 84, 84, 84, 84, 84, 83, 83, 83, 83, 83, 83, 83, 83, 83, 83, 83, 83, 83, 83, 83, 83], [83, 83, 83, 83, 83, 83, 83, 83, 83, 83, 83, 83, 83, 83, 83, 82, 82, 82, 82, 82, 82, 82, 82, 82, 82], [82, 82, 82, 82, 82, 82, 82, 82, 82, 82, 82, 82, 82, 82, 82, 82, 82, 82, 82, 82, 82, 82, 82, 82, 82], [82, 82, 82, 81, 81, 81, 81, 81, 81, 81, 81, 81, 81, 81, 81, 81, 81, 81, 81, 81, 81, 81, 81, 81, 81], [81, 81, 81, 81, 81, 81, 81, 81, 81, 81, 81, 81, 81, 81, 81, 81, 80, 80, 80, 80, 80, 80, 80, 80, 80], [80, 80, 80, 80, 80, 80, 80, 80, 80, 80, 80, 80, 80, 80, 80, 80, 80, 80, 80, 80, 80, 80, 80, 80, 80], [80, 80, 80, 80, 80, 80, 80, 80, 80, 80, 80, 79, 79, 79, 79, 79, 79, 79, 79, 79, 79, 79, 79, 79, 79], [79, 79, 79, 79, 79, 79, 79, 79, 79, 79, 79, 79, 79, 78, 78, 78, 78, 78, 78, 78, 78, 78, 78, 78, 78], [78, 78, 78, 78, 78, 78, 78, 78, 78, 78, 78, 78, 78, 78, 78, 78, 78, 78, 78, 78, 78, 78, 78, 78, 78], [78, 78, 78, 78, 78, 78, 78, 78, 78, 78, 78, 78, 78, 77, 77, 77, 77, 77, 77, 77, 77, 77, 77, 77, 77], [77, 77, 77, 77, 77, 77, 77, 77, 77, 77, 77, 77, 77, 77, 77, 77, 77, 77, 77, 77, 77, 77, 77, 77, 77], [77, 77, 77, 76, 76, 76, 76, 76, 76, 76, 76, 76, 76, 76, 76, 76, 76, 76, 76, 76, 76, 76, 76, 76, 76], [76, 76, 76, 76, 76, 76, 76, 76, 76, 76, 76, 76, 76, 76, 76, 76, 76, 76, 75, 75, 75, 75, 75, 75, 75], [75, 75, 75, 75, 75, 75, 75, 75, 75, 75, 75, 75, 75, 75, 75, 75, 75, 75, 75, 75, 75, 75, 75, 75, 75], [75, 75, 75, 75, 75, 75, 75, 75, 75, 75, 75, 75, 75, 74, 74, 74, 74, 74, 74, 74, 74, 74, 74, 74, 74], [74, 74, 74, 74, 74, 74, 74, 74, 74, 74, 74, 74, 74, 74, 74, 74, 74, 74, 74, 73, 73, 73, 73, 73, 73], [73, 73, 73, 73, 73, 73, 73, 73, 73, 73, 73, 73, 73, 73, 73, 73, 73, 73, 73, 73, 73, 73, 73, 73, 73], [73, 73, 73, 73, 73, 73, 73, 73, 73, 73, 73, 73, 73, 73, 73, 73, 72, 72, 72, 72, 72, 72, 72, 72, 72], [72, 72, 72, 72, 72, 72, 72, 72, 72, 72, 72, 72, 72, 72, 72, 72, 72, 72, 72, 72, 72, 72, 72, 72, 72], [71, 71, 71, 71, 71, 71, 71, 71, 71, 71, 71, 71, 71, 71, 71, 71, 71, 71, 71, 71, 71, 71, 71, 71, 71], None, [71, 71, 71, 71, 71, 70, 70, 70, 70, 70, 70, 70, 70, 70, 70, 70, 70, 70, 70, 70, 70, 70, 70, 70, 70], [70, 70, 70, 70, 70, 70, 70, 70, 70, 70, 70, 70, 70, 70, 70, 70, 70, 69, 69, 69, 69, 69, 69, 69, 69], None, [69, 69, 69, 69, 69, 69, 69, 69, 69, 69, 69, 69, 69, 69, 69, 68, 68, 68, 68, 68, 68, 68, 68, 68, 68], [68, 68, 68, 68, 68, 68, 68, 68, 68, 68, 68, 68, 68, 68, 68, 68, 68, 68, 68, 68, 68, 68, 68, 68, 68], [68, 68, 68, 68, 68, 68, 68, 67, 67, 67, 67, 67, 67, 67, 67, 67, 67, 67, 67, 67, 67, 67, 67, 67, 67], [67, 67, 67, 67, 67, 67, 67, 67, 67, 67, 67, 67, 67, 67, 67, 67, 67, 67, 67, 67, 66, 66, 66, 66, 66], [66, 66, 66, 66, 66, 66, 66, 66, 66, 66, 66, 66, 66, 66, 66, 66, 66, 66, 66, 66, 66, 66, 66, 66, 66], [66, 66, 66, 66, 66, 65, 65, 65, 65, 65, 65, 65, 65, 65, 65, 65, 65, 65, 65, 65, 65, 65, 65, 65, 65], [65, 65, 65, 65, 65, 65, 65, 65, 65, 65, 65, 65, 65, 65, 65, 65, 65, 65, 65, 65, 65, 65, 65, 65, 65], [65, 65, 65, 65, 65, 65, 65, 65, 65, 65, 65, 65, 65, 64, 64, 64, 64, 64, 64, 64, 64, 64, 64, 64, 64], None, [64, 64, 64, 64, 64, 64, 64, 64, 64, 64, 64, 64, 64, 64, 64, 64, 64, 64, 63, 63, 63, 63, 63, 63, 63], None, [63, 63, 63, 63, 63, 63, 63, 63, 63, 63, 63, 63, 63, 63, 63, 63, 63, 63, 62, 62, 62, 62, 62, 62, 62], None, [62, 62, 62, 62, 62, 62, 62, 61, 61, 61, 61, 61, 61, 61, 61, 61, 61, 61, 61, 61, 61, 61, 61, 61, 61], [61, 61, 61, 61, 61, 61, 61, 61, 61, 61, 61, 61, 61, 61, 61, 61, 61, 61, 61, 61, 61, 61, 61, 61, 61], [61, 61, 61, 61, 61, 61, 61, 61, 61, 61, 61, 61, 61, 61, 61, 61, 61, 61, 61, 60, 60, 60, 60, 60, 60], [60, 60, 60, 60, 60, 60, 60, 60, 60, 60, 60, 60, 60, 60, 60, 60, 60, 60, 60, 60, 60, 60, 60, 60, 60], [60, 60, 60, 60, 60, 60, 60, 60, 60, 60, 60, 60, 60, 60, 60, 60, 60, 59, 59, 59, 59, 59, 59, 59, 59], None, [59, 59, 59, 59, 59, 59, 59, 59, 59, 59, 59, 59, 59, 59, 59, 59, 59, 59, 59, 59, 59, 59, 59, 59, 59], [59, 59, 59, 59, 59, 59, 58, 58, 58, 58, 58, 58, 58, 58, 58, 58, 58, 58, 58, 58, 58, 58, 58, 58, 58], None, [58, 58, 58, 58, 58, 58, 58, 58, 58, 58, 58, 58, 58, 57, 57, 57, 57, 57, 57, 57, 57, 57, 57, 57, 57], None, None, [57, 57, 57, 56, 56, 56, 56, 56, 56, 56, 56, 56, 56, 56, 56, 56, 56, 56, 56, 56, 56, 56, 56, 56, 56], [56, 56, 56, 56, 56, 56, 56, 56, 56, 56, 56, 56, 56, 56, 56, 56, 56, 56, 56, 56, 56, 56, 56, 56, 56], [56, 56, 56, 56, 56, 56, 56, 56, 56, 56, 56, 56, 55, 55, 55, 55, 55, 55, 55, 55, 55, 55, 55, 55, 55], [55, 55, 55, 55, 55, 55, 55, 55, 55, 55, 55, 55, 55, 55, 55, 55, 55, 55, 55, 55, 55, 55, 55, 55, 55], [55, 55, 55, 55, 55, 55, 55, 55, 55, 55, 55, 55, 55, 55, 55, 55, 55, 55, 55, 55, 55, 55, 55, 55, 55], [55, 55, 55, 55, 55, 55, 55, 55, 54, 54, 54, 54, 54, 54, 54, 54, 54, 54, 54, 54, 54, 54, 54, 54, 54], [54, 54, 54, 54, 54, 54, 54, 54, 54, 54, 54, 54, 54, 54, 54, 54, 54, 54, 54, 54, 54, 54, 54, 54, 54], [54, 54, 54, 54, 54, 54, 54, 54, 54, 54, 54, 54, 54, 54, 54, 54, 54, 54, 54, 54, 54, 54, 54, 54, 54], [54, 53, 53, 53, 53, 53, 53, 53, 53, 53, 53, 53, 53, 53, 53, 53, 53, 53, 53, 53, 53, 53, 53, 53, 53], [53, 53, 53, 53, 53, 53, 53, 53, 53, 53, 53, 53, 53, 53, 53, 53, 53, 53, 53, 53, 53, 53, 53, 53, 53], [53, 53, 53, 53, 53, 53, 53, 53, 53, 53, 53, 53, 53, 53, 53, 53, 53, 53, 53, 52, 52, 52, 52, 52, 52], [52, 52, 52, 52, 52, 52, 52, 52, 52, 52, 52, 52, 52, 52, 52, 52, 52, 52, 52, 52, 52, 52, 52, 52, 52], [52, 52, 52, 52, 52, 52, 52, 52, 52, 52, 52, 52, 52, 52, 52, 52, 52, 52, 52, 52, 52, 52, 52, 52, 52], [51, 51, 51, 51, 51, 51, 51, 51, 51, 51, 51, 51, 51, 51, 51, 51, 51, 51, 51, 51, 51, 51, 51, 51, 51], None, None, [51, 51, 51, 51, 50, 50, 50, 50, 50, 50, 50, 50, 50, 50, 50, 50, 50, 50, 50, 50, 50, 50, 50, 50, 50], [50, 50, 50, 50, 50, 50, 50, 50, 50, 50, 50, 50, 50, 50, 50, 50, 50, 50, 50, 50, 50, 50, 50, 50, 50], [50, 50, 50, 50, 50, 50, 50, 50, 50, 50, 50, 50, 50, 50, 50, 50, 50, 50, 50, 50, 50, 50, 50, 50, 50], [49, 49, 49, 49, 49, 49, 49, 49, 49, 49, 49, 49, 49, 49, 49, 49, 49, 49, 49, 49, 49, 49, 49, 49, 49], [49, 49, 49, 49, 49, 49, 49, 49, 49, 49, 49, 49, 49, 49, 49, 49, 49, 49, 49, 49, 49, 49, 49, 49, 49], [49, 49, 49, 49, 49, 49, 48, 48, 48, 48, 48, 48, 48, 48, 48, 48, 48, 48, 48, 48, 48, 48, 48, 48, 48], [48, 48, 48, 48, 48, 48, 48, 48, 48, 48, 48, 48, 48, 48, 48, 48, 48, 48, 48, 48, 48, 48, 48, 48, 48], [48, 48, 48, 48, 48, 48, 48, 48, 48, 48, 48, 48, 48, 48, 48, 48, 47, 47, 47, 47, 47, 47, 47, 47, 47], None, [47, 47, 47, 47, 47, 47, 47, 47, 47, 47, 47, 47, 47, 47, 47, 47, 47, 47, 47, 47, 47, 47, 47, 47, 47], [47, 47, 47, 47, 47, 47, 47, 47, 47, 47, 47, 47, 47, 47, 47, 47, 47, 46, 46, 46, 46, 46, 46, 46, 46], None, [46, 46, 46, 46, 46, 46, 46, 46, 46, 46, 46, 46, 46, 46, 46, 46, 46, 46, 46, 46, 46, 46, 46, 46, 46], [46, 46, 46, 46, 46, 46, 46, 46, 46, 46, 46, 46, 46, 46, 46, 45, 45, 45, 45, 45, 45, 45, 45, 45, 45], None, [45, 45, 45, 45, 45, 45, 45, 45, 45, 45, 45, 45, 45, 45, 45, 45, 45, 45, 45, 45, 45, 45, 45, 45, 45], [45, 45, 45, 44, 44, 44, 44, 44, 44, 44, 44, 44, 44, 44, 44, 44, 44, 44, 44, 44, 44, 44, 44, 44, 44], None, [44, 44, 44, 44, 44, 44, 44, 44, 44, 44, 44, 44, 44, 44, 44, 44, 44, 44, 44, 44, 44, 44, 44, 44, 44], [44, 44, 44, 44, 44, 44, 44, 44, 44, 43, 43, 43, 43, 43, 43, 43, 43, 43, 43, 43, 43, 43, 43, 43, 43], [43, 43, 43, 43, 43, 43, 43, 43, 43, 43, 43, 43, 43, 43, 43, 43, 43, 43, 43, 43, 43, 43, 43, 43, 43], None, [43, 42, 42, 42, 42, 42, 42, 42, 42, 42, 42, 42, 42, 42, 42, 42, 42, 42, 42, 42, 42, 42, 42, 42, 42], None, None, [42, 42, 42, 42, 41, 41, 41, 41, 41, 41, 41, 41, 41, 41, 41, 41, 41, 41, 41, 41, 41, 41, 41, 41, 41], None, None, [41, 41, 41, 41, 41, 41, 41, 41, 41, 41, 40, 40, 40, 40, 40, 40, 40, 40, 40, 40, 40, 40, 40, 40, 40], None, None, [40, 40, 40, 40, 40, 40, 40, 40, 40, 40, 40, 40, 40, 40, 40, 40, 40, 40, 40, 40, 40, 40, 39, 39, 39], None, None, [39, 39, 39, 39, 39, 39, 39, 39, 39, 39, 39, 39, 39, 39, 39, 39, 39, 39, 39, 39, 39, 39, 39, 39, 39], [39, 39, 39, 39, 39, 39, 39, 39, 38, 38, 38, 38, 38, 38, 38, 38, 38, 38, 38, 38, 38, 38, 38, 38, 38], None, [38, 38, 38, 38, 38, 38, 38, 38, 38, 38, 38, 38, 38, 38, 38, 38, 38, 38, 38, 38, 38, 38, 38, 38, 38], [38, 38, 38, 38, 38, 38, 38, 38, 38, 38, 38, 38, 38, 38, 38, 37, 37, 37, 37, 37, 37, 37, 37, 37, 37], None, [37, 37, 37, 37, 37, 37, 37, 37, 37, 37, 37, 37, 37, 37, 37, 37, 37, 37, 37, 37, 37, 37, 37, 37, 37], [37, 37, 37, 37, 37, 37, 37, 37, 37, 37, 37, 37, 37, 37, 37, 37, 37, 37, 37, 37, 37, 37, 37, 37, 37], [37, 37, 37, 37, 37, 37, 36, 36, 36, 36, 36, 36, 36, 36, 36, 36, 36, 36, 36, 36, 36, 36, 36, 36, 36], [36, 36, 36, 36, 36, 36, 36, 36, 36, 36, 36, 36, 36, 36, 36, 36, 36, 36, 36, 36, 36, 36, 36, 36, 36], None, [36, 36, 36, 36, 36, 36, 36, 36, 36, 36, 35, 35, 35, 35, 35, 35, 35, 35, 35, 35, 35, 35, 35, 35, 35], None, [35, 35, 35, 35, 35, 35, 35, 35, 35, 35, 35, 35, 35, 35, 35, 35, 35, 35, 35, 35, 35, 35, 35, 35, 35], [35, 35, 35, 35, 35, 35, 35, 35, 35, 35, 35, 35, 35, 35, 35, 35, 35, 35, 35, 35, 35, 35, 35, 35, 35], [35, 35, 35, 34, 34, 34, 34, 34, 34, 34, 34, 34, 34, 34, 34, 34, 34, 34, 34, 34, 34, 34, 34, 34, 34], [34, 34, 34, 34, 34, 34, 34, 34, 34, 34, 34, 34, 34, 34, 34, 34, 34, 34, 34, 34, 34, 34, 34, 34, 34], [34, 34, 34, 34, 34, 34, 34, 34, 34, 34, 34, 34, 34, 34, 34, 34, 34, 34, 34, 34, 34, 34, 34, 34, 34], [34, 34, 34, 34, 34, 34, 34, 34, 34, 34, 34, 34, 34, 33, 33, 33, 33, 33, 33, 33, 33, 33, 33, 33, 33], [33, 33, 33, 33, 33, 33, 33, 33, 33, 33, 33, 33, 33, 33, 33, 33, 33, 33, 33, 33, 33, 33, 33, 33, 33], [33, 33, 33, 33, 33, 33, 33, 33, 33, 33, 33, 33, 33, 33, 33, 33, 33, 33, 33, 33, 33, 33, 33, 33, 33], [33, 33, 33, 33, 33, 33, 33, 33, 33, 33, 33, 33, 33, 33, 33, 33, 33, 33, 33, 33, 33, 32, 32, 32, 32], [32, 32, 32, 32, 32, 32, 32, 32, 32, 32, 32, 32, 32, 32, 32, 32, 32, 32, 32, 32, 32, 32, 32, 32, 32], None, None, [32, 32, 32, 32, 32, 32, 32, 32, 32, 32, 32, 32, 32, 32, 32, 32, 32, 32, 32, 32, 32, 31, 31, 31, 31], None, None, [31, 31, 31, 31, 31, 31, 31, 31, 31, 31, 31, 31, 31, 31, 31, 31, 31, 31, 31, 31, 31, 31, 31, 31, 31], [31, 31, 31, 31, 31, 31, 31, 31, 31, 31, 31, 31, 31, 31, 31, 31, 31, 31, 31, 31, 31, 31, 31, 31, 31], [31, 31, 30, 30, 30, 30, 30, 30, 30, 30, 30, 30, 30, 30, 30, 30, 30, 30, 30, 30, 30, 30, 30, 30, 30], [30, 30, 30, 30, 30, 30, 30, 30, 30, 30, 30, 30, 30, 30, 30, 30, 30, 30, 30, 30, 30, 30, 30, 30, 30], None, None, [30, 30, 30, 30, 30, 30, 30, 30, 30, 30, 30, 30, 30, 30, 30, 30, 30, 30, 29, 29, 29, 29, 29, 29, 29], None, None, None, [29, 29, 29, 29, 29, 29, 29, 29, 29, 29, 29, 29, 29, 29, 29, 29, 29, 29, 29, 29, 28, 28, 28, 28, 28], None, None, [28, 28, 28, 28, 28, 28, 28, 28, 28, 28, 28, 28, 28, 28, 28, 28, 28, 28, 28, 28, 28, 28, 28, 28, 28], [28, 28, 28, 28, 28, 28, 28, 28, 28, 28, 28, 28, 28, 28, 28, 28, 28, 28, 28, 28, 28, 28, 28, 28, 28], [28, 28, 28, 28, 28, 28, 27, 27, 27, 27, 27, 27, 27, 27, 27, 27, 27, 27, 27, 27, 27, 27, 27, 27, 27], [27, 27, 27, 27, 27, 27, 27, 27, 27, 27, 27, 27, 27, 27, 27, 27, 27, 27, 27, 27, 27, 27, 27, 27, 27], None, None, [27, 27, 27, 27, 27, 27, 27, 27, 27, 27, 27, 27, 27, 27, 27, 27, 27, 27, 27, 27, 27, 26, 26, 26, 26], None, None, [26, 26, 26, 26, 26, 26, 26, 26, 26, 26, 26, 26, 26, 26, 26, 26, 26, 26, 26, 26, 26, 26, 26, 26, 26], [26, 26, 26, 26, 26, 26, 26, 26, 26, 26, 26, 26, 26, 26, 26, 26, 26, 26, 26, 26, 26, 26, 26, 26, 26], [26, 26, 26, 26, 26, 26, 26, 26, 26, 26, 26, 26, 26, 26, 26, 26, 26, 25, 25, 25, 25, 25, 25, 25, 25], [25, 25, 25, 25, 25, 25, 25, 25, 25, 25, 25, 25, 25, 25, 25, 25, 25, 25, 25, 25, 25, 25, 25, 25, 25], None, None, [25, 25, 25, 25, 25, 25, 25, 25, 25, 25, 25, 25, 25, 25, 25, 25, 25, 25, 25, 25, 25, 25, 25, 25, 25], [25, 25, 25, 25, 25, 25, 25, 25, 24, 24, 24, 24, 24, 24, 24, 24, 24, 24, 24, 24, 24, 24, 24, 24, 24], None, [24, 24, 24, 24, 24, 24, 24, 24, 24, 24, 24, 24, 24, 24, 24, 24, 24, 24, 24, 24, 24, 24, 24, 24, 24], None, None, None, [24, 24, 24, 24, 24, 24, 24, 23, 23, 23, 23, 23, 23, 23, 23, 23, 23, 23, 23, 23, 23, 23, 23, 23, 23], None, None, None, None, None, [23, 23, 23, 23, 23, 23, 22, 22, 22, 22, 22, 22, 22, 22, 22, 22, 22, 22, 22, 22, 22, 22, 22, 22, 22], None, None, None, None, None, [22, 21, 21, 21, 21, 21, 21, 21, 21, 21, 21, 21, 21, 21, 21, 21, 21, 21, 21, 21, 21, 21, 21, 21, 21], None, None, [21, 21, 21, 21, 21, 21, 21, 21, 21, 21, 21, 21, 21, 21, 21, 21, 21, 21, 21, 21, 21, 21, 21, 21, 21], [21, 21, 21, 21, 21, 21, 21, 21, 21, 21, 21, 21, 21, 21, 21, 21, 21, 21, 21, 21, 21, 21, 21, 21, 21], [21, 21, 21, 21, 21, 21, 21, 21, 21, 21, 21, 21, 21, 21, 21, 21, 21, 21, 21, 21, 21, 21, 21, 21, 21], [20, 20, 20, 20, 20, 20, 20, 20, 20, 20, 20, 20, 20, 20, 20, 20, 20, 20, 20, 20, 20, 20, 20, 20, 20], None, None, [20, 20, 20, 20, 20, 20, 20, 20, 20, 20, 20, 20, 20, 20, 20, 20, 20, 20, 20, 20, 20, 20, 20, 20, 20], None, [20, 20, 20, 20, 20, 20, 20, 20, 20, 20, 20, 20, 20, 20, 20, 20, 20, 20, 20, 20, 20, 20, 20, 20, 20], [20, 20, 20, 20, 20, 20, 20, 20, 20, 20, 20, 20, 20, 20, 20, 20, 20, 20, 20, 20, 20, 20, 20, 19, 19], [19, 19, 19, 19, 19, 19, 19, 19, 19, 19, 19, 19, 19, 19, 19, 19, 19, 19, 19, 19, 19, 19, 19, 19, 19], None, None, None, None, None, [19, 19, 19, 19, 19, 19, 19, 19, 19, 19, 19, 19, 19, 19, 19, 19, 19, 19, 19, 19, 19, 18, 18, 18, 18], None, None, None, None, None, [18, 18, 18, 18, 18, 18, 18, 18, 18, 18, 18, 18, 18, 18, 18, 18, 18, 18, 18, 18, 18, 18, 18, 18, 18], [18, 18, 18, 18, 18, 18, 18, 18, 18, 18, 18, 18, 18, 18, 18, 18, 18, 18, 18, 18, 18, 18, 18, 18, 18], [18, 18, 18, 18, 18, 18, 18, 18, 18, 18, 18, 18, 18, 18, 18, 18, 18, 18, 17, 17, 17, 17, 17, 17, 17], [17, 17, 17, 17, 17, 17, 17, 17, 17, 17, 17, 17, 17, 17, 17, 17, 17, 17, 17, 17, 17, 17, 17, 17, 17], None, None, [17, 17, 17, 17, 17, 17, 17, 17, 17, 17, 17, 17, 17, 17, 17, 17, 17, 17, 17, 17, 17, 17, 17, 17, 17], None, None, [17, 17, 17, 17, 17, 17, 17, 17, 17, 17, 17, 17, 17, 17, 17, 17, 17, 17, 17, 17, 17, 17, 16, 16, 16], None, None, None, [16, 16, 16, 16, 16, 16, 16, 16, 16, 16, 16, 16, 16, 16, 16, 16, 16, 16, 16, 16, 16, 16, 16, 16, 16], None, None, [16, 16, 16, 16, 16, 16, 16, 16, 16, 16, 16, 16, 16, 16, 16, 16, 16, 16, 16, 16, 16, 16, 16, 16, 16], [16, 16, 16, 16, 16, 16, 16, 16, 16, 16, 16, 16, 16, 16, 16, 16, 16, 16, 16, 16, 16, 16, 16, 16, 16], [16, 15, 15, 15, 15, 15, 15, 15, 15, 15, 15, 15, 15, 15, 15, 15, 15, 15, 15, 15, 15, 15, 15, 15, 15], [15, 15, 15, 15, 15, 15, 15, 15, 15, 15, 15, 15, 15, 15, 15, 15, 15, 15, 15, 15, 15, 15, 15, 15, 15], None, None, None, None, None, [15, 15, 15, 15, 15, 15, 15, 15, 15, 15, 15, 15, 15, 15, 15, 15, 15, 15, 15, 15, 15, 15, 15, 15, 15], [15, 15, 15, 15, 15, 15, 15, 15, 15, 15, 15, 15, 15, 15, 15, 15, 15, 15, 14, 14, 14, 14, 14, 14, 14], None, [14, 14, 14, 14, 14, 14, 14, 14, 14, 14, 14, 14, 14, 14, 14, 14, 14, 14, 14, 14, 14, 14, 14, 14, 14], None, None, [14, 14, 14, 14, 14, 14, 14, 14, 14, 14, 14, 14, 14, 14, 14, 14, 14, 14, 14, 14, 14, 14, 14, 14, 14], None, None, [14, 14, 14, 14, 14, 14, 14, 14, 14, 14, 14, 14, 14, 14, 14, 14, 14, 14, 14, 14, 14, 14, 14, 14, 14], None, [14, 14, 14, 14, 14, 13, 13, 13, 13, 13, 13, 13, 13, 13, 13, 13, 13, 13, 13, 13, 13, 13, 13, 13, 13], None, [13, 13, 13, 13, 13, 13, 13, 13, 13, 13, 13, 13, 13, 13, 13, 13, 13, 13, 13, 13, 13, 13, 13, 13, 13], None, None, None, None, None, [13, 13, 13, 13, 13, 13, 13, 13, 13, 13, 13, 13, 13, 13, 13, 13, 13, 13, 13, 13, 13, 13, 13, 13, 13], None, None, [13, 13, 13, 13, 13, 13, 13, 13, 13, 13, 13, 13, 13, 13, 13, 13, 13, 13, 13, 12, 12, 12, 12, 12, 12], None, None, [12, 12, 12, 12, 12, 12, 12, 12, 12, 12, 12, 12, 12, 12, 12, 12, 12, 12, 12, 12, 12, 12, 12, 12, 12], None, None, None, None, None, [12, 12, 12, 12, 12, 12, 12, 12, 12, 12, 12, 12, 12, 12, 12, 12, 12, 12, 12, 12, 12, 12, 12, 12, 12], None, None, [12, 12, 11, 11, 11, 11, 11, 11, 11, 11, 11, 11, 11, 11, 11, 11, 11, 11, 11, 11, 11, 11, 11, 11, 11], None, None, None, [11, 11, 11, 11, 11, 11, 11, 11, 11, 11, 11, 11, 11, 11, 11, 11, 11, 11, 11, 11, 11, 11, 11, 11, 11], None, None, None, None, None, [11, 11, 11, 11, 11, 11, 11, 11, 11, 11, 11, 11, 11, 11, 11, 11, 11, 11, 11, 11, 11, 11, 11, 11, 11], [11, 11, 11, 11, 11, 11, 11, 11, 11, 11, 11, 11, 11, 11, 11, 11, 11, 11, 11, 11, 11, 11, 11, 11, 11], [11, 11, 11, 11, 11, 11, 11, 11, 11, 11, 11, 11, 11, 11, 11, 11, 11, 11, 10, 10, 10, 10, 10, 10, 10], [10, 10, 10, 10, 10, 10, 10, 10, 10, 10, 10, 10, 10, 10, 10, 10, 10, 10, 10, 10, 10, 10, 10, 10, 10], None, None, [10, 10, 10, 10, 10, 10, 10, 10, 10, 10, 10, 10, 10, 10, 10, 10, 10, 10, 10, 10, 10, 10, 10, 10, 10], None, None, None, None, None, [10, 10, 10, 10, 10, 10, 10, 10, 10, 10, 10, 10, 10, 10, 10, 10, 10, 10, 10, 10, 10, 10, 10, 10, 10], None, None, [10, 10, 10, 10, 10, 10, 10, 10, 10, 10, 10, 10, 10, 10, 10, 10, 10, 10, 10, 10, 10, 10, 10, 10, 10], [10, 10, 10, 10, 10, 10, 10, 10, 10, 10, 10, 10, 10, 10, 10, 10, 10, 10, 10, 10, 10, 10, 10, 10, 10], [10, 10]]
T: 0	PS: 100
	Estimated kc (min): 1223586
	Estimated kc (avg): 1223586.0
	Estimated kc (max): 1223586
	Total calls: 43
	Total time: 0:08:20.654251
