Trying queue: [1, 101, 201, 301, 401, 501, 601, 701, 801, 901]
arn:aws:lambda:us-east-1:858228748133:function:getHiscores6
Received response...
{'status': 200, 'body': '{"pageData": {"1": [[2000, 1855, 1735, 1626, 1509, 1368, 1336, 1334, 1270, 1265, 1259, 1250, 1226, 1206, 1183, 1168, 1168, 1162, 1147, 1058, 1017, 1014, 1011, 1004, 987], false], "101": [[24, 24, 24, 24, 24, 24, 24, 24, 24, 24, 24, 24, 24, 24, 24, 24, 24, 24, 24, 24, 24, 24, 24, 24, 24], false], "201": [null, false], "301": [null, false], "401": [null, false], "501": [null, false], "601": [null, false], "701": [null, false], "801": [null, false], "901": [null, false]}}'}
{'1': [[2000, 1855, 1735, 1626, 1509, 1368, 1336, 1334, 1270, 1265, 1259, 1250, 1226, 1206, 1183, 1168, 1168, 1162, 1147, 1058, 1017, 1014, 1011, 1004, 987], False], '101': [[24, 24, 24, 24, 24, 24, 24, 24, 24, 24, 24, 24, 24, 24, 24, 24, 24, 24, 24, 24, 24, 24, 24, 24, 24], False], '201': [None, False], '301': [None, False], '401': [None, False], '501': [None, False], '601': [None, False], '701': [None, False], '801': [None, False], '901': [None, False]}
dict_keys(['1', '101', '201', '301', '401', '501', '601', '701', '801', '901'])
[1, 101]
Looking for last page...
Trying page 101
arn:aws:lambda:us-east-1:858228748133:function:getHiscores8
{'101': [[24, 24, 24, 24, 24, 24, 24, 24, 24, 24, 24, 24, 24, 24, 24, 24, 24, 24, 24, 24, 24, 24, 24, 24, 24], False]}
dict_keys(['101'])
[101]
Trying page 151
arn:aws:lambda:us-east-1:858228748133:function:getHiscores5
{'151': [[10, 10, 10, 10, 10, 10, 10, 10, 10, 10, 10, 10, 10, 10, 10, 10, 10, 10, 10, 10, 10, 10, 10, 10, 10], False]}
dict_keys(['151'])
[151]
Trying page 176
arn:aws:lambda:us-east-1:858228748133:function:getHiscores5
{'176': [None, False]}
dict_keys(['176'])
[]
Trying page 164
arn:aws:lambda:us-east-1:858228748133:function:getHiscores10
{'164': [None, False]}
dict_keys(['164'])
[]
Trying page 158
arn:aws:lambda:us-east-1:858228748133:function:getHiscores8
{'158': [None, False]}
dict_keys(['158'])
[]
Trying page 155
arn:aws:lambda:us-east-1:858228748133:function:getHiscores8
{'155': [[10, 10, 10, 10], True]}
dict_keys(['155'])
[155]
Last page found: 155
Queue: [51, 126]
arn:aws:lambda:us-east-1:858228748133:function:getHiscores9
{'51': [[71, 71, 71, 71, 71, 71, 71, 71, 71, 71, 70, 70, 70, 70, 70, 70, 70, 70, 70, 70, 70, 70, 70, 69, 69], False], '126': [[15, 15, 15, 15, 15, 15, 15, 15, 15, 15, 15, 15, 15, 15, 15, 15, 15, 15, 15, 15, 15, 15, 15, 15, 15], False]}
dict_keys(['51', '126'])
[51, 126]
Queue: [26, 76, 113, 138]
arn:aws:lambda:us-east-1:858228748133:function:getHiscores10
{'26': [[141, 140, 140, 140, 140, 140, 140, 140, 140, 139, 139, 139, 139, 138, 138, 138, 138, 138, 137, 137, 137, 137, 137, 136, 136], False], '76': [[40, 40, 40, 40, 40, 40, 40, 40, 40, 40, 40, 40, 40, 40, 40, 40, 40, 40, 40, 40, 40, 40, 40, 40, 39], False], '113': [[20, 20, 19, 19, 19, 19, 19, 19, 19, 19, 19, 19, 19, 19, 19, 19, 19, 19, 19, 19, 19, 19, 19, 19, 19], False], '138': [[12, 12, 12, 12, 12, 12, 12, 12, 12, 12, 12, 12, 12, 12, 12, 12, 12, 12, 12, 12, 12, 12, 12, 12, 12], False]}
dict_keys(['26', '76', '113', '138'])
[26, 76, 113, 138]
Queue: [13, 38, 63, 88, 107, 119, 132, 144]
arn:aws:lambda:us-east-1:858228748133:function:getHiscores3
{'13': [[255, 255, 254, 254, 253, 253, 253, 251, 251, 250, 250, 250, 250, 250, 250, 250, 249, 246, 246, 244, 243, 242, 242, 241, 241], False], '38': [[100, 100, 100, 100, 100, 100, 100, 100, 100, 100, 100, 100, 100, 100, 100, 100, 100, 99, 99, 99, 99, 99, 99, 98, 98], False], '63': [[55, 55, 54, 54, 54, 54, 54, 54, 54, 54, 54, 54, 54, 54, 54, 54, 53, 53, 53, 53, 53, 53, 53, 53, 53], False], '88': [[31, 31, 31, 31, 31, 31, 31, 31, 31, 31, 31, 31, 31, 31, 31, 31, 31, 31, 31, 31, 31, 31, 31, 31, 31], False], '107': [[22, 22, 22, 22, 22, 21, 21, 21, 21, 21, 21, 21, 21, 21, 21, 21, 21, 21, 21, 21, 21, 21, 21, 21, 21], False], '119': [[17, 17, 17, 17, 17, 17, 17, 17, 17, 17, 17, 17, 17, 17, 17, 17, 17, 17, 17, 17, 17, 17, 17, 17, 17], False], '132': [[14, 14, 14, 14, 14, 14, 14, 14, 14, 14, 14, 14, 14, 14, 14, 14, 14, 14, 14, 14, 14, 14, 14, 14, 14], False], '144': [[11, 11, 11, 11, 11, 11, 11, 11, 11, 11, 11, 11, 11, 11, 11, 11, 11, 11, 11, 11, 11, 11, 11, 11, 11], False]}
dict_keys(['13', '38', '63', '88', '107', '119', '132', '144'])
[13, 38, 63, 88, 107, 119, 132, 144]
Queue: [7, 19, 32, 44, 57, 69, 82, 94, 104, 110]
arn:aws:lambda:us-east-1:858228748133:function:getHiscores2
{'7': [[416, 415, 414, 412, 405, 405, 401, 401, 400, 400, 398, 390, 389, 389, 388, 388, 387, 384, 383, 383, 381, 380, 379, 379, 378], False], '19': [[186, 186, 186, 186, 185, 185, 183, 183, 182, 181, 181, 180, 180, 179, 179, 179, 178, 178, 178, 178, 177, 177, 176, 175, 175], False], '32': [[117, 117, 117, 116, 116, 116, 116, 116, 116, 116, 116, 115, 115, 115, 115, 115, 115, 115, 115, 114, 114, 114, 114, 114, 114], False], '44': [[84, 84, 84, 84, 84, 84, 84, 84, 84, 84, 84, 84, 84, 84, 84, 84, 84, 83, 83, 83, 83, 83, 83, 83, 82], False], '57': [[61, 61, 61, 61, 61, 61, 61, 61, 61, 61, 61, 61, 61, 61, 60, 60, 60, 60, 60, 60, 60, 60, 60, 60, 60], False], '69': [[47, 47, 47, 47, 47, 47, 47, 47, 47, 47, 47, 47, 47, 47, 46, 46, 46, 46, 46, 46, 46, 46, 46, 46, 46], False], '82': [[35, 35, 35, 35, 35, 35, 35, 35, 35, 35, 35, 35, 35, 35, 35, 35, 35, 35, 35, 35, 35, 35, 35, 35, 35], False], '94': [[28, 28, 28, 28, 28, 28, 28, 28, 28, 28, 28, 28, 28, 28, 28, 28, 28, 28, 28, 28, 28, 28, 28, 28, 28], False], '104': [[23, 23, 23, 23, 23, 23, 23, 23, 23, 23, 23, 23, 23, 23, 23, 23, 23, 23, 23, 23, 23, 23, 23, 22, 22], False], '110': [[20, 20, 20, 20, 20, 20, 20, 20, 20, 20, 20, 20, 20, 20, 20, 20, 20, 20, 20, 20, 20, 20, 20, 20, 20], False]}
dict_keys(['7', '19', '32', '44', '57', '69', '82', '94', '104', '110'])
[7, 19, 32, 44, 57, 69, 82, 94, 104, 110]
Queue: [116, 122, 129, 135, 141, 147]
arn:aws:lambda:us-east-1:858228748133:function:getHiscores3
{'116': [[18, 18, 18, 18, 18, 18, 18, 18, 18, 18, 18, 18, 18, 18, 18, 18, 18, 18, 18, 18, 18, 18, 18, 18, 18], False], '122': [[17, 17, 17, 17, 17, 17, 17, 16, 16, 16, 16, 16, 16, 16, 16, 16, 16, 16, 16, 16, 16, 16, 16, 16, 16], False], '129': [[14, 14, 14, 14, 14, 14, 14, 14, 14, 14, 14, 14, 14, 14, 14, 14, 14, 14, 14, 14, 14, 14, 14, 14, 14], False], '135': [[13, 13, 13, 13, 13, 13, 13, 13, 13, 13, 13, 13, 13, 13, 13, 13, 13, 13, 13, 13, 13, 13, 13, 13, 13], False], '141': [[12, 12, 12, 12, 12, 12, 12, 12, 12, 12, 12, 12, 12, 12, 12, 12, 12, 12, 12, 12, 12, 12, 12, 12, 12], False], '147': [[11, 11, 10, 10, 10, 10, 10, 10, 10, 10, 10, 10, 10, 10, 10, 10, 10, 10, 10, 10, 10, 10, 10, 10, 10], False]}
dict_keys(['116', '122', '129', '135', '141', '147'])
[116, 122, 129, 135, 141, 147]
Queue: [4, 10, 16, 22, 29, 35, 41, 47, 54, 60]
arn:aws:lambda:us-east-1:858228748133:function:getHiscores1
{'4': [[579, 577, 575, 572, 571, 570, 566, 562, 560, 557, 554, 553, 551, 549, 545, 538, 536, 536, 536, 530, 527, 526, 526, 525, 523], False], '10': [[322, 321, 321, 317, 316, 315, 314, 313, 313, 312, 312, 312, 312, 311, 311, 310, 310, 307, 307, 306, 306, 302, 301, 300, 300], False], '16': [[215, 215, 214, 213, 212, 212, 212, 212, 212, 212, 211, 211, 210, 210, 210, 209, 209, 209, 209, 208, 207, 207, 207, 206, 206], False], '22': [[164, 163, 163, 162, 162, 161, 161, 161, 160, 160, 160, 160, 160, 160, 160, 159, 159, 159, 159, 158, 158, 158, 158, 158, 157], False], '29': [[126, 126, 126, 126, 126, 126, 126, 126, 125, 125, 125, 125, 125, 125, 125, 125, 125, 124, 124, 124, 124, 124, 124, 124, 124], False], '35': [[108, 108, 108, 108, 108, 108, 108, 107, 107, 107, 107, 107, 107, 107, 107, 106, 106, 106, 106, 106, 106, 105, 105, 105, 105], False], '41': [[92, 92, 92, 92, 92, 92, 91, 91, 91, 91, 91, 91, 91, 91, 90, 90, 90, 90, 90, 90, 90, 90, 90, 89, 89], False], '47': [[78, 78, 78, 78, 78, 78, 78, 77, 77, 77, 77, 77, 77, 77, 77, 77, 77, 77, 77, 77, 77, 77, 77, 77, 77], False], '54': [[66, 66, 66, 66, 66, 66, 65, 65, 65, 65, 65, 65, 65, 65, 65, 65, 65, 65, 65, 65, 64, 64, 64, 64, 64], False], '60': [[58, 58, 58, 58, 58, 58, 58, 58, 58, 58, 58, 57, 57, 57, 57, 57, 57, 57, 57, 57, 57, 57, 57, 57, 57], False]}
dict_keys(['4', '10', '16', '22', '29', '35', '41', '47', '54', '60'])
[4, 10, 16, 22, 29, 35, 41, 47, 54, 60]
Queue: [66, 72, 79, 85, 91, 97, 102, 108, 114, 117]
arn:aws:lambda:us-east-1:858228748133:function:getHiscores7
{'66': [[50, 50, 50, 50, 50, 50, 50, 50, 50, 50, 50, 50, 50, 50, 50, 50, 50, 50, 50, 50, 50, 50, 50, 50, 50], False], '72': [[44, 44, 44, 44, 44, 44, 44, 44, 44, 44, 44, 44, 44, 44, 44, 43, 43, 43, 43, 43, 43, 43, 43, 43, 43], False], '79': [[38, 38, 37, 37, 37, 37, 37, 37, 37, 37, 37, 37, 37, 37, 37, 37, 37, 37, 37, 37, 37, 37, 37, 37, 37], False], '85': [[33, 33, 33, 33, 33, 33, 33, 33, 33, 33, 33, 33, 33, 33, 33, 33, 33, 33, 33, 33, 33, 33, 33, 33, 33], False], '91': [[30, 30, 29, 29, 29, 29, 29, 29, 29, 29, 29, 29, 29, 29, 29, 29, 29, 29, 29, 29, 29, 29, 29, 29, 29], False], '97': [[27, 27, 27, 26, 26, 26, 26, 26, 26, 26, 26, 26, 26, 26, 26, 26, 26, 26, 26, 26, 26, 26, 26, 26, 26], False], '102': [[24, 24, 24, 24, 24, 24, 24, 24, 24, 24, 24, 24, 24, 24, 24, 24, 23, 23, 23, 23, 23, 23, 23, 23, 23], False], '108': [[21, 21, 21, 21, 21, 21, 21, 21, 21, 21, 21, 21, 21, 21, 21, 21, 21, 21, 21, 21, 21, 21, 21, 21, 21], False], '114': [[19, 19, 19, 19, 19, 19, 19, 19, 19, 19, 19, 19, 19, 19, 19, 19, 19, 19, 19, 19, 19, 19, 19, 19, 19], False], '117': [[18, 18, 18, 18, 18, 18, 18, 18, 18, 18, 18, 18, 18, 18, 18, 18, 18, 18, 18, 18, 18, 18, 18, 18, 18], False]}
dict_keys(['66', '72', '79', '85', '91', '97', '102', '108', '114', '117'])
[66, 72, 79, 85, 91, 97, 102, 108, 114, 117]
Queue: [124, 127, 133, 136, 142]
arn:aws:lambda:us-east-1:858228748133:function:getHiscores6
{'124': [[16, 16, 16, 16, 16, 16, 16, 16, 16, 16, 16, 16, 16, 16, 16, 16, 16, 16, 16, 16, 16, 16, 16, 16, 16], False], '127': [[15, 15, 15, 15, 15, 15, 15, 15, 15, 15, 15, 15, 15, 15, 15, 15, 15, 15, 15, 15, 15, 15, 15, 15, 15], False], '133': [[13, 13, 13, 13, 13, 13, 13, 13, 13, 13, 13, 13, 13, 13, 13, 13, 13, 13, 13, 13, 13, 13, 13, 13, 13], False], '136': [[13, 13, 13, 13, 13, 13, 13, 13, 13, 13, 13, 13, 13, 13, 13, 13, 13, 13, 13, 13, 13, 13, 13, 13, 13], False], '142': [[12, 12, 12, 11, 11, 11, 11, 11, 11, 11, 11, 11, 11, 11, 11, 11, 11, 11, 11, 11, 11, 11, 11, 11, 11], False]}
dict_keys(['124', '127', '133', '136', '142'])
[124, 127, 133, 136, 142]
Queue: [2, 5, 8, 11, 14, 17, 20, 24, 27, 30]
arn:aws:lambda:us-east-1:858228748133:function:getHiscores9
{'2': [[902, 897, 867, 841, 837, 831, 828, 823, 820, 812, 811, 808, 791, 784, 776, 773, 770, 762, 752, 750, 747, 728, 720, 707, 696], False], '5': [[518, 505, 504, 500, 494, 494, 493, 492, 491, 485, 485, 483, 482, 481, 478, 477, 475, 472, 472, 471, 471, 468, 468, 467, 462], False], '8': [[377, 376, 372, 372, 370, 369, 367, 367, 367, 365, 365, 365, 364, 360, 359, 358, 358, 357, 356, 355, 355, 354, 352, 352, 352], False], '11': [[300, 299, 299, 298, 297, 297, 295, 295, 291, 290, 289, 289, 288, 287, 287, 287, 286, 285, 283, 283, 281, 280, 279, 278, 276], False], '14': [[240, 239, 239, 239, 238, 238, 238, 236, 236, 235, 235, 235, 235, 235, 234, 234, 234, 231, 231, 229, 229, 227, 226, 225, 225], False], '17': [[206, 206, 205, 204, 204, 203, 203, 203, 203, 202, 202, 201, 201, 201, 200, 200, 200, 200, 200, 200, 200, 200, 200, 199, 198], False], '20': [[175, 174, 174, 174, 174, 173, 173, 173, 173, 173, 173, 172, 172, 172, 172, 172, 171, 171, 171, 170, 170, 170, 170, 170, 170], False], '24': [[150, 150, 150, 150, 150, 149, 149, 149, 149, 149, 149, 148, 148, 147, 147, 147, 147, 146, 146, 146, 146, 146, 146, 145, 145], False], '27': [[136, 136, 136, 136, 135, 135, 135, 135, 135, 134, 134, 134, 133, 133, 133, 133, 133, 133, 133, 133, 133, 132, 132, 132, 132], False], '30': [[124, 124, 123, 123, 123, 123, 123, 123, 122, 122, 122, 122, 122, 122, 122, 121, 121, 121, 121, 121, 121, 121, 121, 120, 120], False]}
dict_keys(['2', '5', '8', '11', '14', '17', '20', '24', '27', '30'])
[2, 5, 8, 11, 14, 17, 20, 24, 27, 30]
Queue: [33, 36, 39, 42, 45, 49, 52, 55, 58, 61]
arn:aws:lambda:us-east-1:858228748133:function:getHiscores8
{'33': [[114, 114, 114, 113, 113, 113, 113, 113, 113, 113, 113, 113, 113, 112, 112, 112, 112, 112, 112, 112, 112, 112, 112, 112, 112], False], '36': [[105, 105, 105, 105, 105, 104, 104, 104, 104, 104, 103, 103, 103, 103, 103, 103, 103, 102, 102, 102, 102, 102, 102, 102, 101], False], '39': [[98, 98, 98, 98, 98, 98, 98, 98, 97, 97, 97, 97, 97, 97, 97, 97, 96, 96, 96, 96, 95, 95, 95, 95, 95], False], '42': [[89, 89, 89, 89, 88, 88, 88, 88, 88, 88, 88, 88, 88, 88, 87, 87, 87, 87, 87, 86, 86, 86, 86, 86, 86], False], '45': [[82, 82, 82, 82, 82, 82, 82, 82, 82, 82, 82, 82, 82, 82, 82, 81, 81, 81, 81, 81, 81, 81, 81, 81, 81], False], '49': [[75, 75, 75, 75, 75, 75, 75, 74, 74, 74, 74, 74, 74, 74, 74, 74, 74, 74, 74, 74, 74, 73, 73, 73, 73], False], '52': [[69, 69, 69, 69, 69, 69, 69, 69, 69, 69, 69, 68, 68, 68, 68, 68, 68, 68, 68, 68, 68, 68, 68, 68, 68], False], '55': [[64, 64, 64, 64, 64, 64, 64, 64, 64, 64, 64, 64, 64, 64, 64, 63, 63, 63, 63, 63, 63, 63, 63, 63, 63], False], '58': [[60, 60, 60, 60, 60, 60, 60, 60, 60, 60, 60, 60, 60, 60, 60, 60, 60, 60, 60, 60, 60, 60, 60, 60, 59], False], '61': [[57, 57, 57, 57, 57, 57, 57, 56, 56, 56, 56, 56, 56, 56, 56, 56, 56, 56, 56, 56, 56, 56, 56, 56, 56], False]}
dict_keys(['33', '36', '39', '42', '45', '49', '52', '55', '58', '61'])
[33, 36, 39, 42, 45, 49, 52, 55, 58, 61]
Queue: [64, 67, 70, 74, 77, 80, 83, 86, 89, 92]
arn:aws:lambda:us-east-1:858228748133:function:getHiscores1
{'64': [[53, 53, 53, 53, 53, 53, 53, 53, 53, 52, 52, 52, 52, 52, 52, 52, 52, 52, 52, 52, 52, 52, 52, 52, 52], False], '67': [[50, 50, 50, 50, 50, 50, 50, 50, 50, 49, 49, 49, 49, 49, 49, 49, 49, 49, 49, 49, 49, 49, 49, 49, 49], False], '70': [[46, 46, 46, 46, 46, 46, 45, 45, 45, 45, 45, 45, 45, 45, 45, 45, 45, 45, 45, 45, 45, 45, 45, 45, 45], False], '74': [[42, 42, 42, 42, 42, 42, 42, 42, 42, 42, 41, 41, 41, 41, 41, 41, 41, 41, 41, 41, 41, 41, 41, 41, 41], False], '77': [[39, 39, 39, 39, 39, 39, 39, 39, 39, 39, 39, 39, 39, 39, 39, 39, 39, 39, 39, 38, 38, 38, 38, 38, 38], False], '80': [[37, 37, 37, 37, 37, 37, 37, 36, 36, 36, 36, 36, 36, 36, 36, 36, 36, 36, 36, 36, 36, 36, 36, 36, 36], False], '83': [[35, 35, 35, 35, 35, 35, 34, 34, 34, 34, 34, 34, 34, 34, 34, 34, 34, 34, 34, 34, 34, 34, 34, 34, 34], False], '86': [[32, 32, 32, 32, 32, 32, 32, 32, 32, 32, 32, 32, 32, 32, 32, 32, 32, 32, 32, 32, 32, 32, 32, 32, 32], False], '89': [[31, 30, 30, 30, 30, 30, 30, 30, 30, 30, 30, 30, 30, 30, 30, 30, 30, 30, 30, 30, 30, 30, 30, 30, 30], False], '92': [[29, 29, 29, 29, 29, 29, 29, 29, 29, 29, 29, 29, 29, 29, 29, 29, 29, 29, 28, 28, 28, 28, 28, 28, 28], False]}
dict_keys(['64', '67', '70', '74', '77', '80', '83', '86', '89', '92'])
[64, 67, 70, 74, 77, 80, 83, 86, 89, 92]
Queue: [95, 99, 109, 115, 118, 125, 128, 137]
arn:aws:lambda:us-east-1:858228748133:function:getHiscores6
{'95': [[28, 28, 28, 27, 27, 27, 27, 27, 27, 27, 27, 27, 27, 27, 27, 27, 27, 27, 27, 27, 27, 27, 27, 27, 27], False], '99': [[25, 25, 25, 25, 25, 25, 25, 25, 25, 25, 25, 25, 25, 25, 25, 25, 25, 25, 25, 25, 25, 25, 25, 25, 25], False], '109': [[21, 21, 21, 21, 21, 21, 21, 21, 21, 21, 21, 21, 21, 21, 21, 21, 21, 21, 20, 20, 20, 20, 20, 20, 20], False], '115': [[19, 19, 19, 19, 19, 19, 19, 19, 19, 19, 19, 18, 18, 18, 18, 18, 18, 18, 18, 18, 18, 18, 18, 18, 18], False], '118': [[18, 18, 18, 18, 18, 18, 18, 18, 18, 18, 18, 18, 18, 18, 18, 17, 17, 17, 17, 17, 17, 17, 17, 17, 17], False], '125': [[16, 16, 16, 16, 16, 16, 16, 16, 16, 16, 16, 16, 15, 15, 15, 15, 15, 15, 15, 15, 15, 15, 15, 15, 15], False], '128': [[15, 15, 15, 15, 15, 15, 15, 15, 15, 15, 15, 15, 15, 15, 15, 14, 14, 14, 14, 14, 14, 14, 14, 14, 14], False], '137': [[13, 13, 13, 13, 13, 13, 13, 13, 12, 12, 12, 12, 12, 12, 12, 12, 12, 12, 12, 12, 12, 12, 12, 12, 12], False]}
dict_keys(['95', '99', '109', '115', '118', '125', '128', '137'])
[95, 99, 109, 115, 118, 125, 128, 137]
Queue: [3, 6, 9, 12, 15, 18, 21, 23, 25, 28]
arn:aws:lambda:us-east-1:858228748133:function:getHiscores9
{'3': [[684, 683, 671, 664, 655, 654, 652, 650, 649, 635, 629, 628, 624, 620, 612, 608, 606, 604, 600, 596, 596, 596, 583, 583, 582], False], '6': [[461, 461, 461, 460, 450, 449, 449, 449, 445, 445, 444, 440, 436, 431, 430, 429, 426, 425, 424, 420, 420, 420, 417, 417, 416], False], '9': [[352, 351, 351, 351, 350, 350, 349, 344, 344, 342, 341, 341, 340, 338, 335, 331, 330, 327, 324, 324, 323, 323, 322, 322, 322], False], '12': [[275, 274, 273, 273, 272, 272, 272, 271, 271, 270, 270, 270, 270, 270, 269, 269, 269, 267, 267, 261, 261, 259, 258, 257, 256], False], '15': [[225, 225, 224, 224, 224, 223, 223, 222, 222, 222, 221, 221, 221, 220, 220, 220, 220, 218, 218, 218, 217, 216, 216, 216, 215], False], '18': [[197, 197, 196, 194, 193, 192, 192, 192, 192, 191, 191, 191, 191, 190, 190, 190, 190, 189, 189, 189, 188, 188, 188, 187, 187], False], '21': [[169, 169, 169, 169, 169, 169, 168, 168, 168, 168, 167, 167, 167, 167, 166, 166, 165, 165, 165, 165, 165, 164, 164, 164, 164], False], '23': [[157, 156, 156, 156, 155, 155, 154, 154, 154, 153, 153, 152, 152, 152, 151, 151, 151, 151, 150, 150, 150, 150, 150, 150, 150], False], '25': [[145, 145, 145, 145, 145, 145, 145, 144, 144, 144, 144, 144, 143, 142, 142, 142, 142, 141, 141, 141, 141, 141, 141, 141, 141], False], '28': [[132, 132, 132, 132, 132, 131, 130, 130, 130, 130, 130, 130, 130, 129, 129, 129, 129, 129, 128, 128, 128, 128, 127, 127, 127], False]}
dict_keys(['3', '6', '9', '12', '15', '18', '21', '23', '25', '28'])
[3, 6, 9, 12, 15, 18, 21, 23, 25, 28]
Queue: [31, 34, 37, 40, 43, 46, 48, 50, 53, 56]
arn:aws:lambda:us-east-1:858228748133:function:getHiscores8
{'31': [[120, 120, 120, 120, 120, 120, 120, 120, 120, 120, 119, 119, 119, 119, 118, 118, 118, 118, 118, 118, 118, 118, 118, 118, 118], False], '34': [[111, 111, 111, 111, 111, 111, 111, 111, 111, 111, 110, 110, 110, 110, 110, 110, 110, 110, 109, 109, 109, 109, 109, 109, 108], False], '37': [[101, 101, 101, 101, 101, 101, 101, 101, 101, 101, 101, 101, 100, 100, 100, 100, 100, 100, 100, 100, 100, 100, 100, 100, 100], False], '40': [[94, 94, 94, 94, 94, 94, 94, 94, 94, 94, 94, 93, 93, 93, 93, 93, 93, 93, 93, 93, 93, 93, 92, 92, 92], False], '43': [[86, 86, 86, 86, 86, 86, 86, 85, 85, 85, 85, 85, 85, 85, 85, 85, 85, 85, 85, 85, 85, 85, 85, 85, 84], False], '46': [[80, 80, 80, 80, 80, 80, 80, 80, 80, 80, 80, 80, 80, 80, 79, 79, 79, 79, 79, 79, 78, 78, 78, 78, 78], False], '48': [[77, 77, 77, 76, 76, 76, 76, 76, 76, 76, 76, 76, 76, 76, 76, 75, 75, 75, 75, 75, 75, 75, 75, 75, 75], False], '50': [[73, 73, 73, 73, 73, 73, 73, 73, 73, 73, 73, 73, 72, 72, 72, 72, 72, 72, 72, 72, 72, 72, 71, 71, 71], False], '53': [[67, 67, 67, 67, 67, 67, 67, 67, 67, 67, 67, 67, 66, 66, 66, 66, 66, 66, 66, 66, 66, 66, 66, 66, 66], False], '56': [[63, 63, 63, 63, 63, 63, 63, 63, 62, 62, 62, 62, 62, 62, 62, 62, 62, 62, 62, 62, 62, 61, 61, 61, 61], False]}
dict_keys(['31', '34', '37', '40', '43', '46', '48', '50', '53', '56'])
[31, 34, 37, 40, 43, 46, 48, 50, 53, 56]
Queue: [59, 62, 65, 68, 71, 73, 75, 81, 84, 87]
arn:aws:lambda:us-east-1:858228748133:function:getHiscores1
{'59': [[59, 59, 59, 59, 59, 59, 59, 59, 59, 59, 59, 59, 59, 59, 59, 59, 59, 59, 59, 59, 59, 59, 58, 58, 58], False], '62': [[56, 56, 56, 56, 55, 55, 55, 55, 55, 55, 55, 55, 55, 55, 55, 55, 55, 55, 55, 55, 55, 55, 55, 55, 55], False], '65': [[52, 51, 51, 51, 51, 51, 51, 51, 51, 51, 51, 51, 51, 51, 51, 51, 51, 51, 51, 51, 51, 51, 51, 51, 51], False], '68': [[49, 49, 48, 48, 48, 48, 48, 48, 48, 48, 48, 48, 48, 48, 48, 48, 48, 48, 48, 48, 48, 47, 47, 47, 47], False], '71': [[45, 45, 45, 45, 45, 45, 45, 45, 45, 45, 45, 45, 45, 45, 45, 44, 44, 44, 44, 44, 44, 44, 44, 44, 44], False], '73': [[43, 43, 43, 43, 43, 43, 43, 43, 43, 43, 43, 43, 42, 42, 42, 42, 42, 42, 42, 42, 42, 42, 42, 42, 42], False], '75': [[41, 41, 41, 41, 41, 41, 41, 41, 41, 41, 41, 41, 41, 40, 40, 40, 40, 40, 40, 40, 40, 40, 40, 40, 40], False], '81': [[36, 36, 36, 36, 36, 36, 36, 36, 36, 36, 36, 36, 36, 36, 36, 36, 36, 36, 36, 36, 35, 35, 35, 35, 35], False], '84': [[34, 34, 34, 34, 34, 34, 34, 34, 34, 34, 34, 34, 34, 34, 34, 34, 33, 33, 33, 33, 33, 33, 33, 33, 33], False], '87': [[32, 32, 32, 32, 32, 32, 32, 32, 32, 32, 32, 32, 32, 32, 31, 31, 31, 31, 31, 31, 31, 31, 31, 31, 31], False]}
dict_keys(['59', '62', '65', '68', '71', '73', '75', '81', '84', '87'])
[59, 62, 65, 68, 71, 73, 75, 81, 84, 87]
Queue: [98, 100]
arn:aws:lambda:us-east-1:858228748133:function:getHiscores2
{'98': [[26, 26, 26, 26, 26, 26, 26, 26, 26, 26, 26, 26, 26, 26, 26, 26, 26, 26, 26, 26, 26, 26, 26, 26, 26], False], '100': [[25, 25, 25, 25, 25, 25, 25, 25, 25, 25, 25, 25, 25, 25, 25, 25, 25, 25, 25, 25, 25, 25, 24, 24, 24], False]}
dict_keys(['98', '100'])
[98, 100]
[None, [2000, 1855, 1735, 1626, 1509, 1368, 1336, 1334, 1270, 1265, 1259, 1250, 1226, 1206, 1183, 1168, 1168, 1162, 1147, 1058, 1017, 1014, 1011, 1004, 987], [902, 897, 867, 841, 837, 831, 828, 823, 820, 812, 811, 808, 791, 784, 776, 773, 770, 762, 752, 750, 747, 728, 720, 707, 696], [684, 683, 671, 664, 655, 654, 652, 650, 649, 635, 629, 628, 624, 620, 612, 608, 606, 604, 600, 596, 596, 596, 583, 583, 582], [579, 577, 575, 572, 571, 570, 566, 562, 560, 557, 554, 553, 551, 549, 545, 538, 536, 536, 536, 530, 527, 526, 526, 525, 523], [518, 505, 504, 500, 494, 494, 493, 492, 491, 485, 485, 483, 482, 481, 478, 477, 475, 472, 472, 471, 471, 468, 468, 467, 462], [461, 461, 461, 460, 450, 449, 449, 449, 445, 445, 444, 440, 436, 431, 430, 429, 426, 425, 424, 420, 420, 420, 417, 417, 416], [416, 415, 414, 412, 405, 405, 401, 401, 400, 400, 398, 390, 389, 389, 388, 388, 387, 384, 383, 383, 381, 380, 379, 379, 378], [377, 376, 372, 372, 370, 369, 367, 367, 367, 365, 365, 365, 364, 360, 359, 358, 358, 357, 356, 355, 355, 354, 352, 352, 352], [352, 351, 351, 351, 350, 350, 349, 344, 344, 342, 341, 341, 340, 338, 335, 331, 330, 327, 324, 324, 323, 323, 322, 322, 322], [322, 321, 321, 317, 316, 315, 314, 313, 313, 312, 312, 312, 312, 311, 311, 310, 310, 307, 307, 306, 306, 302, 301, 300, 300], [300, 299, 299, 298, 297, 297, 295, 295, 291, 290, 289, 289, 288, 287, 287, 287, 286, 285, 283, 283, 281, 280, 279, 278, 276], [275, 274, 273, 273, 272, 272, 272, 271, 271, 270, 270, 270, 270, 270, 269, 269, 269, 267, 267, 261, 261, 259, 258, 257, 256], [255, 255, 254, 254, 253, 253, 253, 251, 251, 250, 250, 250, 250, 250, 250, 250, 249, 246, 246, 244, 243, 242, 242, 241, 241], [240, 239, 239, 239, 238, 238, 238, 236, 236, 235, 235, 235, 235, 235, 234, 234, 234, 231, 231, 229, 229, 227, 226, 225, 225], [225, 225, 224, 224, 224, 223, 223, 222, 222, 222, 221, 221, 221, 220, 220, 220, 220, 218, 218, 218, 217, 216, 216, 216, 215], [215, 215, 214, 213, 212, 212, 212, 212, 212, 212, 211, 211, 210, 210, 210, 209, 209, 209, 209, 208, 207, 207, 207, 206, 206], [206, 206, 205, 204, 204, 203, 203, 203, 203, 202, 202, 201, 201, 201, 200, 200, 200, 200, 200, 200, 200, 200, 200, 199, 198], [197, 197, 196, 194, 193, 192, 192, 192, 192, 191, 191, 191, 191, 190, 190, 190, 190, 189, 189, 189, 188, 188, 188, 187, 187], [186, 186, 186, 186, 185, 185, 183, 183, 182, 181, 181, 180, 180, 179, 179, 179, 178, 178, 178, 178, 177, 177, 176, 175, 175], [175, 174, 174, 174, 174, 173, 173, 173, 173, 173, 173, 172, 172, 172, 172, 172, 171, 171, 171, 170, 170, 170, 170, 170, 170], [169, 169, 169, 169, 169, 169, 168, 168, 168, 168, 167, 167, 167, 167, 166, 166, 165, 165, 165, 165, 165, 164, 164, 164, 164], [164, 163, 163, 162, 162, 161, 161, 161, 160, 160, 160, 160, 160, 160, 160, 159, 159, 159, 159, 158, 158, 158, 158, 158, 157], [157, 156, 156, 156, 155, 155, 154, 154, 154, 153, 153, 152, 152, 152, 151, 151, 151, 151, 150, 150, 150, 150, 150, 150, 150], [150, 150, 150, 150, 150, 149, 149, 149, 149, 149, 149, 148, 148, 147, 147, 147, 147, 146, 146, 146, 146, 146, 146, 145, 145], [145, 145, 145, 145, 145, 145, 145, 144, 144, 144, 144, 144, 143, 142, 142, 142, 142, 141, 141, 141, 141, 141, 141, 141, 141], [141, 140, 140, 140, 140, 140, 140, 140, 140, 139, 139, 139, 139, 138, 138, 138, 138, 138, 137, 137, 137, 137, 137, 136, 136], [136, 136, 136, 136, 135, 135, 135, 135, 135, 134, 134, 134, 133, 133, 133, 133, 133, 133, 133, 133, 133, 132, 132, 132, 132], [132, 132, 132, 132, 132, 131, 130, 130, 130, 130, 130, 130, 130, 129, 129, 129, 129, 129, 128, 128, 128, 128, 127, 127, 127], [126, 126, 126, 126, 126, 126, 126, 126, 125, 125, 125, 125, 125, 125, 125, 125, 125, 124, 124, 124, 124, 124, 124, 124, 124], [124, 124, 123, 123, 123, 123, 123, 123, 122, 122, 122, 122, 122, 122, 122, 121, 121, 121, 121, 121, 121, 121, 121, 120, 120], [120, 120, 120, 120, 120, 120, 120, 120, 120, 120, 119, 119, 119, 119, 118, 118, 118, 118, 118, 118, 118, 118, 118, 118, 118], [117, 117, 117, 116, 116, 116, 116, 116, 116, 116, 116, 115, 115, 115, 115, 115, 115, 115, 115, 114, 114, 114, 114, 114, 114], [114, 114, 114, 113, 113, 113, 113, 113, 113, 113, 113, 113, 113, 112, 112, 112, 112, 112, 112, 112, 112, 112, 112, 112, 112], [111, 111, 111, 111, 111, 111, 111, 111, 111, 111, 110, 110, 110, 110, 110, 110, 110, 110, 109, 109, 109, 109, 109, 109, 108], [108, 108, 108, 108, 108, 108, 108, 107, 107, 107, 107, 107, 107, 107, 107, 106, 106, 106, 106, 106, 106, 105, 105, 105, 105], [105, 105, 105, 105, 105, 104, 104, 104, 104, 104, 103, 103, 103, 103, 103, 103, 103, 102, 102, 102, 102, 102, 102, 102, 101], [101, 101, 101, 101, 101, 101, 101, 101, 101, 101, 101, 101, 100, 100, 100, 100, 100, 100, 100, 100, 100, 100, 100, 100, 100], [100, 100, 100, 100, 100, 100, 100, 100, 100, 100, 100, 100, 100, 100, 100, 100, 100, 99, 99, 99, 99, 99, 99, 98, 98], [98, 98, 98, 98, 98, 98, 98, 98, 97, 97, 97, 97, 97, 97, 97, 97, 96, 96, 96, 96, 95, 95, 95, 95, 95], [94, 94, 94, 94, 94, 94, 94, 94, 94, 94, 94, 93, 93, 93, 93, 93, 93, 93, 93, 93, 93, 93, 92, 92, 92], [92, 92, 92, 92, 92, 92, 91, 91, 91, 91, 91, 91, 91, 91, 90, 90, 90, 90, 90, 90, 90, 90, 90, 89, 89], [89, 89, 89, 89, 88, 88, 88, 88, 88, 88, 88, 88, 88, 88, 87, 87, 87, 87, 87, 86, 86, 86, 86, 86, 86], [86, 86, 86, 86, 86, 86, 86, 85, 85, 85, 85, 85, 85, 85, 85, 85, 85, 85, 85, 85, 85, 85, 85, 85, 84], [84, 84, 84, 84, 84, 84, 84, 84, 84, 84, 84, 84, 84, 84, 84, 84, 84, 83, 83, 83, 83, 83, 83, 83, 82], [82, 82, 82, 82, 82, 82, 82, 82, 82, 82, 82, 82, 82, 82, 82, 81, 81, 81, 81, 81, 81, 81, 81, 81, 81], [80, 80, 80, 80, 80, 80, 80, 80, 80, 80, 80, 80, 80, 80, 79, 79, 79, 79, 79, 79, 78, 78, 78, 78, 78], [78, 78, 78, 78, 78, 78, 78, 77, 77, 77, 77, 77, 77, 77, 77, 77, 77, 77, 77, 77, 77, 77, 77, 77, 77], [77, 77, 77, 76, 76, 76, 76, 76, 76, 76, 76, 76, 76, 76, 76, 75, 75, 75, 75, 75, 75, 75, 75, 75, 75], [75, 75, 75, 75, 75, 75, 75, 74, 74, 74, 74, 74, 74, 74, 74, 74, 74, 74, 74, 74, 74, 73, 73, 73, 73], [73, 73, 73, 73, 73, 73, 73, 73, 73, 73, 73, 73, 72, 72, 72, 72, 72, 72, 72, 72, 72, 72, 71, 71, 71], [71, 71, 71, 71, 71, 71, 71, 71, 71, 71, 70, 70, 70, 70, 70, 70, 70, 70, 70, 70, 70, 70, 70, 69, 69], [69, 69, 69, 69, 69, 69, 69, 69, 69, 69, 69, 68, 68, 68, 68, 68, 68, 68, 68, 68, 68, 68, 68, 68, 68], [67, 67, 67, 67, 67, 67, 67, 67, 67, 67, 67, 67, 66, 66, 66, 66, 66, 66, 66, 66, 66, 66, 66, 66, 66], [66, 66, 66, 66, 66, 66, 65, 65, 65, 65, 65, 65, 65, 65, 65, 65, 65, 65, 65, 65, 64, 64, 64, 64, 64], [64, 64, 64, 64, 64, 64, 64, 64, 64, 64, 64, 64, 64, 64, 64, 63, 63, 63, 63, 63, 63, 63, 63, 63, 63], [63, 63, 63, 63, 63, 63, 63, 63, 62, 62, 62, 62, 62, 62, 62, 62, 62, 62, 62, 62, 62, 61, 61, 61, 61], [61, 61, 61, 61, 61, 61, 61, 61, 61, 61, 61, 61, 61, 61, 60, 60, 60, 60, 60, 60, 60, 60, 60, 60, 60], [60, 60, 60, 60, 60, 60, 60, 60, 60, 60, 60, 60, 60, 60, 60, 60, 60, 60, 60, 60, 60, 60, 60, 60, 59], [59, 59, 59, 59, 59, 59, 59, 59, 59, 59, 59, 59, 59, 59, 59, 59, 59, 59, 59, 59, 59, 59, 58, 58, 58], [58, 58, 58, 58, 58, 58, 58, 58, 58, 58, 58, 57, 57, 57, 57, 57, 57, 57, 57, 57, 57, 57, 57, 57, 57], [57, 57, 57, 57, 57, 57, 57, 56, 56, 56, 56, 56, 56, 56, 56, 56, 56, 56, 56, 56, 56, 56, 56, 56, 56], [56, 56, 56, 56, 55, 55, 55, 55, 55, 55, 55, 55, 55, 55, 55, 55, 55, 55, 55, 55, 55, 55, 55, 55, 55], [55, 55, 54, 54, 54, 54, 54, 54, 54, 54, 54, 54, 54, 54, 54, 54, 53, 53, 53, 53, 53, 53, 53, 53, 53], [53, 53, 53, 53, 53, 53, 53, 53, 53, 52, 52, 52, 52, 52, 52, 52, 52, 52, 52, 52, 52, 52, 52, 52, 52], [52, 51, 51, 51, 51, 51, 51, 51, 51, 51, 51, 51, 51, 51, 51, 51, 51, 51, 51, 51, 51, 51, 51, 51, 51], [50, 50, 50, 50, 50, 50, 50, 50, 50, 50, 50, 50, 50, 50, 50, 50, 50, 50, 50, 50, 50, 50, 50, 50, 50], [50, 50, 50, 50, 50, 50, 50, 50, 50, 49, 49, 49, 49, 49, 49, 49, 49, 49, 49, 49, 49, 49, 49, 49, 49], [49, 49, 48, 48, 48, 48, 48, 48, 48, 48, 48, 48, 48, 48, 48, 48, 48, 48, 48, 48, 48, 47, 47, 47, 47], [47, 47, 47, 47, 47, 47, 47, 47, 47, 47, 47, 47, 47, 47, 46, 46, 46, 46, 46, 46, 46, 46, 46, 46, 46], [46, 46, 46, 46, 46, 46, 45, 45, 45, 45, 45, 45, 45, 45, 45, 45, 45, 45, 45, 45, 45, 45, 45, 45, 45], [45, 45, 45, 45, 45, 45, 45, 45, 45, 45, 45, 45, 45, 45, 45, 44, 44, 44, 44, 44, 44, 44, 44, 44, 44], [44, 44, 44, 44, 44, 44, 44, 44, 44, 44, 44, 44, 44, 44, 44, 43, 43, 43, 43, 43, 43, 43, 43, 43, 43], [43, 43, 43, 43, 43, 43, 43, 43, 43, 43, 43, 43, 42, 42, 42, 42, 42, 42, 42, 42, 42, 42, 42, 42, 42], [42, 42, 42, 42, 42, 42, 42, 42, 42, 42, 41, 41, 41, 41, 41, 41, 41, 41, 41, 41, 41, 41, 41, 41, 41], [41, 41, 41, 41, 41, 41, 41, 41, 41, 41, 41, 41, 41, 40, 40, 40, 40, 40, 40, 40, 40, 40, 40, 40, 40], [40, 40, 40, 40, 40, 40, 40, 40, 40, 40, 40, 40, 40, 40, 40, 40, 40, 40, 40, 40, 40, 40, 40, 40, 39], [39, 39, 39, 39, 39, 39, 39, 39, 39, 39, 39, 39, 39, 39, 39, 39, 39, 39, 39, 38, 38, 38, 38, 38, 38], None, [38, 38, 37, 37, 37, 37, 37, 37, 37, 37, 37, 37, 37, 37, 37, 37, 37, 37, 37, 37, 37, 37, 37, 37, 37], [37, 37, 37, 37, 37, 37, 37, 36, 36, 36, 36, 36, 36, 36, 36, 36, 36, 36, 36, 36, 36, 36, 36, 36, 36], [36, 36, 36, 36, 36, 36, 36, 36, 36, 36, 36, 36, 36, 36, 36, 36, 36, 36, 36, 36, 35, 35, 35, 35, 35], [35, 35, 35, 35, 35, 35, 35, 35, 35, 35, 35, 35, 35, 35, 35, 35, 35, 35, 35, 35, 35, 35, 35, 35, 35], [35, 35, 35, 35, 35, 35, 34, 34, 34, 34, 34, 34, 34, 34, 34, 34, 34, 34, 34, 34, 34, 34, 34, 34, 34], [34, 34, 34, 34, 34, 34, 34, 34, 34, 34, 34, 34, 34, 34, 34, 34, 33, 33, 33, 33, 33, 33, 33, 33, 33], [33, 33, 33, 33, 33, 33, 33, 33, 33, 33, 33, 33, 33, 33, 33, 33, 33, 33, 33, 33, 33, 33, 33, 33, 33], [32, 32, 32, 32, 32, 32, 32, 32, 32, 32, 32, 32, 32, 32, 32, 32, 32, 32, 32, 32, 32, 32, 32, 32, 32], [32, 32, 32, 32, 32, 32, 32, 32, 32, 32, 32, 32, 32, 32, 31, 31, 31, 31, 31, 31, 31, 31, 31, 31, 31], [31, 31, 31, 31, 31, 31, 31, 31, 31, 31, 31, 31, 31, 31, 31, 31, 31, 31, 31, 31, 31, 31, 31, 31, 31], [31, 30, 30, 30, 30, 30, 30, 30, 30, 30, 30, 30, 30, 30, 30, 30, 30, 30, 30, 30, 30, 30, 30, 30, 30], None, [30, 30, 29, 29, 29, 29, 29, 29, 29, 29, 29, 29, 29, 29, 29, 29, 29, 29, 29, 29, 29, 29, 29, 29, 29], [29, 29, 29, 29, 29, 29, 29, 29, 29, 29, 29, 29, 29, 29, 29, 29, 29, 29, 28, 28, 28, 28, 28, 28, 28], None, [28, 28, 28, 28, 28, 28, 28, 28, 28, 28, 28, 28, 28, 28, 28, 28, 28, 28, 28, 28, 28, 28, 28, 28, 28], [28, 28, 28, 27, 27, 27, 27, 27, 27, 27, 27, 27, 27, 27, 27, 27, 27, 27, 27, 27, 27, 27, 27, 27, 27], None, [27, 27, 27, 26, 26, 26, 26, 26, 26, 26, 26, 26, 26, 26, 26, 26, 26, 26, 26, 26, 26, 26, 26, 26, 26], [26, 26, 26, 26, 26, 26, 26, 26, 26, 26, 26, 26, 26, 26, 26, 26, 26, 26, 26, 26, 26, 26, 26, 26, 26], [25, 25, 25, 25, 25, 25, 25, 25, 25, 25, 25, 25, 25, 25, 25, 25, 25, 25, 25, 25, 25, 25, 25, 25, 25], [25, 25, 25, 25, 25, 25, 25, 25, 25, 25, 25, 25, 25, 25, 25, 25, 25, 25, 25, 25, 25, 25, 24, 24, 24], [24, 24, 24, 24, 24, 24, 24, 24, 24, 24, 24, 24, 24, 24, 24, 24, 24, 24, 24, 24, 24, 24, 24, 24, 24], [24, 24, 24, 24, 24, 24, 24, 24, 24, 24, 24, 24, 24, 24, 24, 24, 23, 23, 23, 23, 23, 23, 23, 23, 23], None, [23, 23, 23, 23, 23, 23, 23, 23, 23, 23, 23, 23, 23, 23, 23, 23, 23, 23, 23, 23, 23, 23, 23, 22, 22], None, None, [22, 22, 22, 22, 22, 21, 21, 21, 21, 21, 21, 21, 21, 21, 21, 21, 21, 21, 21, 21, 21, 21, 21, 21, 21], [21, 21, 21, 21, 21, 21, 21, 21, 21, 21, 21, 21, 21, 21, 21, 21, 21, 21, 21, 21, 21, 21, 21, 21, 21], [21, 21, 21, 21, 21, 21, 21, 21, 21, 21, 21, 21, 21, 21, 21, 21, 21, 21, 20, 20, 20, 20, 20, 20, 20], [20, 20, 20, 20, 20, 20, 20, 20, 20, 20, 20, 20, 20, 20, 20, 20, 20, 20, 20, 20, 20, 20, 20, 20, 20], None, None, [20, 20, 19, 19, 19, 19, 19, 19, 19, 19, 19, 19, 19, 19, 19, 19, 19, 19, 19, 19, 19, 19, 19, 19, 19], [19, 19, 19, 19, 19, 19, 19, 19, 19, 19, 19, 19, 19, 19, 19, 19, 19, 19, 19, 19, 19, 19, 19, 19, 19], [19, 19, 19, 19, 19, 19, 19, 19, 19, 19, 19, 18, 18, 18, 18, 18, 18, 18, 18, 18, 18, 18, 18, 18, 18], [18, 18, 18, 18, 18, 18, 18, 18, 18, 18, 18, 18, 18, 18, 18, 18, 18, 18, 18, 18, 18, 18, 18, 18, 18], [18, 18, 18, 18, 18, 18, 18, 18, 18, 18, 18, 18, 18, 18, 18, 18, 18, 18, 18, 18, 18, 18, 18, 18, 18], [18, 18, 18, 18, 18, 18, 18, 18, 18, 18, 18, 18, 18, 18, 18, 17, 17, 17, 17, 17, 17, 17, 17, 17, 17], [17, 17, 17, 17, 17, 17, 17, 17, 17, 17, 17, 17, 17, 17, 17, 17, 17, 17, 17, 17, 17, 17, 17, 17, 17], None, None, [17, 17, 17, 17, 17, 17, 17, 16, 16, 16, 16, 16, 16, 16, 16, 16, 16, 16, 16, 16, 16, 16, 16, 16, 16], None, [16, 16, 16, 16, 16, 16, 16, 16, 16, 16, 16, 16, 16, 16, 16, 16, 16, 16, 16, 16, 16, 16, 16, 16, 16], [16, 16, 16, 16, 16, 16, 16, 16, 16, 16, 16, 16, 15, 15, 15, 15, 15, 15, 15, 15, 15, 15, 15, 15, 15], [15, 15, 15, 15, 15, 15, 15, 15, 15, 15, 15, 15, 15, 15, 15, 15, 15, 15, 15, 15, 15, 15, 15, 15, 15], [15, 15, 15, 15, 15, 15, 15, 15, 15, 15, 15, 15, 15, 15, 15, 15, 15, 15, 15, 15, 15, 15, 15, 15, 15], [15, 15, 15, 15, 15, 15, 15, 15, 15, 15, 15, 15, 15, 15, 15, 14, 14, 14, 14, 14, 14, 14, 14, 14, 14], [14, 14, 14, 14, 14, 14, 14, 14, 14, 14, 14, 14, 14, 14, 14, 14, 14, 14, 14, 14, 14, 14, 14, 14, 14], None, None, [14, 14, 14, 14, 14, 14, 14, 14, 14, 14, 14, 14, 14, 14, 14, 14, 14, 14, 14, 14, 14, 14, 14, 14, 14], [13, 13, 13, 13, 13, 13, 13, 13, 13, 13, 13, 13, 13, 13, 13, 13, 13, 13, 13, 13, 13, 13, 13, 13, 13], None, [13, 13, 13, 13, 13, 13, 13, 13, 13, 13, 13, 13, 13, 13, 13, 13, 13, 13, 13, 13, 13, 13, 13, 13, 13], [13, 13, 13, 13, 13, 13, 13, 13, 13, 13, 13, 13, 13, 13, 13, 13, 13, 13, 13, 13, 13, 13, 13, 13, 13], [13, 13, 13, 13, 13, 13, 13, 13, 12, 12, 12, 12, 12, 12, 12, 12, 12, 12, 12, 12, 12, 12, 12, 12, 12], [12, 12, 12, 12, 12, 12, 12, 12, 12, 12, 12, 12, 12, 12, 12, 12, 12, 12, 12, 12, 12, 12, 12, 12, 12], None, None, [12, 12, 12, 12, 12, 12, 12, 12, 12, 12, 12, 12, 12, 12, 12, 12, 12, 12, 12, 12, 12, 12, 12, 12, 12], [12, 12, 12, 11, 11, 11, 11, 11, 11, 11, 11, 11, 11, 11, 11, 11, 11, 11, 11, 11, 11, 11, 11, 11, 11], None, [11, 11, 11, 11, 11, 11, 11, 11, 11, 11, 11, 11, 11, 11, 11, 11, 11, 11, 11, 11, 11, 11, 11, 11, 11], None, None, [11, 11, 10, 10, 10, 10, 10, 10, 10, 10, 10, 10, 10, 10, 10, 10, 10, 10, 10, 10, 10, 10, 10, 10, 10], None, None, None, [10, 10, 10, 10, 10, 10, 10, 10, 10, 10, 10, 10, 10, 10, 10, 10, 10, 10, 10, 10, 10, 10, 10, 10, 10], None, None, None, [10, 10, 10, 10]]
T: 0	PS: 100
	Estimated kc (min): 351347
	Estimated kc (avg): 351347.0
	Estimated kc (max): 351347
	Total calls: 23
	Total time: 0:04:05.881640
