Trying queue: [1, 101, 201, 301, 401, 501, 601, 701, 801, 901]
arn:aws:lambda:us-east-1:858228748133:function:getHiscores4
Received response...
{'status': 200, 'body': '{"pageData": {"1": [[32364, 30011, 24722, 23818, 22157, 20979, 19218, 19005, 18645, 17456, 17267, 17203, 16215, 15260, 15133, 14614, 13480, 13479, 13361, 13225, 13076, 12819, 12563, 12385, 12331], false], "101": [[2467, 2467, 2466, 2466, 2466, 2465, 2464, 2464, 2464, 2464, 2463, 2463, 2462, 2461, 2461, 2460, 2459, 2459, 2458, 2458, 2458, 2457, 2456, 2456, 2454], false], "201": [[1801, 1800, 1800, 1800, 1800, 1800, 1800, 1800, 1800, 1799, 1799, 1799, 1799, 1799, 1798, 1798, 1798, 1798, 1798, 1798, 1797, 1797, 1797, 1797, 1796], false], "301": [[1465, 1465, 1465, 1465, 1464, 1464, 1464, 1464, 1464, 1464, 1464, 1463, 1463, 1463, 1463, 1463, 1463, 1463, 1463, 1463, 1462, 1462, 1462, 1462, 1462], false], "401": [[1250, 1250, 1250, 1250, 1250, 1250, 1250, 1250, 1250, 1249, 1249, 1249, 1249, 1249, 1249, 1249, 1249, 1249, 1249, 1249, 1249, 1249, 1249, 1249, 1249], false], "501": [[1102, 1102, 1102, 1102, 1102, 1101, 1101, 1101, 1101, 1101, 1101, 1101, 1101, 1101, 1101, 1101, 1101, 1101, 1101, 1101, 1101, 1101, 1101, 1101, 1101], false], "601": [[983, 983, 982, 982, 982, 982, 982, 982, 982, 982, 982, 982, 982, 982, 982, 982, 982, 982, 982, 982, 982, 982, 982, 982, 982], false], "701": [[891, 890, 890, 890, 890, 890, 890, 890, 890, 890, 890, 890, 890, 890, 890, 890, 890, 890, 890, 890, 890, 890, 890, 890, 890], false], "801": [[815, 815, 815, 815, 815, 815, 815, 815, 815, 815, 815, 815, 815, 815, 815, 815, 815, 815, 815, 814, 814, 814, 814, 814, 814], false], "901": [[750, 750, 750, 750, 750, 750, 750, 750, 750, 750, 750, 750, 750, 750, 750, 750, 750, 750, 750, 750, 750, 750, 750, 750, 750], false]}}'}
{'1': [[32364, 30011, 24722, 23818, 22157, 20979, 19218, 19005, 18645, 17456, 17267, 17203, 16215, 15260, 15133, 14614, 13480, 13479, 13361, 13225, 13076, 12819, 12563, 12385, 12331], False], '101': [[2467, 2467, 2466, 2466, 2466, 2465, 2464, 2464, 2464, 2464, 2463, 2463, 2462, 2461, 2461, 2460, 2459, 2459, 2458, 2458, 2458, 2457, 2456, 2456, 2454], False], '201': [[1801, 1800, 1800, 1800, 1800, 1800, 1800, 1800, 1800, 1799, 1799, 1799, 1799, 1799, 1798, 1798, 1798, 1798, 1798, 1798, 1797, 1797, 1797, 1797, 1796], False], '301': [[1465, 1465, 1465, 1465, 1464, 1464, 1464, 1464, 1464, 1464, 1464, 1463, 1463, 1463, 1463, 1463, 1463, 1463, 1463, 1463, 1462, 1462, 1462, 1462, 1462], False], '401': [[1250, 1250, 1250, 1250, 1250, 1250, 1250, 1250, 1250, 1249, 1249, 1249, 1249, 1249, 1249, 1249, 1249, 1249, 1249, 1249, 1249, 1249, 1249, 1249, 1249], False], '501': [[1102, 1102, 1102, 1102, 1102, 1101, 1101, 1101, 1101, 1101, 1101, 1101, 1101, 1101, 1101, 1101, 1101, 1101, 1101, 1101, 1101, 1101, 1101, 1101, 1101], False], '601': [[983, 983, 982, 982, 982, 982, 982, 982, 982, 982, 982, 982, 982, 982, 982, 982, 982, 982, 982, 982, 982, 982, 982, 982, 982], False], '701': [[891, 890, 890, 890, 890, 890, 890, 890, 890, 890, 890, 890, 890, 890, 890, 890, 890, 890, 890, 890, 890, 890, 890, 890, 890], False], '801': [[815, 815, 815, 815, 815, 815, 815, 815, 815, 815, 815, 815, 815, 815, 815, 815, 815, 815, 815, 814, 814, 814, 814, 814, 814], False], '901': [[750, 750, 750, 750, 750, 750, 750, 750, 750, 750, 750, 750, 750, 750, 750, 750, 750, 750, 750, 750, 750, 750, 750, 750, 750], False]}
dict_keys(['1', '101', '201', '301', '401', '501', '601', '701', '801', '901'])
[1, 101, 201, 301, 401, 501, 601, 701, 801, 901]
Trying queue: [1001, 1101, 1201, 1301, 1401, 1501, 1601, 1701, 1801, 1901]
arn:aws:lambda:us-east-1:858228748133:function:getHiscores2
Received response...
{'status': 200, 'body': '{"pageData": {"1001": [[695, 695, 695, 695, 695, 695, 695, 695, 695, 695, 695, 695, 695, 695, 695, 695, 695, 695, 695, 695, 695, 695, 695, 695, 695], false], "1101": [[648, 648, 648, 648, 648, 648, 648, 647, 647, 647, 647, 647, 647, 647, 647, 647, 647, 647, 647, 647, 647, 647, 647, 647, 647], false], "1201": [[606, 606, 606, 606, 606, 606, 606, 606, 606, 606, 606, 606, 606, 606, 606, 606, 606, 606, 606, 606, 606, 606, 606, 606, 606], false], "1301": [[569, 569, 569, 569, 569, 569, 569, 569, 569, 569, 569, 569, 569, 569, 569, 569, 569, 569, 569, 569, 569, 569, 569, 569, 569], false], "1401": [[536, 536, 536, 536, 536, 536, 536, 536, 536, 536, 536, 536, 536, 536, 536, 536, 536, 536, 536, 536, 536, 536, 536, 536, 536], false], "1501": [[506, 506, 506, 506, 506, 506, 506, 506, 506, 506, 506, 506, 506, 506, 506, 506, 506, 506, 506, 506, 506, 506, 506, 506, 506], false], "1601": [[479, 479, 479, 479, 479, 479, 479, 479, 479, 479, 479, 479, 479, 479, 479, 479, 479, 479, 479, 479, 479, 479, 479, 479, 479], false], "1701": [[454, 454, 454, 454, 454, 454, 454, 454, 454, 454, 454, 454, 454, 454, 453, 453, 453, 453, 453, 453, 453, 453, 453, 453, 453], false], "1801": [[430, 430, 430, 430, 430, 430, 430, 430, 430, 430, 430, 430, 430, 430, 430, 430, 430, 430, 430, 430, 430, 430, 430, 430, 430], false], "1901": [[409, 409, 409, 409, 409, 409, 409, 409, 409, 409, 409, 409, 409, 409, 409, 409, 409, 409, 409, 409, 409, 409, 409, 409, 409], false]}}'}
{'1001': [[695, 695, 695, 695, 695, 695, 695, 695, 695, 695, 695, 695, 695, 695, 695, 695, 695, 695, 695, 695, 695, 695, 695, 695, 695], False], '1101': [[648, 648, 648, 648, 648, 648, 648, 647, 647, 647, 647, 647, 647, 647, 647, 647, 647, 647, 647, 647, 647, 647, 647, 647, 647], False], '1201': [[606, 606, 606, 606, 606, 606, 606, 606, 606, 606, 606, 606, 606, 606, 606, 606, 606, 606, 606, 606, 606, 606, 606, 606, 606], False], '1301': [[569, 569, 569, 569, 569, 569, 569, 569, 569, 569, 569, 569, 569, 569, 569, 569, 569, 569, 569, 569, 569, 569, 569, 569, 569], False], '1401': [[536, 536, 536, 536, 536, 536, 536, 536, 536, 536, 536, 536, 536, 536, 536, 536, 536, 536, 536, 536, 536, 536, 536, 536, 536], False], '1501': [[506, 506, 506, 506, 506, 506, 506, 506, 506, 506, 506, 506, 506, 506, 506, 506, 506, 506, 506, 506, 506, 506, 506, 506, 506], False], '1601': [[479, 479, 479, 479, 479, 479, 479, 479, 479, 479, 479, 479, 479, 479, 479, 479, 479, 479, 479, 479, 479, 479, 479, 479, 479], False], '1701': [[454, 454, 454, 454, 454, 454, 454, 454, 454, 454, 454, 454, 454, 454, 453, 453, 453, 453, 453, 453, 453, 453, 453, 453, 453], False], '1801': [[430, 430, 430, 430, 430, 430, 430, 430, 430, 430, 430, 430, 430, 430, 430, 430, 430, 430, 430, 430, 430, 430, 430, 430, 430], False], '1901': [[409, 409, 409, 409, 409, 409, 409, 409, 409, 409, 409, 409, 409, 409, 409, 409, 409, 409, 409, 409, 409, 409, 409, 409, 409], False]}
dict_keys(['1001', '1101', '1201', '1301', '1401', '1501', '1601', '1701', '1801', '1901'])
[1001, 1101, 1201, 1301, 1401, 1501, 1601, 1701, 1801, 1901]
Trying queue: [2001, 2101, 2201, 2301, 2401, 2501, 2601, 2701, 2801, 2901]
arn:aws:lambda:us-east-1:858228748133:function:getHiscores10
Received response...
{'status': 200, 'body': '{"pageData": {"2001": [[389, 389, 389, 389, 389, 389, 389, 389, 389, 389, 389, 389, 389, 389, 389, 389, 389, 389, 389, 389, 389, 389, 389, 389, 389], false], "2101": [[372, 372, 372, 372, 372, 372, 372, 371, 371, 371, 371, 371, 371, 371, 371, 371, 371, 371, 371, 371, 371, 371, 371, 371, 371], false], "2201": [[355, 355, 355, 355, 355, 355, 355, 355, 355, 355, 355, 355, 355, 355, 355, 355, 355, 355, 355, 355, 355, 355, 355, 355, 355], false], "2301": [[339, 339, 339, 339, 339, 339, 339, 339, 339, 339, 339, 339, 339, 339, 339, 339, 339, 339, 339, 339, 339, 339, 339, 339, 339], false], "2401": [[325, 325, 325, 325, 325, 325, 325, 325, 325, 325, 325, 325, 325, 325, 325, 325, 325, 325, 325, 325, 325, 325, 325, 325, 325], false], "2501": [[311, 311, 311, 311, 311, 311, 311, 311, 311, 311, 311, 311, 311, 311, 311, 311, 311, 311, 311, 311, 311, 311, 311, 311, 311], false], "2601": [[299, 299, 299, 299, 299, 298, 298, 298, 298, 298, 298, 298, 298, 298, 298, 298, 298, 298, 298, 298, 298, 298, 298, 298, 298], false], "2701": [[286, 286, 286, 286, 286, 286, 286, 286, 286, 286, 286, 286, 286, 286, 286, 286, 286, 286, 286, 286, 286, 286, 286, 286, 286], false], "2801": [[275, 275, 275, 275, 275, 274, 274, 274, 274, 274, 274, 274, 274, 274, 274, 274, 274, 274, 274, 274, 274, 274, 274, 274, 274], false], "2901": [[263, 263, 263, 263, 263, 263, 263, 263, 263, 263, 263, 263, 263, 263, 263, 263, 263, 263, 263, 263, 263, 263, 263, 263, 263], false]}}'}
{'2001': [[389, 389, 389, 389, 389, 389, 389, 389, 389, 389, 389, 389, 389, 389, 389, 389, 389, 389, 389, 389, 389, 389, 389, 389, 389], False], '2101': [[372, 372, 372, 372, 372, 372, 372, 371, 371, 371, 371, 371, 371, 371, 371, 371, 371, 371, 371, 371, 371, 371, 371, 371, 371], False], '2201': [[355, 355, 355, 355, 355, 355, 355, 355, 355, 355, 355, 355, 355, 355, 355, 355, 355, 355, 355, 355, 355, 355, 355, 355, 355], False], '2301': [[339, 339, 339, 339, 339, 339, 339, 339, 339, 339, 339, 339, 339, 339, 339, 339, 339, 339, 339, 339, 339, 339, 339, 339, 339], False], '2401': [[325, 325, 325, 325, 325, 325, 325, 325, 325, 325, 325, 325, 325, 325, 325, 325, 325, 325, 325, 325, 325, 325, 325, 325, 325], False], '2501': [[311, 311, 311, 311, 311, 311, 311, 311, 311, 311, 311, 311, 311, 311, 311, 311, 311, 311, 311, 311, 311, 311, 311, 311, 311], False], '2601': [[299, 299, 299, 299, 299, 298, 298, 298, 298, 298, 298, 298, 298, 298, 298, 298, 298, 298, 298, 298, 298, 298, 298, 298, 298], False], '2701': [[286, 286, 286, 286, 286, 286, 286, 286, 286, 286, 286, 286, 286, 286, 286, 286, 286, 286, 286, 286, 286, 286, 286, 286, 286], False], '2801': [[275, 275, 275, 275, 275, 274, 274, 274, 274, 274, 274, 274, 274, 274, 274, 274, 274, 274, 274, 274, 274, 274, 274, 274, 274], False], '2901': [[263, 263, 263, 263, 263, 263, 263, 263, 263, 263, 263, 263, 263, 263, 263, 263, 263, 263, 263, 263, 263, 263, 263, 263, 263], False]}
dict_keys(['2001', '2101', '2201', '2301', '2401', '2501', '2601', '2701', '2801', '2901'])
[2001, 2101, 2201, 2301, 2401, 2501, 2601, 2701, 2801, 2901]
Trying queue: [3001, 3101, 3201, 3301, 3401, 3501, 3601, 3701, 3801, 3901]
arn:aws:lambda:us-east-1:858228748133:function:getHiscores9
Received response...
{'status': 200, 'body': '{"pageData": {"3001": [[253, 253, 253, 253, 253, 253, 253, 253, 253, 253, 253, 253, 253, 253, 253, 253, 253, 253, 253, 253, 253, 253, 253, 253, 253], false], "3101": [[243, 243, 243, 243, 243, 243, 243, 243, 243, 243, 243, 243, 243, 243, 243, 243, 243, 243, 243, 243, 243, 243, 243, 243, 243], false], "3201": [[234, 234, 234, 234, 234, 234, 234, 234, 234, 234, 234, 234, 234, 234, 234, 234, 234, 234, 234, 234, 234, 234, 234, 234, 234], false], "3301": [[225, 225, 225, 225, 225, 225, 224, 224, 224, 224, 224, 224, 224, 224, 224, 224, 224, 224, 224, 224, 224, 224, 224, 224, 224], false], "3401": [[216, 216, 216, 216, 216, 216, 216, 216, 216, 216, 216, 216, 216, 216, 216, 216, 216, 216, 216, 216, 216, 216, 216, 216, 216], false], "3501": [[208, 208, 208, 208, 208, 208, 208, 208, 208, 208, 208, 208, 208, 208, 208, 208, 208, 208, 208, 208, 208, 208, 208, 208, 208], false], "3601": [[200, 200, 200, 200, 200, 200, 200, 200, 200, 200, 200, 200, 200, 200, 200, 200, 200, 200, 200, 200, 200, 200, 200, 200, 200], false], "3701": [[192, 192, 192, 192, 192, 192, 192, 192, 192, 192, 192, 192, 192, 192, 192, 192, 192, 192, 192, 192, 192, 192, 192, 192, 192], false], "3801": [[185, 185, 185, 185, 185, 185, 185, 185, 185, 185, 185, 185, 185, 185, 185, 185, 185, 185, 185, 185, 184, 184, 184, 184, 184], false], "3901": [[178, 178, 178, 178, 178, 178, 178, 178, 178, 178, 178, 178, 178, 178, 178, 178, 178, 178, 178, 178, 178, 178, 178, 178, 178], false]}}'}
{'3001': [[253, 253, 253, 253, 253, 253, 253, 253, 253, 253, 253, 253, 253, 253, 253, 253, 253, 253, 253, 253, 253, 253, 253, 253, 253], False], '3101': [[243, 243, 243, 243, 243, 243, 243, 243, 243, 243, 243, 243, 243, 243, 243, 243, 243, 243, 243, 243, 243, 243, 243, 243, 243], False], '3201': [[234, 234, 234, 234, 234, 234, 234, 234, 234, 234, 234, 234, 234, 234, 234, 234, 234, 234, 234, 234, 234, 234, 234, 234, 234], False], '3301': [[225, 225, 225, 225, 225, 225, 224, 224, 224, 224, 224, 224, 224, 224, 224, 224, 224, 224, 224, 224, 224, 224, 224, 224, 224], False], '3401': [[216, 216, 216, 216, 216, 216, 216, 216, 216, 216, 216, 216, 216, 216, 216, 216, 216, 216, 216, 216, 216, 216, 216, 216, 216], False], '3501': [[208, 208, 208, 208, 208, 208, 208, 208, 208, 208, 208, 208, 208, 208, 208, 208, 208, 208, 208, 208, 208, 208, 208, 208, 208], False], '3601': [[200, 200, 200, 200, 200, 200, 200, 200, 200, 200, 200, 200, 200, 200, 200, 200, 200, 200, 200, 200, 200, 200, 200, 200, 200], False], '3701': [[192, 192, 192, 192, 192, 192, 192, 192, 192, 192, 192, 192, 192, 192, 192, 192, 192, 192, 192, 192, 192, 192, 192, 192, 192], False], '3801': [[185, 185, 185, 185, 185, 185, 185, 185, 185, 185, 185, 185, 185, 185, 185, 185, 185, 185, 185, 185, 184, 184, 184, 184, 184], False], '3901': [[178, 178, 178, 178, 178, 178, 178, 178, 178, 178, 178, 178, 178, 178, 178, 178, 178, 178, 178, 178, 178, 178, 178, 178, 178], False]}
dict_keys(['3001', '3101', '3201', '3301', '3401', '3501', '3601', '3701', '3801', '3901'])
[3001, 3101, 3201, 3301, 3401, 3501, 3601, 3701, 3801, 3901]
Trying queue: [4001, 4101, 4201, 4301, 4401, 4501, 4601, 4701, 4801, 4901]
arn:aws:lambda:us-east-1:858228748133:function:getHiscores1
Received response...
{'status': 200, 'body': '{"pageData": {"4001": [[171, 171, 171, 171, 171, 171, 171, 171, 171, 171, 171, 171, 171, 171, 171, 171, 171, 171, 171, 171, 171, 171, 171, 171, 171], false], "4101": [[165, 165, 165, 165, 165, 165, 165, 165, 165, 165, 165, 165, 165, 165, 165, 165, 165, 165, 165, 165, 165, 165, 165, 165, 165], false], "4201": [[159, 159, 159, 159, 159, 159, 159, 159, 159, 159, 159, 159, 159, 159, 159, 159, 159, 159, 159, 159, 159, 159, 159, 159, 159], false], "4301": [[153, 153, 153, 153, 153, 153, 153, 153, 153, 153, 153, 153, 153, 153, 153, 153, 153, 153, 153, 153, 153, 153, 153, 153, 153], false], "4401": [[147, 147, 147, 147, 147, 147, 147, 147, 147, 147, 147, 147, 147, 147, 147, 147, 147, 147, 147, 147, 147, 147, 147, 147, 147], false], "4501": [[142, 142, 142, 142, 142, 142, 142, 142, 142, 142, 142, 142, 142, 142, 142, 142, 142, 142, 142, 142, 142, 142, 142, 142, 142], false], "4601": [[136, 136, 136, 136, 136, 136, 136, 136, 136, 136, 136, 136, 136, 136, 136, 136, 136, 136, 136, 136, 136, 136, 136, 136, 136], false], "4701": [[131, 131, 131, 131, 131, 131, 131, 131, 131, 131, 131, 131, 131, 131, 131, 131, 131, 131, 131, 131, 131, 131, 131, 131, 131], false], "4801": [[127, 127, 127, 127, 127, 127, 127, 127, 127, 127, 127, 127, 127, 127, 127, 127, 127, 127, 127, 127, 127, 127, 127, 127, 127], false], "4901": [[122, 122, 122, 122, 122, 122, 122, 122, 122, 122, 122, 122, 122, 122, 122, 122, 122, 122, 122, 122, 122, 122, 122, 122, 122], false]}}'}
{'4001': [[171, 171, 171, 171, 171, 171, 171, 171, 171, 171, 171, 171, 171, 171, 171, 171, 171, 171, 171, 171, 171, 171, 171, 171, 171], False], '4101': [[165, 165, 165, 165, 165, 165, 165, 165, 165, 165, 165, 165, 165, 165, 165, 165, 165, 165, 165, 165, 165, 165, 165, 165, 165], False], '4201': [[159, 159, 159, 159, 159, 159, 159, 159, 159, 159, 159, 159, 159, 159, 159, 159, 159, 159, 159, 159, 159, 159, 159, 159, 159], False], '4301': [[153, 153, 153, 153, 153, 153, 153, 153, 153, 153, 153, 153, 153, 153, 153, 153, 153, 153, 153, 153, 153, 153, 153, 153, 153], False], '4401': [[147, 147, 147, 147, 147, 147, 147, 147, 147, 147, 147, 147, 147, 147, 147, 147, 147, 147, 147, 147, 147, 147, 147, 147, 147], False], '4501': [[142, 142, 142, 142, 142, 142, 142, 142, 142, 142, 142, 142, 142, 142, 142, 142, 142, 142, 142, 142, 142, 142, 142, 142, 142], False], '4601': [[136, 136, 136, 136, 136, 136, 136, 136, 136, 136, 136, 136, 136, 136, 136, 136, 136, 136, 136, 136, 136, 136, 136, 136, 136], False], '4701': [[131, 131, 131, 131, 131, 131, 131, 131, 131, 131, 131, 131, 131, 131, 131, 131, 131, 131, 131, 131, 131, 131, 131, 131, 131], False], '4801': [[127, 127, 127, 127, 127, 127, 127, 127, 127, 127, 127, 127, 127, 127, 127, 127, 127, 127, 127, 127, 127, 127, 127, 127, 127], False], '4901': [[122, 122, 122, 122, 122, 122, 122, 122, 122, 122, 122, 122, 122, 122, 122, 122, 122, 122, 122, 122, 122, 122, 122, 122, 122], False]}
dict_keys(['4001', '4101', '4201', '4301', '4401', '4501', '4601', '4701', '4801', '4901'])
[4001, 4101, 4201, 4301, 4401, 4501, 4601, 4701, 4801, 4901]
Trying queue: [5001, 5101, 5201, 5301, 5401, 5501, 5601, 5701, 5801, 5901]
arn:aws:lambda:us-east-1:858228748133:function:getHiscores10
Received response...
{'status': 200, 'body': '{"pageData": {"5001": [[117, 117, 117, 117, 117, 117, 117, 117, 117, 117, 117, 117, 117, 117, 117, 117, 117, 117, 117, 117, 117, 117, 117, 117, 117], false], "5101": [[112, 112, 112, 112, 112, 112, 112, 112, 112, 112, 112, 112, 112, 112, 112, 112, 112, 112, 112, 112, 112, 112, 112, 112, 112], false], "5201": [[108, 108, 108, 108, 108, 108, 108, 108, 108, 108, 108, 108, 108, 108, 108, 108, 108, 108, 108, 108, 108, 108, 108, 108, 108], false], "5301": [[104, 104, 104, 104, 104, 104, 104, 104, 104, 104, 104, 104, 104, 104, 104, 104, 104, 104, 104, 104, 104, 104, 104, 104, 104], false], "5401": [[100, 100, 100, 100, 100, 100, 100, 100, 100, 100, 100, 100, 100, 100, 100, 100, 100, 100, 100, 100, 100, 100, 100, 100, 100], false], "5501": [[96, 96, 96, 96, 96, 96, 96, 96, 96, 96, 96, 96, 96, 96, 96, 96, 96, 96, 96, 96, 96, 96, 96, 96, 96], false], "5601": [[92, 92, 92, 92, 92, 92, 92, 92, 92, 92, 92, 92, 92, 92, 92, 92, 92, 92, 92, 92, 92, 92, 92, 92, 92], false], "5701": [[88, 88, 88, 88, 88, 88, 88, 88, 88, 88, 88, 88, 88, 88, 88, 88, 88, 88, 88, 88, 88, 88, 88, 88, 88], false], "5801": [[84, 84, 84, 84, 84, 84, 84, 84, 84, 84, 84, 84, 84, 84, 84, 84, 84, 84, 84, 84, 84, 84, 84, 84, 84], false], "5901": [[80, 80, 80, 80, 80, 80, 80, 80, 80, 80, 80, 80, 80, 80, 80, 80, 80, 80, 80, 80, 80, 80, 80, 80, 80], false]}}'}
{'5001': [[117, 117, 117, 117, 117, 117, 117, 117, 117, 117, 117, 117, 117, 117, 117, 117, 117, 117, 117, 117, 117, 117, 117, 117, 117], False], '5101': [[112, 112, 112, 112, 112, 112, 112, 112, 112, 112, 112, 112, 112, 112, 112, 112, 112, 112, 112, 112, 112, 112, 112, 112, 112], False], '5201': [[108, 108, 108, 108, 108, 108, 108, 108, 108, 108, 108, 108, 108, 108, 108, 108, 108, 108, 108, 108, 108, 108, 108, 108, 108], False], '5301': [[104, 104, 104, 104, 104, 104, 104, 104, 104, 104, 104, 104, 104, 104, 104, 104, 104, 104, 104, 104, 104, 104, 104, 104, 104], False], '5401': [[100, 100, 100, 100, 100, 100, 100, 100, 100, 100, 100, 100, 100, 100, 100, 100, 100, 100, 100, 100, 100, 100, 100, 100, 100], False], '5501': [[96, 96, 96, 96, 96, 96, 96, 96, 96, 96, 96, 96, 96, 96, 96, 96, 96, 96, 96, 96, 96, 96, 96, 96, 96], False], '5601': [[92, 92, 92, 92, 92, 92, 92, 92, 92, 92, 92, 92, 92, 92, 92, 92, 92, 92, 92, 92, 92, 92, 92, 92, 92], False], '5701': [[88, 88, 88, 88, 88, 88, 88, 88, 88, 88, 88, 88, 88, 88, 88, 88, 88, 88, 88, 88, 88, 88, 88, 88, 88], False], '5801': [[84, 84, 84, 84, 84, 84, 84, 84, 84, 84, 84, 84, 84, 84, 84, 84, 84, 84, 84, 84, 84, 84, 84, 84, 84], False], '5901': [[80, 80, 80, 80, 80, 80, 80, 80, 80, 80, 80, 80, 80, 80, 80, 80, 80, 80, 80, 80, 80, 80, 80, 80, 80], False]}
dict_keys(['5001', '5101', '5201', '5301', '5401', '5501', '5601', '5701', '5801', '5901'])
[5001, 5101, 5201, 5301, 5401, 5501, 5601, 5701, 5801, 5901]
Trying queue: [6001, 6101, 6201, 6301, 6401, 6501, 6601, 6701, 6801, 6901]
arn:aws:lambda:us-east-1:858228748133:function:getHiscores7
Received response...
{'status': 200, 'body': '{"pageData": {"6001": [[77, 77, 77, 77, 77, 77, 77, 77, 77, 77, 77, 77, 77, 77, 77, 77, 77, 77, 77, 77, 77, 77, 77, 77, 77], false], "6101": [[73, 73, 73, 73, 73, 73, 73, 73, 73, 73, 73, 73, 73, 73, 73, 73, 73, 73, 73, 73, 73, 73, 73, 73, 73], false], "6201": [null, null], "6301": [null, null], "6401": [null, null], "6501": [[61, 61, 61, 61, 61, 61, 61, 61, 61, 61, 61, 61, 61, 61, 61, 61, 61, 61, 61, 61, 61, 61, 61, 61, 61], false], "6601": [[58, 58, 58, 58, 58, 58, 58, 58, 58, 58, 58, 58, 58, 58, 58, 58, 58, 58, 58, 58, 58, 58, 58, 58, 58], false], "6701": [null, null], "6801": [null, null], "6901": [null, null]}}'}
{'6001': [[77, 77, 77, 77, 77, 77, 77, 77, 77, 77, 77, 77, 77, 77, 77, 77, 77, 77, 77, 77, 77, 77, 77, 77, 77], False], '6101': [[73, 73, 73, 73, 73, 73, 73, 73, 73, 73, 73, 73, 73, 73, 73, 73, 73, 73, 73, 73, 73, 73, 73, 73, 73], False], '6201': [None, None], '6301': [None, None], '6401': [None, None], '6501': [[61, 61, 61, 61, 61, 61, 61, 61, 61, 61, 61, 61, 61, 61, 61, 61, 61, 61, 61, 61, 61, 61, 61, 61, 61], False], '6601': [[58, 58, 58, 58, 58, 58, 58, 58, 58, 58, 58, 58, 58, 58, 58, 58, 58, 58, 58, 58, 58, 58, 58, 58, 58], False], '6701': [None, None], '6801': [None, None], '6901': [None, None]}
dict_keys(['6001', '6101', '6201', '6301', '6401', '6501', '6601', '6701', '6801', '6901'])
[6001, 6101, 6501, 6601]
Trying queue: [7001, 7101, 7201, 7301, 7401, 7501, 7601, 7701, 7801, 7901]
arn:aws:lambda:us-east-1:858228748133:function:getHiscores10
Received response...
{'status': 200, 'body': '{"pageData": {"7001": [null, false], "7101": [null, false], "7201": [null, false], "7301": [null, false], "7401": [null, false], "7501": [null, false], "7601": [null, false], "7701": [null, false], "7801": [null, false], "7901": [null, false]}}'}
{'7001': [None, False], '7101': [None, False], '7201': [None, False], '7301': [None, False], '7401': [None, False], '7501': [None, False], '7601': [None, False], '7701': [None, False], '7801': [None, False], '7901': [None, False]}
dict_keys(['7001', '7101', '7201', '7301', '7401', '7501', '7601', '7701', '7801', '7901'])
[]
Looking for last page...
Trying page 6601
arn:aws:lambda:us-east-1:858228748133:function:getHiscores10
{'6601': [[58, 58, 58, 58, 58, 58, 58, 58, 58, 58, 58, 58, 58, 58, 58, 58, 58, 58, 58, 58, 58, 58, 58, 58, 58], False]}
dict_keys(['6601'])
[6601]
Trying page 6651
arn:aws:lambda:us-east-1:858228748133:function:getHiscores2
{'6651': [[57, 57, 57, 57, 57, 57, 57, 57, 57, 57, 57, 57, 57, 57, 57, 57, 57, 57, 57, 57, 57, 57, 57, 57, 57], False]}
dict_keys(['6651'])
[6651]
Trying page 6676
arn:aws:lambda:us-east-1:858228748133:function:getHiscores7
{'6676': [[56, 56, 56, 56, 56, 56, 56, 56, 56, 56, 56, 56, 56, 56, 56, 56, 56, 56, 56, 56, 56, 56, 56, 56, 56], False]}
dict_keys(['6676'])
[6676]
Trying page 6688
arn:aws:lambda:us-east-1:858228748133:function:getHiscores8
{'6688': [[56, 56, 56, 56, 56, 56, 56, 56, 56, 56, 56, 56, 56, 56, 56, 56, 56, 56, 56, 56, 56, 56, 56, 56, 56], False]}
dict_keys(['6688'])
[6688]
Trying page 6694
arn:aws:lambda:us-east-1:858228748133:function:getHiscores9
{'6694': [[56, 56, 56, 56, 56, 56, 56, 56, 56, 56, 56, 56, 56, 56, 56, 56, 56, 56, 56, 56, 56, 56, 56, 56, 56], False]}
dict_keys(['6694'])
[6694]
Trying page 6697
arn:aws:lambda:us-east-1:858228748133:function:getHiscores9
{'6697': [[56, 56, 56, 56, 56, 56, 56, 56, 56, 56, 56, 56, 56, 56, 56, 56, 56, 56, 56, 56, 56, 56, 56, 56, 56], False]}
dict_keys(['6697'])
[6697]
Trying page 6698
arn:aws:lambda:us-east-1:858228748133:function:getHiscores10
{'6698': [[56, 56, 56, 56, 56, 56, 56, 56, 56, 56, 56, 56, 56, 56, 56, 56, 56, 56, 56, 56, 56, 56, 56, 56, 56], False]}
dict_keys(['6698'])
[6698]
Trying page 6699
arn:aws:lambda:us-east-1:858228748133:function:getHiscores9
{'6699': [[56, 56, 56, 56, 56, 56, 56, 56, 56, 56, 56, 56, 56, 56, 56, 56, 56, 56, 56, 56, 56, 56, 56, 56, 56], False]}
dict_keys(['6699'])
[6699]
Trying page 6700
arn:aws:lambda:us-east-1:858228748133:function:getHiscores1
{'6700': [[56, 56, 56, 56, 56, 56, 56, 56, 56, 56, 56, 56, 56, 56, 56, 56, 56, 56, 56, 56, 56, 56, 56, 56, 56], False]}
dict_keys(['6700'])
[6700]
Trying page 6701
arn:aws:lambda:us-east-1:858228748133:function:getHiscores4
{'6701': [[56, 56, 56, 56, 56, 56, 56, 56, 56, 56, 56, 56, 56, 56, 56, 56, 56, 56, 56, 56, 56, 56, 56, 56, 56], False]}
dict_keys(['6701'])
[6701]
Trying page 6702
arn:aws:lambda:us-east-1:858228748133:function:getHiscores7
{'6702': [[56, 56, 56, 56, 56, 56, 56, 56, 56, 56, 56, 56, 56, 56, 56, 56, 56, 56, 56, 56, 56, 56, 56, 56, 56], False]}
dict_keys(['6702'])
[6702]
Trying page 6703
arn:aws:lambda:us-east-1:858228748133:function:getHiscores6
{'6703': [[56, 56, 56, 56, 56, 56, 56, 56, 56, 56, 56, 56, 56, 56, 56, 56, 56, 56, 56, 56, 56, 56, 56, 56, 56], False]}
dict_keys(['6703'])
[6703]
Could not find last page after 12 attempts. Aborting...
