Trying queue: [1, 101, 201, 301, 401, 501, 601, 701, 801, 901]
arn:aws:lambda:us-east-1:858228748133:function:getHiscores2
Received response...
{'status': 200, 'body': '{"pageData": {"1": [[2721, 2383, 2191, 2139, 2047, 2002, 1796, 1735, 1645, 1639, 1626, 1620, 1540, 1513, 1509, 1446, 1420, 1395, 1381, 1368, 1361, 1336, 1310, 1300, 1280], false], "101": [[104, 104, 104, 104, 104, 104, 104, 104, 104, 104, 104, 104, 104, 104, 103, 103, 103, 103, 103, 103, 103, 103, 103, 103, 103], false], "201": [[38, 38, 38, 38, 38, 38, 38, 38, 38, 38, 38, 38, 38, 38, 38, 38, 38, 38, 37, 37, 37, 37, 37, 37, 37], false], "301": [[15, 15, 15, 15, 15, 15, 15, 15, 15, 15, 15, 15, 15, 15, 15, 15, 15, 15, 15, 15, 15, 15, 15, 15, 15], false], "401": [null, false], "501": [null, false], "601": [null, false], "701": [null, false], "801": [null, false], "901": [null, false]}}'}
{'1': [[2721, 2383, 2191, 2139, 2047, 2002, 1796, 1735, 1645, 1639, 1626, 1620, 1540, 1513, 1509, 1446, 1420, 1395, 1381, 1368, 1361, 1336, 1310, 1300, 1280], False], '101': [[104, 104, 104, 104, 104, 104, 104, 104, 104, 104, 104, 104, 104, 104, 103, 103, 103, 103, 103, 103, 103, 103, 103, 103, 103], False], '201': [[38, 38, 38, 38, 38, 38, 38, 38, 38, 38, 38, 38, 38, 38, 38, 38, 38, 38, 37, 37, 37, 37, 37, 37, 37], False], '301': [[15, 15, 15, 15, 15, 15, 15, 15, 15, 15, 15, 15, 15, 15, 15, 15, 15, 15, 15, 15, 15, 15, 15, 15, 15], False], '401': [None, False], '501': [None, False], '601': [None, False], '701': [None, False], '801': [None, False], '901': [None, False]}
dict_keys(['1', '101', '201', '301', '401', '501', '601', '701', '801', '901'])
[1, 101, 201, 301]
Looking for last page...
Trying page 301
arn:aws:lambda:us-east-1:858228748133:function:getHiscores7
{'301': [[15, 15, 15, 15, 15, 15, 15, 15, 15, 15, 15, 15, 15, 15, 15, 15, 15, 15, 15, 15, 15, 15, 15, 15, 15], False]}
dict_keys(['301'])
[301]
Trying page 351
arn:aws:lambda:us-east-1:858228748133:function:getHiscores4
{'351': [[10, 10, 10, 10, 10, 10, 10, 10, 10, 10, 10, 10, 10, 10, 10, 10, 10, 10, 10, 10, 10, 10, 10, 10, 10], False]}
dict_keys(['351'])
[351]
Trying page 376
arn:aws:lambda:us-east-1:858228748133:function:getHiscores1
{'376': [None, False]}
dict_keys(['376'])
[]
Trying page 364
arn:aws:lambda:us-east-1:858228748133:function:getHiscores10
{'364': [None, False]}
dict_keys(['364'])
[]
Trying page 358
arn:aws:lambda:us-east-1:858228748133:function:getHiscores1
{'358': [None, False]}
dict_keys(['358'])
[]
Trying page 355
arn:aws:lambda:us-east-1:858228748133:function:getHiscores9
{'355': [None, False]}
dict_keys(['355'])
[]
Trying page 354
arn:aws:lambda:us-east-1:858228748133:function:getHiscores4
{'354': [None, False]}
dict_keys(['354'])
[]
Trying page 353
arn:aws:lambda:us-east-1:858228748133:function:getHiscores7
{'353': [[10, 10, 10, 10, 10, 10, 10, 10, 10, 10, 10], True]}
dict_keys(['353'])
[353]
Last page found: 353
Queue: [51, 151, 251, 326]
arn:aws:lambda:us-east-1:858228748133:function:getHiscores5
{'51': [[200, 200, 199, 199, 199, 199, 198, 198, 198, 198, 198, 197, 197, 197, 196, 196, 196, 196, 196, 196, 196, 196, 195, 195, 195], False], '151': [[61, 61, 61, 61, 61, 61, 61, 61, 61, 61, 61, 61, 61, 61, 61, 61, 61, 61, 61, 61, 61, 61, 61, 61, 61], False], '251': [[24, 24, 24, 24, 24, 24, 24, 24, 24, 24, 24, 24, 24, 24, 24, 24, 24, 24, 24, 24, 24, 24, 24, 24, 24], False], '326': [[12, 12, 12, 12, 12, 12, 12, 12, 12, 12, 12, 12, 12, 12, 12, 12, 12, 12, 12, 12, 12, 12, 12, 12, 12], False]}
dict_keys(['51', '151', '251', '326'])
[51, 151, 251, 326]
Queue: [26, 76, 126, 176, 226, 276, 313, 338]
arn:aws:lambda:us-east-1:858228748133:function:getHiscores9
{'26': [[327, 326, 326, 326, 326, 325, 325, 325, 325, 324, 324, 324, 323, 323, 322, 321, 321, 321, 321, 321, 321, 321, 320, 320, 320], False], '76': [[138, 138, 138, 138, 138, 138, 138, 138, 138, 137, 137, 137, 137, 137, 137, 137, 137, 137, 137, 136, 136, 136, 136, 136, 136], False], '126': [[78, 78, 78, 78, 78, 78, 78, 78, 78, 78, 78, 78, 78, 78, 78, 78, 78, 78, 78, 78, 78, 78, 78, 78, 78], False], '176': [[48, 48, 48, 48, 48, 48, 48, 48, 48, 48, 48, 48, 48, 48, 48, 48, 48, 48, 48, 48, 48, 48, 48, 48, 48], False], '226': [[30, 30, 30, 30, 30, 30, 30, 30, 30, 30, 30, 30, 30, 30, 30, 30, 30, 30, 30, 30, 30, 30, 30, 30, 30], False], '276': [[19, 19, 19, 19, 19, 19, 19, 19, 19, 19, 19, 19, 19, 19, 19, 19, 19, 19, 19, 19, 19, 19, 19, 19, 19], False], '313': [[13, 13, 13, 13, 13, 13, 13, 13, 13, 13, 13, 13, 13, 13, 13, 13, 13, 13, 13, 13, 13, 13, 13, 13, 13], False], '338': [[11, 11, 11, 11, 11, 11, 11, 11, 11, 11, 11, 11, 11, 11, 11, 11, 11, 11, 11, 11, 11, 11, 11, 11, 11], False]}
dict_keys(['26', '76', '126', '176', '226', '276', '313', '338'])
[26, 76, 126, 176, 226, 276, 313, 338]
Queue: [13, 38, 63, 88, 113, 138, 163, 188, 213, 238]
arn:aws:lambda:us-east-1:858228748133:function:getHiscores3
{'13': [[495, 494, 493, 491, 490, 490, 489, 489, 487, 487, 485, 484, 484, 484, 484, 483, 483, 482, 482, 481, 480, 475, 475, 473, 473], False], '38': [[250, 250, 250, 250, 250, 249, 249, 249, 248, 247, 247, 247, 247, 247, 247, 246, 246, 246, 246, 246, 246, 245, 245, 244, 244], False], '63': [[163, 163, 163, 163, 163, 163, 163, 163, 163, 163, 163, 163, 162, 162, 162, 162, 162, 162, 162, 162, 162, 162, 162, 162, 161], False], '88': [[119, 119, 119, 119, 119, 119, 119, 119, 119, 119, 119, 119, 119, 119, 119, 119, 118, 118, 118, 118, 118, 118, 118, 118, 118], False], '113': [[92, 91, 91, 91, 91, 91, 91, 91, 91, 91, 91, 91, 91, 91, 91, 90, 90, 90, 90, 90, 90, 90, 90, 90, 90], False], '138': [[70, 70, 70, 70, 70, 70, 70, 70, 70, 70, 70, 70, 69, 69, 69, 69, 69, 69, 69, 69, 69, 69, 69, 69, 69], False], '163': [[55, 55, 55, 55, 55, 55, 55, 55, 55, 55, 55, 55, 54, 54, 54, 54, 54, 54, 54, 54, 54, 54, 54, 54, 54], False], '188': [[43, 43, 43, 43, 42, 42, 42, 42, 42, 42, 42, 42, 42, 42, 42, 42, 42, 42, 42, 42, 42, 42, 42, 42, 42], False], '213': [[34, 34, 34, 34, 34, 34, 34, 34, 34, 34, 34, 34, 34, 33, 33, 33, 33, 33, 33, 33, 33, 33, 33, 33, 33], False], '238': [[26, 26, 26, 26, 26, 26, 26, 26, 26, 26, 26, 26, 26, 26, 26, 26, 26, 26, 26, 26, 26, 26, 26, 26, 26], False]}
dict_keys(['13', '38', '63', '88', '113', '138', '163', '188', '213', '238'])
[13, 38, 63, 88, 113, 138, 163, 188, 213, 238]
Queue: [263, 288, 307, 319, 332, 344]
arn:aws:lambda:us-east-1:858228748133:function:getHiscores8
{'263': [[21, 21, 21, 21, 21, 21, 21, 21, 21, 21, 21, 21, 21, 21, 21, 21, 21, 21, 21, 21, 21, 21, 21, 21, 21], False], '288': [[17, 17, 17, 17, 17, 17, 17, 17, 17, 17, 17, 17, 17, 17, 17, 17, 17, 17, 17, 17, 17, 17, 17, 17, 17], False], '307': [[14, 14, 14, 14, 14, 14, 14, 14, 14, 14, 14, 14, 14, 14, 14, 14, 14, 14, 14, 14, 14, 14, 14, 14, 14], False], '319': [[13, 13, 13, 13, 13, 13, 13, 13, 13, 13, 13, 13, 13, 13, 13, 13, 13, 13, 13, 13, 13, 13, 13, 13, 13], False], '332': [[11, 11, 11, 11, 11, 11, 11, 11, 11, 11, 11, 11, 11, 11, 11, 11, 11, 11, 11, 11, 11, 11, 11, 11, 11], False], '344': [[10, 10, 10, 10, 10, 10, 10, 10, 10, 10, 10, 10, 10, 10, 10, 10, 10, 10, 10, 10, 10, 10, 10, 10, 10], False]}
dict_keys(['263', '288', '307', '319', '332', '344'])
[263, 288, 307, 319, 332, 344]
Queue: [7, 19, 32, 44, 57, 69, 82, 94, 107, 119]
arn:aws:lambda:us-east-1:858228748133:function:getHiscores3
{'7': [[675, 674, 673, 671, 667, 667, 666, 666, 666, 665, 665, 664, 664, 663, 663, 655, 654, 650, 650, 650, 650, 647, 642, 642, 641], False], '19': [[394, 393, 393, 393, 393, 392, 392, 392, 391, 391, 391, 391, 391, 391, 390, 390, 389, 389, 389, 388, 388, 388, 387, 387, 387], False], '32': [[285, 285, 285, 285, 285, 285, 284, 284, 284, 284, 284, 284, 284, 283, 283, 282, 282, 282, 281, 281, 281, 281, 281, 281, 281], False], '44': [[222, 222, 221, 221, 221, 221, 221, 220, 220, 220, 220, 220, 220, 220, 220, 219, 219, 219, 219, 219, 219, 219, 219, 219, 219], False], '57': [[179, 179, 179, 178, 178, 178, 178, 178, 178, 178, 178, 178, 177, 177, 177, 177, 177, 177, 177, 177, 177, 177, 177, 177, 177], False], '69': [[151, 151, 150, 150, 150, 150, 150, 150, 150, 150, 150, 150, 150, 150, 150, 150, 150, 150, 150, 150, 150, 150, 150, 150, 150], False], '82': [[127, 127, 127, 127, 127, 127, 127, 127, 127, 127, 127, 126, 126, 126, 126, 126, 126, 126, 126, 126, 126, 126, 126, 126, 126], False], '94': [[112, 112, 112, 112, 112, 112, 112, 111, 111, 111, 111, 111, 111, 111, 111, 111, 111, 111, 111, 111, 111, 111, 111, 111, 111], False], '107': [[100, 100, 100, 100, 100, 100, 100, 100, 100, 100, 100, 100, 100, 100, 99, 99, 99, 99, 99, 99, 99, 99, 99, 99, 98], False], '119': [[85, 85, 85, 85, 85, 85, 85, 85, 85, 84, 84, 84, 84, 84, 84, 84, 84, 84, 84, 84, 84, 84, 84, 84, 84], False]}
dict_keys(['7', '19', '32', '44', '57', '69', '82', '94', '107', '119'])
[7, 19, 32, 44, 57, 69, 82, 94, 107, 119]
Queue: [132, 144, 157, 169, 182, 194, 207, 219, 232, 244]
arn:aws:lambda:us-east-1:858228748133:function:getHiscores4
{'132': [[74, 74, 74, 74, 74, 74, 74, 74, 74, 74, 74, 74, 74, 74, 74, 74, 74, 74, 74, 74, 74, 74, 74, 74, 74], False], '144': [[66, 66, 66, 66, 66, 65, 65, 65, 65, 65, 65, 65, 65, 65, 65, 65, 65, 65, 65, 65, 65, 65, 65, 65, 65], False], '157': [[58, 58, 58, 58, 58, 58, 58, 58, 58, 58, 58, 58, 58, 58, 58, 58, 58, 58, 58, 58, 58, 58, 58, 57, 57], False], '169': [[51, 51, 51, 51, 51, 51, 51, 51, 51, 51, 51, 51, 51, 51, 51, 51, 51, 51, 51, 51, 51, 51, 51, 51, 51], False], '182': [[45, 45, 45, 45, 45, 45, 45, 45, 45, 45, 45, 45, 45, 45, 45, 45, 45, 45, 45, 45, 45, 45, 45, 45, 45], False], '194': [[40, 40, 40, 40, 40, 40, 40, 40, 40, 40, 40, 40, 40, 40, 40, 40, 40, 40, 40, 40, 40, 40, 40, 40, 40], False], '207': [[35, 35, 35, 35, 35, 35, 35, 35, 35, 35, 35, 35, 35, 35, 35, 35, 35, 35, 35, 35, 35, 35, 35, 35, 35], False], '219': [[32, 32, 32, 32, 32, 32, 32, 32, 32, 32, 32, 32, 32, 32, 32, 32, 32, 32, 32, 32, 32, 32, 32, 32, 32], False], '232': [[28, 28, 28, 28, 28, 28, 28, 28, 28, 28, 28, 28, 28, 28, 28, 28, 28, 28, 28, 28, 28, 28, 28, 28, 28], False], '244': [[25, 25, 25, 25, 25, 25, 25, 25, 25, 25, 25, 25, 25, 25, 25, 25, 25, 25, 25, 25, 25, 25, 25, 25, 25], False]}
dict_keys(['132', '144', '157', '169', '182', '194', '207', '219', '232', '244'])
[132, 144, 157, 169, 182, 194, 207, 219, 232, 244]
Queue: [257, 269, 282, 294, 304, 310, 322, 329, 341]
arn:aws:lambda:us-east-1:858228748133:function:getHiscores4
{'257': [[22, 22, 22, 22, 22, 22, 22, 22, 22, 22, 22, 22, 22, 22, 22, 22, 22, 22, 22, 22, 22, 22, 22, 22, 22], False], '269': [[20, 20, 20, 20, 20, 20, 20, 20, 20, 20, 20, 20, 20, 20, 20, 20, 20, 20, 20, 20, 20, 20, 20, 20, 20], False], '282': [[18, 18, 18, 18, 18, 18, 18, 18, 18, 18, 18, 18, 18, 18, 18, 18, 18, 18, 18, 18, 18, 18, 18, 18, 18], False], '294': [[16, 16, 16, 16, 16, 16, 16, 16, 16, 16, 16, 16, 16, 16, 16, 16, 16, 16, 16, 16, 16, 16, 16, 16, 16], False], '304': [[15, 15, 15, 15, 15, 15, 15, 15, 15, 15, 15, 15, 15, 15, 15, 15, 14, 14, 14, 14, 14, 14, 14, 14, 14], False], '310': [[14, 14, 14, 14, 14, 14, 14, 14, 14, 14, 14, 14, 14, 14, 14, 14, 14, 14, 14, 14, 14, 14, 14, 14, 14], False], '322': [[12, 12, 12, 12, 12, 12, 12, 12, 12, 12, 12, 12, 12, 12, 12, 12, 12, 12, 12, 12, 12, 12, 12, 12, 12], False], '329': [[12, 12, 12, 12, 12, 12, 11, 11, 11, 11, 11, 11, 11, 11, 11, 11, 11, 11, 11, 11, 11, 11, 11, 11, 11], False], '341': [[10, 10, 10, 10, 10, 10, 10, 10, 10, 10, 10, 10, 10, 10, 10, 10, 10, 10, 10, 10, 10, 10, 10, 10, 10], False]}
dict_keys(['257', '269', '282', '294', '304', '310', '322', '329', '341'])
[257, 269, 282, 294, 304, 310, 322, 329, 341]
Queue: [4, 10, 16, 22, 29, 35, 41, 47, 54, 60]
arn:aws:lambda:us-east-1:858228748133:function:getHiscores1
{'4': [[948, 944, 925, 920, 918, 917, 909, 904, 902, 897, 894, 886, 863, 860, 859, 859, 856, 853, 846, 842, 840, 832, 830, 829, 828], False], '10': [[568, 567, 566, 563, 562, 561, 561, 560, 559, 558, 557, 555, 555, 551, 551, 550, 548, 548, 545, 545, 541, 538, 538, 538, 537], False], '16': [[438, 438, 435, 435, 433, 433, 433, 431, 430, 430, 429, 428, 427, 426, 425, 425, 424, 424, 424, 424, 423, 422, 422, 422, 420], False], '22': [[367, 367, 366, 366, 366, 366, 365, 365, 365, 365, 364, 364, 364, 364, 364, 363, 363, 362, 361, 360, 360, 360, 360, 358, 358], False], '29': [[302, 302, 301, 301, 300, 300, 300, 300, 300, 300, 300, 300, 300, 300, 300, 300, 300, 300, 300, 300, 300, 300, 300, 300, 300], False], '35': [[267, 267, 267, 267, 267, 266, 266, 266, 266, 266, 265, 265, 264, 264, 263, 263, 263, 262, 262, 262, 261, 261, 261, 260, 260], False], '41': [[236, 236, 235, 235, 235, 235, 234, 234, 234, 234, 233, 233, 233, 233, 233, 233, 233, 232, 232, 232, 232, 231, 231, 231, 231], False], '47': [[211, 210, 210, 210, 210, 210, 210, 210, 210, 210, 209, 209, 209, 209, 208, 208, 208, 208, 208, 208, 207, 207, 207, 207, 207], False], '54': [[188, 188, 187, 187, 187, 187, 187, 187, 187, 187, 186, 186, 186, 186, 186, 186, 186, 186, 186, 186, 186, 186, 186, 185, 185], False], '60': [[171, 171, 171, 171, 171, 170, 170, 170, 170, 170, 170, 170, 170, 170, 169, 169, 169, 169, 169, 169, 169, 169, 169, 168, 168], False]}
dict_keys(['4', '10', '16', '22', '29', '35', '41', '47', '54', '60'])
[4, 10, 16, 22, 29, 35, 41, 47, 54, 60]
Queue: [66, 72, 79, 85, 91, 97, 104, 110, 116, 122]
arn:aws:lambda:us-east-1:858228748133:function:getHiscores3
{'66': [[157, 156, 156, 156, 156, 156, 156, 156, 156, 156, 156, 156, 156, 156, 156, 155, 155, 155, 155, 155, 155, 155, 155, 155, 155], False], '72': [[145, 145, 145, 145, 145, 145, 145, 145, 145, 145, 145, 145, 145, 145, 145, 145, 144, 144, 144, 144, 144, 144, 144, 144, 144], False], '79': [[133, 133, 133, 133, 133, 133, 133, 133, 133, 133, 133, 133, 132, 132, 132, 132, 132, 132, 132, 132, 132, 132, 132, 132, 132], False], '85': [[123, 123, 123, 123, 123, 123, 123, 123, 123, 123, 123, 122, 122, 122, 122, 122, 122, 122, 122, 122, 122, 122, 122, 122, 122], False], '91': [[116, 116, 116, 116, 116, 116, 116, 115, 115, 115, 115, 115, 115, 115, 115, 115, 115, 115, 115, 115, 115, 115, 115, 115, 115], False], '97': [[109, 109, 109, 108, 108, 108, 108, 108, 108, 108, 108, 108, 108, 108, 108, 108, 108, 108, 108, 108, 108, 108, 108, 108, 108], False], '104': [[101, 101, 101, 101, 101, 101, 101, 101, 101, 101, 101, 101, 100, 100, 100, 100, 100, 100, 100, 100, 100, 100, 100, 100, 100], False], '110': [[96, 96, 96, 96, 96, 96, 95, 95, 95, 95, 95, 95, 95, 95, 95, 95, 95, 95, 95, 95, 95, 95, 95, 95, 95], False], '116': [[88, 88, 88, 88, 88, 88, 88, 88, 88, 87, 87, 87, 87, 87, 87, 87, 87, 87, 87, 87, 87, 87, 87, 87, 87], False], '122': [[82, 82, 82, 82, 82, 82, 82, 82, 82, 82, 82, 82, 82, 82, 82, 81, 81, 81, 81, 81, 81, 81, 81, 81, 81], False]}
dict_keys(['66', '72', '79', '85', '91', '97', '104', '110', '116', '122'])
[66, 72, 79, 85, 91, 97, 104, 110, 116, 122]
Queue: [129, 135, 141, 147, 154, 160, 166, 172, 179, 185]
arn:aws:lambda:us-east-1:858228748133:function:getHiscores10
{'129': [[76, 76, 76, 76, 76, 76, 76, 76, 76, 76, 76, 76, 76, 76, 76, 76, 76, 76, 76, 76, 76, 76, 76, 76, 75], False], '135': [[72, 72, 72, 72, 72, 72, 72, 72, 72, 72, 72, 72, 72, 72, 72, 72, 72, 72, 72, 72, 72, 72, 71, 71, 71], False], '141': [[68, 68, 68, 68, 68, 68, 68, 68, 68, 68, 68, 67, 67, 67, 67, 67, 67, 67, 67, 67, 67, 67, 67, 67, 67], False], '147': [[64, 64, 64, 64, 64, 64, 64, 64, 63, 63, 63, 63, 63, 63, 63, 63, 63, 63, 63, 63, 63, 63, 63, 63, 63], False], '154': [[60, 60, 60, 60, 60, 60, 60, 60, 60, 60, 60, 60, 60, 60, 60, 60, 60, 60, 60, 60, 60, 60, 60, 59, 59], False], '160': [[56, 56, 56, 56, 56, 56, 56, 56, 56, 56, 56, 56, 56, 56, 56, 56, 56, 56, 56, 56, 56, 56, 56, 56, 56], False], '166': [[53, 53, 53, 53, 53, 53, 53, 53, 53, 53, 53, 53, 53, 53, 52, 52, 52, 52, 52, 52, 52, 52, 52, 52, 52], False], '172': [[50, 50, 50, 50, 50, 50, 50, 50, 50, 50, 50, 50, 50, 50, 50, 50, 50, 50, 50, 50, 50, 50, 50, 50, 50], False], '179': [[46, 46, 46, 46, 46, 46, 46, 46, 46, 46, 46, 46, 46, 46, 46, 46, 46, 46, 46, 46, 46, 46, 46, 46, 46], False], '185': [[44, 44, 44, 44, 44, 44, 44, 44, 44, 44, 44, 44, 44, 44, 44, 44, 44, 44, 44, 44, 44, 44, 43, 43, 43], False]}
dict_keys(['129', '135', '141', '147', '154', '160', '166', '172', '179', '185'])
[129, 135, 141, 147, 154, 160, 166, 172, 179, 185]
Queue: [191, 197, 204, 210, 216, 222, 229, 235, 241, 247]
arn:aws:lambda:us-east-1:858228748133:function:getHiscores6
{'191': [[41, 41, 41, 41, 41, 41, 41, 41, 41, 41, 41, 41, 41, 41, 41, 41, 41, 41, 41, 41, 41, 41, 41, 41, 41], False], '197': [[39, 39, 39, 39, 39, 39, 39, 39, 39, 39, 39, 39, 39, 39, 39, 39, 39, 39, 39, 39, 39, 39, 39, 39, 39], False], '204': [[37, 37, 37, 37, 37, 37, 37, 37, 37, 36, 36, 36, 36, 36, 36, 36, 36, 36, 36, 36, 36, 36, 36, 36, 36], False], '210': [[35, 35, 35, 35, 34, 34, 34, 34, 34, 34, 34, 34, 34, 34, 34, 34, 34, 34, 34, 34, 34, 34, 34, 34, 34], False], '216': [[33, 33, 33, 33, 33, 33, 33, 33, 33, 33, 33, 33, 33, 33, 33, 33, 33, 33, 33, 32, 32, 32, 32, 32, 32], False], '222': [[31, 31, 31, 31, 31, 31, 31, 31, 31, 31, 31, 31, 31, 31, 31, 31, 31, 31, 31, 31, 31, 31, 31, 31, 31], False], '229': [[29, 29, 29, 29, 29, 29, 29, 29, 29, 29, 29, 29, 29, 29, 29, 29, 29, 29, 29, 29, 29, 29, 29, 29, 28], False], '235': [[27, 27, 27, 27, 27, 27, 27, 27, 27, 27, 27, 27, 27, 27, 27, 27, 27, 27, 27, 27, 27, 27, 27, 27, 27], False], '241': [[26, 26, 26, 26, 26, 26, 26, 26, 26, 26, 26, 26, 26, 26, 26, 26, 26, 26, 26, 26, 26, 26, 26, 26, 26], False], '247': [[25, 25, 25, 25, 25, 25, 25, 25, 25, 25, 24, 24, 24, 24, 24, 24, 24, 24, 24, 24, 24, 24, 24, 24, 24], False]}
dict_keys(['191', '197', '204', '210', '216', '222', '229', '235', '241', '247'])
[191, 197, 204, 210, 216, 222, 229, 235, 241, 247]
Queue: [254, 260, 266, 272, 279, 285, 291, 297, 311, 320]
arn:aws:lambda:us-east-1:858228748133:function:getHiscores3
{'254': [[23, 23, 23, 23, 23, 23, 23, 23, 23, 23, 23, 23, 23, 23, 23, 23, 23, 23, 23, 23, 23, 23, 23, 23, 23], False], '260': [[22, 22, 22, 22, 22, 22, 22, 22, 22, 22, 22, 22, 22, 22, 22, 22, 22, 22, 22, 22, 22, 22, 22, 22, 22], False], '266': [[21, 21, 21, 21, 21, 21, 21, 21, 21, 21, 21, 21, 21, 21, 21, 21, 21, 21, 21, 21, 20, 20, 20, 20, 20], False], '272': [[20, 20, 20, 20, 20, 20, 20, 20, 20, 20, 20, 20, 20, 20, 20, 20, 20, 20, 20, 20, 20, 20, 20, 20, 20], False], '279': [[18, 18, 18, 18, 18, 18, 18, 18, 18, 18, 18, 18, 18, 18, 18, 18, 18, 18, 18, 18, 18, 18, 18, 18, 18], False], '285': [[18, 18, 18, 18, 18, 18, 17, 17, 17, 17, 17, 17, 17, 17, 17, 17, 17, 17, 17, 17, 17, 17, 17, 17, 17], False], '291': [[17, 17, 17, 17, 17, 17, 17, 17, 17, 17, 17, 17, 17, 17, 17, 17, 17, 17, 17, 16, 16, 16, 16, 16, 16], False], '297': [[16, 16, 16, 16, 16, 16, 16, 16, 16, 16, 16, 16, 16, 16, 16, 16, 16, 16, 16, 16, 16, 16, 16, 16, 16], False], '311': [[14, 14, 14, 14, 14, 14, 14, 14, 14, 14, 14, 14, 14, 14, 14, 14, 14, 14, 14, 14, 13, 13, 13, 13, 13], False], '320': [[13, 13, 12, 12, 12, 12, 12, 12, 12, 12, 12, 12, 12, 12, 12, 12, 12, 12, 12, 12, 12, 12, 12, 12, 12], False]}
dict_keys(['254', '260', '266', '272', '279', '285', '291', '297', '311', '320'])
[254, 260, 266, 272, 279, 285, 291, 297, 311, 320]
Queue: [339]
arn:aws:lambda:us-east-1:858228748133:function:getHiscores5
{'339': [[11, 11, 10, 10, 10, 10, 10, 10, 10, 10, 10, 10, 10, 10, 10, 10, 10, 10, 10, 10, 10, 10, 10, 10, 10], False]}
dict_keys(['339'])
[339]
Queue: [2, 5, 8, 11, 14, 17, 20, 24, 27, 30]
arn:aws:lambda:us-east-1:858228748133:function:getHiscores5
{'2': [[1275, 1260, 1259, 1250, 1234, 1221, 1218, 1212, 1204, 1195, 1171, 1168, 1168, 1162, 1157, 1147, 1120, 1101, 1092, 1084, 1081, 1060, 1059, 1058, 1048], False], '5': [[826, 824, 822, 820, 813, 809, 808, 795, 791, 784, 782, 781, 780, 779, 778, 776, 776, 775, 771, 765, 762, 759, 757, 755, 752], False], '8': [[641, 638, 637, 636, 634, 631, 629, 629, 628, 628, 627, 626, 620, 615, 612, 612, 611, 607, 606, 605, 605, 604, 604, 604, 604], False], '11': [[537, 536, 535, 534, 533, 533, 533, 533, 532, 532, 531, 531, 530, 528, 527, 526, 526, 525, 525, 523, 520, 518, 517, 515, 515], False], '14': [[472, 471, 471, 471, 470, 470, 470, 468, 468, 468, 467, 467, 467, 466, 466, 466, 465, 465, 464, 463, 461, 461, 460, 460, 458], False], '17': [[419, 418, 418, 417, 417, 416, 416, 416, 416, 415, 415, 415, 415, 415, 415, 415, 414, 414, 414, 413, 413, 412, 411, 410, 409], False], '20': [[386, 386, 385, 385, 385, 383, 383, 383, 382, 382, 382, 381, 381, 380, 380, 380, 379, 379, 378, 378, 378, 377, 377, 377, 377], False], '24': [[350, 350, 350, 350, 350, 350, 350, 349, 349, 349, 348, 348, 347, 347, 347, 346, 346, 345, 344, 344, 342, 342, 342, 341, 340], False], '27': [[320, 319, 319, 319, 318, 318, 318, 317, 317, 317, 317, 316, 315, 314, 314, 314, 313, 312, 312, 312, 312, 312, 311, 311, 311], False], '30': [[300, 300, 300, 300, 300, 299, 299, 299, 299, 298, 298, 298, 298, 298, 297, 297, 297, 297, 296, 296, 296, 295, 295, 294, 294], False]}
dict_keys(['2', '5', '8', '11', '14', '17', '20', '24', '27', '30'])
[2, 5, 8, 11, 14, 17, 20, 24, 27, 30]
Queue: [33, 36, 39, 42, 45, 49, 52, 55, 58, 61]
arn:aws:lambda:us-east-1:858228748133:function:getHiscores10
{'33': [[281, 281, 281, 279, 279, 279, 278, 278, 277, 277, 277, 277, 276, 276, 275, 275, 274, 274, 274, 273, 273, 273, 273, 272, 272], False], '36': [[260, 260, 260, 260, 260, 259, 259, 259, 259, 259, 259, 259, 258, 258, 257, 257, 257, 257, 256, 256, 256, 256, 256, 256, 256], False], '39': [[244, 244, 244, 244, 244, 244, 243, 243, 243, 243, 243, 243, 243, 243, 243, 242, 242, 242, 242, 242, 242, 241, 241, 241, 241], False], '42': [[231, 230, 230, 230, 230, 230, 229, 229, 229, 229, 229, 229, 229, 229, 228, 228, 228, 228, 227, 227, 227, 227, 227, 226, 226], False], '45': [[219, 218, 218, 218, 218, 217, 217, 217, 217, 216, 216, 216, 216, 216, 215, 215, 215, 215, 215, 215, 215, 215, 214, 214, 214], False], '49': [[203, 203, 203, 203, 203, 203, 203, 203, 202, 202, 202, 202, 202, 202, 202, 202, 202, 201, 201, 201, 201, 201, 201, 201, 200], False], '52': [[195, 194, 194, 194, 194, 194, 193, 193, 193, 193, 193, 193, 193, 192, 192, 192, 192, 192, 192, 192, 191, 191, 191, 191, 191], False], '55': [[185, 185, 185, 185, 185, 185, 185, 184, 184, 184, 184, 184, 184, 184, 183, 183, 183, 183, 183, 183, 183, 182, 182, 182, 182], False], '58': [[177, 177, 176, 176, 176, 176, 176, 176, 176, 176, 176, 176, 176, 176, 175, 175, 175, 175, 175, 175, 175, 174, 174, 174, 174], False], '61': [[168, 168, 168, 168, 168, 168, 168, 168, 168, 168, 168, 167, 167, 167, 167, 167, 167, 167, 167, 167, 166, 166, 166, 166, 166], False]}
dict_keys(['33', '36', '39', '42', '45', '49', '52', '55', '58', '61'])
[33, 36, 39, 42, 45, 49, 52, 55, 58, 61]
Queue: [64, 67, 70, 74, 77, 80, 83, 86, 89, 92]
arn:aws:lambda:us-east-1:858228748133:function:getHiscores4
{'64': [[161, 161, 161, 161, 161, 161, 161, 161, 161, 161, 161, 161, 161, 160, 160, 160, 160, 160, 160, 160, 159, 159, 159, 159, 159], False], '67': [[155, 154, 154, 154, 154, 154, 154, 154, 154, 154, 154, 154, 154, 154, 154, 153, 153, 153, 153, 153, 153, 153, 153, 153, 152], False], '70': [[150, 149, 149, 149, 149, 149, 149, 149, 149, 149, 149, 149, 148, 148, 148, 148, 148, 148, 148, 148, 148, 148, 148, 148, 147], False], '74': [[141, 141, 141, 141, 141, 141, 141, 141, 141, 141, 141, 141, 141, 141, 141, 140, 140, 140, 140, 140, 140, 140, 140, 140, 140], False], '77': [[136, 136, 136, 136, 136, 135, 135, 135, 135, 135, 135, 135, 135, 135, 135, 135, 135, 135, 135, 135, 135, 134, 134, 134, 134], False], '80': [[132, 132, 132, 132, 132, 132, 131, 131, 131, 131, 131, 131, 131, 131, 131, 131, 131, 131, 131, 131, 130, 130, 130, 130, 130], False], '83': [[126, 126, 126, 126, 126, 126, 126, 125, 125, 125, 125, 125, 125, 125, 125, 125, 125, 125, 125, 125, 125, 125, 125, 125, 125], False], '86': [[122, 121, 121, 121, 121, 121, 121, 121, 121, 121, 121, 121, 121, 121, 121, 121, 121, 121, 121, 121, 121, 121, 121, 121, 121], False], '89': [[118, 118, 118, 118, 118, 118, 118, 117, 117, 117, 117, 117, 117, 117, 117, 117, 117, 117, 117, 117, 117, 117, 117, 117, 117], False], '92': [[115, 114, 114, 114, 114, 114, 114, 114, 114, 114, 114, 114, 114, 114, 114, 114, 114, 114, 114, 114, 114, 114, 114, 113, 113], False]}
dict_keys(['64', '67', '70', '74', '77', '80', '83', '86', '89', '92'])
[64, 67, 70, 74, 77, 80, 83, 86, 89, 92]
Queue: [95, 99, 102, 108, 111, 114, 117, 120, 124, 127]
arn:aws:lambda:us-east-1:858228748133:function:getHiscores10
{'95': [[111, 110, 110, 110, 110, 110, 110, 110, 110, 110, 110, 110, 110, 110, 110, 110, 110, 110, 110, 110, 110, 110, 110, 110, 110], False], '99': [[106, 106, 106, 106, 106, 106, 106, 106, 106, 106, 106, 106, 106, 106, 106, 106, 106, 106, 106, 106, 106, 106, 106, 105, 105], False], '102': [[103, 103, 103, 103, 103, 103, 103, 103, 103, 103, 103, 103, 103, 103, 103, 103, 103, 103, 102, 102, 102, 102, 102, 102, 102], False], '108': [[98, 98, 98, 98, 98, 98, 98, 98, 98, 98, 98, 98, 98, 98, 98, 98, 98, 98, 98, 97, 97, 97, 97, 97, 97], False], '111': [[94, 94, 94, 94, 94, 94, 94, 94, 94, 94, 94, 94, 94, 94, 94, 94, 94, 94, 94, 94, 93, 93, 93, 93, 93], False], '114': [[90, 90, 90, 90, 90, 90, 90, 90, 90, 90, 90, 90, 90, 90, 90, 90, 90, 90, 90, 90, 89, 89, 89, 89, 89], False], '117': [[87, 87, 87, 87, 87, 86, 86, 86, 86, 86, 86, 86, 86, 86, 86, 86, 86, 86, 86, 86, 86, 86, 86, 86, 86], False], '120': [[84, 84, 84, 84, 84, 84, 84, 84, 84, 84, 84, 84, 83, 83, 83, 83, 83, 83, 83, 83, 83, 83, 83, 83, 83], False], '124': [[80, 80, 80, 80, 80, 80, 80, 80, 80, 80, 80, 80, 80, 80, 80, 80, 80, 80, 80, 80, 80, 80, 80, 80, 80], False], '127': [[78, 78, 78, 78, 78, 78, 77, 77, 77, 77, 77, 77, 77, 77, 77, 77, 77, 77, 77, 77, 77, 77, 77, 77, 77], False]}
dict_keys(['95', '99', '102', '108', '111', '114', '117', '120', '124', '127'])
[95, 99, 102, 108, 111, 114, 117, 120, 124, 127]
Queue: [130, 133, 136, 139, 142, 145, 149, 152, 155, 158]
arn:aws:lambda:us-east-1:858228748133:function:getHiscores2
{'130': [[75, 75, 75, 75, 75, 75, 75, 75, 75, 75, 75, 75, 75, 75, 75, 75, 75, 75, 75, 75, 75, 75, 75, 75, 75], False], '133': [[74, 74, 74, 74, 74, 74, 74, 73, 73, 73, 73, 73, 73, 73, 73, 73, 73, 73, 73, 73, 73, 73, 73, 73, 73], False], '136': [[71, 71, 71, 71, 71, 71, 71, 71, 71, 71, 71, 71, 71, 71, 71, 71, 71, 71, 71, 71, 71, 71, 71, 70, 70], False], '139': [[69, 69, 69, 69, 69, 69, 69, 69, 69, 69, 69, 69, 69, 69, 69, 69, 69, 69, 69, 69, 69, 69, 69, 69, 69], False], '142': [[67, 67, 67, 67, 67, 67, 67, 67, 67, 67, 67, 67, 67, 67, 67, 67, 67, 66, 66, 66, 66, 66, 66, 66, 66], False], '145': [[65, 65, 65, 65, 65, 65, 65, 65, 65, 65, 65, 65, 65, 65, 65, 65, 65, 65, 64, 64, 64, 64, 64, 64, 64], False], '149': [[63, 63, 63, 63, 63, 63, 63, 62, 62, 62, 62, 62, 62, 62, 62, 62, 62, 62, 62, 62, 62, 62, 62, 62, 62], False], '152': [[61, 61, 61, 61, 61, 61, 61, 61, 61, 61, 61, 61, 61, 61, 60, 60, 60, 60, 60, 60, 60, 60, 60, 60, 60], False], '155': [[59, 59, 59, 59, 59, 59, 59, 59, 59, 59, 59, 59, 59, 59, 59, 59, 59, 59, 59, 59, 59, 59, 59, 59, 59], False], '158': [[57, 57, 57, 57, 57, 57, 57, 57, 57, 57, 57, 57, 57, 57, 57, 57, 57, 57, 57, 57, 57, 57, 57, 57, 57], False]}
dict_keys(['130', '133', '136', '139', '142', '145', '149', '152', '155', '158'])
[130, 133, 136, 139, 142, 145, 149, 152, 155, 158]
Queue: [161, 164, 167, 170, 174, 177, 180, 183, 189, 192]
arn:aws:lambda:us-east-1:858228748133:function:getHiscores1
{'161': [[56, 56, 56, 56, 56, 56, 55, 55, 55, 55, 55, 55, 55, 55, 55, 55, 55, 55, 55, 55, 55, 55, 55, 55, 55], False], '164': [[54, 54, 54, 54, 54, 54, 54, 54, 54, 54, 54, 54, 54, 54, 54, 54, 54, 53, 53, 53, 53, 53, 53, 53, 53], False], '167': [[52, 52, 52, 52, 52, 52, 52, 52, 52, 52, 52, 52, 52, 52, 52, 52, 52, 52, 52, 52, 52, 52, 52, 52, 52], False], '170': [[51, 51, 51, 51, 51, 51, 51, 51, 51, 51, 51, 51, 51, 51, 51, 50, 50, 50, 50, 50, 50, 50, 50, 50, 50], False], '174': [[49, 49, 49, 49, 49, 49, 49, 49, 49, 49, 49, 49, 49, 49, 49, 49, 49, 49, 49, 49, 49, 49, 49, 49, 49], False], '177': [[48, 48, 47, 47, 47, 47, 47, 47, 47, 47, 47, 47, 47, 47, 47, 47, 47, 47, 47, 47, 47, 47, 47, 47, 47], False], '180': [[46, 46, 46, 46, 46, 46, 46, 46, 46, 46, 46, 46, 46, 46, 46, 46, 46, 46, 46, 46, 46, 46, 46, 46, 46], False], '183': [[45, 45, 45, 45, 45, 45, 45, 45, 45, 45, 45, 45, 45, 45, 45, 45, 45, 45, 45, 45, 45, 44, 44, 44, 44], False], '189': [[42, 42, 42, 42, 42, 42, 42, 42, 42, 42, 42, 42, 42, 42, 42, 42, 42, 42, 42, 42, 42, 42, 42, 42, 42], False], '192': [[41, 41, 41, 41, 41, 41, 41, 41, 41, 41, 41, 41, 41, 41, 41, 41, 41, 41, 41, 41, 41, 41, 41, 41, 41], False]}
dict_keys(['161', '164', '167', '170', '174', '177', '180', '183', '189', '192'])
[161, 164, 167, 170, 174, 177, 180, 183, 189, 192]
Queue: [195, 199, 205, 220, 224, 227, 233, 236, 242, 252]
arn:aws:lambda:us-east-1:858228748133:function:getHiscores1
{'195': [[40, 40, 40, 40, 40, 40, 40, 40, 40, 40, 40, 40, 40, 40, 40, 40, 40, 40, 40, 40, 40, 40, 40, 40, 40], False], '199': [[39, 39, 38, 38, 38, 38, 38, 38, 38, 38, 38, 38, 38, 38, 38, 38, 38, 38, 38, 38, 38, 38, 38, 38, 38], False], '205': [[36, 36, 36, 36, 36, 36, 36, 36, 36, 36, 36, 36, 36, 36, 36, 36, 36, 36, 36, 36, 36, 36, 36, 36, 36], False], '220': [[32, 32, 32, 32, 32, 31, 31, 31, 31, 31, 31, 31, 31, 31, 31, 31, 31, 31, 31, 31, 31, 31, 31, 31, 31], False], '224': [[30, 30, 30, 30, 30, 30, 30, 30, 30, 30, 30, 30, 30, 30, 30, 30, 30, 30, 30, 30, 30, 30, 30, 30, 30], False], '227': [[30, 30, 30, 30, 29, 29, 29, 29, 29, 29, 29, 29, 29, 29, 29, 29, 29, 29, 29, 29, 29, 29, 29, 29, 29], False], '233': [[28, 28, 28, 28, 28, 28, 28, 28, 28, 28, 28, 28, 28, 28, 28, 28, 27, 27, 27, 27, 27, 27, 27, 27, 27], False], '236': [[27, 27, 27, 27, 27, 27, 27, 27, 27, 27, 27, 27, 27, 27, 27, 27, 27, 27, 27, 27, 27, 27, 27, 27, 27], False], '242': [[26, 26, 26, 26, 26, 26, 26, 26, 26, 26, 26, 26, 26, 26, 26, 26, 26, 25, 25, 25, 25, 25, 25, 25, 25], False], '252': [[24, 24, 24, 24, 24, 24, 23, 23, 23, 23, 23, 23, 23, 23, 23, 23, 23, 23, 23, 23, 23, 23, 23, 23, 23], False]}
dict_keys(['195', '199', '205', '220', '224', '227', '233', '236', '242', '252'])
[195, 199, 205, 220, 224, 227, 233, 236, 242, 252]
Queue: [255, 261, 274, 277, 299]
arn:aws:lambda:us-east-1:858228748133:function:getHiscores8
{'255': [[23, 23, 23, 23, 23, 23, 23, 23, 23, 23, 23, 23, 23, 23, 23, 23, 23, 23, 23, 23, 23, 23, 23, 23, 23], False], '261': [[22, 22, 22, 22, 22, 22, 22, 22, 22, 22, 22, 22, 22, 22, 22, 22, 22, 22, 22, 22, 22, 22, 22, 21, 21], False], '274': [[19, 19, 19, 19, 19, 19, 19, 19, 19, 19, 19, 19, 19, 19, 19, 19, 19, 19, 19, 19, 19, 19, 19, 19, 19], False], '277': [[19, 19, 19, 19, 19, 19, 19, 19, 19, 19, 19, 19, 19, 19, 19, 19, 19, 19, 19, 19, 19, 19, 19, 19, 19], False], '299': [[15, 15, 15, 15, 15, 15, 15, 15, 15, 15, 15, 15, 15, 15, 15, 15, 15, 15, 15, 15, 15, 15, 15, 15, 15], False]}
dict_keys(['255', '261', '274', '277', '299'])
[255, 261, 274, 277, 299]
Queue: [3, 6, 9, 12, 15, 18, 21, 23, 25, 28]
arn:aws:lambda:us-east-1:858228748133:function:getHiscores8
{'3': [[1041, 1037, 1034, 1030, 1024, 1016, 1013, 1011, 1008, 1006, 1004, 1002, 1001, 1000, 1000, 1000, 1000, 999, 988, 975, 975, 970, 969, 961, 960], False], '6': [[751, 747, 743, 738, 731, 728, 726, 724, 707, 707, 705, 705, 705, 700, 696, 692, 688, 687, 684, 683, 683, 680, 680, 676, 676], False], '9': [[603, 602, 600, 600, 600, 597, 597, 596, 596, 595, 592, 589, 588, 586, 585, 583, 582, 580, 579, 577, 575, 574, 574, 570, 569], False], '12': [[514, 510, 509, 507, 506, 506, 505, 504, 503, 502, 501, 501, 501, 500, 500, 500, 500, 500, 499, 497, 496, 495, 495, 495, 495], False], '15': [[455, 455, 454, 454, 454, 454, 453, 453, 453, 453, 452, 451, 450, 450, 450, 449, 449, 448, 448, 447, 444, 443, 442, 441, 441], False], '18': [[409, 408, 408, 408, 407, 406, 406, 405, 405, 405, 405, 404, 404, 403, 401, 401, 400, 400, 400, 400, 400, 400, 399, 397, 397], False], '21': [[377, 376, 376, 376, 375, 374, 374, 373, 373, 372, 372, 371, 371, 370, 370, 370, 370, 370, 369, 369, 369, 369, 368, 368, 367], False], '23': [[358, 358, 358, 357, 356, 356, 356, 356, 355, 355, 355, 355, 355, 354, 354, 353, 353, 353, 353, 352, 352, 352, 351, 350, 350], False], '25': [[340, 340, 340, 340, 339, 338, 338, 338, 336, 335, 335, 335, 334, 334, 334, 333, 333, 332, 332, 332, 331, 330, 328, 328, 327], False], '28': [[311, 311, 310, 310, 309, 309, 308, 308, 307, 307, 307, 306, 305, 305, 305, 304, 304, 303, 303, 303, 302, 302, 302, 302, 302], False]}
dict_keys(['3', '6', '9', '12', '15', '18', '21', '23', '25', '28'])
[3, 6, 9, 12, 15, 18, 21, 23, 25, 28]
Queue: [31, 34, 37, 40, 43, 46, 48, 53, 56, 59]
arn:aws:lambda:us-east-1:858228748133:function:getHiscores4
{'31': [[294, 293, 293, 292, 292, 292, 292, 291, 291, 291, 291, 290, 288, 288, 288, 288, 288, 288, 287, 287, 287, 287, 286, 286, 285], False], '34': [[272, 272, 271, 271, 271, 271, 271, 270, 270, 270, 270, 270, 270, 270, 270, 270, 270, 269, 268, 268, 268, 267, 267, 267, 267], False], '37': [[256, 255, 255, 255, 255, 255, 255, 254, 254, 254, 254, 253, 253, 253, 253, 253, 252, 252, 252, 252, 251, 251, 251, 250, 250], False], '40': [[241, 241, 241, 240, 240, 240, 240, 240, 239, 239, 239, 239, 238, 238, 238, 237, 237, 237, 236, 236, 236, 236, 236, 236, 236], False], '43': [[226, 226, 226, 226, 226, 226, 225, 225, 225, 224, 224, 224, 224, 224, 224, 223, 223, 223, 223, 223, 223, 223, 222, 222, 222], False], '46': [[214, 214, 214, 213, 213, 213, 213, 213, 213, 213, 213, 212, 212, 212, 212, 212, 212, 212, 211, 211, 211, 211, 211, 211, 211], False], '48': [[207, 207, 206, 206, 206, 206, 206, 206, 206, 205, 205, 205, 205, 205, 205, 204, 204, 204, 204, 204, 204, 204, 204, 204, 203], False], '53': [[191, 191, 191, 191, 191, 190, 190, 190, 190, 190, 190, 190, 190, 190, 189, 189, 189, 189, 189, 189, 188, 188, 188, 188, 188], False], '56': [[182, 182, 181, 181, 181, 181, 181, 181, 181, 181, 181, 180, 180, 180, 180, 180, 180, 180, 180, 179, 179, 179, 179, 179, 179], False], '59': [[174, 174, 173, 173, 173, 173, 173, 173, 173, 173, 173, 173, 172, 172, 172, 172, 172, 172, 172, 172, 172, 171, 171, 171, 171], False]}
dict_keys(['31', '34', '37', '40', '43', '46', '48', '53', '56', '59'])
[31, 34, 37, 40, 43, 46, 48, 53, 56, 59]
Queue: [62, 65, 68, 71, 73, 75, 78, 81, 84, 87]
arn:aws:lambda:us-east-1:858228748133:function:getHiscores8
{'62': [[166, 166, 166, 166, 165, 165, 165, 165, 165, 165, 165, 165, 165, 165, 164, 164, 164, 164, 164, 164, 164, 164, 164, 164, 164], False], '65': [[159, 159, 159, 158, 158, 158, 158, 158, 158, 158, 158, 158, 158, 158, 158, 158, 157, 157, 157, 157, 157, 157, 157, 157, 157], False], '68': [[152, 152, 152, 152, 152, 152, 152, 152, 152, 152, 152, 152, 151, 151, 151, 151, 151, 151, 151, 151, 151, 151, 151, 151, 151], False], '71': [[147, 147, 147, 147, 147, 147, 147, 147, 146, 146, 146, 146, 146, 146, 146, 146, 146, 146, 146, 146, 146, 146, 146, 146, 146], False], '73': [[144, 143, 143, 143, 143, 143, 143, 143, 143, 143, 142, 142, 142, 142, 142, 142, 142, 142, 142, 142, 142, 142, 141, 141, 141], False], '75': [[140, 140, 140, 140, 140, 140, 140, 140, 140, 139, 139, 139, 139, 139, 139, 139, 139, 139, 139, 138, 138, 138, 138, 138, 138], False], '78': [[134, 134, 134, 134, 134, 134, 134, 134, 134, 134, 134, 134, 134, 134, 134, 134, 134, 134, 134, 133, 133, 133, 133, 133, 133], False], '81': [[130, 130, 130, 130, 129, 129, 129, 129, 129, 129, 129, 129, 129, 129, 129, 129, 129, 128, 128, 128, 128, 128, 128, 128, 127], False], '84': [[125, 125, 125, 125, 125, 125, 124, 124, 124, 124, 124, 124, 124, 124, 124, 124, 124, 124, 124, 124, 124, 124, 124, 124, 123], False], '87': [[120, 120, 120, 120, 120, 120, 120, 120, 120, 120, 120, 120, 120, 120, 120, 120, 120, 120, 120, 120, 120, 120, 120, 120, 120], False]}
dict_keys(['62', '65', '68', '71', '73', '75', '78', '81', '84', '87'])
[62, 65, 68, 71, 73, 75, 78, 81, 84, 87]
Queue: [90, 93, 96, 98, 100, 103, 109, 112, 115, 118]
arn:aws:lambda:us-east-1:858228748133:function:getHiscores8
{'90': [[117, 117, 117, 116, 116, 116, 116, 116, 116, 116, 116, 116, 116, 116, 116, 116, 116, 116, 116, 116, 116, 116, 116, 116, 116], False], '93': [[113, 113, 113, 113, 113, 113, 113, 113, 113, 113, 112, 112, 112, 112, 112, 112, 112, 112, 112, 112, 112, 112, 112, 112, 112], False], '96': [[110, 110, 110, 110, 109, 109, 109, 109, 109, 109, 109, 109, 109, 109, 109, 109, 109, 109, 109, 109, 109, 109, 109, 109, 109], False], '98': [[108, 108, 108, 108, 107, 107, 107, 107, 107, 107, 107, 107, 107, 107, 107, 107, 107, 107, 107, 107, 107, 107, 107, 107, 106], False], '100': [[105, 105, 105, 105, 105, 105, 105, 105, 105, 105, 105, 105, 105, 105, 105, 105, 105, 105, 105, 105, 105, 105, 105, 104, 104], False], '103': [[102, 102, 102, 102, 102, 102, 102, 102, 102, 102, 102, 102, 102, 102, 102, 102, 102, 102, 102, 101, 101, 101, 101, 101, 101], False], '109': [[97, 97, 97, 97, 97, 97, 97, 97, 97, 97, 97, 97, 97, 97, 96, 96, 96, 96, 96, 96, 96, 96, 96, 96, 96], False], '112': [[93, 93, 93, 93, 93, 93, 93, 93, 93, 93, 93, 92, 92, 92, 92, 92, 92, 92, 92, 92, 92, 92, 92, 92, 92], False], '115': [[89, 89, 89, 89, 89, 89, 89, 89, 89, 89, 89, 89, 89, 89, 89, 89, 88, 88, 88, 88, 88, 88, 88, 88, 88], False], '118': [[86, 86, 86, 86, 85, 85, 85, 85, 85, 85, 85, 85, 85, 85, 85, 85, 85, 85, 85, 85, 85, 85, 85, 85, 85], False]}
dict_keys(['90', '93', '96', '98', '100', '103', '109', '112', '115', '118'])
[90, 93, 96, 98, 100, 103, 109, 112, 115, 118]
Queue: [121, 123, 125, 128, 131, 134, 140, 150, 156, 159]
arn:aws:lambda:us-east-1:858228748133:function:getHiscores10
{'121': [[83, 83, 83, 83, 83, 83, 83, 83, 83, 83, 83, 83, 83, 83, 83, 83, 83, 83, 83, 83, 83, 83, 83, 82, 82], False], '123': [[81, 81, 81, 81, 81, 81, 81, 81, 81, 81, 81, 81, 81, 81, 81, 81, 81, 81, 81, 80, 80, 80, 80, 80, 80], False], '125': [[80, 80, 79, 79, 79, 79, 79, 79, 79, 79, 79, 79, 79, 79, 79, 79, 79, 79, 79, 79, 79, 79, 79, 78, 78], False], '128': [[77, 77, 77, 77, 77, 77, 77, 77, 77, 77, 77, 76, 76, 76, 76, 76, 76, 76, 76, 76, 76, 76, 76, 76, 76], False], '131': [[75, 75, 75, 75, 75, 75, 75, 75, 75, 75, 75, 75, 75, 75, 75, 75, 75, 75, 75, 75, 75, 75, 75, 74, 74], False], '134': [[73, 73, 73, 73, 73, 73, 73, 73, 73, 73, 73, 72, 72, 72, 72, 72, 72, 72, 72, 72, 72, 72, 72, 72, 72], False], '140': [[68, 68, 68, 68, 68, 68, 68, 68, 68, 68, 68, 68, 68, 68, 68, 68, 68, 68, 68, 68, 68, 68, 68, 68, 68], False], '150': [[62, 62, 62, 62, 62, 62, 62, 62, 62, 62, 62, 62, 62, 62, 62, 62, 62, 62, 62, 62, 61, 61, 61, 61, 61], False], '156': [[59, 59, 59, 59, 59, 59, 59, 59, 59, 59, 58, 58, 58, 58, 58, 58, 58, 58, 58, 58, 58, 58, 58, 58, 58], False], '159': [[57, 57, 57, 57, 57, 57, 57, 57, 57, 57, 57, 57, 57, 57, 57, 57, 56, 56, 56, 56, 56, 56, 56, 56, 56], False]}
dict_keys(['121', '123', '125', '128', '131', '134', '140', '150', '156', '159'])
[121, 123, 125, 128, 131, 134, 140, 150, 156, 159]
Queue: [168, 173, 175, 178, 181, 190, 193, 196, 206, 223]
arn:aws:lambda:us-east-1:858228748133:function:getHiscores3
{'168': [[52, 52, 52, 52, 52, 52, 52, 52, 52, 52, 52, 52, 52, 52, 52, 52, 52, 52, 51, 51, 51, 51, 51, 51, 51], False], '173': [[50, 50, 50, 50, 50, 50, 50, 50, 50, 50, 50, 50, 50, 50, 50, 50, 50, 50, 50, 50, 50, 50, 50, 50, 49], False], '175': [[49, 49, 49, 49, 49, 49, 49, 48, 48, 48, 48, 48, 48, 48, 48, 48, 48, 48, 48, 48, 48, 48, 48, 48, 48], False], '178': [[47, 47, 47, 47, 47, 47, 47, 47, 47, 47, 47, 47, 47, 47, 47, 47, 47, 47, 47, 47, 47, 47, 47, 46, 46], False], '181': [[45, 45, 45, 45, 45, 45, 45, 45, 45, 45, 45, 45, 45, 45, 45, 45, 45, 45, 45, 45, 45, 45, 45, 45, 45], False], '190': [[42, 42, 42, 42, 42, 42, 42, 42, 42, 42, 42, 42, 42, 42, 42, 42, 41, 41, 41, 41, 41, 41, 41, 41, 41], False], '193': [[41, 41, 41, 41, 41, 41, 40, 40, 40, 40, 40, 40, 40, 40, 40, 40, 40, 40, 40, 40, 40, 40, 40, 40, 40], False], '196': [[40, 40, 40, 40, 40, 40, 40, 40, 40, 40, 40, 40, 40, 40, 40, 40, 40, 40, 40, 39, 39, 39, 39, 39, 39], False], '206': [[36, 36, 36, 36, 36, 36, 36, 36, 36, 36, 36, 36, 36, 36, 36, 36, 36, 36, 36, 36, 36, 36, 36, 36, 36], False], '223': [[31, 31, 31, 31, 31, 31, 31, 31, 31, 31, 31, 31, 31, 30, 30, 30, 30, 30, 30, 30, 30, 30, 30, 30, 30], False]}
dict_keys(['168', '173', '175', '178', '181', '190', '193', '196', '206', '223'])
[168, 173, 175, 178, 181, 190, 193, 196, 206, 223]
Queue: [237, 256, 273, 278, 298]
arn:aws:lambda:us-east-1:858228748133:function:getHiscores9
{'237': [[27, 27, 27, 27, 27, 27, 27, 27, 27, 27, 27, 27, 27, 27, 27, 27, 27, 27, 27, 26, 26, 26, 26, 26, 26], False], '256': [[23, 23, 23, 23, 23, 23, 23, 23, 23, 23, 23, 23, 23, 23, 22, 22, 22, 22, 22, 22, 22, 22, 22, 22, 22], False], '273': [[20, 20, 20, 20, 20, 20, 20, 19, 19, 19, 19, 19, 19, 19, 19, 19, 19, 19, 19, 19, 19, 19, 19, 19, 19], False], '278': [[19, 19, 19, 19, 19, 19, 19, 19, 19, 19, 19, 19, 19, 19, 19, 18, 18, 18, 18, 18, 18, 18, 18, 18, 18], False], '298': [[16, 16, 16, 16, 16, 16, 15, 15, 15, 15, 15, 15, 15, 15, 15, 15, 15, 15, 15, 15, 15, 15, 15, 15, 15], False]}
dict_keys(['237', '256', '273', '278', '298'])
[237, 256, 273, 278, 298]
[None, [2721, 2383, 2191, 2139, 2047, 2002, 1796, 1735, 1645, 1639, 1626, 1620, 1540, 1513, 1509, 1446, 1420, 1395, 1381, 1368, 1361, 1336, 1310, 1300, 1280], [1275, 1260, 1259, 1250, 1234, 1221, 1218, 1212, 1204, 1195, 1171, 1168, 1168, 1162, 1157, 1147, 1120, 1101, 1092, 1084, 1081, 1060, 1059, 1058, 1048], [1041, 1037, 1034, 1030, 1024, 1016, 1013, 1011, 1008, 1006, 1004, 1002, 1001, 1000, 1000, 1000, 1000, 999, 988, 975, 975, 970, 969, 961, 960], [948, 944, 925, 920, 918, 917, 909, 904, 902, 897, 894, 886, 863, 860, 859, 859, 856, 853, 846, 842, 840, 832, 830, 829, 828], [826, 824, 822, 820, 813, 809, 808, 795, 791, 784, 782, 781, 780, 779, 778, 776, 776, 775, 771, 765, 762, 759, 757, 755, 752], [751, 747, 743, 738, 731, 728, 726, 724, 707, 707, 705, 705, 705, 700, 696, 692, 688, 687, 684, 683, 683, 680, 680, 676, 676], [675, 674, 673, 671, 667, 667, 666, 666, 666, 665, 665, 664, 664, 663, 663, 655, 654, 650, 650, 650, 650, 647, 642, 642, 641], [641, 638, 637, 636, 634, 631, 629, 629, 628, 628, 627, 626, 620, 615, 612, 612, 611, 607, 606, 605, 605, 604, 604, 604, 604], [603, 602, 600, 600, 600, 597, 597, 596, 596, 595, 592, 589, 588, 586, 585, 583, 582, 580, 579, 577, 575, 574, 574, 570, 569], [568, 567, 566, 563, 562, 561, 561, 560, 559, 558, 557, 555, 555, 551, 551, 550, 548, 548, 545, 545, 541, 538, 538, 538, 537], [537, 536, 535, 534, 533, 533, 533, 533, 532, 532, 531, 531, 530, 528, 527, 526, 526, 525, 525, 523, 520, 518, 517, 515, 515], [514, 510, 509, 507, 506, 506, 505, 504, 503, 502, 501, 501, 501, 500, 500, 500, 500, 500, 499, 497, 496, 495, 495, 495, 495], [495, 494, 493, 491, 490, 490, 489, 489, 487, 487, 485, 484, 484, 484, 484, 483, 483, 482, 482, 481, 480, 475, 475, 473, 473], [472, 471, 471, 471, 470, 470, 470, 468, 468, 468, 467, 467, 467, 466, 466, 466, 465, 465, 464, 463, 461, 461, 460, 460, 458], [455, 455, 454, 454, 454, 454, 453, 453, 453, 453, 452, 451, 450, 450, 450, 449, 449, 448, 448, 447, 444, 443, 442, 441, 441], [438, 438, 435, 435, 433, 433, 433, 431, 430, 430, 429, 428, 427, 426, 425, 425, 424, 424, 424, 424, 423, 422, 422, 422, 420], [419, 418, 418, 417, 417, 416, 416, 416, 416, 415, 415, 415, 415, 415, 415, 415, 414, 414, 414, 413, 413, 412, 411, 410, 409], [409, 408, 408, 408, 407, 406, 406, 405, 405, 405, 405, 404, 404, 403, 401, 401, 400, 400, 400, 400, 400, 400, 399, 397, 397], [394, 393, 393, 393, 393, 392, 392, 392, 391, 391, 391, 391, 391, 391, 390, 390, 389, 389, 389, 388, 388, 388, 387, 387, 387], [386, 386, 385, 385, 385, 383, 383, 383, 382, 382, 382, 381, 381, 380, 380, 380, 379, 379, 378, 378, 378, 377, 377, 377, 377], [377, 376, 376, 376, 375, 374, 374, 373, 373, 372, 372, 371, 371, 370, 370, 370, 370, 370, 369, 369, 369, 369, 368, 368, 367], [367, 367, 366, 366, 366, 366, 365, 365, 365, 365, 364, 364, 364, 364, 364, 363, 363, 362, 361, 360, 360, 360, 360, 358, 358], [358, 358, 358, 357, 356, 356, 356, 356, 355, 355, 355, 355, 355, 354, 354, 353, 353, 353, 353, 352, 352, 352, 351, 350, 350], [350, 350, 350, 350, 350, 350, 350, 349, 349, 349, 348, 348, 347, 347, 347, 346, 346, 345, 344, 344, 342, 342, 342, 341, 340], [340, 340, 340, 340, 339, 338, 338, 338, 336, 335, 335, 335, 334, 334, 334, 333, 333, 332, 332, 332, 331, 330, 328, 328, 327], [327, 326, 326, 326, 326, 325, 325, 325, 325, 324, 324, 324, 323, 323, 322, 321, 321, 321, 321, 321, 321, 321, 320, 320, 320], [320, 319, 319, 319, 318, 318, 318, 317, 317, 317, 317, 316, 315, 314, 314, 314, 313, 312, 312, 312, 312, 312, 311, 311, 311], [311, 311, 310, 310, 309, 309, 308, 308, 307, 307, 307, 306, 305, 305, 305, 304, 304, 303, 303, 303, 302, 302, 302, 302, 302], [302, 302, 301, 301, 300, 300, 300, 300, 300, 300, 300, 300, 300, 300, 300, 300, 300, 300, 300, 300, 300, 300, 300, 300, 300], [300, 300, 300, 300, 300, 299, 299, 299, 299, 298, 298, 298, 298, 298, 297, 297, 297, 297, 296, 296, 296, 295, 295, 294, 294], [294, 293, 293, 292, 292, 292, 292, 291, 291, 291, 291, 290, 288, 288, 288, 288, 288, 288, 287, 287, 287, 287, 286, 286, 285], [285, 285, 285, 285, 285, 285, 284, 284, 284, 284, 284, 284, 284, 283, 283, 282, 282, 282, 281, 281, 281, 281, 281, 281, 281], [281, 281, 281, 279, 279, 279, 278, 278, 277, 277, 277, 277, 276, 276, 275, 275, 274, 274, 274, 273, 273, 273, 273, 272, 272], [272, 272, 271, 271, 271, 271, 271, 270, 270, 270, 270, 270, 270, 270, 270, 270, 270, 269, 268, 268, 268, 267, 267, 267, 267], [267, 267, 267, 267, 267, 266, 266, 266, 266, 266, 265, 265, 264, 264, 263, 263, 263, 262, 262, 262, 261, 261, 261, 260, 260], [260, 260, 260, 260, 260, 259, 259, 259, 259, 259, 259, 259, 258, 258, 257, 257, 257, 257, 256, 256, 256, 256, 256, 256, 256], [256, 255, 255, 255, 255, 255, 255, 254, 254, 254, 254, 253, 253, 253, 253, 253, 252, 252, 252, 252, 251, 251, 251, 250, 250], [250, 250, 250, 250, 250, 249, 249, 249, 248, 247, 247, 247, 247, 247, 247, 246, 246, 246, 246, 246, 246, 245, 245, 244, 244], [244, 244, 244, 244, 244, 244, 243, 243, 243, 243, 243, 243, 243, 243, 243, 242, 242, 242, 242, 242, 242, 241, 241, 241, 241], [241, 241, 241, 240, 240, 240, 240, 240, 239, 239, 239, 239, 238, 238, 238, 237, 237, 237, 236, 236, 236, 236, 236, 236, 236], [236, 236, 235, 235, 235, 235, 234, 234, 234, 234, 233, 233, 233, 233, 233, 233, 233, 232, 232, 232, 232, 231, 231, 231, 231], [231, 230, 230, 230, 230, 230, 229, 229, 229, 229, 229, 229, 229, 229, 228, 228, 228, 228, 227, 227, 227, 227, 227, 226, 226], [226, 226, 226, 226, 226, 226, 225, 225, 225, 224, 224, 224, 224, 224, 224, 223, 223, 223, 223, 223, 223, 223, 222, 222, 222], [222, 222, 221, 221, 221, 221, 221, 220, 220, 220, 220, 220, 220, 220, 220, 219, 219, 219, 219, 219, 219, 219, 219, 219, 219], [219, 218, 218, 218, 218, 217, 217, 217, 217, 216, 216, 216, 216, 216, 215, 215, 215, 215, 215, 215, 215, 215, 214, 214, 214], [214, 214, 214, 213, 213, 213, 213, 213, 213, 213, 213, 212, 212, 212, 212, 212, 212, 212, 211, 211, 211, 211, 211, 211, 211], [211, 210, 210, 210, 210, 210, 210, 210, 210, 210, 209, 209, 209, 209, 208, 208, 208, 208, 208, 208, 207, 207, 207, 207, 207], [207, 207, 206, 206, 206, 206, 206, 206, 206, 205, 205, 205, 205, 205, 205, 204, 204, 204, 204, 204, 204, 204, 204, 204, 203], [203, 203, 203, 203, 203, 203, 203, 203, 202, 202, 202, 202, 202, 202, 202, 202, 202, 201, 201, 201, 201, 201, 201, 201, 200], None, [200, 200, 199, 199, 199, 199, 198, 198, 198, 198, 198, 197, 197, 197, 196, 196, 196, 196, 196, 196, 196, 196, 195, 195, 195], [195, 194, 194, 194, 194, 194, 193, 193, 193, 193, 193, 193, 193, 192, 192, 192, 192, 192, 192, 192, 191, 191, 191, 191, 191], [191, 191, 191, 191, 191, 190, 190, 190, 190, 190, 190, 190, 190, 190, 189, 189, 189, 189, 189, 189, 188, 188, 188, 188, 188], [188, 188, 187, 187, 187, 187, 187, 187, 187, 187, 186, 186, 186, 186, 186, 186, 186, 186, 186, 186, 186, 186, 186, 185, 185], [185, 185, 185, 185, 185, 185, 185, 184, 184, 184, 184, 184, 184, 184, 183, 183, 183, 183, 183, 183, 183, 182, 182, 182, 182], [182, 182, 181, 181, 181, 181, 181, 181, 181, 181, 181, 180, 180, 180, 180, 180, 180, 180, 180, 179, 179, 179, 179, 179, 179], [179, 179, 179, 178, 178, 178, 178, 178, 178, 178, 178, 178, 177, 177, 177, 177, 177, 177, 177, 177, 177, 177, 177, 177, 177], [177, 177, 176, 176, 176, 176, 176, 176, 176, 176, 176, 176, 176, 176, 175, 175, 175, 175, 175, 175, 175, 174, 174, 174, 174], [174, 174, 173, 173, 173, 173, 173, 173, 173, 173, 173, 173, 172, 172, 172, 172, 172, 172, 172, 172, 172, 171, 171, 171, 171], [171, 171, 171, 171, 171, 170, 170, 170, 170, 170, 170, 170, 170, 170, 169, 169, 169, 169, 169, 169, 169, 169, 169, 168, 168], [168, 168, 168, 168, 168, 168, 168, 168, 168, 168, 168, 167, 167, 167, 167, 167, 167, 167, 167, 167, 166, 166, 166, 166, 166], [166, 166, 166, 166, 165, 165, 165, 165, 165, 165, 165, 165, 165, 165, 164, 164, 164, 164, 164, 164, 164, 164, 164, 164, 164], [163, 163, 163, 163, 163, 163, 163, 163, 163, 163, 163, 163, 162, 162, 162, 162, 162, 162, 162, 162, 162, 162, 162, 162, 161], [161, 161, 161, 161, 161, 161, 161, 161, 161, 161, 161, 161, 161, 160, 160, 160, 160, 160, 160, 160, 159, 159, 159, 159, 159], [159, 159, 159, 158, 158, 158, 158, 158, 158, 158, 158, 158, 158, 158, 158, 158, 157, 157, 157, 157, 157, 157, 157, 157, 157], [157, 156, 156, 156, 156, 156, 156, 156, 156, 156, 156, 156, 156, 156, 156, 155, 155, 155, 155, 155, 155, 155, 155, 155, 155], [155, 154, 154, 154, 154, 154, 154, 154, 154, 154, 154, 154, 154, 154, 154, 153, 153, 153, 153, 153, 153, 153, 153, 153, 152], [152, 152, 152, 152, 152, 152, 152, 152, 152, 152, 152, 152, 151, 151, 151, 151, 151, 151, 151, 151, 151, 151, 151, 151, 151], [151, 151, 150, 150, 150, 150, 150, 150, 150, 150, 150, 150, 150, 150, 150, 150, 150, 150, 150, 150, 150, 150, 150, 150, 150], [150, 149, 149, 149, 149, 149, 149, 149, 149, 149, 149, 149, 148, 148, 148, 148, 148, 148, 148, 148, 148, 148, 148, 148, 147], [147, 147, 147, 147, 147, 147, 147, 147, 146, 146, 146, 146, 146, 146, 146, 146, 146, 146, 146, 146, 146, 146, 146, 146, 146], [145, 145, 145, 145, 145, 145, 145, 145, 145, 145, 145, 145, 145, 145, 145, 145, 144, 144, 144, 144, 144, 144, 144, 144, 144], [144, 143, 143, 143, 143, 143, 143, 143, 143, 143, 142, 142, 142, 142, 142, 142, 142, 142, 142, 142, 142, 142, 141, 141, 141], [141, 141, 141, 141, 141, 141, 141, 141, 141, 141, 141, 141, 141, 141, 141, 140, 140, 140, 140, 140, 140, 140, 140, 140, 140], [140, 140, 140, 140, 140, 140, 140, 140, 140, 139, 139, 139, 139, 139, 139, 139, 139, 139, 139, 138, 138, 138, 138, 138, 138], [138, 138, 138, 138, 138, 138, 138, 138, 138, 137, 137, 137, 137, 137, 137, 137, 137, 137, 137, 136, 136, 136, 136, 136, 136], [136, 136, 136, 136, 136, 135, 135, 135, 135, 135, 135, 135, 135, 135, 135, 135, 135, 135, 135, 135, 135, 134, 134, 134, 134], [134, 134, 134, 134, 134, 134, 134, 134, 134, 134, 134, 134, 134, 134, 134, 134, 134, 134, 134, 133, 133, 133, 133, 133, 133], [133, 133, 133, 133, 133, 133, 133, 133, 133, 133, 133, 133, 132, 132, 132, 132, 132, 132, 132, 132, 132, 132, 132, 132, 132], [132, 132, 132, 132, 132, 132, 131, 131, 131, 131, 131, 131, 131, 131, 131, 131, 131, 131, 131, 131, 130, 130, 130, 130, 130], [130, 130, 130, 130, 129, 129, 129, 129, 129, 129, 129, 129, 129, 129, 129, 129, 129, 128, 128, 128, 128, 128, 128, 128, 127], [127, 127, 127, 127, 127, 127, 127, 127, 127, 127, 127, 126, 126, 126, 126, 126, 126, 126, 126, 126, 126, 126, 126, 126, 126], [126, 126, 126, 126, 126, 126, 126, 125, 125, 125, 125, 125, 125, 125, 125, 125, 125, 125, 125, 125, 125, 125, 125, 125, 125], [125, 125, 125, 125, 125, 125, 124, 124, 124, 124, 124, 124, 124, 124, 124, 124, 124, 124, 124, 124, 124, 124, 124, 124, 123], [123, 123, 123, 123, 123, 123, 123, 123, 123, 123, 123, 122, 122, 122, 122, 122, 122, 122, 122, 122, 122, 122, 122, 122, 122], [122, 121, 121, 121, 121, 121, 121, 121, 121, 121, 121, 121, 121, 121, 121, 121, 121, 121, 121, 121, 121, 121, 121, 121, 121], [120, 120, 120, 120, 120, 120, 120, 120, 120, 120, 120, 120, 120, 120, 120, 120, 120, 120, 120, 120, 120, 120, 120, 120, 120], [119, 119, 119, 119, 119, 119, 119, 119, 119, 119, 119, 119, 119, 119, 119, 119, 118, 118, 118, 118, 118, 118, 118, 118, 118], [118, 118, 118, 118, 118, 118, 118, 117, 117, 117, 117, 117, 117, 117, 117, 117, 117, 117, 117, 117, 117, 117, 117, 117, 117], [117, 117, 117, 116, 116, 116, 116, 116, 116, 116, 116, 116, 116, 116, 116, 116, 116, 116, 116, 116, 116, 116, 116, 116, 116], [116, 116, 116, 116, 116, 116, 116, 115, 115, 115, 115, 115, 115, 115, 115, 115, 115, 115, 115, 115, 115, 115, 115, 115, 115], [115, 114, 114, 114, 114, 114, 114, 114, 114, 114, 114, 114, 114, 114, 114, 114, 114, 114, 114, 114, 114, 114, 114, 113, 113], [113, 113, 113, 113, 113, 113, 113, 113, 113, 113, 112, 112, 112, 112, 112, 112, 112, 112, 112, 112, 112, 112, 112, 112, 112], [112, 112, 112, 112, 112, 112, 112, 111, 111, 111, 111, 111, 111, 111, 111, 111, 111, 111, 111, 111, 111, 111, 111, 111, 111], [111, 110, 110, 110, 110, 110, 110, 110, 110, 110, 110, 110, 110, 110, 110, 110, 110, 110, 110, 110, 110, 110, 110, 110, 110], [110, 110, 110, 110, 109, 109, 109, 109, 109, 109, 109, 109, 109, 109, 109, 109, 109, 109, 109, 109, 109, 109, 109, 109, 109], [109, 109, 109, 108, 108, 108, 108, 108, 108, 108, 108, 108, 108, 108, 108, 108, 108, 108, 108, 108, 108, 108, 108, 108, 108], [108, 108, 108, 108, 107, 107, 107, 107, 107, 107, 107, 107, 107, 107, 107, 107, 107, 107, 107, 107, 107, 107, 107, 107, 106], [106, 106, 106, 106, 106, 106, 106, 106, 106, 106, 106, 106, 106, 106, 106, 106, 106, 106, 106, 106, 106, 106, 106, 105, 105], [105, 105, 105, 105, 105, 105, 105, 105, 105, 105, 105, 105, 105, 105, 105, 105, 105, 105, 105, 105, 105, 105, 105, 104, 104], [104, 104, 104, 104, 104, 104, 104, 104, 104, 104, 104, 104, 104, 104, 103, 103, 103, 103, 103, 103, 103, 103, 103, 103, 103], [103, 103, 103, 103, 103, 103, 103, 103, 103, 103, 103, 103, 103, 103, 103, 103, 103, 103, 102, 102, 102, 102, 102, 102, 102], [102, 102, 102, 102, 102, 102, 102, 102, 102, 102, 102, 102, 102, 102, 102, 102, 102, 102, 102, 101, 101, 101, 101, 101, 101], [101, 101, 101, 101, 101, 101, 101, 101, 101, 101, 101, 101, 100, 100, 100, 100, 100, 100, 100, 100, 100, 100, 100, 100, 100], None, None, [100, 100, 100, 100, 100, 100, 100, 100, 100, 100, 100, 100, 100, 100, 99, 99, 99, 99, 99, 99, 99, 99, 99, 99, 98], [98, 98, 98, 98, 98, 98, 98, 98, 98, 98, 98, 98, 98, 98, 98, 98, 98, 98, 98, 97, 97, 97, 97, 97, 97], [97, 97, 97, 97, 97, 97, 97, 97, 97, 97, 97, 97, 97, 97, 96, 96, 96, 96, 96, 96, 96, 96, 96, 96, 96], [96, 96, 96, 96, 96, 96, 95, 95, 95, 95, 95, 95, 95, 95, 95, 95, 95, 95, 95, 95, 95, 95, 95, 95, 95], [94, 94, 94, 94, 94, 94, 94, 94, 94, 94, 94, 94, 94, 94, 94, 94, 94, 94, 94, 94, 93, 93, 93, 93, 93], [93, 93, 93, 93, 93, 93, 93, 93, 93, 93, 93, 92, 92, 92, 92, 92, 92, 92, 92, 92, 92, 92, 92, 92, 92], [92, 91, 91, 91, 91, 91, 91, 91, 91, 91, 91, 91, 91, 91, 91, 90, 90, 90, 90, 90, 90, 90, 90, 90, 90], [90, 90, 90, 90, 90, 90, 90, 90, 90, 90, 90, 90, 90, 90, 90, 90, 90, 90, 90, 90, 89, 89, 89, 89, 89], [89, 89, 89, 89, 89, 89, 89, 89, 89, 89, 89, 89, 89, 89, 89, 89, 88, 88, 88, 88, 88, 88, 88, 88, 88], [88, 88, 88, 88, 88, 88, 88, 88, 88, 87, 87, 87, 87, 87, 87, 87, 87, 87, 87, 87, 87, 87, 87, 87, 87], [87, 87, 87, 87, 87, 86, 86, 86, 86, 86, 86, 86, 86, 86, 86, 86, 86, 86, 86, 86, 86, 86, 86, 86, 86], [86, 86, 86, 86, 85, 85, 85, 85, 85, 85, 85, 85, 85, 85, 85, 85, 85, 85, 85, 85, 85, 85, 85, 85, 85], [85, 85, 85, 85, 85, 85, 85, 85, 85, 84, 84, 84, 84, 84, 84, 84, 84, 84, 84, 84, 84, 84, 84, 84, 84], [84, 84, 84, 84, 84, 84, 84, 84, 84, 84, 84, 84, 83, 83, 83, 83, 83, 83, 83, 83, 83, 83, 83, 83, 83], [83, 83, 83, 83, 83, 83, 83, 83, 83, 83, 83, 83, 83, 83, 83, 83, 83, 83, 83, 83, 83, 83, 83, 82, 82], [82, 82, 82, 82, 82, 82, 82, 82, 82, 82, 82, 82, 82, 82, 82, 81, 81, 81, 81, 81, 81, 81, 81, 81, 81], [81, 81, 81, 81, 81, 81, 81, 81, 81, 81, 81, 81, 81, 81, 81, 81, 81, 81, 81, 80, 80, 80, 80, 80, 80], [80, 80, 80, 80, 80, 80, 80, 80, 80, 80, 80, 80, 80, 80, 80, 80, 80, 80, 80, 80, 80, 80, 80, 80, 80], [80, 80, 79, 79, 79, 79, 79, 79, 79, 79, 79, 79, 79, 79, 79, 79, 79, 79, 79, 79, 79, 79, 79, 78, 78], [78, 78, 78, 78, 78, 78, 78, 78, 78, 78, 78, 78, 78, 78, 78, 78, 78, 78, 78, 78, 78, 78, 78, 78, 78], [78, 78, 78, 78, 78, 78, 77, 77, 77, 77, 77, 77, 77, 77, 77, 77, 77, 77, 77, 77, 77, 77, 77, 77, 77], [77, 77, 77, 77, 77, 77, 77, 77, 77, 77, 77, 76, 76, 76, 76, 76, 76, 76, 76, 76, 76, 76, 76, 76, 76], [76, 76, 76, 76, 76, 76, 76, 76, 76, 76, 76, 76, 76, 76, 76, 76, 76, 76, 76, 76, 76, 76, 76, 76, 75], [75, 75, 75, 75, 75, 75, 75, 75, 75, 75, 75, 75, 75, 75, 75, 75, 75, 75, 75, 75, 75, 75, 75, 75, 75], [75, 75, 75, 75, 75, 75, 75, 75, 75, 75, 75, 75, 75, 75, 75, 75, 75, 75, 75, 75, 75, 75, 75, 74, 74], [74, 74, 74, 74, 74, 74, 74, 74, 74, 74, 74, 74, 74, 74, 74, 74, 74, 74, 74, 74, 74, 74, 74, 74, 74], [74, 74, 74, 74, 74, 74, 74, 73, 73, 73, 73, 73, 73, 73, 73, 73, 73, 73, 73, 73, 73, 73, 73, 73, 73], [73, 73, 73, 73, 73, 73, 73, 73, 73, 73, 73, 72, 72, 72, 72, 72, 72, 72, 72, 72, 72, 72, 72, 72, 72], [72, 72, 72, 72, 72, 72, 72, 72, 72, 72, 72, 72, 72, 72, 72, 72, 72, 72, 72, 72, 72, 72, 71, 71, 71], [71, 71, 71, 71, 71, 71, 71, 71, 71, 71, 71, 71, 71, 71, 71, 71, 71, 71, 71, 71, 71, 71, 71, 70, 70], None, [70, 70, 70, 70, 70, 70, 70, 70, 70, 70, 70, 70, 69, 69, 69, 69, 69, 69, 69, 69, 69, 69, 69, 69, 69], [69, 69, 69, 69, 69, 69, 69, 69, 69, 69, 69, 69, 69, 69, 69, 69, 69, 69, 69, 69, 69, 69, 69, 69, 69], [68, 68, 68, 68, 68, 68, 68, 68, 68, 68, 68, 68, 68, 68, 68, 68, 68, 68, 68, 68, 68, 68, 68, 68, 68], [68, 68, 68, 68, 68, 68, 68, 68, 68, 68, 68, 67, 67, 67, 67, 67, 67, 67, 67, 67, 67, 67, 67, 67, 67], [67, 67, 67, 67, 67, 67, 67, 67, 67, 67, 67, 67, 67, 67, 67, 67, 67, 66, 66, 66, 66, 66, 66, 66, 66], None, [66, 66, 66, 66, 66, 65, 65, 65, 65, 65, 65, 65, 65, 65, 65, 65, 65, 65, 65, 65, 65, 65, 65, 65, 65], [65, 65, 65, 65, 65, 65, 65, 65, 65, 65, 65, 65, 65, 65, 65, 65, 65, 65, 64, 64, 64, 64, 64, 64, 64], None, [64, 64, 64, 64, 64, 64, 64, 64, 63, 63, 63, 63, 63, 63, 63, 63, 63, 63, 63, 63, 63, 63, 63, 63, 63], None, [63, 63, 63, 63, 63, 63, 63, 62, 62, 62, 62, 62, 62, 62, 62, 62, 62, 62, 62, 62, 62, 62, 62, 62, 62], [62, 62, 62, 62, 62, 62, 62, 62, 62, 62, 62, 62, 62, 62, 62, 62, 62, 62, 62, 62, 61, 61, 61, 61, 61], [61, 61, 61, 61, 61, 61, 61, 61, 61, 61, 61, 61, 61, 61, 61, 61, 61, 61, 61, 61, 61, 61, 61, 61, 61], [61, 61, 61, 61, 61, 61, 61, 61, 61, 61, 61, 61, 61, 61, 60, 60, 60, 60, 60, 60, 60, 60, 60, 60, 60], None, [60, 60, 60, 60, 60, 60, 60, 60, 60, 60, 60, 60, 60, 60, 60, 60, 60, 60, 60, 60, 60, 60, 60, 59, 59], [59, 59, 59, 59, 59, 59, 59, 59, 59, 59, 59, 59, 59, 59, 59, 59, 59, 59, 59, 59, 59, 59, 59, 59, 59], [59, 59, 59, 59, 59, 59, 59, 59, 59, 59, 58, 58, 58, 58, 58, 58, 58, 58, 58, 58, 58, 58, 58, 58, 58], [58, 58, 58, 58, 58, 58, 58, 58, 58, 58, 58, 58, 58, 58, 58, 58, 58, 58, 58, 58, 58, 58, 58, 57, 57], [57, 57, 57, 57, 57, 57, 57, 57, 57, 57, 57, 57, 57, 57, 57, 57, 57, 57, 57, 57, 57, 57, 57, 57, 57], [57, 57, 57, 57, 57, 57, 57, 57, 57, 57, 57, 57, 57, 57, 57, 57, 56, 56, 56, 56, 56, 56, 56, 56, 56], [56, 56, 56, 56, 56, 56, 56, 56, 56, 56, 56, 56, 56, 56, 56, 56, 56, 56, 56, 56, 56, 56, 56, 56, 56], [56, 56, 56, 56, 56, 56, 55, 55, 55, 55, 55, 55, 55, 55, 55, 55, 55, 55, 55, 55, 55, 55, 55, 55, 55], None, [55, 55, 55, 55, 55, 55, 55, 55, 55, 55, 55, 55, 54, 54, 54, 54, 54, 54, 54, 54, 54, 54, 54, 54, 54], [54, 54, 54, 54, 54, 54, 54, 54, 54, 54, 54, 54, 54, 54, 54, 54, 54, 53, 53, 53, 53, 53, 53, 53, 53], None, [53, 53, 53, 53, 53, 53, 53, 53, 53, 53, 53, 53, 53, 53, 52, 52, 52, 52, 52, 52, 52, 52, 52, 52, 52], [52, 52, 52, 52, 52, 52, 52, 52, 52, 52, 52, 52, 52, 52, 52, 52, 52, 52, 52, 52, 52, 52, 52, 52, 52], [52, 52, 52, 52, 52, 52, 52, 52, 52, 52, 52, 52, 52, 52, 52, 52, 52, 52, 51, 51, 51, 51, 51, 51, 51], [51, 51, 51, 51, 51, 51, 51, 51, 51, 51, 51, 51, 51, 51, 51, 51, 51, 51, 51, 51, 51, 51, 51, 51, 51], [51, 51, 51, 51, 51, 51, 51, 51, 51, 51, 51, 51, 51, 51, 51, 50, 50, 50, 50, 50, 50, 50, 50, 50, 50], None, [50, 50, 50, 50, 50, 50, 50, 50, 50, 50, 50, 50, 50, 50, 50, 50, 50, 50, 50, 50, 50, 50, 50, 50, 50], [50, 50, 50, 50, 50, 50, 50, 50, 50, 50, 50, 50, 50, 50, 50, 50, 50, 50, 50, 50, 50, 50, 50, 50, 49], [49, 49, 49, 49, 49, 49, 49, 49, 49, 49, 49, 49, 49, 49, 49, 49, 49, 49, 49, 49, 49, 49, 49, 49, 49], [49, 49, 49, 49, 49, 49, 49, 48, 48, 48, 48, 48, 48, 48, 48, 48, 48, 48, 48, 48, 48, 48, 48, 48, 48], [48, 48, 48, 48, 48, 48, 48, 48, 48, 48, 48, 48, 48, 48, 48, 48, 48, 48, 48, 48, 48, 48, 48, 48, 48], [48, 48, 47, 47, 47, 47, 47, 47, 47, 47, 47, 47, 47, 47, 47, 47, 47, 47, 47, 47, 47, 47, 47, 47, 47], [47, 47, 47, 47, 47, 47, 47, 47, 47, 47, 47, 47, 47, 47, 47, 47, 47, 47, 47, 47, 47, 47, 47, 46, 46], [46, 46, 46, 46, 46, 46, 46, 46, 46, 46, 46, 46, 46, 46, 46, 46, 46, 46, 46, 46, 46, 46, 46, 46, 46], [46, 46, 46, 46, 46, 46, 46, 46, 46, 46, 46, 46, 46, 46, 46, 46, 46, 46, 46, 46, 46, 46, 46, 46, 46], [45, 45, 45, 45, 45, 45, 45, 45, 45, 45, 45, 45, 45, 45, 45, 45, 45, 45, 45, 45, 45, 45, 45, 45, 45], [45, 45, 45, 45, 45, 45, 45, 45, 45, 45, 45, 45, 45, 45, 45, 45, 45, 45, 45, 45, 45, 45, 45, 45, 45], [45, 45, 45, 45, 45, 45, 45, 45, 45, 45, 45, 45, 45, 45, 45, 45, 45, 45, 45, 45, 45, 44, 44, 44, 44], None, [44, 44, 44, 44, 44, 44, 44, 44, 44, 44, 44, 44, 44, 44, 44, 44, 44, 44, 44, 44, 44, 44, 43, 43, 43], None, None, [43, 43, 43, 43, 42, 42, 42, 42, 42, 42, 42, 42, 42, 42, 42, 42, 42, 42, 42, 42, 42, 42, 42, 42, 42], [42, 42, 42, 42, 42, 42, 42, 42, 42, 42, 42, 42, 42, 42, 42, 42, 42, 42, 42, 42, 42, 42, 42, 42, 42], [42, 42, 42, 42, 42, 42, 42, 42, 42, 42, 42, 42, 42, 42, 42, 42, 41, 41, 41, 41, 41, 41, 41, 41, 41], [41, 41, 41, 41, 41, 41, 41, 41, 41, 41, 41, 41, 41, 41, 41, 41, 41, 41, 41, 41, 41, 41, 41, 41, 41], [41, 41, 41, 41, 41, 41, 41, 41, 41, 41, 41, 41, 41, 41, 41, 41, 41, 41, 41, 41, 41, 41, 41, 41, 41], [41, 41, 41, 41, 41, 41, 40, 40, 40, 40, 40, 40, 40, 40, 40, 40, 40, 40, 40, 40, 40, 40, 40, 40, 40], [40, 40, 40, 40, 40, 40, 40, 40, 40, 40, 40, 40, 40, 40, 40, 40, 40, 40, 40, 40, 40, 40, 40, 40, 40], [40, 40, 40, 40, 40, 40, 40, 40, 40, 40, 40, 40, 40, 40, 40, 40, 40, 40, 40, 40, 40, 40, 40, 40, 40], [40, 40, 40, 40, 40, 40, 40, 40, 40, 40, 40, 40, 40, 40, 40, 40, 40, 40, 40, 39, 39, 39, 39, 39, 39], [39, 39, 39, 39, 39, 39, 39, 39, 39, 39, 39, 39, 39, 39, 39, 39, 39, 39, 39, 39, 39, 39, 39, 39, 39], None, [39, 39, 38, 38, 38, 38, 38, 38, 38, 38, 38, 38, 38, 38, 38, 38, 38, 38, 38, 38, 38, 38, 38, 38, 38], None, [38, 38, 38, 38, 38, 38, 38, 38, 38, 38, 38, 38, 38, 38, 38, 38, 38, 38, 37, 37, 37, 37, 37, 37, 37], None, None, [37, 37, 37, 37, 37, 37, 37, 37, 37, 36, 36, 36, 36, 36, 36, 36, 36, 36, 36, 36, 36, 36, 36, 36, 36], [36, 36, 36, 36, 36, 36, 36, 36, 36, 36, 36, 36, 36, 36, 36, 36, 36, 36, 36, 36, 36, 36, 36, 36, 36], [36, 36, 36, 36, 36, 36, 36, 36, 36, 36, 36, 36, 36, 36, 36, 36, 36, 36, 36, 36, 36, 36, 36, 36, 36], [35, 35, 35, 35, 35, 35, 35, 35, 35, 35, 35, 35, 35, 35, 35, 35, 35, 35, 35, 35, 35, 35, 35, 35, 35], None, None, [35, 35, 35, 35, 34, 34, 34, 34, 34, 34, 34, 34, 34, 34, 34, 34, 34, 34, 34, 34, 34, 34, 34, 34, 34], None, None, [34, 34, 34, 34, 34, 34, 34, 34, 34, 34, 34, 34, 34, 33, 33, 33, 33, 33, 33, 33, 33, 33, 33, 33, 33], None, None, [33, 33, 33, 33, 33, 33, 33, 33, 33, 33, 33, 33, 33, 33, 33, 33, 33, 33, 33, 32, 32, 32, 32, 32, 32], None, None, [32, 32, 32, 32, 32, 32, 32, 32, 32, 32, 32, 32, 32, 32, 32, 32, 32, 32, 32, 32, 32, 32, 32, 32, 32], [32, 32, 32, 32, 32, 31, 31, 31, 31, 31, 31, 31, 31, 31, 31, 31, 31, 31, 31, 31, 31, 31, 31, 31, 31], None, [31, 31, 31, 31, 31, 31, 31, 31, 31, 31, 31, 31, 31, 31, 31, 31, 31, 31, 31, 31, 31, 31, 31, 31, 31], [31, 31, 31, 31, 31, 31, 31, 31, 31, 31, 31, 31, 31, 30, 30, 30, 30, 30, 30, 30, 30, 30, 30, 30, 30], [30, 30, 30, 30, 30, 30, 30, 30, 30, 30, 30, 30, 30, 30, 30, 30, 30, 30, 30, 30, 30, 30, 30, 30, 30], None, [30, 30, 30, 30, 30, 30, 30, 30, 30, 30, 30, 30, 30, 30, 30, 30, 30, 30, 30, 30, 30, 30, 30, 30, 30], [30, 30, 30, 30, 29, 29, 29, 29, 29, 29, 29, 29, 29, 29, 29, 29, 29, 29, 29, 29, 29, 29, 29, 29, 29], None, [29, 29, 29, 29, 29, 29, 29, 29, 29, 29, 29, 29, 29, 29, 29, 29, 29, 29, 29, 29, 29, 29, 29, 29, 28], None, None, [28, 28, 28, 28, 28, 28, 28, 28, 28, 28, 28, 28, 28, 28, 28, 28, 28, 28, 28, 28, 28, 28, 28, 28, 28], [28, 28, 28, 28, 28, 28, 28, 28, 28, 28, 28, 28, 28, 28, 28, 28, 27, 27, 27, 27, 27, 27, 27, 27, 27], None, [27, 27, 27, 27, 27, 27, 27, 27, 27, 27, 27, 27, 27, 27, 27, 27, 27, 27, 27, 27, 27, 27, 27, 27, 27], [27, 27, 27, 27, 27, 27, 27, 27, 27, 27, 27, 27, 27, 27, 27, 27, 27, 27, 27, 27, 27, 27, 27, 27, 27], [27, 27, 27, 27, 27, 27, 27, 27, 27, 27, 27, 27, 27, 27, 27, 27, 27, 27, 27, 26, 26, 26, 26, 26, 26], [26, 26, 26, 26, 26, 26, 26, 26, 26, 26, 26, 26, 26, 26, 26, 26, 26, 26, 26, 26, 26, 26, 26, 26, 26], None, None, [26, 26, 26, 26, 26, 26, 26, 26, 26, 26, 26, 26, 26, 26, 26, 26, 26, 26, 26, 26, 26, 26, 26, 26, 26], [26, 26, 26, 26, 26, 26, 26, 26, 26, 26, 26, 26, 26, 26, 26, 26, 26, 25, 25, 25, 25, 25, 25, 25, 25], None, [25, 25, 25, 25, 25, 25, 25, 25, 25, 25, 25, 25, 25, 25, 25, 25, 25, 25, 25, 25, 25, 25, 25, 25, 25], None, None, [25, 25, 25, 25, 25, 25, 25, 25, 25, 25, 24, 24, 24, 24, 24, 24, 24, 24, 24, 24, 24, 24, 24, 24, 24], None, None, None, [24, 24, 24, 24, 24, 24, 24, 24, 24, 24, 24, 24, 24, 24, 24, 24, 24, 24, 24, 24, 24, 24, 24, 24, 24], [24, 24, 24, 24, 24, 24, 23, 23, 23, 23, 23, 23, 23, 23, 23, 23, 23, 23, 23, 23, 23, 23, 23, 23, 23], None, [23, 23, 23, 23, 23, 23, 23, 23, 23, 23, 23, 23, 23, 23, 23, 23, 23, 23, 23, 23, 23, 23, 23, 23, 23], [23, 23, 23, 23, 23, 23, 23, 23, 23, 23, 23, 23, 23, 23, 23, 23, 23, 23, 23, 23, 23, 23, 23, 23, 23], [23, 23, 23, 23, 23, 23, 23, 23, 23, 23, 23, 23, 23, 23, 22, 22, 22, 22, 22, 22, 22, 22, 22, 22, 22], [22, 22, 22, 22, 22, 22, 22, 22, 22, 22, 22, 22, 22, 22, 22, 22, 22, 22, 22, 22, 22, 22, 22, 22, 22], None, None, [22, 22, 22, 22, 22, 22, 22, 22, 22, 22, 22, 22, 22, 22, 22, 22, 22, 22, 22, 22, 22, 22, 22, 22, 22], [22, 22, 22, 22, 22, 22, 22, 22, 22, 22, 22, 22, 22, 22, 22, 22, 22, 22, 22, 22, 22, 22, 22, 21, 21], None, [21, 21, 21, 21, 21, 21, 21, 21, 21, 21, 21, 21, 21, 21, 21, 21, 21, 21, 21, 21, 21, 21, 21, 21, 21], None, None, [21, 21, 21, 21, 21, 21, 21, 21, 21, 21, 21, 21, 21, 21, 21, 21, 21, 21, 21, 21, 20, 20, 20, 20, 20], None, None, [20, 20, 20, 20, 20, 20, 20, 20, 20, 20, 20, 20, 20, 20, 20, 20, 20, 20, 20, 20, 20, 20, 20, 20, 20], None, None, [20, 20, 20, 20, 20, 20, 20, 20, 20, 20, 20, 20, 20, 20, 20, 20, 20, 20, 20, 20, 20, 20, 20, 20, 20], [20, 20, 20, 20, 20, 20, 20, 19, 19, 19, 19, 19, 19, 19, 19, 19, 19, 19, 19, 19, 19, 19, 19, 19, 19], [19, 19, 19, 19, 19, 19, 19, 19, 19, 19, 19, 19, 19, 19, 19, 19, 19, 19, 19, 19, 19, 19, 19, 19, 19], None, [19, 19, 19, 19, 19, 19, 19, 19, 19, 19, 19, 19, 19, 19, 19, 19, 19, 19, 19, 19, 19, 19, 19, 19, 19], [19, 19, 19, 19, 19, 19, 19, 19, 19, 19, 19, 19, 19, 19, 19, 19, 19, 19, 19, 19, 19, 19, 19, 19, 19], [19, 19, 19, 19, 19, 19, 19, 19, 19, 19, 19, 19, 19, 19, 19, 18, 18, 18, 18, 18, 18, 18, 18, 18, 18], [18, 18, 18, 18, 18, 18, 18, 18, 18, 18, 18, 18, 18, 18, 18, 18, 18, 18, 18, 18, 18, 18, 18, 18, 18], None, None, [18, 18, 18, 18, 18, 18, 18, 18, 18, 18, 18, 18, 18, 18, 18, 18, 18, 18, 18, 18, 18, 18, 18, 18, 18], None, None, [18, 18, 18, 18, 18, 18, 17, 17, 17, 17, 17, 17, 17, 17, 17, 17, 17, 17, 17, 17, 17, 17, 17, 17, 17], None, None, [17, 17, 17, 17, 17, 17, 17, 17, 17, 17, 17, 17, 17, 17, 17, 17, 17, 17, 17, 17, 17, 17, 17, 17, 17], None, None, [17, 17, 17, 17, 17, 17, 17, 17, 17, 17, 17, 17, 17, 17, 17, 17, 17, 17, 17, 16, 16, 16, 16, 16, 16], None, None, [16, 16, 16, 16, 16, 16, 16, 16, 16, 16, 16, 16, 16, 16, 16, 16, 16, 16, 16, 16, 16, 16, 16, 16, 16], None, None, [16, 16, 16, 16, 16, 16, 16, 16, 16, 16, 16, 16, 16, 16, 16, 16, 16, 16, 16, 16, 16, 16, 16, 16, 16], [16, 16, 16, 16, 16, 16, 15, 15, 15, 15, 15, 15, 15, 15, 15, 15, 15, 15, 15, 15, 15, 15, 15, 15, 15], [15, 15, 15, 15, 15, 15, 15, 15, 15, 15, 15, 15, 15, 15, 15, 15, 15, 15, 15, 15, 15, 15, 15, 15, 15], None, [15, 15, 15, 15, 15, 15, 15, 15, 15, 15, 15, 15, 15, 15, 15, 15, 15, 15, 15, 15, 15, 15, 15, 15, 15], None, None, [15, 15, 15, 15, 15, 15, 15, 15, 15, 15, 15, 15, 15, 15, 15, 15, 14, 14, 14, 14, 14, 14, 14, 14, 14], None, None, [14, 14, 14, 14, 14, 14, 14, 14, 14, 14, 14, 14, 14, 14, 14, 14, 14, 14, 14, 14, 14, 14, 14, 14, 14], None, None, [14, 14, 14, 14, 14, 14, 14, 14, 14, 14, 14, 14, 14, 14, 14, 14, 14, 14, 14, 14, 14, 14, 14, 14, 14], [14, 14, 14, 14, 14, 14, 14, 14, 14, 14, 14, 14, 14, 14, 14, 14, 14, 14, 14, 14, 13, 13, 13, 13, 13], None, [13, 13, 13, 13, 13, 13, 13, 13, 13, 13, 13, 13, 13, 13, 13, 13, 13, 13, 13, 13, 13, 13, 13, 13, 13], None, None, None, None, None, [13, 13, 13, 13, 13, 13, 13, 13, 13, 13, 13, 13, 13, 13, 13, 13, 13, 13, 13, 13, 13, 13, 13, 13, 13], [13, 13, 12, 12, 12, 12, 12, 12, 12, 12, 12, 12, 12, 12, 12, 12, 12, 12, 12, 12, 12, 12, 12, 12, 12], None, [12, 12, 12, 12, 12, 12, 12, 12, 12, 12, 12, 12, 12, 12, 12, 12, 12, 12, 12, 12, 12, 12, 12, 12, 12], None, None, None, [12, 12, 12, 12, 12, 12, 12, 12, 12, 12, 12, 12, 12, 12, 12, 12, 12, 12, 12, 12, 12, 12, 12, 12, 12], None, None, [12, 12, 12, 12, 12, 12, 11, 11, 11, 11, 11, 11, 11, 11, 11, 11, 11, 11, 11, 11, 11, 11, 11, 11, 11], None, None, [11, 11, 11, 11, 11, 11, 11, 11, 11, 11, 11, 11, 11, 11, 11, 11, 11, 11, 11, 11, 11, 11, 11, 11, 11], None, None, None, None, None, [11, 11, 11, 11, 11, 11, 11, 11, 11, 11, 11, 11, 11, 11, 11, 11, 11, 11, 11, 11, 11, 11, 11, 11, 11], [11, 11, 10, 10, 10, 10, 10, 10, 10, 10, 10, 10, 10, 10, 10, 10, 10, 10, 10, 10, 10, 10, 10, 10, 10], None, [10, 10, 10, 10, 10, 10, 10, 10, 10, 10, 10, 10, 10, 10, 10, 10, 10, 10, 10, 10, 10, 10, 10, 10, 10], None, None, [10, 10, 10, 10, 10, 10, 10, 10, 10, 10, 10, 10, 10, 10, 10, 10, 10, 10, 10, 10, 10, 10, 10, 10, 10], None, None, None, None, None, None, [10, 10, 10, 10, 10, 10, 10, 10, 10, 10, 10, 10, 10, 10, 10, 10, 10, 10, 10, 10, 10, 10, 10, 10, 10], None, [10, 10, 10, 10, 10, 10, 10, 10, 10, 10, 10]]
T: 0	PS: 100
	Estimated kc (min): 944523
	Estimated kc (avg): 944523.0
	Estimated kc (max): 944523
	Total calls: 37
	Total time: 0:06:12.834972
