Trying queue: [1, 101, 201, 301, 401, 501, 601, 701, 801, 901]
arn:aws:lambda:us-east-1:858228748133:function:getHiscores5
Received response...
{'status': 200, 'body': '{"pageData": {"1": [[11386, 10100, 10000, 9711, 8747, 8712, 8537, 8302, 7937, 7872, 7865, 7628, 7588, 7565, 7488, 7184, 7053, 6982, 6873, 6846, 6683, 6559, 6515, 6431, 6395], false], "101": [[1416, 1416, 1415, 1415, 1415, 1415, 1415, 1415, 1415, 1415, 1415, 1415, 1414, 1414, 1414, 1414, 1414, 1414, 1414, 1414, 1414, 1414, 1414, 1413, 1413], false], "201": [[1033, 1033, 1033, 1033, 1033, 1033, 1033, 1033, 1033, 1032, 1032, 1032, 1032, 1032, 1032, 1032, 1032, 1031, 1031, 1031, 1031, 1031, 1031, 1031, 1031], false], "301": [[832, 832, 832, 831, 831, 831, 831, 831, 831, 831, 831, 831, 831, 831, 831, 830, 830, 830, 830, 830, 830, 830, 830, 830, 830], false], "401": [[700, 700, 700, 700, 700, 700, 700, 700, 700, 700, 700, 700, 700, 700, 700, 700, 700, 700, 700, 700, 700, 700, 700, 700, 700], false], "501": [[601, 601, 601, 601, 601, 601, 601, 601, 601, 601, 601, 601, 601, 601, 601, 601, 601, 601, 601, 601, 601, 601, 601, 601, 601], false], "601": [[523, 523, 523, 523, 523, 522, 522, 522, 522, 522, 522, 522, 522, 522, 522, 522, 522, 522, 522, 522, 522, 522, 522, 522, 522], false], "701": [[461, 461, 461, 461, 461, 461, 461, 461, 461, 461, 461, 461, 461, 461, 461, 461, 461, 461, 461, 461, 461, 461, 461, 461, 461], false], "801": [[406, 406, 406, 406, 406, 406, 406, 406, 406, 406, 406, 406, 406, 406, 406, 406, 405, 405, 405, 405, 405, 405, 405, 405, 405], false], "901": [[356, 356, 356, 356, 356, 356, 356, 356, 356, 356, 356, 356, 356, 356, 356, 356, 356, 356, 356, 356, 356, 356, 356, 356, 356], false]}}'}
{'1': [[11386, 10100, 10000, 9711, 8747, 8712, 8537, 8302, 7937, 7872, 7865, 7628, 7588, 7565, 7488, 7184, 7053, 6982, 6873, 6846, 6683, 6559, 6515, 6431, 6395], False], '101': [[1416, 1416, 1415, 1415, 1415, 1415, 1415, 1415, 1415, 1415, 1415, 1415, 1414, 1414, 1414, 1414, 1414, 1414, 1414, 1414, 1414, 1414, 1414, 1413, 1413], False], '201': [[1033, 1033, 1033, 1033, 1033, 1033, 1033, 1033, 1033, 1032, 1032, 1032, 1032, 1032, 1032, 1032, 1032, 1031, 1031, 1031, 1031, 1031, 1031, 1031, 1031], False], '301': [[832, 832, 832, 831, 831, 831, 831, 831, 831, 831, 831, 831, 831, 831, 831, 830, 830, 830, 830, 830, 830, 830, 830, 830, 830], False], '401': [[700, 700, 700, 700, 700, 700, 700, 700, 700, 700, 700, 700, 700, 700, 700, 700, 700, 700, 700, 700, 700, 700, 700, 700, 700], False], '501': [[601, 601, 601, 601, 601, 601, 601, 601, 601, 601, 601, 601, 601, 601, 601, 601, 601, 601, 601, 601, 601, 601, 601, 601, 601], False], '601': [[523, 523, 523, 523, 523, 522, 522, 522, 522, 522, 522, 522, 522, 522, 522, 522, 522, 522, 522, 522, 522, 522, 522, 522, 522], False], '701': [[461, 461, 461, 461, 461, 461, 461, 461, 461, 461, 461, 461, 461, 461, 461, 461, 461, 461, 461, 461, 461, 461, 461, 461, 461], False], '801': [[406, 406, 406, 406, 406, 406, 406, 406, 406, 406, 406, 406, 406, 406, 406, 406, 405, 405, 405, 405, 405, 405, 405, 405, 405], False], '901': [[356, 356, 356, 356, 356, 356, 356, 356, 356, 356, 356, 356, 356, 356, 356, 356, 356, 356, 356, 356, 356, 356, 356, 356, 356], False]}
dict_keys(['1', '101', '201', '301', '401', '501', '601', '701', '801', '901'])
[1, 101, 201, 301, 401, 501, 601, 701, 801, 901]
Trying queue: [1001, 1101, 1201, 1301, 1401, 1501, 1601, 1701, 1801, 1901]
arn:aws:lambda:us-east-1:858228748133:function:getHiscores4
Received response...
{'status': 200, 'body': '{"pageData": {"1001": [[313, 313, 313, 313, 313, 313, 313, 313, 313, 313, 313, 313, 313, 313, 313, 313, 313, 313, 313, 313, 313, 313, 313, 313, 313], false], "1101": [[277, 277, 277, 277, 277, 277, 277, 277, 277, 277, 277, 277, 277, 277, 277, 277, 277, 277, 277, 277, 277, 277, 277, 277, 277], false], "1201": [[245, 245, 245, 245, 245, 245, 245, 245, 245, 245, 245, 245, 245, 245, 245, 245, 245, 245, 245, 245, 245, 245, 245, 245, 245], false], "1301": [[216, 216, 216, 216, 216, 216, 216, 216, 216, 216, 216, 216, 216, 216, 216, 216, 216, 216, 216, 216, 216, 216, 216, 216, 216], false], "1401": [[190, 190, 190, 190, 190, 190, 190, 190, 190, 190, 190, 190, 190, 190, 190, 190, 190, 190, 190, 190, 190, 190, 190, 190, 190], false], "1501": [[164, 164, 164, 164, 164, 164, 164, 164, 164, 164, 164, 164, 164, 164, 164, 164, 164, 164, 164, 164, 164, 164, 164, 164, 164], false], "1601": [[141, 141, 141, 141, 141, 141, 141, 141, 141, 141, 141, 141, 141, 141, 141, 141, 141, 141, 141, 141, 141, 141, 141, 141, 141], false], "1701": [[121, 121, 121, 121, 121, 121, 121, 121, 121, 121, 121, 121, 121, 121, 121, 121, 121, 121, 121, 121, 121, 121, 121, 121, 121], false], "1801": [[104, 104, 103, 103, 103, 103, 103, 103, 103, 103, 103, 103, 103, 103, 103, 103, 103, 103, 103, 103, 103, 103, 103, 103, 103], false], "1901": [[88, 88, 88, 88, 88, 88, 88, 88, 88, 88, 88, 88, 88, 88, 88, 88, 88, 88, 88, 88, 88, 88, 88, 88, 88], false]}}'}
{'1001': [[313, 313, 313, 313, 313, 313, 313, 313, 313, 313, 313, 313, 313, 313, 313, 313, 313, 313, 313, 313, 313, 313, 313, 313, 313], False], '1101': [[277, 277, 277, 277, 277, 277, 277, 277, 277, 277, 277, 277, 277, 277, 277, 277, 277, 277, 277, 277, 277, 277, 277, 277, 277], False], '1201': [[245, 245, 245, 245, 245, 245, 245, 245, 245, 245, 245, 245, 245, 245, 245, 245, 245, 245, 245, 245, 245, 245, 245, 245, 245], False], '1301': [[216, 216, 216, 216, 216, 216, 216, 216, 216, 216, 216, 216, 216, 216, 216, 216, 216, 216, 216, 216, 216, 216, 216, 216, 216], False], '1401': [[190, 190, 190, 190, 190, 190, 190, 190, 190, 190, 190, 190, 190, 190, 190, 190, 190, 190, 190, 190, 190, 190, 190, 190, 190], False], '1501': [[164, 164, 164, 164, 164, 164, 164, 164, 164, 164, 164, 164, 164, 164, 164, 164, 164, 164, 164, 164, 164, 164, 164, 164, 164], False], '1601': [[141, 141, 141, 141, 141, 141, 141, 141, 141, 141, 141, 141, 141, 141, 141, 141, 141, 141, 141, 141, 141, 141, 141, 141, 141], False], '1701': [[121, 121, 121, 121, 121, 121, 121, 121, 121, 121, 121, 121, 121, 121, 121, 121, 121, 121, 121, 121, 121, 121, 121, 121, 121], False], '1801': [[104, 104, 103, 103, 103, 103, 103, 103, 103, 103, 103, 103, 103, 103, 103, 103, 103, 103, 103, 103, 103, 103, 103, 103, 103], False], '1901': [[88, 88, 88, 88, 88, 88, 88, 88, 88, 88, 88, 88, 88, 88, 88, 88, 88, 88, 88, 88, 88, 88, 88, 88, 88], False]}
dict_keys(['1001', '1101', '1201', '1301', '1401', '1501', '1601', '1701', '1801', '1901'])
[1001, 1101, 1201, 1301, 1401, 1501, 1601, 1701, 1801, 1901]
Trying queue: [2001, 2101, 2201, 2301, 2401, 2501, 2601, 2701, 2801, 2901]
arn:aws:lambda:us-east-1:858228748133:function:getHiscores6
Received response...
{'status': 200, 'body': '{"pageData": {"2001": [[74, 74, 74, 74, 74, 74, 74, 74, 74, 74, 74, 74, 74, 74, 74, 74, 74, 74, 74, 74, 74, 74, 74, 74, 74], false], "2101": [[62, 62, 62, 62, 62, 62, 62, 62, 62, 62, 62, 62, 62, 62, 62, 62, 62, 62, 62, 62, 62, 62, 62, 62, 62], false], "2201": [[53, 53, 53, 53, 53, 53, 53, 53, 53, 53, 53, 53, 53, 53, 53, 53, 53, 53, 53, 53, 53, 53, 53, 53, 53], false], "2301": [null, false], "2401": [null, false], "2501": [null, false], "2601": [null, false], "2701": [null, false], "2801": [null, false], "2901": [null, false]}}'}
{'2001': [[74, 74, 74, 74, 74, 74, 74, 74, 74, 74, 74, 74, 74, 74, 74, 74, 74, 74, 74, 74, 74, 74, 74, 74, 74], False], '2101': [[62, 62, 62, 62, 62, 62, 62, 62, 62, 62, 62, 62, 62, 62, 62, 62, 62, 62, 62, 62, 62, 62, 62, 62, 62], False], '2201': [[53, 53, 53, 53, 53, 53, 53, 53, 53, 53, 53, 53, 53, 53, 53, 53, 53, 53, 53, 53, 53, 53, 53, 53, 53], False], '2301': [None, False], '2401': [None, False], '2501': [None, False], '2601': [None, False], '2701': [None, False], '2801': [None, False], '2901': [None, False]}
dict_keys(['2001', '2101', '2201', '2301', '2401', '2501', '2601', '2701', '2801', '2901'])
[2001, 2101, 2201]
Looking for last page...
Trying page 2201
arn:aws:lambda:us-east-1:858228748133:function:getHiscores10
{'2201': [[53, 53, 53, 53, 53, 53, 53, 53, 53, 53, 53, 53, 53, 53, 53, 53, 53, 53, 53, 53, 53, 53, 53, 53, 53], False]}
dict_keys(['2201'])
[2201]
Trying page 2251
arn:aws:lambda:us-east-1:858228748133:function:getHiscores3
{'2251': [[50, 50, 50, 50, 50, 50, 50, 50, 50, 50, 50, 50, 50, 50, 50, 50, 50, 50, 50, 50, 50, 50, 50, 50, 50], False]}
dict_keys(['2251'])
[2251]
Trying page 2276
arn:aws:lambda:us-east-1:858228748133:function:getHiscores5
{'2276': [None, False]}
dict_keys(['2276'])
[]
Trying page 2264
arn:aws:lambda:us-east-1:858228748133:function:getHiscores1
{'2264': [None, False]}
dict_keys(['2264'])
[]
Trying page 2258
arn:aws:lambda:us-east-1:858228748133:function:getHiscores6
{'2258': [None, False]}
dict_keys(['2258'])
[]
Trying page 2255
arn:aws:lambda:us-east-1:858228748133:function:getHiscores4
{'2255': [None, False]}
dict_keys(['2255'])
[]
Trying page 2254
arn:aws:lambda:us-east-1:858228748133:function:getHiscores7
{'2254': [None, False]}
dict_keys(['2254'])
[]
Trying page 2253
arn:aws:lambda:us-east-1:858228748133:function:getHiscores3
{'2253': [None, False]}
dict_keys(['2253'])
[]
Trying page 2252
arn:aws:lambda:us-east-1:858228748133:function:getHiscores10
{'2252': [[50, 50, 50, 50, 50, 50, 50, 50, 50, 50, 50, 50, 50, 50, 50, 50], True]}
dict_keys(['2252'])
[2252]
Last page found: 2252
Queue: [51, 151, 251, 351, 451, 551, 651, 751, 851, 951]
arn:aws:lambda:us-east-1:858228748133:function:getHiscores4
{'51': [[1880, 1880, 1879, 1879, 1878, 1877, 1875, 1875, 1874, 1873, 1873, 1872, 1871, 1870, 1870, 1869, 1869, 1869, 1869, 1869, 1869, 1868, 1867, 1867, 1865], False], '151': [[1186, 1186, 1186, 1185, 1185, 1185, 1185, 1185, 1185, 1185, 1184, 1184, 1184, 1184, 1184, 1184, 1184, 1184, 1184, 1183, 1183, 1183, 1183, 1183, 1183], False], '251': [[920, 920, 920, 920, 920, 920, 920, 920, 920, 920, 920, 920, 920, 919, 919, 919, 919, 919, 919, 919, 919, 919, 919, 918, 918], False], '351': [[758, 758, 758, 758, 758, 758, 758, 758, 758, 758, 758, 758, 757, 757, 757, 757, 757, 757, 757, 757, 757, 757, 757, 757, 757], False], '451': [[650, 650, 650, 650, 650, 650, 649, 649, 649, 649, 649, 649, 649, 649, 649, 649, 649, 649, 649, 649, 649, 649, 649, 649, 649], False], '551': [[560, 560, 560, 560, 560, 560, 560, 560, 560, 560, 560, 559, 559, 559, 559, 559, 559, 559, 559, 559, 559, 559, 559, 559, 559], False], '651': [[492, 492, 492, 492, 491, 491, 491, 491, 491, 491, 491, 491, 491, 491, 491, 491, 491, 491, 491, 491, 491, 491, 491, 491, 491], False], '751': [[432, 432, 432, 432, 432, 432, 432, 432, 432, 432, 432, 432, 432, 432, 432, 432, 432, 432, 432, 432, 432, 432, 432, 432, 432], False], '851': [[380, 380, 380, 380, 380, 380, 380, 380, 380, 380, 380, 380, 380, 380, 380, 380, 380, 380, 380, 380, 380, 380, 380, 380, 380], False], '951': [[335, 335, 335, 335, 334, 334, 334, 334, 334, 334, 334, 334, 334, 334, 334, 334, 334, 334, 334, 334, 334, 334, 334, 334, 334], False]}
dict_keys(['51', '151', '251', '351', '451', '551', '651', '751', '851', '951'])
[51, 151, 251, 351, 451, 551, 651, 751, 851, 951]
Queue: [1051, 1151, 1251, 1351, 1451, 1551, 1651, 1751, 1851, 1951]
arn:aws:lambda:us-east-1:858228748133:function:getHiscores8
{'1051': [[295, 295, 295, 295, 295, 295, 295, 295, 295, 295, 295, 295, 295, 295, 295, 295, 295, 295, 295, 295, 295, 295, 295, 295, 295], False], '1151': [[260, 260, 260, 260, 260, 260, 260, 260, 260, 260, 260, 260, 260, 260, 260, 260, 260, 260, 259, 259, 259, 259, 259, 259, 259], False], '1251': [[230, 230, 230, 230, 230, 230, 230, 230, 230, 230, 230, 230, 230, 230, 230, 230, 230, 230, 230, 230, 230, 230, 230, 230, 230], False], '1351': [[203, 203, 203, 203, 203, 203, 203, 203, 203, 203, 203, 203, 203, 203, 203, 203, 203, 203, 203, 203, 203, 203, 203, 203, 203], False], '1451': [[176, 176, 176, 176, 176, 176, 176, 176, 176, 176, 176, 176, 176, 176, 176, 176, 176, 176, 176, 176, 176, 176, 176, 176, 176], False], '1551': [[152, 152, 152, 152, 152, 152, 152, 152, 152, 152, 152, 152, 152, 152, 152, 152, 152, 152, 152, 152, 152, 152, 152, 152, 152], False], '1651': [[131, 131, 131, 131, 131, 131, 131, 131, 131, 131, 131, 131, 131, 131, 131, 131, 131, 131, 131, 131, 131, 131, 131, 131, 131], False], '1751': [[112, 112, 112, 112, 112, 112, 112, 112, 112, 112, 112, 112, 112, 112, 112, 112, 112, 112, 111, 111, 111, 111, 111, 111, 111], False], '1851': [[98, 98, 98, 98, 98, 98, 98, 98, 98, 98, 98, 98, 98, 98, 98, 98, 98, 98, 98, 98, 98, 98, 98, 98, 98], False], '1951': [[81, 81, 81, 81, 81, 81, 81, 81, 81, 81, 81, 81, 81, 81, 81, 81, 81, 81, 81, 81, 81, 81, 81, 81, 81], False]}
dict_keys(['1051', '1151', '1251', '1351', '1451', '1551', '1651', '1751', '1851', '1951'])
[1051, 1151, 1251, 1351, 1451, 1551, 1651, 1751, 1851, 1951]
Queue: [2051, 2151, 2226]
arn:aws:lambda:us-east-1:858228748133:function:getHiscores10
{'2051': [[68, 68, 68, 68, 68, 68, 68, 68, 68, 68, 68, 68, 68, 68, 68, 68, 68, 68, 68, 68, 68, 68, 68, 68, 68], False], '2151': [[57, 57, 57, 57, 57, 57, 57, 57, 57, 57, 57, 57, 57, 57, 57, 57, 57, 57, 57, 57, 57, 57, 57, 57, 57], False], '2226': [[51, 51, 51, 51, 51, 51, 51, 51, 51, 51, 51, 51, 51, 51, 51, 51, 51, 51, 51, 51, 51, 51, 51, 51, 51], False]}
dict_keys(['2051', '2151', '2226'])
[2051, 2151, 2226]
Queue: [26, 76, 126, 176, 226, 276, 326, 376, 426, 476]
arn:aws:lambda:us-east-1:858228748133:function:getHiscores3
{'26': [[2503, 2500, 2500, 2499, 2497, 2496, 2496, 2495, 2495, 2492, 2492, 2492, 2490, 2487, 2486, 2486, 2485, 2484, 2483, 2481, 2479, 2479, 2479, 2478, 2478], False], '76': [[1593, 1592, 1591, 1591, 1591, 1591, 1590, 1590, 1590, 1590, 1589, 1589, 1588, 1588, 1587, 1587, 1587, 1586, 1586, 1586, 1586, 1584, 1584, 1584, 1584], False], '126': [[1295, 1294, 1294, 1294, 1294, 1294, 1294, 1293, 1293, 1292, 1292, 1292, 1292, 1292, 1291, 1291, 1291, 1291, 1291, 1290, 1290, 1290, 1290, 1289, 1289], False], '176': [[1104, 1104, 1104, 1104, 1104, 1104, 1104, 1104, 1104, 1104, 1104, 1104, 1104, 1103, 1103, 1103, 1103, 1103, 1102, 1102, 1102, 1102, 1102, 1102, 1102], False], '226': [[977, 977, 977, 977, 977, 977, 977, 977, 977, 976, 976, 976, 976, 976, 976, 976, 976, 976, 976, 976, 976, 976, 975, 975, 975], False], '276': [[875, 875, 875, 875, 875, 875, 875, 875, 875, 875, 874, 874, 874, 874, 874, 874, 874, 874, 874, 874, 874, 874, 874, 874, 873], False], '326': [[793, 793, 793, 793, 793, 792, 792, 792, 792, 792, 792, 792, 791, 791, 791, 791, 791, 791, 791, 791, 791, 791, 791, 791, 791], False], '376': [[727, 727, 727, 727, 727, 727, 727, 727, 727, 727, 727, 727, 727, 727, 727, 727, 726, 726, 726, 726, 726, 726, 726, 726, 726], False], '426': [[673, 673, 673, 673, 673, 673, 673, 673, 673, 673, 673, 673, 673, 673, 672, 672, 672, 672, 672, 672, 672, 672, 672, 672, 672], False], '476': [[625, 625, 625, 625, 625, 625, 625, 625, 624, 624, 624, 624, 624, 624, 624, 624, 624, 624, 624, 624, 624, 624, 624, 624, 624], False]}
dict_keys(['26', '76', '126', '176', '226', '276', '326', '376', '426', '476'])
[26, 76, 126, 176, 226, 276, 326, 376, 426, 476]
Queue: [526, 576, 626, 676, 726, 776, 826, 876, 926, 976]
arn:aws:lambda:us-east-1:858228748133:function:getHiscores2
