Trying queue: [1, 101, 201, 301, 401, 501, 601, 701, 801, 901]
arn:aws:lambda:us-east-1:858228748133:function:getHiscores9
Received response...
{'status': 200, 'body': '{"pageData": {"1": [[2692, 2479, 2406, 2370, 2246, 2221, 2127, 2103, 2080, 2005, 2000, 2000, 2000, 1847, 1834, 1750, 1749, 1573, 1572, 1491, 1490, 1472, 1460, 1359, 1331], false], "101": [[127, 127, 127, 127, 127, 127, 127, 127, 127, 127, 127, 127, 127, 127, 127, 126, 126, 126, 126, 126, 126, 126, 126, 126, 126], false], "201": [[52, 52, 52, 52, 52, 52, 52, 52, 52, 52, 52, 52, 52, 52, 52, 52, 52, 52, 52, 52, 52, 52, 52, 52, 52], false], "301": [[23, 23, 23, 23, 23, 23, 23, 23, 23, 23, 23, 23, 23, 23, 23, 23, 23, 23, 23, 23, 23, 23, 23, 23, 23], false], "401": [[10, 10, 10, 10, 10, 10, 10, 10, 10, 10, 10, 10, 10, 10, 10, 10, 10, 10, 10, 10, 10, 10, 10, 10, 10], false], "501": [null, false], "601": [null, false], "701": [null, false], "801": [null, false], "901": [null, false]}}'}
{'1': [[2692, 2479, 2406, 2370, 2246, 2221, 2127, 2103, 2080, 2005, 2000, 2000, 2000, 1847, 1834, 1750, 1749, 1573, 1572, 1491, 1490, 1472, 1460, 1359, 1331], False], '101': [[127, 127, 127, 127, 127, 127, 127, 127, 127, 127, 127, 127, 127, 127, 127, 126, 126, 126, 126, 126, 126, 126, 126, 126, 126], False], '201': [[52, 52, 52, 52, 52, 52, 52, 52, 52, 52, 52, 52, 52, 52, 52, 52, 52, 52, 52, 52, 52, 52, 52, 52, 52], False], '301': [[23, 23, 23, 23, 23, 23, 23, 23, 23, 23, 23, 23, 23, 23, 23, 23, 23, 23, 23, 23, 23, 23, 23, 23, 23], False], '401': [[10, 10, 10, 10, 10, 10, 10, 10, 10, 10, 10, 10, 10, 10, 10, 10, 10, 10, 10, 10, 10, 10, 10, 10, 10], False], '501': [None, False], '601': [None, False], '701': [None, False], '801': [None, False], '901': [None, False]}
dict_keys(['1', '101', '201', '301', '401', '501', '601', '701', '801', '901'])
[1, 101, 201, 301, 401]
Looking for last page...
Trying page 401
arn:aws:lambda:us-east-1:858228748133:function:getHiscores6
{'401': [[10, 10, 10, 10, 10, 10, 10, 10, 10, 10, 10, 10, 10, 10, 10, 10, 10, 10, 10, 10, 10, 10, 10, 10, 10], False]}
dict_keys(['401'])
[401]
Trying page 451
arn:aws:lambda:us-east-1:858228748133:function:getHiscores4
{'451': [None, False]}
dict_keys(['451'])
[]
Trying page 426
arn:aws:lambda:us-east-1:858228748133:function:getHiscores2
{'426': [None, False]}
dict_keys(['426'])
[]
Trying page 414
arn:aws:lambda:us-east-1:858228748133:function:getHiscores7
{'414': [None, False]}
dict_keys(['414'])
[]
Trying page 408
arn:aws:lambda:us-east-1:858228748133:function:getHiscores2
{'408': [[10, 10, 10, 10, 10, 10, 10, 10, 10, 10, 10, 10, 10, 10, 10, 10, 10, 10, 10, 10, 10, 10, 10, 10, 10], False]}
dict_keys(['408'])
[408]
Trying page 411
arn:aws:lambda:us-east-1:858228748133:function:getHiscores10
{'411': [None, False]}
dict_keys(['411'])
[]
Trying page 410
arn:aws:lambda:us-east-1:858228748133:function:getHiscores10
{'410': [[10, 10, 10, 10, 10, 10, 10, 10], True]}
dict_keys(['410'])
[410]
Last page found: 410
Queue: [51, 151, 251, 351]
arn:aws:lambda:us-east-1:858228748133:function:getHiscores6
{'51': [[222, 222, 222, 222, 221, 221, 221, 221, 221, 220, 220, 220, 220, 220, 219, 219, 219, 219, 219, 219, 219, 219, 218, 218, 218], False], '151': [[81, 81, 81, 81, 81, 81, 81, 81, 80, 80, 80, 80, 80, 80, 80, 80, 80, 80, 80, 80, 80, 80, 80, 80, 80], False], '251': [[35, 35, 35, 35, 35, 35, 35, 35, 35, 35, 35, 35, 35, 35, 35, 35, 35, 35, 35, 35, 34, 34, 34, 34, 34], False], '351': [[15, 15, 15, 15, 15, 15, 15, 15, 15, 15, 15, 15, 15, 15, 15, 15, 15, 15, 15, 15, 15, 15, 15, 15, 15], False]}
dict_keys(['51', '151', '251', '351'])
[51, 151, 251, 351]
Queue: [26, 76, 126, 176, 226, 276, 326, 376]
arn:aws:lambda:us-east-1:858228748133:function:getHiscores3
{'26': [[340, 340, 340, 340, 340, 340, 339, 338, 338, 338, 337, 337, 336, 336, 336, 336, 336, 336, 335, 335, 334, 333, 333, 332, 331], False], '76': [[165, 165, 164, 164, 164, 164, 164, 164, 164, 164, 164, 164, 164, 164, 164, 164, 164, 164, 164, 163, 163, 163, 163, 163, 163], False], '126': [[101, 101, 101, 101, 101, 101, 101, 101, 101, 101, 101, 101, 101, 101, 101, 101, 101, 101, 101, 101, 101, 101, 101, 101, 101], False], '176': [[65, 65, 65, 65, 65, 65, 65, 65, 64, 64, 64, 64, 64, 64, 64, 64, 64, 64, 64, 64, 64, 64, 64, 64, 64], False], '226': [[43, 43, 43, 43, 43, 43, 42, 42, 42, 42, 42, 42, 42, 42, 42, 42, 42, 42, 42, 42, 42, 42, 42, 42, 42], False], '276': [[28, 28, 28, 28, 28, 28, 28, 28, 28, 28, 28, 28, 28, 28, 28, 28, 28, 28, 28, 28, 28, 28, 28, 28, 28], False], '326': [[19, 19, 19, 19, 19, 19, 19, 19, 19, 19, 19, 19, 19, 19, 18, 18, 18, 18, 18, 18, 18, 18, 18, 18, 18], False], '376': [[12, 12, 12, 12, 12, 12, 12, 12, 12, 12, 12, 12, 12, 12, 12, 12, 12, 12, 12, 12, 12, 12, 12, 12, 12], False]}
dict_keys(['26', '76', '126', '176', '226', '276', '326', '376'])
[26, 76, 126, 176, 226, 276, 326, 376]
Queue: [13, 38, 63, 88, 113, 138, 163, 188, 213, 238]
arn:aws:lambda:us-east-1:858228748133:function:getHiscores8
{'13': [[503, 502, 501, 500, 500, 496, 494, 494, 493, 492, 491, 487, 487, 484, 484, 483, 480, 479, 479, 477, 477, 476, 476, 475, 475], False], '38': [[269, 269, 269, 269, 269, 269, 268, 268, 268, 268, 267, 267, 267, 267, 267, 267, 267, 267, 267, 267, 266, 266, 266, 266, 266], False], '63': [[192, 192, 192, 191, 191, 191, 191, 191, 191, 190, 190, 190, 190, 190, 190, 190, 190, 190, 190, 190, 190, 190, 190, 190, 190], False], '88': [[145, 145, 145, 145, 145, 145, 145, 145, 144, 144, 144, 144, 144, 144, 144, 144, 144, 144, 144, 144, 144, 144, 144, 143, 143], False], '113': [[113, 113, 113, 113, 113, 113, 113, 113, 113, 113, 113, 113, 113, 113, 113, 113, 112, 112, 112, 112, 112, 112, 112, 112, 112], False], '138': [[91, 91, 91, 91, 91, 91, 91, 91, 91, 91, 91, 91, 91, 91, 91, 91, 90, 90, 90, 90, 90, 90, 90, 90, 90], False], '163': [[72, 72, 72, 72, 72, 72, 72, 72, 72, 72, 72, 72, 72, 72, 72, 72, 72, 72, 72, 72, 72, 72, 72, 72, 72], False], '188': [[58, 58, 58, 58, 58, 58, 58, 58, 58, 58, 58, 58, 58, 58, 58, 58, 58, 58, 58, 58, 58, 58, 58, 58, 58], False], '213': [[48, 48, 47, 47, 47, 47, 47, 47, 47, 47, 47, 47, 47, 47, 47, 47, 47, 47, 47, 47, 47, 47, 47, 47, 47], False], '238': [[39, 39, 39, 39, 39, 39, 39, 39, 39, 39, 39, 39, 39, 39, 39, 39, 39, 38, 38, 38, 38, 38, 38, 38, 38], False]}
dict_keys(['13', '38', '63', '88', '113', '138', '163', '188', '213', '238'])
[13, 38, 63, 88, 113, 138, 163, 188, 213, 238]
Queue: [263, 288, 313, 338, 363, 388]
arn:aws:lambda:us-east-1:858228748133:function:getHiscores5
{'263': [[31, 31, 31, 31, 31, 31, 31, 31, 31, 31, 31, 31, 31, 31, 31, 31, 31, 31, 31, 31, 31, 31, 31, 31, 31], False], '288': [[25, 25, 25, 25, 25, 25, 25, 25, 25, 25, 25, 25, 25, 25, 25, 25, 25, 25, 25, 25, 25, 25, 25, 25, 25], False], '313': [[21, 21, 21, 21, 21, 21, 21, 21, 21, 21, 21, 21, 21, 21, 21, 21, 21, 21, 21, 21, 21, 21, 21, 21, 21], False], '338': [[17, 17, 17, 17, 17, 17, 17, 17, 17, 17, 17, 17, 17, 17, 17, 17, 17, 17, 17, 17, 17, 17, 17, 17, 17], False], '363': [[14, 14, 14, 14, 14, 14, 14, 14, 14, 14, 14, 14, 14, 14, 14, 14, 14, 14, 14, 14, 14, 14, 14, 14, 14], False], '388': [[11, 11, 11, 11, 11, 11, 11, 11, 11, 11, 11, 11, 11, 11, 11, 11, 11, 11, 11, 11, 11, 11, 11, 11, 11], False]}
dict_keys(['263', '288', '313', '338', '363', '388'])
[263, 288, 313, 338, 363, 388]
Queue: [7, 19, 32, 44, 57, 69, 82, 94, 107, 119]
arn:aws:lambda:us-east-1:858228748133:function:getHiscores8
{'7': [[672, 672, 672, 665, 665, 665, 664, 662, 660, 659, 658, 658, 658, 657, 656, 653, 652, 651, 650, 648, 643, 640, 635, 635, 634], False], '19': [[411, 411, 411, 410, 410, 410, 409, 408, 407, 406, 406, 406, 405, 405, 404, 404, 404, 403, 403, 402, 402, 402, 401, 401, 401], False], '32': [[299, 299, 299, 299, 298, 298, 298, 297, 297, 297, 297, 297, 296, 296, 296, 296, 295, 295, 295, 295, 295, 294, 294, 294, 294], False], '44': [[245, 245, 245, 245, 245, 245, 245, 244, 244, 244, 244, 244, 244, 244, 243, 243, 243, 243, 243, 243, 243, 242, 242, 242, 242], False], '57': [[205, 205, 205, 205, 205, 205, 205, 205, 205, 205, 205, 205, 204, 204, 204, 204, 204, 204, 203, 203, 203, 203, 203, 203, 203], False], '69': [[179, 179, 178, 178, 178, 178, 178, 178, 178, 178, 178, 178, 178, 178, 178, 178, 178, 178, 178, 177, 177, 177, 177, 177, 177], False], '82': [[155, 155, 155, 155, 155, 155, 155, 155, 155, 155, 155, 155, 155, 155, 155, 154, 154, 154, 154, 154, 154, 154, 154, 153, 153], False], '94': [[136, 136, 136, 136, 136, 136, 136, 136, 136, 136, 136, 135, 135, 135, 135, 135, 135, 135, 135, 135, 135, 135, 135, 135, 135], False], '107': [[120, 120, 120, 120, 119, 119, 119, 119, 119, 119, 119, 119, 119, 119, 119, 119, 119, 119, 119, 118, 118, 118, 118, 118, 118], False], '119': [[107, 107, 107, 107, 107, 107, 107, 107, 107, 107, 107, 107, 107, 107, 107, 107, 107, 107, 107, 107, 107, 107, 107, 107, 107], False]}
dict_keys(['7', '19', '32', '44', '57', '69', '82', '94', '107', '119'])
[7, 19, 32, 44, 57, 69, 82, 94, 107, 119]
Queue: [132, 144, 157, 169, 182, 194, 207, 219, 232, 244]
arn:aws:lambda:us-east-1:858228748133:function:getHiscores8
{'132': [[97, 97, 96, 96, 96, 96, 96, 96, 96, 96, 96, 96, 96, 96, 96, 96, 96, 96, 96, 96, 96, 96, 96, 96, 95], False], '144': [[86, 86, 86, 86, 86, 86, 86, 86, 86, 86, 86, 86, 86, 86, 86, 86, 86, 86, 86, 85, 85, 85, 85, 85, 85], False], '157': [[77, 76, 76, 76, 76, 76, 76, 76, 76, 76, 76, 76, 76, 76, 76, 76, 76, 76, 76, 76, 76, 76, 76, 76, 76], False], '169': [[69, 69, 69, 69, 69, 69, 69, 69, 69, 69, 69, 69, 69, 68, 68, 68, 68, 68, 68, 68, 68, 68, 68, 68, 68], False], '182': [[61, 61, 61, 61, 61, 61, 61, 61, 61, 61, 61, 61, 61, 61, 61, 61, 61, 61, 61, 61, 61, 61, 61, 61, 61], False], '194': [[55, 55, 55, 55, 55, 55, 55, 55, 55, 55, 55, 55, 55, 55, 55, 55, 55, 55, 55, 55, 55, 55, 55, 55, 55], False], '207': [[50, 50, 50, 50, 50, 50, 50, 50, 50, 50, 50, 50, 50, 50, 50, 50, 50, 50, 50, 50, 50, 50, 50, 50, 50], False], '219': [[45, 45, 45, 45, 45, 45, 45, 45, 45, 45, 45, 45, 45, 45, 45, 45, 45, 45, 45, 45, 45, 45, 45, 45, 45], False], '232': [[41, 41, 41, 41, 41, 41, 41, 41, 41, 41, 40, 40, 40, 40, 40, 40, 40, 40, 40, 40, 40, 40, 40, 40, 40], False], '244': [[37, 37, 37, 37, 37, 37, 37, 37, 37, 37, 37, 37, 37, 37, 37, 37, 37, 37, 37, 37, 37, 37, 37, 37, 37], False]}
dict_keys(['132', '144', '157', '169', '182', '194', '207', '219', '232', '244'])
[132, 144, 157, 169, 182, 194, 207, 219, 232, 244]
Queue: [257, 269, 282, 294, 307, 319, 332, 344, 357, 369]
arn:aws:lambda:us-east-1:858228748133:function:getHiscores8
{'257': [[33, 33, 33, 33, 33, 33, 33, 33, 33, 33, 33, 33, 33, 33, 33, 33, 33, 33, 33, 33, 33, 33, 33, 33, 33], False], '269': [[30, 30, 30, 30, 30, 30, 30, 30, 30, 30, 30, 30, 30, 30, 30, 30, 30, 30, 30, 30, 30, 30, 30, 30, 30], False], '282': [[27, 27, 27, 27, 27, 27, 27, 27, 27, 27, 27, 27, 27, 27, 27, 27, 27, 27, 27, 27, 26, 26, 26, 26, 26], False], '294': [[24, 24, 24, 24, 24, 24, 24, 24, 24, 24, 24, 24, 24, 24, 24, 24, 24, 24, 24, 24, 24, 24, 24, 24, 24], False], '307': [[22, 22, 22, 22, 22, 22, 22, 22, 22, 22, 22, 22, 22, 22, 22, 22, 22, 22, 22, 22, 22, 22, 22, 22, 22], False], '319': [[20, 20, 20, 20, 20, 20, 20, 20, 20, 20, 20, 20, 20, 20, 20, 20, 20, 20, 20, 20, 20, 20, 20, 20, 20], False], '332': [[18, 18, 18, 18, 18, 18, 18, 18, 18, 18, 18, 18, 18, 18, 18, 18, 18, 18, 18, 18, 18, 18, 18, 18, 18], False], '344': [[16, 16, 16, 16, 16, 16, 16, 16, 16, 16, 16, 16, 16, 16, 16, 16, 16, 16, 16, 16, 16, 16, 16, 16, 16], False], '357': [[14, 14, 14, 14, 14, 14, 14, 14, 14, 14, 14, 14, 14, 14, 14, 14, 14, 14, 14, 14, 14, 14, 14, 14, 14], False], '369': [[13, 13, 13, 13, 13, 13, 13, 13, 13, 13, 13, 13, 13, 13, 13, 13, 13, 13, 13, 13, 13, 13, 13, 13, 13], False]}
dict_keys(['257', '269', '282', '294', '307', '319', '332', '344', '357', '369'])
[257, 269, 282, 294, 307, 319, 332, 344, 357, 369]
Queue: [382, 394]
arn:aws:lambda:us-east-1:858228748133:function:getHiscores10
{'382': [[12, 12, 12, 12, 12, 12, 12, 12, 12, 12, 12, 12, 12, 12, 12, 12, 12, 12, 12, 12, 12, 12, 12, 12, 12], False], '394': [[11, 11, 11, 11, 11, 11, 11, 11, 11, 11, 11, 11, 11, 11, 11, 11, 11, 11, 11, 11, 11, 11, 11, 11, 11], False]}
dict_keys(['382', '394'])
[382, 394]
Queue: [4, 10, 16, 22, 29, 35, 41, 47, 54, 60]
arn:aws:lambda:us-east-1:858228748133:function:getHiscores3
{'4': [[908, 907, 906, 899, 894, 891, 877, 867, 859, 859, 857, 847, 846, 840, 839, 838, 838, 836, 835, 832, 826, 815, 805, 804, 799], False], '10': [[560, 558, 557, 555, 554, 554, 551, 550, 549, 549, 548, 547, 547, 547, 546, 545, 544, 544, 544, 542, 542, 541, 539, 538, 538], False], '16': [[447, 446, 446, 444, 443, 442, 442, 442, 441, 441, 439, 439, 439, 439, 438, 438, 437, 437, 437, 436, 436, 435, 435, 435, 435], False], '22': [[378, 378, 378, 377, 377, 377, 376, 376, 375, 375, 374, 373, 373, 373, 373, 373, 373, 373, 372, 371, 371, 371, 371, 370, 370], False], '29': [[318, 318, 317, 317, 316, 316, 316, 316, 315, 315, 315, 315, 314, 314, 314, 314, 313, 313, 313, 313, 313, 312, 312, 311, 311], False], '35': [[283, 283, 283, 283, 282, 282, 282, 282, 282, 282, 282, 282, 282, 281, 281, 281, 281, 281, 280, 280, 280, 280, 280, 279, 279], False], '41': [[257, 257, 257, 257, 257, 256, 256, 256, 256, 256, 255, 255, 255, 255, 255, 254, 254, 254, 254, 254, 253, 253, 253, 253, 253], False], '47': [[234, 234, 234, 234, 234, 234, 233, 233, 233, 233, 233, 233, 233, 233, 233, 232, 232, 232, 232, 232, 232, 232, 231, 231, 231], False], '54': [[213, 212, 212, 212, 212, 212, 212, 212, 212, 212, 212, 211, 211, 211, 211, 211, 211, 211, 211, 211, 211, 211, 211, 210, 210], False], '60': [[199, 199, 199, 199, 199, 198, 198, 198, 198, 198, 197, 197, 197, 197, 197, 197, 197, 197, 196, 196, 196, 196, 196, 196, 196], False]}
dict_keys(['4', '10', '16', '22', '29', '35', '41', '47', '54', '60'])
[4, 10, 16, 22, 29, 35, 41, 47, 54, 60]
Queue: [66, 72, 79, 85, 91, 97, 104, 110, 116, 122]
arn:aws:lambda:us-east-1:858228748133:function:getHiscores5
{'66': [[186, 185, 185, 185, 185, 185, 185, 185, 185, 185, 185, 185, 185, 185, 185, 185, 185, 185, 184, 184, 184, 184, 184, 184, 184], False], '72': [[173, 173, 173, 173, 173, 173, 173, 173, 173, 173, 173, 172, 172, 172, 172, 172, 172, 172, 172, 171, 171, 171, 171, 171, 171], False], '79': [[160, 160, 160, 160, 159, 159, 159, 159, 159, 159, 159, 159, 159, 159, 159, 159, 159, 159, 159, 159, 159, 159, 159, 159, 159], False], '85': [[149, 149, 149, 149, 149, 149, 149, 149, 149, 149, 149, 148, 148, 148, 148, 148, 148, 148, 148, 148, 148, 148, 148, 148, 148], False], '91': [[141, 141, 140, 140, 140, 140, 140, 140, 140, 140, 140, 140, 140, 140, 140, 140, 140, 140, 140, 140, 140, 140, 140, 140, 139], False], '97': [[132, 132, 132, 132, 132, 132, 132, 132, 132, 132, 132, 132, 132, 132, 132, 131, 131, 131, 131, 131, 131, 131, 131, 131, 131], False], '104': [[124, 124, 124, 124, 124, 123, 123, 123, 123, 123, 123, 123, 123, 123, 123, 122, 122, 122, 122, 122, 122, 122, 122, 122, 122], False], '110': [[116, 116, 116, 116, 116, 116, 116, 116, 116, 116, 116, 116, 116, 116, 116, 116, 116, 116, 116, 116, 116, 116, 116, 115, 115], False], '116': [[110, 110, 110, 110, 110, 110, 110, 110, 110, 110, 110, 110, 110, 110, 110, 110, 110, 109, 109, 109, 109, 109, 109, 109, 109], False], '122': [[105, 105, 105, 105, 105, 105, 105, 105, 105, 105, 104, 104, 104, 104, 104, 104, 104, 104, 104, 104, 104, 104, 104, 104, 104], False]}
dict_keys(['66', '72', '79', '85', '91', '97', '104', '110', '116', '122'])
[66, 72, 79, 85, 91, 97, 104, 110, 116, 122]
Queue: [129, 135, 141, 147, 154, 160, 166, 172, 179, 185]
arn:aws:lambda:us-east-1:858228748133:function:getHiscores2
{'129': [[99, 99, 99, 99, 99, 99, 99, 99, 99, 99, 99, 99, 99, 99, 99, 99, 99, 99, 99, 99, 99, 98, 98, 98, 98], False], '135': [[93, 93, 93, 93, 93, 93, 93, 93, 93, 93, 93, 93, 93, 93, 93, 93, 93, 93, 93, 93, 93, 93, 93, 93, 93], False], '141': [[89, 88, 88, 88, 88, 88, 88, 88, 88, 88, 88, 88, 88, 88, 88, 88, 88, 88, 88, 88, 88, 88, 88, 88, 88], False], '147': [[84, 84, 84, 84, 84, 84, 84, 84, 84, 84, 84, 84, 84, 83, 83, 83, 83, 83, 83, 83, 83, 83, 83, 83, 83], False], '154': [[78, 78, 78, 78, 78, 78, 78, 78, 78, 78, 78, 78, 78, 78, 78, 78, 78, 78, 78, 78, 78, 78, 78, 78, 78], False], '160': [[75, 75, 75, 75, 75, 75, 75, 75, 75, 75, 75, 75, 75, 74, 74, 74, 74, 74, 74, 74, 74, 74, 74, 74, 74], False], '166': [[71, 71, 71, 70, 70, 70, 70, 70, 70, 70, 70, 70, 70, 70, 70, 70, 70, 70, 70, 70, 70, 70, 70, 70, 70], False], '172': [[67, 67, 67, 67, 67, 67, 67, 67, 67, 67, 67, 67, 67, 67, 67, 67, 67, 67, 67, 67, 67, 67, 67, 67, 67], False], '179': [[63, 63, 63, 63, 63, 63, 63, 63, 63, 63, 63, 63, 63, 63, 63, 63, 63, 63, 63, 63, 62, 62, 62, 62, 62], False], '185': [[60, 60, 60, 60, 60, 60, 60, 60, 60, 60, 60, 60, 60, 60, 60, 60, 60, 59, 59, 59, 59, 59, 59, 59, 59], False]}
dict_keys(['129', '135', '141', '147', '154', '160', '166', '172', '179', '185'])
[129, 135, 141, 147, 154, 160, 166, 172, 179, 185]
Queue: [191, 197, 204, 210, 216, 222, 229, 235, 241, 247]
arn:aws:lambda:us-east-1:858228748133:function:getHiscores4
{'191': [[57, 57, 57, 57, 57, 57, 57, 57, 57, 57, 57, 57, 57, 56, 56, 56, 56, 56, 56, 56, 56, 56, 56, 56, 56], False], '197': [[54, 54, 54, 54, 54, 54, 54, 54, 54, 54, 54, 54, 54, 54, 54, 54, 54, 54, 54, 54, 54, 54, 54, 54, 54], False], '204': [[51, 51, 51, 51, 51, 51, 51, 51, 51, 51, 51, 51, 51, 51, 51, 51, 51, 51, 51, 51, 51, 51, 51, 51, 51], False], '210': [[49, 49, 49, 49, 49, 48, 48, 48, 48, 48, 48, 48, 48, 48, 48, 48, 48, 48, 48, 48, 48, 48, 48, 48, 48], False], '216': [[46, 46, 46, 46, 46, 46, 46, 46, 46, 46, 46, 46, 46, 46, 46, 46, 46, 46, 46, 46, 46, 46, 46, 46, 46], False], '222': [[44, 44, 44, 44, 44, 44, 44, 44, 44, 44, 44, 44, 44, 44, 44, 44, 44, 44, 44, 44, 44, 44, 44, 44, 44], False], '229': [[41, 41, 41, 41, 41, 41, 41, 41, 41, 41, 41, 41, 41, 41, 41, 41, 41, 41, 41, 41, 41, 41, 41, 41, 41], False], '235': [[40, 40, 40, 40, 40, 40, 40, 40, 40, 40, 40, 40, 40, 40, 40, 40, 40, 40, 39, 39, 39, 39, 39, 39, 39], False], '241': [[38, 38, 38, 38, 38, 38, 38, 38, 38, 38, 38, 38, 38, 38, 38, 38, 38, 38, 38, 38, 38, 38, 38, 38, 38], False], '247': [[36, 36, 36, 36, 36, 36, 36, 36, 36, 36, 36, 36, 36, 36, 36, 36, 36, 36, 36, 36, 36, 36, 36, 36, 36], False]}
dict_keys(['191', '197', '204', '210', '216', '222', '229', '235', '241', '247'])
[191, 197, 204, 210, 216, 222, 229, 235, 241, 247]
Queue: [254, 260, 266, 272, 279, 285, 291, 297, 304, 310]
arn:aws:lambda:us-east-1:858228748133:function:getHiscores8
{'254': [[34, 34, 34, 34, 34, 34, 34, 34, 34, 34, 34, 34, 34, 34, 34, 34, 34, 34, 34, 34, 34, 34, 34, 34, 34], False], '260': [[32, 32, 32, 32, 32, 32, 32, 32, 32, 32, 32, 32, 32, 32, 32, 32, 32, 32, 32, 32, 32, 32, 32, 32, 32], False], '266': [[31, 31, 31, 31, 31, 31, 31, 31, 31, 31, 31, 31, 30, 30, 30, 30, 30, 30, 30, 30, 30, 30, 30, 30, 30], False], '272': [[29, 29, 29, 29, 29, 29, 29, 29, 29, 29, 29, 29, 29, 29, 29, 29, 29, 29, 29, 29, 29, 29, 29, 29, 29], False], '279': [[27, 27, 27, 27, 27, 27, 27, 27, 27, 27, 27, 27, 27, 27, 27, 27, 27, 27, 27, 27, 27, 27, 27, 27, 27], False], '285': [[26, 26, 26, 26, 26, 26, 26, 26, 26, 26, 26, 26, 26, 26, 26, 26, 26, 26, 26, 26, 26, 26, 26, 26, 26], False], '291': [[25, 25, 25, 25, 25, 25, 25, 25, 25, 25, 25, 25, 25, 25, 25, 25, 25, 25, 25, 25, 25, 25, 25, 25, 25], False], '297': [[24, 24, 24, 24, 24, 24, 24, 24, 24, 24, 24, 24, 23, 23, 23, 23, 23, 23, 23, 23, 23, 23, 23, 23, 23], False], '304': [[22, 22, 22, 22, 22, 22, 22, 22, 22, 22, 22, 22, 22, 22, 22, 22, 22, 22, 22, 22, 22, 22, 22, 22, 22], False], '310': [[21, 21, 21, 21, 21, 21, 21, 21, 21, 21, 21, 21, 21, 21, 21, 21, 21, 21, 21, 21, 21, 21, 21, 21, 21], False]}
dict_keys(['254', '260', '266', '272', '279', '285', '291', '297', '304', '310'])
[254, 260, 266, 272, 279, 285, 291, 297, 304, 310]
Queue: [316, 322, 335, 341, 347, 354, 366, 372, 385, 397]
arn:aws:lambda:us-east-1:858228748133:function:getHiscores5
{'316': [[20, 20, 20, 20, 20, 20, 20, 20, 20, 20, 20, 20, 20, 20, 20, 20, 20, 20, 20, 20, 20, 20, 20, 20, 20], False], '322': [[19, 19, 19, 19, 19, 19, 19, 19, 19, 19, 19, 19, 19, 19, 19, 19, 19, 19, 19, 19, 19, 19, 19, 19, 19], False], '335': [[17, 17, 17, 17, 17, 17, 17, 17, 17, 17, 17, 17, 17, 17, 17, 17, 17, 17, 17, 17, 17, 17, 17, 17, 17], False], '341': [[16, 16, 16, 16, 16, 16, 16, 16, 16, 16, 16, 16, 16, 16, 16, 16, 16, 16, 16, 16, 16, 16, 16, 16, 16], False], '347': [[16, 16, 16, 15, 15, 15, 15, 15, 15, 15, 15, 15, 15, 15, 15, 15, 15, 15, 15, 15, 15, 15, 15, 15, 15], False], '354': [[15, 15, 15, 15, 15, 15, 15, 15, 15, 15, 15, 15, 15, 15, 15, 15, 15, 15, 15, 15, 15, 15, 15, 15, 15], False], '366': [[13, 13, 13, 13, 13, 13, 13, 13, 13, 13, 13, 13, 13, 13, 13, 13, 13, 13, 13, 13, 13, 13, 13, 13, 13], False], '372': [[13, 13, 13, 13, 13, 13, 13, 13, 13, 13, 13, 13, 13, 13, 13, 13, 13, 13, 13, 13, 13, 13, 13, 13, 13], False], '385': [[11, 11, 11, 11, 11, 11, 11, 11, 11, 11, 11, 11, 11, 11, 11, 11, 11, 11, 11, 11, 11, 11, 11, 11, 11], False], '397': [[10, 10, 10, 10, 10, 10, 10, 10, 10, 10, 10, 10, 10, 10, 10, 10, 10, 10, 10, 10, 10, 10, 10, 10, 10], False]}
dict_keys(['316', '322', '335', '341', '347', '354', '366', '372', '385', '397'])
[316, 322, 335, 341, 347, 354, 366, 372, 385, 397]
Queue: [2, 5, 8, 11, 14, 17, 20, 24, 27, 30]
arn:aws:lambda:us-east-1:858228748133:function:getHiscores6
{'2': [[1321, 1287, 1282, 1223, 1221, 1202, 1183, 1177, 1175, 1168, 1145, 1137, 1129, 1120, 1116, 1113, 1112, 1087, 1086, 1085, 1074, 1071, 1063, 1058, 1052], False], '5': [[799, 798, 796, 790, 780, 772, 770, 768, 765, 758, 757, 754, 752, 746, 740, 738, 731, 730, 729, 725, 725, 724, 721, 721, 714], False], '8': [[632, 631, 630, 630, 623, 621, 617, 617, 615, 614, 612, 609, 607, 604, 603, 602, 602, 601, 598, 596, 595, 594, 592, 592, 591], False], '11': [[537, 537, 537, 536, 535, 535, 534, 534, 534, 534, 534, 534, 534, 532, 531, 530, 530, 530, 529, 529, 525, 523, 523, 523, 522], False], '14': [[473, 473, 472, 472, 471, 470, 470, 470, 469, 468, 468, 467, 465, 465, 464, 462, 461, 461, 460, 460, 460, 460, 460, 459, 458], False], '17': [[434, 434, 434, 434, 433, 433, 432, 432, 432, 431, 431, 431, 430, 429, 429, 427, 427, 427, 425, 424, 424, 423, 423, 423, 423], False], '20': [[400, 400, 400, 400, 399, 399, 399, 398, 397, 396, 396, 395, 395, 394, 394, 394, 394, 392, 392, 392, 392, 392, 391, 391, 390], False], '24': [[360, 360, 360, 360, 359, 359, 359, 359, 359, 359, 359, 358, 358, 357, 356, 355, 354, 354, 353, 353, 353, 353, 353, 352, 352], False], '27': [[330, 330, 330, 328, 328, 328, 328, 328, 328, 328, 328, 327, 327, 327, 327, 327, 327, 326, 326, 326, 325, 325, 325, 325, 324], False], '30': [[310, 310, 310, 309, 309, 309, 309, 309, 309, 308, 307, 307, 307, 306, 306, 306, 306, 306, 305, 305, 305, 305, 305, 305, 304], False]}
dict_keys(['2', '5', '8', '11', '14', '17', '20', '24', '27', '30'])
[2, 5, 8, 11, 14, 17, 20, 24, 27, 30]
Queue: [33, 36, 39, 42, 45, 49, 52, 55, 58, 61]
arn:aws:lambda:us-east-1:858228748133:function:getHiscores8
{'33': [[294, 294, 294, 293, 293, 292, 292, 292, 292, 292, 291, 291, 291, 291, 290, 290, 290, 290, 290, 290, 290, 290, 290, 290, 289], False], '36': [[279, 279, 278, 278, 278, 278, 278, 278, 278, 277, 277, 277, 277, 277, 277, 277, 277, 276, 276, 276, 276, 275, 275, 275, 275], False], '39': [[265, 265, 265, 265, 265, 265, 265, 264, 264, 264, 263, 263, 263, 263, 263, 263, 263, 262, 262, 262, 261, 261, 261, 261, 261], False], '42': [[252, 252, 252, 252, 252, 252, 252, 251, 251, 251, 251, 251, 251, 251, 250, 250, 250, 250, 250, 249, 249, 249, 249, 249, 249], False], '45': [[242, 242, 242, 242, 241, 241, 241, 240, 240, 240, 240, 240, 240, 240, 239, 239, 239, 239, 239, 239, 239, 239, 239, 238, 238], False], '49': [[228, 228, 228, 228, 227, 227, 227, 227, 227, 227, 227, 227, 226, 226, 226, 226, 226, 226, 225, 225, 225, 225, 225, 225, 225], False], '52': [[218, 218, 218, 218, 218, 218, 218, 217, 217, 217, 217, 217, 217, 217, 217, 217, 217, 216, 216, 215, 215, 215, 215, 215, 215], False], '55': [[210, 210, 210, 210, 210, 210, 210, 210, 209, 209, 209, 209, 209, 209, 209, 208, 208, 208, 208, 208, 208, 208, 208, 207, 207], False], '58': [[203, 202, 202, 202, 202, 202, 202, 202, 202, 202, 202, 202, 202, 201, 201, 201, 201, 201, 201, 201, 201, 201, 201, 200, 200], False], '61': [[196, 196, 196, 196, 195, 195, 195, 195, 195, 195, 195, 195, 194, 194, 194, 194, 194, 194, 194, 194, 194, 194, 194, 194, 194], False]}
dict_keys(['33', '36', '39', '42', '45', '49', '52', '55', '58', '61'])
[33, 36, 39, 42, 45, 49, 52, 55, 58, 61]
Queue: [64, 67, 70, 74, 77, 80, 83, 86, 89, 92]
arn:aws:lambda:us-east-1:858228748133:function:getHiscores2
{'64': [[190, 189, 189, 189, 189, 189, 189, 189, 189, 189, 189, 189, 188, 188, 188, 188, 188, 188, 188, 188, 188, 188, 188, 188, 188], False], '67': [[184, 184, 184, 184, 184, 184, 184, 183, 183, 183, 183, 183, 183, 182, 182, 182, 182, 182, 182, 182, 182, 182, 182, 182, 182], False], '70': [[177, 177, 177, 177, 176, 176, 176, 176, 176, 176, 176, 176, 176, 176, 176, 176, 176, 176, 176, 176, 176, 176, 175, 175, 175], False], '74': [[169, 169, 169, 169, 168, 168, 168, 168, 168, 168, 168, 168, 168, 168, 168, 168, 168, 167, 167, 167, 167, 167, 167, 167, 167], False], '77': [[163, 163, 163, 163, 163, 163, 163, 163, 163, 162, 162, 162, 162, 162, 162, 162, 162, 162, 162, 162, 162, 162, 162, 162, 162], False], '80': [[158, 158, 158, 158, 158, 158, 158, 158, 158, 158, 158, 158, 158, 158, 158, 158, 158, 158, 158, 158, 157, 157, 157, 157, 157], False], '83': [[153, 153, 153, 153, 153, 153, 153, 152, 152, 152, 152, 152, 152, 152, 152, 152, 152, 152, 151, 151, 151, 151, 151, 151, 151], False], '86': [[148, 148, 148, 147, 147, 147, 147, 147, 147, 147, 147, 147, 147, 147, 147, 147, 147, 147, 147, 147, 147, 146, 146, 146, 146], False], '89': [[143, 143, 143, 143, 143, 143, 143, 143, 143, 143, 143, 143, 143, 143, 143, 143, 143, 143, 142, 142, 142, 142, 142, 142, 142], False], '92': [[139, 139, 139, 139, 139, 139, 139, 139, 139, 139, 139, 139, 139, 139, 139, 138, 138, 138, 138, 138, 138, 138, 138, 138, 138], False]}
dict_keys(['64', '67', '70', '74', '77', '80', '83', '86', '89', '92'])
[64, 67, 70, 74, 77, 80, 83, 86, 89, 92]
Queue: [95, 99, 102, 105, 108, 111, 114, 117, 120, 124]
arn:aws:lambda:us-east-1:858228748133:function:getHiscores5
{'95': [[135, 134, 134, 134, 134, 134, 134, 134, 134, 134, 134, 134, 134, 134, 134, 133, 133, 133, 133, 133, 133, 133, 133, 133, 133], False], '99': [[130, 130, 130, 130, 130, 130, 130, 129, 129, 129, 129, 129, 129, 129, 129, 129, 129, 129, 129, 129, 129, 129, 129, 129, 129], False], '102': [[126, 126, 126, 126, 126, 126, 126, 126, 126, 126, 126, 125, 125, 125, 125, 125, 125, 125, 125, 125, 125, 125, 125, 125, 125], False], '105': [[122, 122, 122, 122, 122, 122, 121, 121, 121, 121, 121, 121, 121, 121, 121, 121, 121, 121, 121, 121, 121, 121, 121, 121, 121], False], '108': [[118, 118, 118, 118, 118, 118, 118, 118, 118, 118, 118, 118, 118, 118, 118, 118, 118, 118, 118, 117, 117, 117, 117, 117, 117], False], '111': [[115, 115, 115, 115, 115, 115, 115, 115, 115, 115, 115, 115, 115, 115, 115, 115, 115, 115, 115, 115, 115, 115, 114, 114, 114], False], '114': [[112, 112, 112, 112, 112, 112, 112, 112, 112, 112, 112, 112, 112, 112, 112, 111, 111, 111, 111, 111, 111, 111, 111, 111, 111], False], '117': [[109, 109, 109, 109, 109, 109, 109, 109, 109, 109, 109, 109, 109, 109, 109, 109, 109, 109, 109, 109, 109, 109, 109, 108, 108], False], '120': [[107, 107, 107, 107, 107, 106, 106, 106, 106, 106, 106, 106, 106, 106, 106, 106, 106, 106, 106, 106, 106, 106, 106, 106, 106], False], '124': [[103, 103, 103, 103, 103, 103, 103, 103, 103, 103, 103, 103, 103, 103, 103, 102, 102, 102, 102, 102, 102, 102, 102, 102, 102], False]}
dict_keys(['95', '99', '102', '105', '108', '111', '114', '117', '120', '124'])
[95, 99, 102, 105, 108, 111, 114, 117, 120, 124]
Queue: [127, 130, 133, 136, 139, 142, 145, 149, 152, 155]
arn:aws:lambda:us-east-1:858228748133:function:getHiscores10
{'127': [[101, 101, 101, 101, 101, 100, 100, 100, 100, 100, 100, 100, 100, 100, 100, 100, 100, 100, 100, 100, 100, 100, 100, 100, 100], False], '130': [[98, 98, 98, 98, 98, 98, 98, 98, 98, 98, 98, 98, 98, 98, 98, 98, 98, 98, 98, 98, 98, 98, 98, 97, 97], False], '133': [[95, 95, 95, 95, 95, 95, 95, 95, 95, 95, 95, 95, 95, 95, 95, 95, 95, 95, 95, 95, 95, 95, 95, 95, 95], False], '136': [[93, 93, 92, 92, 92, 92, 92, 92, 92, 92, 92, 92, 92, 92, 92, 92, 92, 92, 92, 92, 92, 92, 92, 92, 92], False], '139': [[90, 90, 90, 90, 90, 90, 90, 90, 90, 90, 90, 90, 90, 90, 90, 90, 90, 90, 90, 90, 90, 90, 90, 89, 89], False], '142': [[88, 88, 88, 87, 87, 87, 87, 87, 87, 87, 87, 87, 87, 87, 87, 87, 87, 87, 87, 87, 87, 87, 87, 87, 87], False], '145': [[85, 85, 85, 85, 85, 85, 85, 85, 85, 85, 85, 85, 85, 85, 85, 85, 85, 85, 85, 85, 85, 85, 85, 85, 85], False], '149': [[82, 82, 82, 82, 82, 82, 82, 82, 82, 82, 82, 82, 82, 82, 82, 82, 82, 82, 82, 82, 82, 82, 82, 82, 82], False], '152': [[80, 80, 80, 80, 80, 80, 80, 80, 80, 80, 80, 80, 79, 79, 79, 79, 79, 79, 79, 79, 79, 79, 79, 79, 79], False], '155': [[78, 78, 78, 78, 78, 78, 78, 78, 78, 78, 78, 78, 78, 78, 78, 77, 77, 77, 77, 77, 77, 77, 77, 77, 77], False]}
dict_keys(['127', '130', '133', '136', '139', '142', '145', '149', '152', '155'])
[127, 130, 133, 136, 139, 142, 145, 149, 152, 155]
Queue: [158, 161, 164, 167, 170, 174, 177, 180, 183, 186]
arn:aws:lambda:us-east-1:858228748133:function:getHiscores3
{'158': [[76, 76, 76, 76, 76, 76, 76, 76, 76, 76, 76, 76, 76, 76, 76, 76, 76, 76, 75, 75, 75, 75, 75, 75, 75], False], '161': [[74, 74, 74, 74, 74, 74, 74, 74, 74, 74, 74, 74, 74, 74, 74, 74, 74, 74, 73, 73, 73, 73, 73, 73, 73], False], '164': [[72, 72, 72, 72, 72, 72, 71, 71, 71, 71, 71, 71, 71, 71, 71, 71, 71, 71, 71, 71, 71, 71, 71, 71, 71], False], '167': [[70, 70, 70, 70, 70, 70, 70, 70, 70, 70, 70, 70, 70, 70, 70, 70, 70, 70, 70, 70, 70, 70, 70, 70, 70], False], '170': [[68, 68, 68, 68, 68, 68, 68, 68, 68, 68, 68, 68, 68, 68, 68, 68, 68, 68, 68, 68, 68, 68, 68, 68, 68], False], '174': [[66, 66, 66, 66, 66, 66, 66, 66, 66, 66, 66, 66, 66, 66, 66, 66, 66, 66, 66, 66, 66, 66, 66, 66, 66], False], '177': [[64, 64, 64, 64, 64, 64, 64, 64, 64, 64, 64, 64, 64, 64, 64, 64, 64, 64, 64, 64, 64, 64, 64, 64, 64], False], '180': [[62, 62, 62, 62, 62, 62, 62, 62, 62, 62, 62, 62, 62, 62, 62, 62, 62, 62, 62, 62, 62, 62, 62, 62, 62], False], '183': [[61, 61, 61, 61, 61, 61, 61, 61, 61, 61, 61, 61, 61, 61, 60, 60, 60, 60, 60, 60, 60, 60, 60, 60, 60], False], '186': [[59, 59, 59, 59, 59, 59, 59, 59, 59, 59, 59, 59, 59, 59, 59, 59, 59, 59, 59, 59, 59, 59, 59, 59, 59], False]}
dict_keys(['158', '161', '164', '167', '170', '174', '177', '180', '183', '186'])
[158, 161, 164, 167, 170, 174, 177, 180, 183, 186]
Queue: [189, 192, 195, 199, 202, 205, 208, 214, 217, 220]
arn:aws:lambda:us-east-1:858228748133:function:getHiscores5
{'189': [[58, 58, 58, 58, 58, 58, 58, 58, 58, 58, 58, 58, 58, 58, 58, 58, 58, 58, 58, 58, 57, 57, 57, 57, 57], False], '192': [[56, 56, 56, 56, 56, 56, 56, 56, 56, 56, 56, 56, 56, 56, 56, 56, 56, 56, 56, 56, 56, 56, 56, 56, 56], False], '195': [[55, 55, 55, 55, 55, 55, 55, 55, 55, 55, 55, 55, 55, 55, 55, 55, 55, 55, 55, 55, 55, 55, 55, 55, 55], False], '199': [[53, 53, 53, 53, 53, 53, 53, 53, 53, 53, 53, 53, 53, 53, 53, 53, 53, 53, 53, 53, 53, 53, 53, 53, 53], False], '202': [[52, 52, 52, 52, 52, 52, 52, 52, 52, 52, 52, 52, 52, 52, 52, 52, 52, 51, 51, 51, 51, 51, 51, 51, 51], False], '205': [[51, 51, 51, 51, 51, 51, 51, 51, 51, 51, 51, 51, 50, 50, 50, 50, 50, 50, 50, 50, 50, 50, 50, 50, 50], False], '208': [[50, 50, 50, 50, 50, 50, 50, 50, 49, 49, 49, 49, 49, 49, 49, 49, 49, 49, 49, 49, 49, 49, 49, 49, 49], False], '214': [[47, 47, 47, 47, 47, 47, 47, 47, 47, 47, 47, 47, 47, 47, 47, 47, 47, 47, 47, 47, 47, 47, 47, 47, 47], False], '217': [[46, 46, 46, 46, 46, 46, 46, 46, 46, 46, 46, 46, 46, 46, 46, 46, 46, 46, 46, 46, 46, 46, 46, 46, 46], False], '220': [[45, 45, 45, 45, 45, 45, 45, 45, 45, 45, 45, 45, 45, 45, 45, 45, 45, 45, 45, 45, 45, 45, 44, 44, 44], False]}
dict_keys(['189', '192', '195', '199', '202', '205', '208', '214', '217', '220'])
[189, 192, 195, 199, 202, 205, 208, 214, 217, 220]
Queue: [224, 227, 242, 245, 249, 255, 258, 261, 270, 274]
arn:aws:lambda:us-east-1:858228748133:function:getHiscores7
{'224': [[43, 43, 43, 43, 43, 43, 43, 43, 43, 43, 43, 43, 43, 43, 43, 43, 43, 43, 43, 43, 43, 43, 43, 43, 43], False], '227': [[42, 42, 42, 42, 42, 42, 42, 42, 42, 42, 42, 42, 42, 42, 42, 42, 42, 42, 42, 42, 42, 42, 42, 42, 42], False], '242': [[38, 37, 37, 37, 37, 37, 37, 37, 37, 37, 37, 37, 37, 37, 37, 37, 37, 37, 37, 37, 37, 37, 37, 37, 37], False], '245': [[37, 37, 37, 37, 37, 36, 36, 36, 36, 36, 36, 36, 36, 36, 36, 36, 36, 36, 36, 36, 36, 36, 36, 36, 36], False], '249': [[35, 35, 35, 35, 35, 35, 35, 35, 35, 35, 35, 35, 35, 35, 35, 35, 35, 35, 35, 35, 35, 35, 35, 35, 35], False], '255': [[34, 33, 33, 33, 33, 33, 33, 33, 33, 33, 33, 33, 33, 33, 33, 33, 33, 33, 33, 33, 33, 33, 33, 33, 33], False], '258': [[33, 33, 33, 33, 33, 33, 33, 33, 33, 33, 33, 33, 33, 33, 33, 32, 32, 32, 32, 32, 32, 32, 32, 32, 32], False], '261': [[32, 32, 32, 32, 32, 32, 32, 32, 32, 32, 32, 32, 32, 32, 32, 32, 32, 32, 32, 32, 32, 32, 32, 32, 32], False], '270': [[30, 30, 30, 30, 30, 30, 30, 29, 29, 29, 29, 29, 29, 29, 29, 29, 29, 29, 29, 29, 29, 29, 29, 29, 29], False], '274': [[28, 28, 28, 28, 28, 28, 28, 28, 28, 28, 28, 28, 28, 28, 28, 28, 28, 28, 28, 28, 28, 28, 28, 28, 28], False]}
dict_keys(['224', '227', '242', '245', '249', '255', '258', '261', '270', '274'])
[224, 227, 242, 245, 249, 255, 258, 261, 270, 274]
Queue: [277, 286, 292, 302, 308, 314, 320, 333, 339, 355]
arn:aws:lambda:us-east-1:858228748133:function:getHiscores3
{'277': [[28, 28, 28, 28, 28, 28, 28, 28, 28, 28, 28, 28, 28, 28, 28, 28, 28, 28, 28, 28, 28, 28, 28, 28, 28], False], '286': [[26, 26, 26, 26, 26, 26, 26, 26, 26, 26, 26, 26, 26, 26, 26, 26, 26, 26, 26, 26, 26, 26, 26, 26, 26], False], '292': [[25, 24, 24, 24, 24, 24, 24, 24, 24, 24, 24, 24, 24, 24, 24, 24, 24, 24, 24, 24, 24, 24, 24, 24, 24], False], '302': [[23, 23, 23, 23, 23, 23, 23, 23, 23, 23, 23, 23, 23, 23, 23, 23, 23, 23, 23, 23, 23, 23, 23, 23, 23], False], '308': [[22, 22, 22, 22, 22, 22, 22, 22, 22, 22, 22, 22, 22, 22, 22, 22, 22, 22, 22, 22, 22, 22, 22, 22, 21], False], '314': [[21, 21, 21, 21, 21, 21, 21, 20, 20, 20, 20, 20, 20, 20, 20, 20, 20, 20, 20, 20, 20, 20, 20, 20, 20], False], '320': [[20, 20, 20, 20, 20, 20, 20, 20, 20, 20, 20, 20, 20, 20, 20, 20, 20, 20, 20, 19, 19, 19, 19, 19, 19], False], '333': [[18, 18, 18, 18, 18, 18, 18, 18, 18, 18, 18, 18, 18, 17, 17, 17, 17, 17, 17, 17, 17, 17, 17, 17, 17], False], '339': [[17, 17, 17, 17, 17, 17, 17, 17, 17, 17, 17, 17, 17, 17, 17, 17, 17, 17, 17, 17, 17, 16, 16, 16, 16], False], '355': [[15, 15, 15, 15, 15, 15, 15, 15, 15, 15, 15, 15, 14, 14, 14, 14, 14, 14, 14, 14, 14, 14, 14, 14, 14], False]}
dict_keys(['277', '286', '292', '302', '308', '314', '320', '333', '339', '355'])
[277, 286, 292, 302, 308, 314, 320, 333, 339, 355]
Queue: [364, 374, 383, 395]
arn:aws:lambda:us-east-1:858228748133:function:getHiscores1
{'364': [[14, 14, 14, 14, 14, 14, 14, 14, 14, 14, 14, 14, 14, 14, 13, 13, 13, 13, 13, 13, 13, 13, 13, 13, 13], False], '374': [[13, 13, 13, 13, 13, 13, 13, 13, 13, 13, 13, 12, 12, 12, 12, 12, 12, 12, 12, 12, 12, 12, 12, 12, 12], False], '383': [[12, 12, 12, 12, 12, 12, 12, 12, 12, 12, 12, 12, 12, 12, 12, 12, 12, 12, 12, 12, 12, 12, 12, 12, 12], False], '395': [[11, 11, 11, 11, 11, 11, 11, 11, 11, 11, 11, 11, 11, 11, 11, 11, 11, 11, 11, 11, 11, 11, 11, 11, 11], False]}
dict_keys(['364', '374', '383', '395'])
[364, 374, 383, 395]
Queue: [3, 6, 9, 12, 15, 18, 21, 23, 25, 28]
arn:aws:lambda:us-east-1:858228748133:function:getHiscores7
{'3': [[1047, 1042, 1037, 1035, 1032, 1028, 1020, 1016, 1002, 1000, 1000, 999, 996, 992, 987, 965, 953, 947, 946, 937, 937, 931, 931, 929, 916], False], '6': [[710, 709, 708, 705, 701, 700, 697, 696, 695, 695, 693, 692, 690, 688, 688, 688, 686, 684, 684, 683, 678, 678, 676, 673, 672], False], '9': [[585, 585, 584, 582, 581, 581, 580, 579, 578, 578, 577, 576, 574, 573, 570, 569, 569, 568, 567, 567, 565, 564, 564, 563, 562], False], '12': [[522, 521, 521, 519, 518, 515, 514, 514, 513, 513, 512, 512, 512, 512, 511, 509, 508, 508, 507, 507, 507, 506, 506, 506, 504], False], '15': [[458, 458, 457, 457, 456, 456, 456, 455, 455, 455, 455, 455, 454, 454, 453, 453, 452, 452, 451, 451, 450, 450, 450, 448, 447], False], '18': [[423, 423, 422, 422, 422, 421, 420, 419, 418, 418, 417, 417, 416, 416, 416, 415, 415, 414, 414, 413, 413, 413, 412, 412, 412], False], '21': [[390, 390, 390, 389, 389, 388, 388, 387, 386, 386, 386, 385, 384, 384, 383, 383, 383, 383, 382, 382, 382, 380, 379, 379, 378], False], '23': [[370, 369, 369, 369, 369, 368, 368, 368, 368, 367, 367, 367, 366, 365, 365, 364, 364, 363, 363, 362, 362, 362, 361, 361, 360], False], '25': [[352, 352, 351, 350, 350, 350, 350, 350, 349, 348, 347, 347, 346, 346, 346, 346, 344, 344, 342, 342, 342, 341, 341, 341, 340], False], '28': [[324, 323, 323, 323, 322, 322, 322, 322, 322, 322, 321, 321, 321, 321, 321, 320, 320, 320, 320, 320, 320, 320, 320, 319, 318], False]}
dict_keys(['3', '6', '9', '12', '15', '18', '21', '23', '25', '28'])
[3, 6, 9, 12, 15, 18, 21, 23, 25, 28]
Queue: [31, 34, 37, 40, 43, 46, 48, 50, 53, 56]
arn:aws:lambda:us-east-1:858228748133:function:getHiscores6
{'31': [[304, 304, 304, 304, 303, 303, 303, 302, 302, 302, 302, 302, 302, 302, 301, 301, 300, 300, 300, 300, 300, 300, 299, 299, 299], False], '34': [[289, 289, 289, 289, 288, 288, 288, 288, 287, 287, 287, 287, 286, 286, 286, 285, 285, 285, 285, 285, 285, 284, 283, 283, 283], False], '37': [[275, 275, 274, 274, 274, 274, 274, 273, 273, 273, 273, 273, 272, 272, 272, 272, 271, 271, 271, 271, 270, 270, 270, 269, 269], False], '40': [[261, 260, 260, 260, 260, 260, 260, 260, 260, 260, 259, 259, 259, 259, 259, 259, 259, 259, 259, 259, 258, 258, 258, 258, 257], False], '43': [[249, 248, 248, 248, 248, 248, 248, 248, 248, 247, 247, 247, 247, 247, 247, 246, 246, 246, 246, 246, 246, 246, 246, 246, 245], False], '46': [[238, 238, 238, 237, 237, 237, 237, 237, 236, 236, 236, 236, 236, 236, 236, 236, 236, 236, 236, 235, 235, 235, 235, 235, 235], False], '48': [[231, 231, 231, 230, 230, 230, 230, 230, 230, 230, 230, 230, 230, 230, 230, 229, 229, 229, 229, 229, 229, 229, 228, 228, 228], False], '50': [[225, 224, 224, 224, 224, 224, 224, 224, 224, 224, 223, 223, 223, 223, 223, 223, 223, 223, 223, 223, 223, 222, 222, 222, 222], False], '53': [[215, 215, 214, 214, 214, 214, 214, 214, 214, 214, 214, 214, 214, 214, 214, 214, 214, 214, 213, 213, 213, 213, 213, 213, 213], False], '56': [[207, 207, 207, 207, 207, 207, 207, 207, 207, 207, 206, 206, 206, 206, 206, 206, 206, 206, 206, 206, 206, 206, 206, 205, 205], False]}
dict_keys(['31', '34', '37', '40', '43', '46', '48', '50', '53', '56'])
[31, 34, 37, 40, 43, 46, 48, 50, 53, 56]
Queue: [59, 62, 65, 68, 71, 73, 75, 78, 81, 84]
arn:aws:lambda:us-east-1:858228748133:function:getHiscores8
{'59': [[200, 200, 200, 200, 200, 200, 200, 200, 200, 200, 200, 200, 200, 200, 200, 200, 200, 200, 200, 200, 200, 199, 199, 199, 199], False], '62': [[194, 194, 193, 193, 193, 193, 193, 193, 193, 193, 193, 193, 193, 193, 192, 192, 192, 192, 192, 192, 192, 192, 192, 192, 192], False], '65': [[188, 188, 188, 187, 187, 187, 187, 187, 187, 187, 187, 187, 187, 187, 186, 186, 186, 186, 186, 186, 186, 186, 186, 186, 186], False], '68': [[182, 181, 181, 181, 181, 181, 181, 181, 181, 180, 180, 180, 180, 180, 180, 180, 180, 180, 180, 179, 179, 179, 179, 179, 179], False], '71': [[175, 175, 175, 175, 175, 175, 175, 175, 175, 174, 174, 174, 174, 174, 174, 174, 174, 174, 174, 174, 174, 174, 173, 173, 173], False], '73': [[171, 171, 171, 171, 171, 171, 171, 171, 170, 170, 170, 170, 170, 170, 170, 170, 170, 169, 169, 169, 169, 169, 169, 169, 169], False], '75': [[167, 167, 167, 167, 167, 167, 167, 167, 166, 166, 166, 166, 166, 166, 166, 166, 166, 166, 166, 166, 165, 165, 165, 165, 165], False], '78': [[162, 162, 161, 161, 161, 161, 161, 161, 161, 161, 161, 161, 161, 161, 161, 161, 161, 161, 160, 160, 160, 160, 160, 160, 160], False], '81': [[157, 157, 157, 157, 157, 157, 157, 157, 157, 157, 157, 157, 156, 156, 156, 156, 156, 156, 156, 156, 156, 156, 156, 156, 155], False], '84': [[151, 151, 151, 151, 151, 150, 150, 150, 150, 150, 150, 150, 150, 150, 150, 150, 150, 150, 150, 150, 150, 150, 149, 149, 149], False]}
dict_keys(['59', '62', '65', '68', '71', '73', '75', '78', '81', '84'])
[59, 62, 65, 68, 71, 73, 75, 78, 81, 84]
Queue: [87, 90, 93, 96, 98, 100, 103, 106, 109, 112]
arn:aws:lambda:us-east-1:858228748133:function:getHiscores8
{'87': [[146, 146, 146, 146, 146, 146, 146, 146, 145, 145, 145, 145, 145, 145, 145, 145, 145, 145, 145, 145, 145, 145, 145, 145, 145], False], '90': [[142, 142, 142, 142, 142, 142, 142, 142, 142, 142, 142, 142, 141, 141, 141, 141, 141, 141, 141, 141, 141, 141, 141, 141, 141], False], '93': [[138, 138, 138, 137, 137, 137, 137, 137, 137, 137, 137, 137, 137, 137, 137, 137, 137, 137, 137, 137, 137, 136, 136, 136, 136], False], '96': [[133, 133, 133, 133, 133, 133, 133, 133, 133, 133, 133, 133, 133, 133, 133, 133, 133, 132, 132, 132, 132, 132, 132, 132, 132], False], '98': [[131, 131, 131, 131, 131, 131, 131, 131, 131, 131, 130, 130, 130, 130, 130, 130, 130, 130, 130, 130, 130, 130, 130, 130, 130], False], '100': [[129, 129, 129, 129, 129, 129, 129, 128, 128, 128, 128, 128, 128, 128, 128, 128, 128, 128, 128, 128, 128, 128, 127, 127, 127], False], '103': [[125, 125, 125, 125, 125, 125, 125, 125, 125, 124, 124, 124, 124, 124, 124, 124, 124, 124, 124, 124, 124, 124, 124, 124, 124], False], '106': [[121, 121, 121, 121, 121, 121, 120, 120, 120, 120, 120, 120, 120, 120, 120, 120, 120, 120, 120, 120, 120, 120, 120, 120, 120], False], '109': [[117, 117, 117, 117, 117, 117, 117, 117, 117, 117, 117, 117, 117, 117, 116, 116, 116, 116, 116, 116, 116, 116, 116, 116, 116], False], '112': [[114, 114, 114, 114, 114, 114, 114, 114, 114, 114, 114, 114, 114, 114, 114, 114, 114, 113, 113, 113, 113, 113, 113, 113, 113], False]}
dict_keys(['87', '90', '93', '96', '98', '100', '103', '106', '109', '112'])
[87, 90, 93, 96, 98, 100, 103, 106, 109, 112]
Queue: [115, 118, 121, 123, 125, 128, 134, 137, 143, 146]
arn:aws:lambda:us-east-1:858228748133:function:getHiscores4
{'115': [[111, 111, 111, 111, 111, 111, 111, 111, 111, 111, 111, 111, 111, 111, 111, 111, 111, 111, 111, 111, 111, 111, 110, 110, 110], False], '118': [[108, 108, 108, 108, 108, 108, 108, 108, 108, 108, 108, 108, 108, 108, 108, 108, 108, 108, 108, 108, 108, 108, 108, 108, 107], False], '121': [[106, 106, 106, 106, 106, 106, 106, 106, 106, 105, 105, 105, 105, 105, 105, 105, 105, 105, 105, 105, 105, 105, 105, 105, 105], False], '123': [[104, 104, 104, 104, 104, 104, 104, 104, 104, 104, 104, 104, 103, 103, 103, 103, 103, 103, 103, 103, 103, 103, 103, 103, 103], False], '125': [[102, 102, 102, 102, 102, 102, 102, 102, 102, 102, 102, 102, 102, 102, 102, 102, 102, 102, 102, 101, 101, 101, 101, 101, 101], False], '128': [[100, 100, 100, 100, 100, 100, 100, 100, 100, 100, 100, 100, 100, 100, 100, 100, 100, 100, 100, 100, 100, 100, 99, 99, 99], False], '134': [[94, 94, 94, 94, 94, 94, 94, 94, 94, 94, 94, 94, 94, 94, 94, 94, 94, 94, 94, 94, 94, 94, 94, 94, 94], False], '137': [[92, 92, 92, 92, 92, 92, 92, 92, 92, 92, 91, 91, 91, 91, 91, 91, 91, 91, 91, 91, 91, 91, 91, 91, 91], False], '143': [[87, 87, 87, 87, 87, 87, 87, 86, 86, 86, 86, 86, 86, 86, 86, 86, 86, 86, 86, 86, 86, 86, 86, 86, 86], False], '146': [[85, 85, 85, 84, 84, 84, 84, 84, 84, 84, 84, 84, 84, 84, 84, 84, 84, 84, 84, 84, 84, 84, 84, 84, 84], False]}
dict_keys(['115', '118', '121', '123', '125', '128', '134', '137', '143', '146'])
[115, 118, 121, 123, 125, 128, 134, 137, 143, 146]
Queue: [148, 150, 153, 162, 168, 171, 173, 175, 178, 181]
arn:aws:lambda:us-east-1:858228748133:function:getHiscores4
{'148': [[83, 83, 83, 83, 83, 83, 83, 83, 83, 83, 83, 83, 83, 83, 83, 83, 83, 83, 82, 82, 82, 82, 82, 82, 82], False], '150': [[82, 82, 81, 81, 81, 81, 81, 81, 81, 81, 81, 81, 81, 81, 81, 81, 81, 81, 81, 81, 81, 81, 81, 81, 81], False], '153': [[79, 79, 79, 79, 79, 79, 79, 79, 79, 79, 79, 79, 79, 79, 79, 79, 79, 79, 79, 79, 79, 79, 79, 79, 78], False], '162': [[73, 73, 73, 73, 73, 73, 73, 73, 73, 73, 73, 73, 73, 73, 73, 73, 73, 73, 73, 73, 73, 73, 73, 73, 73], False], '168': [[69, 69, 69, 69, 69, 69, 69, 69, 69, 69, 69, 69, 69, 69, 69, 69, 69, 69, 69, 69, 69, 69, 69, 69, 69], False], '171': [[68, 68, 68, 68, 68, 68, 68, 68, 68, 68, 68, 68, 67, 67, 67, 67, 67, 67, 67, 67, 67, 67, 67, 67, 67], False], '173': [[67, 67, 67, 67, 67, 66, 66, 66, 66, 66, 66, 66, 66, 66, 66, 66, 66, 66, 66, 66, 66, 66, 66, 66, 66], False], '175': [[66, 66, 65, 65, 65, 65, 65, 65, 65, 65, 65, 65, 65, 65, 65, 65, 65, 65, 65, 65, 65, 65, 65, 65, 65], False], '178': [[64, 64, 64, 63, 63, 63, 63, 63, 63, 63, 63, 63, 63, 63, 63, 63, 63, 63, 63, 63, 63, 63, 63, 63, 63], False], '181': [[62, 62, 62, 62, 62, 61, 61, 61, 61, 61, 61, 61, 61, 61, 61, 61, 61, 61, 61, 61, 61, 61, 61, 61, 61], False]}
dict_keys(['148', '150', '153', '162', '168', '171', '173', '175', '178', '181'])
[148, 150, 153, 162, 168, 171, 173, 175, 178, 181]
Queue: [187, 193, 196, 198, 200, 215, 218, 223, 228, 248]
arn:aws:lambda:us-east-1:858228748133:function:getHiscores10
{'187': [[59, 59, 59, 59, 59, 59, 59, 59, 59, 59, 59, 59, 59, 59, 59, 59, 59, 59, 59, 59, 59, 58, 58, 58, 58], False], '193': [[56, 56, 56, 56, 56, 56, 56, 56, 56, 56, 56, 56, 56, 56, 56, 56, 56, 56, 56, 55, 55, 55, 55, 55, 55], False], '196': [[55, 55, 55, 55, 55, 54, 54, 54, 54, 54, 54, 54, 54, 54, 54, 54, 54, 54, 54, 54, 54, 54, 54, 54, 54], False], '198': [[54, 53, 53, 53, 53, 53, 53, 53, 53, 53, 53, 53, 53, 53, 53, 53, 53, 53, 53, 53, 53, 53, 53, 53, 53], False], '200': [[53, 53, 53, 53, 53, 53, 53, 52, 52, 52, 52, 52, 52, 52, 52, 52, 52, 52, 52, 52, 52, 52, 52, 52, 52], False], '215': [[47, 47, 47, 47, 47, 47, 47, 47, 46, 46, 46, 46, 46, 46, 46, 46, 46, 46, 46, 46, 46, 46, 46, 46, 46], False], '218': [[46, 46, 46, 45, 45, 45, 45, 45, 45, 45, 45, 45, 45, 45, 45, 45, 45, 45, 45, 45, 45, 45, 45, 45, 45], False], '223': [[44, 44, 44, 44, 44, 44, 44, 44, 44, 44, 44, 44, 44, 44, 44, 44, 44, 44, 44, 44, 43, 43, 43, 43, 43], False], '228': [[42, 42, 42, 42, 42, 42, 42, 42, 42, 42, 42, 42, 42, 42, 42, 42, 42, 42, 42, 42, 42, 42, 42, 42, 42], False], '248': [[36, 36, 36, 36, 36, 35, 35, 35, 35, 35, 35, 35, 35, 35, 35, 35, 35, 35, 35, 35, 35, 35, 35, 35, 35], False]}
dict_keys(['187', '193', '196', '198', '200', '215', '218', '223', '228', '248'])
[187, 193, 196, 198, 200, 215, 218, 223, 228, 248]
Queue: [262, 273, 278, 287, 303, 384, 396]
arn:aws:lambda:us-east-1:858228748133:function:getHiscores6
{'262': [[32, 32, 32, 32, 32, 32, 32, 32, 31, 31, 31, 31, 31, 31, 31, 31, 31, 31, 31, 31, 31, 31, 31, 31, 31], False], '273': [[29, 29, 29, 29, 29, 29, 29, 29, 29, 29, 29, 29, 29, 29, 29, 29, 29, 29, 29, 29, 29, 28, 28, 28, 28], False], '278': [[28, 28, 28, 28, 28, 28, 28, 27, 27, 27, 27, 27, 27, 27, 27, 27, 27, 27, 27, 27, 27, 27, 27, 27, 27], False], '287': [[26, 26, 26, 26, 26, 26, 26, 26, 26, 26, 26, 26, 26, 26, 26, 25, 25, 25, 25, 25, 25, 25, 25, 25, 25], False], '303': [[23, 23, 23, 23, 23, 23, 23, 23, 23, 22, 22, 22, 22, 22, 22, 22, 22, 22, 22, 22, 22, 22, 22, 22, 22], False], '384': [[12, 12, 12, 12, 12, 12, 12, 12, 12, 12, 12, 12, 12, 12, 12, 12, 12, 12, 12, 12, 11, 11, 11, 11, 11], False], '396': [[11, 11, 11, 11, 11, 11, 11, 11, 11, 11, 11, 11, 11, 11, 11, 11, 11, 11, 10, 10, 10, 10, 10, 10, 10], False]}
dict_keys(['262', '273', '278', '287', '303', '384', '396'])
[262, 273, 278, 287, 303, 384, 396]
[None, [2692, 2479, 2406, 2370, 2246, 2221, 2127, 2103, 2080, 2005, 2000, 2000, 2000, 1847, 1834, 1750, 1749, 1573, 1572, 1491, 1490, 1472, 1460, 1359, 1331], [1321, 1287, 1282, 1223, 1221, 1202, 1183, 1177, 1175, 1168, 1145, 1137, 1129, 1120, 1116, 1113, 1112, 1087, 1086, 1085, 1074, 1071, 1063, 1058, 1052], [1047, 1042, 1037, 1035, 1032, 1028, 1020, 1016, 1002, 1000, 1000, 999, 996, 992, 987, 965, 953, 947, 946, 937, 937, 931, 931, 929, 916], [908, 907, 906, 899, 894, 891, 877, 867, 859, 859, 857, 847, 846, 840, 839, 838, 838, 836, 835, 832, 826, 815, 805, 804, 799], [799, 798, 796, 790, 780, 772, 770, 768, 765, 758, 757, 754, 752, 746, 740, 738, 731, 730, 729, 725, 725, 724, 721, 721, 714], [710, 709, 708, 705, 701, 700, 697, 696, 695, 695, 693, 692, 690, 688, 688, 688, 686, 684, 684, 683, 678, 678, 676, 673, 672], [672, 672, 672, 665, 665, 665, 664, 662, 660, 659, 658, 658, 658, 657, 656, 653, 652, 651, 650, 648, 643, 640, 635, 635, 634], [632, 631, 630, 630, 623, 621, 617, 617, 615, 614, 612, 609, 607, 604, 603, 602, 602, 601, 598, 596, 595, 594, 592, 592, 591], [585, 585, 584, 582, 581, 581, 580, 579, 578, 578, 577, 576, 574, 573, 570, 569, 569, 568, 567, 567, 565, 564, 564, 563, 562], [560, 558, 557, 555, 554, 554, 551, 550, 549, 549, 548, 547, 547, 547, 546, 545, 544, 544, 544, 542, 542, 541, 539, 538, 538], [537, 537, 537, 536, 535, 535, 534, 534, 534, 534, 534, 534, 534, 532, 531, 530, 530, 530, 529, 529, 525, 523, 523, 523, 522], [522, 521, 521, 519, 518, 515, 514, 514, 513, 513, 512, 512, 512, 512, 511, 509, 508, 508, 507, 507, 507, 506, 506, 506, 504], [503, 502, 501, 500, 500, 496, 494, 494, 493, 492, 491, 487, 487, 484, 484, 483, 480, 479, 479, 477, 477, 476, 476, 475, 475], [473, 473, 472, 472, 471, 470, 470, 470, 469, 468, 468, 467, 465, 465, 464, 462, 461, 461, 460, 460, 460, 460, 460, 459, 458], [458, 458, 457, 457, 456, 456, 456, 455, 455, 455, 455, 455, 454, 454, 453, 453, 452, 452, 451, 451, 450, 450, 450, 448, 447], [447, 446, 446, 444, 443, 442, 442, 442, 441, 441, 439, 439, 439, 439, 438, 438, 437, 437, 437, 436, 436, 435, 435, 435, 435], [434, 434, 434, 434, 433, 433, 432, 432, 432, 431, 431, 431, 430, 429, 429, 427, 427, 427, 425, 424, 424, 423, 423, 423, 423], [423, 423, 422, 422, 422, 421, 420, 419, 418, 418, 417, 417, 416, 416, 416, 415, 415, 414, 414, 413, 413, 413, 412, 412, 412], [411, 411, 411, 410, 410, 410, 409, 408, 407, 406, 406, 406, 405, 405, 404, 404, 404, 403, 403, 402, 402, 402, 401, 401, 401], [400, 400, 400, 400, 399, 399, 399, 398, 397, 396, 396, 395, 395, 394, 394, 394, 394, 392, 392, 392, 392, 392, 391, 391, 390], [390, 390, 390, 389, 389, 388, 388, 387, 386, 386, 386, 385, 384, 384, 383, 383, 383, 383, 382, 382, 382, 380, 379, 379, 378], [378, 378, 378, 377, 377, 377, 376, 376, 375, 375, 374, 373, 373, 373, 373, 373, 373, 373, 372, 371, 371, 371, 371, 370, 370], [370, 369, 369, 369, 369, 368, 368, 368, 368, 367, 367, 367, 366, 365, 365, 364, 364, 363, 363, 362, 362, 362, 361, 361, 360], [360, 360, 360, 360, 359, 359, 359, 359, 359, 359, 359, 358, 358, 357, 356, 355, 354, 354, 353, 353, 353, 353, 353, 352, 352], [352, 352, 351, 350, 350, 350, 350, 350, 349, 348, 347, 347, 346, 346, 346, 346, 344, 344, 342, 342, 342, 341, 341, 341, 340], [340, 340, 340, 340, 340, 340, 339, 338, 338, 338, 337, 337, 336, 336, 336, 336, 336, 336, 335, 335, 334, 333, 333, 332, 331], [330, 330, 330, 328, 328, 328, 328, 328, 328, 328, 328, 327, 327, 327, 327, 327, 327, 326, 326, 326, 325, 325, 325, 325, 324], [324, 323, 323, 323, 322, 322, 322, 322, 322, 322, 321, 321, 321, 321, 321, 320, 320, 320, 320, 320, 320, 320, 320, 319, 318], [318, 318, 317, 317, 316, 316, 316, 316, 315, 315, 315, 315, 314, 314, 314, 314, 313, 313, 313, 313, 313, 312, 312, 311, 311], [310, 310, 310, 309, 309, 309, 309, 309, 309, 308, 307, 307, 307, 306, 306, 306, 306, 306, 305, 305, 305, 305, 305, 305, 304], [304, 304, 304, 304, 303, 303, 303, 302, 302, 302, 302, 302, 302, 302, 301, 301, 300, 300, 300, 300, 300, 300, 299, 299, 299], [299, 299, 299, 299, 298, 298, 298, 297, 297, 297, 297, 297, 296, 296, 296, 296, 295, 295, 295, 295, 295, 294, 294, 294, 294], [294, 294, 294, 293, 293, 292, 292, 292, 292, 292, 291, 291, 291, 291, 290, 290, 290, 290, 290, 290, 290, 290, 290, 290, 289], [289, 289, 289, 289, 288, 288, 288, 288, 287, 287, 287, 287, 286, 286, 286, 285, 285, 285, 285, 285, 285, 284, 283, 283, 283], [283, 283, 283, 283, 282, 282, 282, 282, 282, 282, 282, 282, 282, 281, 281, 281, 281, 281, 280, 280, 280, 280, 280, 279, 279], [279, 279, 278, 278, 278, 278, 278, 278, 278, 277, 277, 277, 277, 277, 277, 277, 277, 276, 276, 276, 276, 275, 275, 275, 275], [275, 275, 274, 274, 274, 274, 274, 273, 273, 273, 273, 273, 272, 272, 272, 272, 271, 271, 271, 271, 270, 270, 270, 269, 269], [269, 269, 269, 269, 269, 269, 268, 268, 268, 268, 267, 267, 267, 267, 267, 267, 267, 267, 267, 267, 266, 266, 266, 266, 266], [265, 265, 265, 265, 265, 265, 265, 264, 264, 264, 263, 263, 263, 263, 263, 263, 263, 262, 262, 262, 261, 261, 261, 261, 261], [261, 260, 260, 260, 260, 260, 260, 260, 260, 260, 259, 259, 259, 259, 259, 259, 259, 259, 259, 259, 258, 258, 258, 258, 257], [257, 257, 257, 257, 257, 256, 256, 256, 256, 256, 255, 255, 255, 255, 255, 254, 254, 254, 254, 254, 253, 253, 253, 253, 253], [252, 252, 252, 252, 252, 252, 252, 251, 251, 251, 251, 251, 251, 251, 250, 250, 250, 250, 250, 249, 249, 249, 249, 249, 249], [249, 248, 248, 248, 248, 248, 248, 248, 248, 247, 247, 247, 247, 247, 247, 246, 246, 246, 246, 246, 246, 246, 246, 246, 245], [245, 245, 245, 245, 245, 245, 245, 244, 244, 244, 244, 244, 244, 244, 243, 243, 243, 243, 243, 243, 243, 242, 242, 242, 242], [242, 242, 242, 242, 241, 241, 241, 240, 240, 240, 240, 240, 240, 240, 239, 239, 239, 239, 239, 239, 239, 239, 239, 238, 238], [238, 238, 238, 237, 237, 237, 237, 237, 236, 236, 236, 236, 236, 236, 236, 236, 236, 236, 236, 235, 235, 235, 235, 235, 235], [234, 234, 234, 234, 234, 234, 233, 233, 233, 233, 233, 233, 233, 233, 233, 232, 232, 232, 232, 232, 232, 232, 231, 231, 231], [231, 231, 231, 230, 230, 230, 230, 230, 230, 230, 230, 230, 230, 230, 230, 229, 229, 229, 229, 229, 229, 229, 228, 228, 228], [228, 228, 228, 228, 227, 227, 227, 227, 227, 227, 227, 227, 226, 226, 226, 226, 226, 226, 225, 225, 225, 225, 225, 225, 225], [225, 224, 224, 224, 224, 224, 224, 224, 224, 224, 223, 223, 223, 223, 223, 223, 223, 223, 223, 223, 223, 222, 222, 222, 222], [222, 222, 222, 222, 221, 221, 221, 221, 221, 220, 220, 220, 220, 220, 219, 219, 219, 219, 219, 219, 219, 219, 218, 218, 218], [218, 218, 218, 218, 218, 218, 218, 217, 217, 217, 217, 217, 217, 217, 217, 217, 217, 216, 216, 215, 215, 215, 215, 215, 215], [215, 215, 214, 214, 214, 214, 214, 214, 214, 214, 214, 214, 214, 214, 214, 214, 214, 214, 213, 213, 213, 213, 213, 213, 213], [213, 212, 212, 212, 212, 212, 212, 212, 212, 212, 212, 211, 211, 211, 211, 211, 211, 211, 211, 211, 211, 211, 211, 210, 210], [210, 210, 210, 210, 210, 210, 210, 210, 209, 209, 209, 209, 209, 209, 209, 208, 208, 208, 208, 208, 208, 208, 208, 207, 207], [207, 207, 207, 207, 207, 207, 207, 207, 207, 207, 206, 206, 206, 206, 206, 206, 206, 206, 206, 206, 206, 206, 206, 205, 205], [205, 205, 205, 205, 205, 205, 205, 205, 205, 205, 205, 205, 204, 204, 204, 204, 204, 204, 203, 203, 203, 203, 203, 203, 203], [203, 202, 202, 202, 202, 202, 202, 202, 202, 202, 202, 202, 202, 201, 201, 201, 201, 201, 201, 201, 201, 201, 201, 200, 200], [200, 200, 200, 200, 200, 200, 200, 200, 200, 200, 200, 200, 200, 200, 200, 200, 200, 200, 200, 200, 200, 199, 199, 199, 199], [199, 199, 199, 199, 199, 198, 198, 198, 198, 198, 197, 197, 197, 197, 197, 197, 197, 197, 196, 196, 196, 196, 196, 196, 196], [196, 196, 196, 196, 195, 195, 195, 195, 195, 195, 195, 195, 194, 194, 194, 194, 194, 194, 194, 194, 194, 194, 194, 194, 194], [194, 194, 193, 193, 193, 193, 193, 193, 193, 193, 193, 193, 193, 193, 192, 192, 192, 192, 192, 192, 192, 192, 192, 192, 192], [192, 192, 192, 191, 191, 191, 191, 191, 191, 190, 190, 190, 190, 190, 190, 190, 190, 190, 190, 190, 190, 190, 190, 190, 190], [190, 189, 189, 189, 189, 189, 189, 189, 189, 189, 189, 189, 188, 188, 188, 188, 188, 188, 188, 188, 188, 188, 188, 188, 188], [188, 188, 188, 187, 187, 187, 187, 187, 187, 187, 187, 187, 187, 187, 186, 186, 186, 186, 186, 186, 186, 186, 186, 186, 186], [186, 185, 185, 185, 185, 185, 185, 185, 185, 185, 185, 185, 185, 185, 185, 185, 185, 185, 184, 184, 184, 184, 184, 184, 184], [184, 184, 184, 184, 184, 184, 184, 183, 183, 183, 183, 183, 183, 182, 182, 182, 182, 182, 182, 182, 182, 182, 182, 182, 182], [182, 181, 181, 181, 181, 181, 181, 181, 181, 180, 180, 180, 180, 180, 180, 180, 180, 180, 180, 179, 179, 179, 179, 179, 179], [179, 179, 178, 178, 178, 178, 178, 178, 178, 178, 178, 178, 178, 178, 178, 178, 178, 178, 178, 177, 177, 177, 177, 177, 177], [177, 177, 177, 177, 176, 176, 176, 176, 176, 176, 176, 176, 176, 176, 176, 176, 176, 176, 176, 176, 176, 176, 175, 175, 175], [175, 175, 175, 175, 175, 175, 175, 175, 175, 174, 174, 174, 174, 174, 174, 174, 174, 174, 174, 174, 174, 174, 173, 173, 173], [173, 173, 173, 173, 173, 173, 173, 173, 173, 173, 173, 172, 172, 172, 172, 172, 172, 172, 172, 171, 171, 171, 171, 171, 171], [171, 171, 171, 171, 171, 171, 171, 171, 170, 170, 170, 170, 170, 170, 170, 170, 170, 169, 169, 169, 169, 169, 169, 169, 169], [169, 169, 169, 169, 168, 168, 168, 168, 168, 168, 168, 168, 168, 168, 168, 168, 168, 167, 167, 167, 167, 167, 167, 167, 167], [167, 167, 167, 167, 167, 167, 167, 167, 166, 166, 166, 166, 166, 166, 166, 166, 166, 166, 166, 166, 165, 165, 165, 165, 165], [165, 165, 164, 164, 164, 164, 164, 164, 164, 164, 164, 164, 164, 164, 164, 164, 164, 164, 164, 163, 163, 163, 163, 163, 163], [163, 163, 163, 163, 163, 163, 163, 163, 163, 162, 162, 162, 162, 162, 162, 162, 162, 162, 162, 162, 162, 162, 162, 162, 162], [162, 162, 161, 161, 161, 161, 161, 161, 161, 161, 161, 161, 161, 161, 161, 161, 161, 161, 160, 160, 160, 160, 160, 160, 160], [160, 160, 160, 160, 159, 159, 159, 159, 159, 159, 159, 159, 159, 159, 159, 159, 159, 159, 159, 159, 159, 159, 159, 159, 159], [158, 158, 158, 158, 158, 158, 158, 158, 158, 158, 158, 158, 158, 158, 158, 158, 158, 158, 158, 158, 157, 157, 157, 157, 157], [157, 157, 157, 157, 157, 157, 157, 157, 157, 157, 157, 157, 156, 156, 156, 156, 156, 156, 156, 156, 156, 156, 156, 156, 155], [155, 155, 155, 155, 155, 155, 155, 155, 155, 155, 155, 155, 155, 155, 155, 154, 154, 154, 154, 154, 154, 154, 154, 153, 153], [153, 153, 153, 153, 153, 153, 153, 152, 152, 152, 152, 152, 152, 152, 152, 152, 152, 152, 151, 151, 151, 151, 151, 151, 151], [151, 151, 151, 151, 151, 150, 150, 150, 150, 150, 150, 150, 150, 150, 150, 150, 150, 150, 150, 150, 150, 150, 149, 149, 149], [149, 149, 149, 149, 149, 149, 149, 149, 149, 149, 149, 148, 148, 148, 148, 148, 148, 148, 148, 148, 148, 148, 148, 148, 148], [148, 148, 148, 147, 147, 147, 147, 147, 147, 147, 147, 147, 147, 147, 147, 147, 147, 147, 147, 147, 147, 146, 146, 146, 146], [146, 146, 146, 146, 146, 146, 146, 146, 145, 145, 145, 145, 145, 145, 145, 145, 145, 145, 145, 145, 145, 145, 145, 145, 145], [145, 145, 145, 145, 145, 145, 145, 145, 144, 144, 144, 144, 144, 144, 144, 144, 144, 144, 144, 144, 144, 144, 144, 143, 143], [143, 143, 143, 143, 143, 143, 143, 143, 143, 143, 143, 143, 143, 143, 143, 143, 143, 143, 142, 142, 142, 142, 142, 142, 142], [142, 142, 142, 142, 142, 142, 142, 142, 142, 142, 142, 142, 141, 141, 141, 141, 141, 141, 141, 141, 141, 141, 141, 141, 141], [141, 141, 140, 140, 140, 140, 140, 140, 140, 140, 140, 140, 140, 140, 140, 140, 140, 140, 140, 140, 140, 140, 140, 140, 139], [139, 139, 139, 139, 139, 139, 139, 139, 139, 139, 139, 139, 139, 139, 139, 138, 138, 138, 138, 138, 138, 138, 138, 138, 138], [138, 138, 138, 137, 137, 137, 137, 137, 137, 137, 137, 137, 137, 137, 137, 137, 137, 137, 137, 137, 137, 136, 136, 136, 136], [136, 136, 136, 136, 136, 136, 136, 136, 136, 136, 136, 135, 135, 135, 135, 135, 135, 135, 135, 135, 135, 135, 135, 135, 135], [135, 134, 134, 134, 134, 134, 134, 134, 134, 134, 134, 134, 134, 134, 134, 133, 133, 133, 133, 133, 133, 133, 133, 133, 133], [133, 133, 133, 133, 133, 133, 133, 133, 133, 133, 133, 133, 133, 133, 133, 133, 133, 132, 132, 132, 132, 132, 132, 132, 132], [132, 132, 132, 132, 132, 132, 132, 132, 132, 132, 132, 132, 132, 132, 132, 131, 131, 131, 131, 131, 131, 131, 131, 131, 131], [131, 131, 131, 131, 131, 131, 131, 131, 131, 131, 130, 130, 130, 130, 130, 130, 130, 130, 130, 130, 130, 130, 130, 130, 130], [130, 130, 130, 130, 130, 130, 130, 129, 129, 129, 129, 129, 129, 129, 129, 129, 129, 129, 129, 129, 129, 129, 129, 129, 129], [129, 129, 129, 129, 129, 129, 129, 128, 128, 128, 128, 128, 128, 128, 128, 128, 128, 128, 128, 128, 128, 128, 127, 127, 127], [127, 127, 127, 127, 127, 127, 127, 127, 127, 127, 127, 127, 127, 127, 127, 126, 126, 126, 126, 126, 126, 126, 126, 126, 126], [126, 126, 126, 126, 126, 126, 126, 126, 126, 126, 126, 125, 125, 125, 125, 125, 125, 125, 125, 125, 125, 125, 125, 125, 125], [125, 125, 125, 125, 125, 125, 125, 125, 125, 124, 124, 124, 124, 124, 124, 124, 124, 124, 124, 124, 124, 124, 124, 124, 124], [124, 124, 124, 124, 124, 123, 123, 123, 123, 123, 123, 123, 123, 123, 123, 122, 122, 122, 122, 122, 122, 122, 122, 122, 122], [122, 122, 122, 122, 122, 122, 121, 121, 121, 121, 121, 121, 121, 121, 121, 121, 121, 121, 121, 121, 121, 121, 121, 121, 121], [121, 121, 121, 121, 121, 121, 120, 120, 120, 120, 120, 120, 120, 120, 120, 120, 120, 120, 120, 120, 120, 120, 120, 120, 120], [120, 120, 120, 120, 119, 119, 119, 119, 119, 119, 119, 119, 119, 119, 119, 119, 119, 119, 119, 118, 118, 118, 118, 118, 118], [118, 118, 118, 118, 118, 118, 118, 118, 118, 118, 118, 118, 118, 118, 118, 118, 118, 118, 118, 117, 117, 117, 117, 117, 117], [117, 117, 117, 117, 117, 117, 117, 117, 117, 117, 117, 117, 117, 117, 116, 116, 116, 116, 116, 116, 116, 116, 116, 116, 116], [116, 116, 116, 116, 116, 116, 116, 116, 116, 116, 116, 116, 116, 116, 116, 116, 116, 116, 116, 116, 116, 116, 116, 115, 115], [115, 115, 115, 115, 115, 115, 115, 115, 115, 115, 115, 115, 115, 115, 115, 115, 115, 115, 115, 115, 115, 115, 114, 114, 114], [114, 114, 114, 114, 114, 114, 114, 114, 114, 114, 114, 114, 114, 114, 114, 114, 114, 113, 113, 113, 113, 113, 113, 113, 113], [113, 113, 113, 113, 113, 113, 113, 113, 113, 113, 113, 113, 113, 113, 113, 113, 112, 112, 112, 112, 112, 112, 112, 112, 112], [112, 112, 112, 112, 112, 112, 112, 112, 112, 112, 112, 112, 112, 112, 112, 111, 111, 111, 111, 111, 111, 111, 111, 111, 111], [111, 111, 111, 111, 111, 111, 111, 111, 111, 111, 111, 111, 111, 111, 111, 111, 111, 111, 111, 111, 111, 111, 110, 110, 110], [110, 110, 110, 110, 110, 110, 110, 110, 110, 110, 110, 110, 110, 110, 110, 110, 110, 109, 109, 109, 109, 109, 109, 109, 109], [109, 109, 109, 109, 109, 109, 109, 109, 109, 109, 109, 109, 109, 109, 109, 109, 109, 109, 109, 109, 109, 109, 109, 108, 108], [108, 108, 108, 108, 108, 108, 108, 108, 108, 108, 108, 108, 108, 108, 108, 108, 108, 108, 108, 108, 108, 108, 108, 108, 107], [107, 107, 107, 107, 107, 107, 107, 107, 107, 107, 107, 107, 107, 107, 107, 107, 107, 107, 107, 107, 107, 107, 107, 107, 107], [107, 107, 107, 107, 107, 106, 106, 106, 106, 106, 106, 106, 106, 106, 106, 106, 106, 106, 106, 106, 106, 106, 106, 106, 106], [106, 106, 106, 106, 106, 106, 106, 106, 106, 105, 105, 105, 105, 105, 105, 105, 105, 105, 105, 105, 105, 105, 105, 105, 105], [105, 105, 105, 105, 105, 105, 105, 105, 105, 105, 104, 104, 104, 104, 104, 104, 104, 104, 104, 104, 104, 104, 104, 104, 104], [104, 104, 104, 104, 104, 104, 104, 104, 104, 104, 104, 104, 103, 103, 103, 103, 103, 103, 103, 103, 103, 103, 103, 103, 103], [103, 103, 103, 103, 103, 103, 103, 103, 103, 103, 103, 103, 103, 103, 103, 102, 102, 102, 102, 102, 102, 102, 102, 102, 102], [102, 102, 102, 102, 102, 102, 102, 102, 102, 102, 102, 102, 102, 102, 102, 102, 102, 102, 102, 101, 101, 101, 101, 101, 101], [101, 101, 101, 101, 101, 101, 101, 101, 101, 101, 101, 101, 101, 101, 101, 101, 101, 101, 101, 101, 101, 101, 101, 101, 101], [101, 101, 101, 101, 101, 100, 100, 100, 100, 100, 100, 100, 100, 100, 100, 100, 100, 100, 100, 100, 100, 100, 100, 100, 100], [100, 100, 100, 100, 100, 100, 100, 100, 100, 100, 100, 100, 100, 100, 100, 100, 100, 100, 100, 100, 100, 100, 99, 99, 99], [99, 99, 99, 99, 99, 99, 99, 99, 99, 99, 99, 99, 99, 99, 99, 99, 99, 99, 99, 99, 99, 98, 98, 98, 98], [98, 98, 98, 98, 98, 98, 98, 98, 98, 98, 98, 98, 98, 98, 98, 98, 98, 98, 98, 98, 98, 98, 98, 97, 97], None, [97, 97, 96, 96, 96, 96, 96, 96, 96, 96, 96, 96, 96, 96, 96, 96, 96, 96, 96, 96, 96, 96, 96, 96, 95], [95, 95, 95, 95, 95, 95, 95, 95, 95, 95, 95, 95, 95, 95, 95, 95, 95, 95, 95, 95, 95, 95, 95, 95, 95], [94, 94, 94, 94, 94, 94, 94, 94, 94, 94, 94, 94, 94, 94, 94, 94, 94, 94, 94, 94, 94, 94, 94, 94, 94], [93, 93, 93, 93, 93, 93, 93, 93, 93, 93, 93, 93, 93, 93, 93, 93, 93, 93, 93, 93, 93, 93, 93, 93, 93], [93, 93, 92, 92, 92, 92, 92, 92, 92, 92, 92, 92, 92, 92, 92, 92, 92, 92, 92, 92, 92, 92, 92, 92, 92], [92, 92, 92, 92, 92, 92, 92, 92, 92, 92, 91, 91, 91, 91, 91, 91, 91, 91, 91, 91, 91, 91, 91, 91, 91], [91, 91, 91, 91, 91, 91, 91, 91, 91, 91, 91, 91, 91, 91, 91, 91, 90, 90, 90, 90, 90, 90, 90, 90, 90], [90, 90, 90, 90, 90, 90, 90, 90, 90, 90, 90, 90, 90, 90, 90, 90, 90, 90, 90, 90, 90, 90, 90, 89, 89], None, [89, 88, 88, 88, 88, 88, 88, 88, 88, 88, 88, 88, 88, 88, 88, 88, 88, 88, 88, 88, 88, 88, 88, 88, 88], [88, 88, 88, 87, 87, 87, 87, 87, 87, 87, 87, 87, 87, 87, 87, 87, 87, 87, 87, 87, 87, 87, 87, 87, 87], [87, 87, 87, 87, 87, 87, 87, 86, 86, 86, 86, 86, 86, 86, 86, 86, 86, 86, 86, 86, 86, 86, 86, 86, 86], [86, 86, 86, 86, 86, 86, 86, 86, 86, 86, 86, 86, 86, 86, 86, 86, 86, 86, 86, 85, 85, 85, 85, 85, 85], [85, 85, 85, 85, 85, 85, 85, 85, 85, 85, 85, 85, 85, 85, 85, 85, 85, 85, 85, 85, 85, 85, 85, 85, 85], [85, 85, 85, 84, 84, 84, 84, 84, 84, 84, 84, 84, 84, 84, 84, 84, 84, 84, 84, 84, 84, 84, 84, 84, 84], [84, 84, 84, 84, 84, 84, 84, 84, 84, 84, 84, 84, 84, 83, 83, 83, 83, 83, 83, 83, 83, 83, 83, 83, 83], [83, 83, 83, 83, 83, 83, 83, 83, 83, 83, 83, 83, 83, 83, 83, 83, 83, 83, 82, 82, 82, 82, 82, 82, 82], [82, 82, 82, 82, 82, 82, 82, 82, 82, 82, 82, 82, 82, 82, 82, 82, 82, 82, 82, 82, 82, 82, 82, 82, 82], [82, 82, 81, 81, 81, 81, 81, 81, 81, 81, 81, 81, 81, 81, 81, 81, 81, 81, 81, 81, 81, 81, 81, 81, 81], [81, 81, 81, 81, 81, 81, 81, 81, 80, 80, 80, 80, 80, 80, 80, 80, 80, 80, 80, 80, 80, 80, 80, 80, 80], [80, 80, 80, 80, 80, 80, 80, 80, 80, 80, 80, 80, 79, 79, 79, 79, 79, 79, 79, 79, 79, 79, 79, 79, 79], [79, 79, 79, 79, 79, 79, 79, 79, 79, 79, 79, 79, 79, 79, 79, 79, 79, 79, 79, 79, 79, 79, 79, 79, 78], [78, 78, 78, 78, 78, 78, 78, 78, 78, 78, 78, 78, 78, 78, 78, 78, 78, 78, 78, 78, 78, 78, 78, 78, 78], [78, 78, 78, 78, 78, 78, 78, 78, 78, 78, 78, 78, 78, 78, 78, 77, 77, 77, 77, 77, 77, 77, 77, 77, 77], None, [77, 76, 76, 76, 76, 76, 76, 76, 76, 76, 76, 76, 76, 76, 76, 76, 76, 76, 76, 76, 76, 76, 76, 76, 76], [76, 76, 76, 76, 76, 76, 76, 76, 76, 76, 76, 76, 76, 76, 76, 76, 76, 76, 75, 75, 75, 75, 75, 75, 75], None, [75, 75, 75, 75, 75, 75, 75, 75, 75, 75, 75, 75, 75, 74, 74, 74, 74, 74, 74, 74, 74, 74, 74, 74, 74], [74, 74, 74, 74, 74, 74, 74, 74, 74, 74, 74, 74, 74, 74, 74, 74, 74, 74, 73, 73, 73, 73, 73, 73, 73], [73, 73, 73, 73, 73, 73, 73, 73, 73, 73, 73, 73, 73, 73, 73, 73, 73, 73, 73, 73, 73, 73, 73, 73, 73], [72, 72, 72, 72, 72, 72, 72, 72, 72, 72, 72, 72, 72, 72, 72, 72, 72, 72, 72, 72, 72, 72, 72, 72, 72], [72, 72, 72, 72, 72, 72, 71, 71, 71, 71, 71, 71, 71, 71, 71, 71, 71, 71, 71, 71, 71, 71, 71, 71, 71], None, [71, 71, 71, 70, 70, 70, 70, 70, 70, 70, 70, 70, 70, 70, 70, 70, 70, 70, 70, 70, 70, 70, 70, 70, 70], [70, 70, 70, 70, 70, 70, 70, 70, 70, 70, 70, 70, 70, 70, 70, 70, 70, 70, 70, 70, 70, 70, 70, 70, 70], [69, 69, 69, 69, 69, 69, 69, 69, 69, 69, 69, 69, 69, 69, 69, 69, 69, 69, 69, 69, 69, 69, 69, 69, 69], [69, 69, 69, 69, 69, 69, 69, 69, 69, 69, 69, 69, 69, 68, 68, 68, 68, 68, 68, 68, 68, 68, 68, 68, 68], [68, 68, 68, 68, 68, 68, 68, 68, 68, 68, 68, 68, 68, 68, 68, 68, 68, 68, 68, 68, 68, 68, 68, 68, 68], [68, 68, 68, 68, 68, 68, 68, 68, 68, 68, 68, 68, 67, 67, 67, 67, 67, 67, 67, 67, 67, 67, 67, 67, 67], [67, 67, 67, 67, 67, 67, 67, 67, 67, 67, 67, 67, 67, 67, 67, 67, 67, 67, 67, 67, 67, 67, 67, 67, 67], [67, 67, 67, 67, 67, 66, 66, 66, 66, 66, 66, 66, 66, 66, 66, 66, 66, 66, 66, 66, 66, 66, 66, 66, 66], [66, 66, 66, 66, 66, 66, 66, 66, 66, 66, 66, 66, 66, 66, 66, 66, 66, 66, 66, 66, 66, 66, 66, 66, 66], [66, 66, 65, 65, 65, 65, 65, 65, 65, 65, 65, 65, 65, 65, 65, 65, 65, 65, 65, 65, 65, 65, 65, 65, 65], [65, 65, 65, 65, 65, 65, 65, 65, 64, 64, 64, 64, 64, 64, 64, 64, 64, 64, 64, 64, 64, 64, 64, 64, 64], [64, 64, 64, 64, 64, 64, 64, 64, 64, 64, 64, 64, 64, 64, 64, 64, 64, 64, 64, 64, 64, 64, 64, 64, 64], [64, 64, 64, 63, 63, 63, 63, 63, 63, 63, 63, 63, 63, 63, 63, 63, 63, 63, 63, 63, 63, 63, 63, 63, 63], [63, 63, 63, 63, 63, 63, 63, 63, 63, 63, 63, 63, 63, 63, 63, 63, 63, 63, 63, 63, 62, 62, 62, 62, 62], [62, 62, 62, 62, 62, 62, 62, 62, 62, 62, 62, 62, 62, 62, 62, 62, 62, 62, 62, 62, 62, 62, 62, 62, 62], [62, 62, 62, 62, 62, 61, 61, 61, 61, 61, 61, 61, 61, 61, 61, 61, 61, 61, 61, 61, 61, 61, 61, 61, 61], [61, 61, 61, 61, 61, 61, 61, 61, 61, 61, 61, 61, 61, 61, 61, 61, 61, 61, 61, 61, 61, 61, 61, 61, 61], [61, 61, 61, 61, 61, 61, 61, 61, 61, 61, 61, 61, 61, 61, 60, 60, 60, 60, 60, 60, 60, 60, 60, 60, 60], None, [60, 60, 60, 60, 60, 60, 60, 60, 60, 60, 60, 60, 60, 60, 60, 60, 60, 59, 59, 59, 59, 59, 59, 59, 59], [59, 59, 59, 59, 59, 59, 59, 59, 59, 59, 59, 59, 59, 59, 59, 59, 59, 59, 59, 59, 59, 59, 59, 59, 59], [59, 59, 59, 59, 59, 59, 59, 59, 59, 59, 59, 59, 59, 59, 59, 59, 59, 59, 59, 59, 59, 58, 58, 58, 58], [58, 58, 58, 58, 58, 58, 58, 58, 58, 58, 58, 58, 58, 58, 58, 58, 58, 58, 58, 58, 58, 58, 58, 58, 58], [58, 58, 58, 58, 58, 58, 58, 58, 58, 58, 58, 58, 58, 58, 58, 58, 58, 58, 58, 58, 57, 57, 57, 57, 57], None, [57, 57, 57, 57, 57, 57, 57, 57, 57, 57, 57, 57, 57, 56, 56, 56, 56, 56, 56, 56, 56, 56, 56, 56, 56], [56, 56, 56, 56, 56, 56, 56, 56, 56, 56, 56, 56, 56, 56, 56, 56, 56, 56, 56, 56, 56, 56, 56, 56, 56], [56, 56, 56, 56, 56, 56, 56, 56, 56, 56, 56, 56, 56, 56, 56, 56, 56, 56, 56, 55, 55, 55, 55, 55, 55], [55, 55, 55, 55, 55, 55, 55, 55, 55, 55, 55, 55, 55, 55, 55, 55, 55, 55, 55, 55, 55, 55, 55, 55, 55], [55, 55, 55, 55, 55, 55, 55, 55, 55, 55, 55, 55, 55, 55, 55, 55, 55, 55, 55, 55, 55, 55, 55, 55, 55], [55, 55, 55, 55, 55, 54, 54, 54, 54, 54, 54, 54, 54, 54, 54, 54, 54, 54, 54, 54, 54, 54, 54, 54, 54], [54, 54, 54, 54, 54, 54, 54, 54, 54, 54, 54, 54, 54, 54, 54, 54, 54, 54, 54, 54, 54, 54, 54, 54, 54], [54, 53, 53, 53, 53, 53, 53, 53, 53, 53, 53, 53, 53, 53, 53, 53, 53, 53, 53, 53, 53, 53, 53, 53, 53], [53, 53, 53, 53, 53, 53, 53, 53, 53, 53, 53, 53, 53, 53, 53, 53, 53, 53, 53, 53, 53, 53, 53, 53, 53], [53, 53, 53, 53, 53, 53, 53, 52, 52, 52, 52, 52, 52, 52, 52, 52, 52, 52, 52, 52, 52, 52, 52, 52, 52], [52, 52, 52, 52, 52, 52, 52, 52, 52, 52, 52, 52, 52, 52, 52, 52, 52, 52, 52, 52, 52, 52, 52, 52, 52], [52, 52, 52, 52, 52, 52, 52, 52, 52, 52, 52, 52, 52, 52, 52, 52, 52, 51, 51, 51, 51, 51, 51, 51, 51], None, [51, 51, 51, 51, 51, 51, 51, 51, 51, 51, 51, 51, 51, 51, 51, 51, 51, 51, 51, 51, 51, 51, 51, 51, 51], [51, 51, 51, 51, 51, 51, 51, 51, 51, 51, 51, 51, 50, 50, 50, 50, 50, 50, 50, 50, 50, 50, 50, 50, 50], None, [50, 50, 50, 50, 50, 50, 50, 50, 50, 50, 50, 50, 50, 50, 50, 50, 50, 50, 50, 50, 50, 50, 50, 50, 50], [50, 50, 50, 50, 50, 50, 50, 50, 49, 49, 49, 49, 49, 49, 49, 49, 49, 49, 49, 49, 49, 49, 49, 49, 49], None, [49, 49, 49, 49, 49, 48, 48, 48, 48, 48, 48, 48, 48, 48, 48, 48, 48, 48, 48, 48, 48, 48, 48, 48, 48], None, None, [48, 48, 47, 47, 47, 47, 47, 47, 47, 47, 47, 47, 47, 47, 47, 47, 47, 47, 47, 47, 47, 47, 47, 47, 47], [47, 47, 47, 47, 47, 47, 47, 47, 47, 47, 47, 47, 47, 47, 47, 47, 47, 47, 47, 47, 47, 47, 47, 47, 47], [47, 47, 47, 47, 47, 47, 47, 47, 46, 46, 46, 46, 46, 46, 46, 46, 46, 46, 46, 46, 46, 46, 46, 46, 46], [46, 46, 46, 46, 46, 46, 46, 46, 46, 46, 46, 46, 46, 46, 46, 46, 46, 46, 46, 46, 46, 46, 46, 46, 46], [46, 46, 46, 46, 46, 46, 46, 46, 46, 46, 46, 46, 46, 46, 46, 46, 46, 46, 46, 46, 46, 46, 46, 46, 46], [46, 46, 46, 45, 45, 45, 45, 45, 45, 45, 45, 45, 45, 45, 45, 45, 45, 45, 45, 45, 45, 45, 45, 45, 45], [45, 45, 45, 45, 45, 45, 45, 45, 45, 45, 45, 45, 45, 45, 45, 45, 45, 45, 45, 45, 45, 45, 45, 45, 45], [45, 45, 45, 45, 45, 45, 45, 45, 45, 45, 45, 45, 45, 45, 45, 45, 45, 45, 45, 45, 45, 45, 44, 44, 44], None, [44, 44, 44, 44, 44, 44, 44, 44, 44, 44, 44, 44, 44, 44, 44, 44, 44, 44, 44, 44, 44, 44, 44, 44, 44], [44, 44, 44, 44, 44, 44, 44, 44, 44, 44, 44, 44, 44, 44, 44, 44, 44, 44, 44, 44, 43, 43, 43, 43, 43], [43, 43, 43, 43, 43, 43, 43, 43, 43, 43, 43, 43, 43, 43, 43, 43, 43, 43, 43, 43, 43, 43, 43, 43, 43], None, [43, 43, 43, 43, 43, 43, 42, 42, 42, 42, 42, 42, 42, 42, 42, 42, 42, 42, 42, 42, 42, 42, 42, 42, 42], [42, 42, 42, 42, 42, 42, 42, 42, 42, 42, 42, 42, 42, 42, 42, 42, 42, 42, 42, 42, 42, 42, 42, 42, 42], [42, 42, 42, 42, 42, 42, 42, 42, 42, 42, 42, 42, 42, 42, 42, 42, 42, 42, 42, 42, 42, 42, 42, 42, 42], [41, 41, 41, 41, 41, 41, 41, 41, 41, 41, 41, 41, 41, 41, 41, 41, 41, 41, 41, 41, 41, 41, 41, 41, 41], None, None, [41, 41, 41, 41, 41, 41, 41, 41, 41, 41, 40, 40, 40, 40, 40, 40, 40, 40, 40, 40, 40, 40, 40, 40, 40], None, None, [40, 40, 40, 40, 40, 40, 40, 40, 40, 40, 40, 40, 40, 40, 40, 40, 40, 40, 39, 39, 39, 39, 39, 39, 39], None, None, [39, 39, 39, 39, 39, 39, 39, 39, 39, 39, 39, 39, 39, 39, 39, 39, 39, 38, 38, 38, 38, 38, 38, 38, 38], None, None, [38, 38, 38, 38, 38, 38, 38, 38, 38, 38, 38, 38, 38, 38, 38, 38, 38, 38, 38, 38, 38, 38, 38, 38, 38], [38, 37, 37, 37, 37, 37, 37, 37, 37, 37, 37, 37, 37, 37, 37, 37, 37, 37, 37, 37, 37, 37, 37, 37, 37], None, [37, 37, 37, 37, 37, 37, 37, 37, 37, 37, 37, 37, 37, 37, 37, 37, 37, 37, 37, 37, 37, 37, 37, 37, 37], [37, 37, 37, 37, 37, 36, 36, 36, 36, 36, 36, 36, 36, 36, 36, 36, 36, 36, 36, 36, 36, 36, 36, 36, 36], None, [36, 36, 36, 36, 36, 36, 36, 36, 36, 36, 36, 36, 36, 36, 36, 36, 36, 36, 36, 36, 36, 36, 36, 36, 36], [36, 36, 36, 36, 36, 35, 35, 35, 35, 35, 35, 35, 35, 35, 35, 35, 35, 35, 35, 35, 35, 35, 35, 35, 35], [35, 35, 35, 35, 35, 35, 35, 35, 35, 35, 35, 35, 35, 35, 35, 35, 35, 35, 35, 35, 35, 35, 35, 35, 35], None, [35, 35, 35, 35, 35, 35, 35, 35, 35, 35, 35, 35, 35, 35, 35, 35, 35, 35, 35, 35, 34, 34, 34, 34, 34], None, None, [34, 34, 34, 34, 34, 34, 34, 34, 34, 34, 34, 34, 34, 34, 34, 34, 34, 34, 34, 34, 34, 34, 34, 34, 34], [34, 33, 33, 33, 33, 33, 33, 33, 33, 33, 33, 33, 33, 33, 33, 33, 33, 33, 33, 33, 33, 33, 33, 33, 33], None, [33, 33, 33, 33, 33, 33, 33, 33, 33, 33, 33, 33, 33, 33, 33, 33, 33, 33, 33, 33, 33, 33, 33, 33, 33], [33, 33, 33, 33, 33, 33, 33, 33, 33, 33, 33, 33, 33, 33, 33, 32, 32, 32, 32, 32, 32, 32, 32, 32, 32], None, [32, 32, 32, 32, 32, 32, 32, 32, 32, 32, 32, 32, 32, 32, 32, 32, 32, 32, 32, 32, 32, 32, 32, 32, 32], [32, 32, 32, 32, 32, 32, 32, 32, 32, 32, 32, 32, 32, 32, 32, 32, 32, 32, 32, 32, 32, 32, 32, 32, 32], [32, 32, 32, 32, 32, 32, 32, 32, 31, 31, 31, 31, 31, 31, 31, 31, 31, 31, 31, 31, 31, 31, 31, 31, 31], [31, 31, 31, 31, 31, 31, 31, 31, 31, 31, 31, 31, 31, 31, 31, 31, 31, 31, 31, 31, 31, 31, 31, 31, 31], None, None, [31, 31, 31, 31, 31, 31, 31, 31, 31, 31, 31, 31, 30, 30, 30, 30, 30, 30, 30, 30, 30, 30, 30, 30, 30], None, None, [30, 30, 30, 30, 30, 30, 30, 30, 30, 30, 30, 30, 30, 30, 30, 30, 30, 30, 30, 30, 30, 30, 30, 30, 30], [30, 30, 30, 30, 30, 30, 30, 29, 29, 29, 29, 29, 29, 29, 29, 29, 29, 29, 29, 29, 29, 29, 29, 29, 29], None, [29, 29, 29, 29, 29, 29, 29, 29, 29, 29, 29, 29, 29, 29, 29, 29, 29, 29, 29, 29, 29, 29, 29, 29, 29], [29, 29, 29, 29, 29, 29, 29, 29, 29, 29, 29, 29, 29, 29, 29, 29, 29, 29, 29, 29, 29, 28, 28, 28, 28], [28, 28, 28, 28, 28, 28, 28, 28, 28, 28, 28, 28, 28, 28, 28, 28, 28, 28, 28, 28, 28, 28, 28, 28, 28], None, [28, 28, 28, 28, 28, 28, 28, 28, 28, 28, 28, 28, 28, 28, 28, 28, 28, 28, 28, 28, 28, 28, 28, 28, 28], [28, 28, 28, 28, 28, 28, 28, 28, 28, 28, 28, 28, 28, 28, 28, 28, 28, 28, 28, 28, 28, 28, 28, 28, 28], [28, 28, 28, 28, 28, 28, 28, 27, 27, 27, 27, 27, 27, 27, 27, 27, 27, 27, 27, 27, 27, 27, 27, 27, 27], [27, 27, 27, 27, 27, 27, 27, 27, 27, 27, 27, 27, 27, 27, 27, 27, 27, 27, 27, 27, 27, 27, 27, 27, 27], None, None, [27, 27, 27, 27, 27, 27, 27, 27, 27, 27, 27, 27, 27, 27, 27, 27, 27, 27, 27, 27, 26, 26, 26, 26, 26], None, None, [26, 26, 26, 26, 26, 26, 26, 26, 26, 26, 26, 26, 26, 26, 26, 26, 26, 26, 26, 26, 26, 26, 26, 26, 26], [26, 26, 26, 26, 26, 26, 26, 26, 26, 26, 26, 26, 26, 26, 26, 26, 26, 26, 26, 26, 26, 26, 26, 26, 26], [26, 26, 26, 26, 26, 26, 26, 26, 26, 26, 26, 26, 26, 26, 26, 25, 25, 25, 25, 25, 25, 25, 25, 25, 25], [25, 25, 25, 25, 25, 25, 25, 25, 25, 25, 25, 25, 25, 25, 25, 25, 25, 25, 25, 25, 25, 25, 25, 25, 25], None, None, [25, 25, 25, 25, 25, 25, 25, 25, 25, 25, 25, 25, 25, 25, 25, 25, 25, 25, 25, 25, 25, 25, 25, 25, 25], [25, 24, 24, 24, 24, 24, 24, 24, 24, 24, 24, 24, 24, 24, 24, 24, 24, 24, 24, 24, 24, 24, 24, 24, 24], None, [24, 24, 24, 24, 24, 24, 24, 24, 24, 24, 24, 24, 24, 24, 24, 24, 24, 24, 24, 24, 24, 24, 24, 24, 24], None, None, [24, 24, 24, 24, 24, 24, 24, 24, 24, 24, 24, 24, 23, 23, 23, 23, 23, 23, 23, 23, 23, 23, 23, 23, 23], None, None, None, [23, 23, 23, 23, 23, 23, 23, 23, 23, 23, 23, 23, 23, 23, 23, 23, 23, 23, 23, 23, 23, 23, 23, 23, 23], [23, 23, 23, 23, 23, 23, 23, 23, 23, 23, 23, 23, 23, 23, 23, 23, 23, 23, 23, 23, 23, 23, 23, 23, 23], [23, 23, 23, 23, 23, 23, 23, 23, 23, 22, 22, 22, 22, 22, 22, 22, 22, 22, 22, 22, 22, 22, 22, 22, 22], [22, 22, 22, 22, 22, 22, 22, 22, 22, 22, 22, 22, 22, 22, 22, 22, 22, 22, 22, 22, 22, 22, 22, 22, 22], None, None, [22, 22, 22, 22, 22, 22, 22, 22, 22, 22, 22, 22, 22, 22, 22, 22, 22, 22, 22, 22, 22, 22, 22, 22, 22], [22, 22, 22, 22, 22, 22, 22, 22, 22, 22, 22, 22, 22, 22, 22, 22, 22, 22, 22, 22, 22, 22, 22, 22, 21], None, [21, 21, 21, 21, 21, 21, 21, 21, 21, 21, 21, 21, 21, 21, 21, 21, 21, 21, 21, 21, 21, 21, 21, 21, 21], None, None, [21, 21, 21, 21, 21, 21, 21, 21, 21, 21, 21, 21, 21, 21, 21, 21, 21, 21, 21, 21, 21, 21, 21, 21, 21], [21, 21, 21, 21, 21, 21, 21, 20, 20, 20, 20, 20, 20, 20, 20, 20, 20, 20, 20, 20, 20, 20, 20, 20, 20], None, [20, 20, 20, 20, 20, 20, 20, 20, 20, 20, 20, 20, 20, 20, 20, 20, 20, 20, 20, 20, 20, 20, 20, 20, 20], None, None, [20, 20, 20, 20, 20, 20, 20, 20, 20, 20, 20, 20, 20, 20, 20, 20, 20, 20, 20, 20, 20, 20, 20, 20, 20], [20, 20, 20, 20, 20, 20, 20, 20, 20, 20, 20, 20, 20, 20, 20, 20, 20, 20, 20, 19, 19, 19, 19, 19, 19], None, [19, 19, 19, 19, 19, 19, 19, 19, 19, 19, 19, 19, 19, 19, 19, 19, 19, 19, 19, 19, 19, 19, 19, 19, 19], None, None, None, [19, 19, 19, 19, 19, 19, 19, 19, 19, 19, 19, 19, 19, 19, 18, 18, 18, 18, 18, 18, 18, 18, 18, 18, 18], None, None, None, None, None, [18, 18, 18, 18, 18, 18, 18, 18, 18, 18, 18, 18, 18, 18, 18, 18, 18, 18, 18, 18, 18, 18, 18, 18, 18], [18, 18, 18, 18, 18, 18, 18, 18, 18, 18, 18, 18, 18, 17, 17, 17, 17, 17, 17, 17, 17, 17, 17, 17, 17], None, [17, 17, 17, 17, 17, 17, 17, 17, 17, 17, 17, 17, 17, 17, 17, 17, 17, 17, 17, 17, 17, 17, 17, 17, 17], None, None, [17, 17, 17, 17, 17, 17, 17, 17, 17, 17, 17, 17, 17, 17, 17, 17, 17, 17, 17, 17, 17, 17, 17, 17, 17], [17, 17, 17, 17, 17, 17, 17, 17, 17, 17, 17, 17, 17, 17, 17, 17, 17, 17, 17, 17, 17, 16, 16, 16, 16], None, [16, 16, 16, 16, 16, 16, 16, 16, 16, 16, 16, 16, 16, 16, 16, 16, 16, 16, 16, 16, 16, 16, 16, 16, 16], None, None, [16, 16, 16, 16, 16, 16, 16, 16, 16, 16, 16, 16, 16, 16, 16, 16, 16, 16, 16, 16, 16, 16, 16, 16, 16], None, None, [16, 16, 16, 15, 15, 15, 15, 15, 15, 15, 15, 15, 15, 15, 15, 15, 15, 15, 15, 15, 15, 15, 15, 15, 15], None, None, None, [15, 15, 15, 15, 15, 15, 15, 15, 15, 15, 15, 15, 15, 15, 15, 15, 15, 15, 15, 15, 15, 15, 15, 15, 15], None, None, [15, 15, 15, 15, 15, 15, 15, 15, 15, 15, 15, 15, 15, 15, 15, 15, 15, 15, 15, 15, 15, 15, 15, 15, 15], [15, 15, 15, 15, 15, 15, 15, 15, 15, 15, 15, 15, 14, 14, 14, 14, 14, 14, 14, 14, 14, 14, 14, 14, 14], None, [14, 14, 14, 14, 14, 14, 14, 14, 14, 14, 14, 14, 14, 14, 14, 14, 14, 14, 14, 14, 14, 14, 14, 14, 14], None, None, None, None, None, [14, 14, 14, 14, 14, 14, 14, 14, 14, 14, 14, 14, 14, 14, 14, 14, 14, 14, 14, 14, 14, 14, 14, 14, 14], [14, 14, 14, 14, 14, 14, 14, 14, 14, 14, 14, 14, 14, 14, 13, 13, 13, 13, 13, 13, 13, 13, 13, 13, 13], None, [13, 13, 13, 13, 13, 13, 13, 13, 13, 13, 13, 13, 13, 13, 13, 13, 13, 13, 13, 13, 13, 13, 13, 13, 13], None, None, [13, 13, 13, 13, 13, 13, 13, 13, 13, 13, 13, 13, 13, 13, 13, 13, 13, 13, 13, 13, 13, 13, 13, 13, 13], None, None, [13, 13, 13, 13, 13, 13, 13, 13, 13, 13, 13, 13, 13, 13, 13, 13, 13, 13, 13, 13, 13, 13, 13, 13, 13], None, [13, 13, 13, 13, 13, 13, 13, 13, 13, 13, 13, 12, 12, 12, 12, 12, 12, 12, 12, 12, 12, 12, 12, 12, 12], None, [12, 12, 12, 12, 12, 12, 12, 12, 12, 12, 12, 12, 12, 12, 12, 12, 12, 12, 12, 12, 12, 12, 12, 12, 12], None, None, None, None, None, [12, 12, 12, 12, 12, 12, 12, 12, 12, 12, 12, 12, 12, 12, 12, 12, 12, 12, 12, 12, 12, 12, 12, 12, 12], [12, 12, 12, 12, 12, 12, 12, 12, 12, 12, 12, 12, 12, 12, 12, 12, 12, 12, 12, 12, 12, 12, 12, 12, 12], [12, 12, 12, 12, 12, 12, 12, 12, 12, 12, 12, 12, 12, 12, 12, 12, 12, 12, 12, 12, 11, 11, 11, 11, 11], [11, 11, 11, 11, 11, 11, 11, 11, 11, 11, 11, 11, 11, 11, 11, 11, 11, 11, 11, 11, 11, 11, 11, 11, 11], None, None, [11, 11, 11, 11, 11, 11, 11, 11, 11, 11, 11, 11, 11, 11, 11, 11, 11, 11, 11, 11, 11, 11, 11, 11, 11], None, None, None, None, None, [11, 11, 11, 11, 11, 11, 11, 11, 11, 11, 11, 11, 11, 11, 11, 11, 11, 11, 11, 11, 11, 11, 11, 11, 11], [11, 11, 11, 11, 11, 11, 11, 11, 11, 11, 11, 11, 11, 11, 11, 11, 11, 11, 11, 11, 11, 11, 11, 11, 11], [11, 11, 11, 11, 11, 11, 11, 11, 11, 11, 11, 11, 11, 11, 11, 11, 11, 11, 10, 10, 10, 10, 10, 10, 10], [10, 10, 10, 10, 10, 10, 10, 10, 10, 10, 10, 10, 10, 10, 10, 10, 10, 10, 10, 10, 10, 10, 10, 10, 10], None, None, None, [10, 10, 10, 10, 10, 10, 10, 10, 10, 10, 10, 10, 10, 10, 10, 10, 10, 10, 10, 10, 10, 10, 10, 10, 10], None, None, None, None, None, None, [10, 10, 10, 10, 10, 10, 10, 10, 10, 10, 10, 10, 10, 10, 10, 10, 10, 10, 10, 10, 10, 10, 10, 10, 10], None, [10, 10, 10, 10, 10, 10, 10, 10]]
T: 0	PS: 100
	Estimated kc (min): 1096462
	Estimated kc (avg): 1096462.0
	Estimated kc (max): 1096462
	Total calls: 40
	Total time: 0:07:28.176129
