Trying queue: [1, 101, 201, 301, 401, 501, 601, 701, 801, 901]
arn:aws:lambda:us-east-1:858228748133:function:getHiscores3
Received response...
{'status': 200, 'body': '{"pageData": {"1": [[123456, 68148, 67296, 44404, 40750, 34551, 28229, 24629, 24386, 22678, 22654, 19346, 18830, 17993, 17901, 17887, 17294, 17292, 16525, 16205, 15864, 15470, 15380, 15240, 15212], false], "101": [[3442, 3441, 3441, 3440, 3438, 3438, 3437, 3435, 3435, 3435, 3434, 3433, 3433, 3431, 3431, 3431, 3430, 3430, 3430, 3430, 3429, 3429, 3428, 3427, 3426], false], "201": [[2566, 2565, 2565, 2564, 2564, 2564, 2564, 2564, 2564, 2563, 2563, 2563, 2562, 2562, 2561, 2561, 2561, 2560, 2560, 2560, 2560, 2560, 2559, 2559, 2559], false], "301": [[2125, 2125, 2125, 2125, 2125, 2125, 2124, 2124, 2124, 2124, 2124, 2123, 2123, 2123, 2123, 2123, 2123, 2123, 2122, 2122, 2122, 2122, 2122, 2122, 2122], false], "401": [[1826, 1826, 1826, 1826, 1826, 1825, 1825, 1825, 1825, 1825, 1825, 1825, 1824, 1824, 1824, 1824, 1824, 1824, 1824, 1824, 1824, 1823, 1823, 1823, 1823], false], "501": [[1616, 1615, 1615, 1615, 1615, 1615, 1615, 1615, 1615, 1615, 1615, 1615, 1615, 1615, 1615, 1615, 1615, 1615, 1615, 1615, 1614, 1614, 1614, 1614, 1614], false], "601": [[1453, 1453, 1453, 1453, 1453, 1452, 1452, 1452, 1452, 1452, 1452, 1452, 1452, 1452, 1452, 1452, 1452, 1452, 1452, 1452, 1451, 1451, 1451, 1451, 1451], false], "701": [[1321, 1321, 1321, 1321, 1321, 1321, 1321, 1321, 1321, 1321, 1321, 1321, 1321, 1321, 1320, 1320, 1320, 1320, 1320, 1320, 1320, 1320, 1320, 1320, 1320], false], "801": [[1210, 1210, 1210, 1210, 1210, 1210, 1210, 1210, 1210, 1210, 1210, 1210, 1210, 1210, 1210, 1210, 1210, 1210, 1210, 1210, 1210, 1210, 1210, 1210, 1210], false], "901": [[1116, 1116, 1116, 1116, 1116, 1116, 1115, 1115, 1115, 1115, 1115, 1115, 1115, 1115, 1115, 1115, 1115, 1115, 1115, 1115, 1115, 1115, 1115, 1115, 1115], false]}}'}
{'1': [[123456, 68148, 67296, 44404, 40750, 34551, 28229, 24629, 24386, 22678, 22654, 19346, 18830, 17993, 17901, 17887, 17294, 17292, 16525, 16205, 15864, 15470, 15380, 15240, 15212], False], '101': [[3442, 3441, 3441, 3440, 3438, 3438, 3437, 3435, 3435, 3435, 3434, 3433, 3433, 3431, 3431, 3431, 3430, 3430, 3430, 3430, 3429, 3429, 3428, 3427, 3426], False], '201': [[2566, 2565, 2565, 2564, 2564, 2564, 2564, 2564, 2564, 2563, 2563, 2563, 2562, 2562, 2561, 2561, 2561, 2560, 2560, 2560, 2560, 2560, 2559, 2559, 2559], False], '301': [[2125, 2125, 2125, 2125, 2125, 2125, 2124, 2124, 2124, 2124, 2124, 2123, 2123, 2123, 2123, 2123, 2123, 2123, 2122, 2122, 2122, 2122, 2122, 2122, 2122], False], '401': [[1826, 1826, 1826, 1826, 1826, 1825, 1825, 1825, 1825, 1825, 1825, 1825, 1824, 1824, 1824, 1824, 1824, 1824, 1824, 1824, 1824, 1823, 1823, 1823, 1823], False], '501': [[1616, 1615, 1615, 1615, 1615, 1615, 1615, 1615, 1615, 1615, 1615, 1615, 1615, 1615, 1615, 1615, 1615, 1615, 1615, 1615, 1614, 1614, 1614, 1614, 1614], False], '601': [[1453, 1453, 1453, 1453, 1453, 1452, 1452, 1452, 1452, 1452, 1452, 1452, 1452, 1452, 1452, 1452, 1452, 1452, 1452, 1452, 1451, 1451, 1451, 1451, 1451], False], '701': [[1321, 1321, 1321, 1321, 1321, 1321, 1321, 1321, 1321, 1321, 1321, 1321, 1321, 1321, 1320, 1320, 1320, 1320, 1320, 1320, 1320, 1320, 1320, 1320, 1320], False], '801': [[1210, 1210, 1210, 1210, 1210, 1210, 1210, 1210, 1210, 1210, 1210, 1210, 1210, 1210, 1210, 1210, 1210, 1210, 1210, 1210, 1210, 1210, 1210, 1210, 1210], False], '901': [[1116, 1116, 1116, 1116, 1116, 1116, 1115, 1115, 1115, 1115, 1115, 1115, 1115, 1115, 1115, 1115, 1115, 1115, 1115, 1115, 1115, 1115, 1115, 1115, 1115], False]}
dict_keys(['1', '101', '201', '301', '401', '501', '601', '701', '801', '901'])
[1, 101, 201, 301, 401, 501, 601, 701, 801, 901]
Trying queue: [1001, 1101, 1201, 1301, 1401, 1501, 1601, 1701, 1801, 1901]
arn:aws:lambda:us-east-1:858228748133:function:getHiscores9
Received response...
{'status': 200, 'body': '{"pageData": {"1001": [[1036, 1036, 1036, 1036, 1036, 1036, 1036, 1036, 1036, 1036, 1036, 1036, 1036, 1036, 1036, 1036, 1036, 1036, 1036, 1036, 1036, 1036, 1036, 1036, 1036], false], "1101": [[970, 970, 970, 970, 970, 970, 970, 970, 970, 970, 970, 970, 970, 970, 970, 970, 970, 970, 970, 970, 970, 970, 970, 970, 970], false], "1201": [[902, 902, 902, 902, 902, 902, 902, 902, 902, 902, 902, 902, 902, 902, 902, 902, 902, 902, 901, 901, 901, 901, 901, 901, 901], false], "1301": [[841, 841, 841, 841, 841, 841, 841, 841, 841, 841, 841, 841, 840, 840, 840, 840, 840, 840, 840, 840, 840, 840, 840, 840, 840], false], "1401": [[789, 789, 789, 789, 789, 789, 789, 789, 789, 789, 789, 789, 789, 789, 789, 789, 789, 789, 789, 789, 789, 789, 789, 789, 789], false], "1501": [[740, 740, 740, 740, 740, 740, 740, 740, 740, 740, 740, 740, 740, 740, 740, 740, 740, 740, 740, 740, 740, 740, 740, 740, 740], false], "1601": [[695, 695, 695, 695, 695, 695, 695, 695, 695, 695, 695, 694, 694, 694, 694, 694, 694, 694, 694, 694, 694, 694, 694, 694, 694], false], "1701": [[655, 655, 655, 655, 655, 655, 655, 655, 655, 655, 655, 655, 655, 655, 655, 655, 655, 655, 654, 654, 654, 654, 654, 654, 654], false], "1801": [[615, 614, 614, 614, 614, 614, 614, 614, 614, 614, 614, 614, 614, 614, 614, 614, 614, 614, 614, 614, 614, 614, 614, 614, 614], false], "1901": [[576, 576, 576, 576, 576, 576, 576, 576, 575, 575, 575, 575, 575, 575, 575, 575, 575, 575, 575, 575, 575, 575, 575, 575, 575], false]}}'}
{'1001': [[1036, 1036, 1036, 1036, 1036, 1036, 1036, 1036, 1036, 1036, 1036, 1036, 1036, 1036, 1036, 1036, 1036, 1036, 1036, 1036, 1036, 1036, 1036, 1036, 1036], False], '1101': [[970, 970, 970, 970, 970, 970, 970, 970, 970, 970, 970, 970, 970, 970, 970, 970, 970, 970, 970, 970, 970, 970, 970, 970, 970], False], '1201': [[902, 902, 902, 902, 902, 902, 902, 902, 902, 902, 902, 902, 902, 902, 902, 902, 902, 902, 901, 901, 901, 901, 901, 901, 901], False], '1301': [[841, 841, 841, 841, 841, 841, 841, 841, 841, 841, 841, 841, 840, 840, 840, 840, 840, 840, 840, 840, 840, 840, 840, 840, 840], False], '1401': [[789, 789, 789, 789, 789, 789, 789, 789, 789, 789, 789, 789, 789, 789, 789, 789, 789, 789, 789, 789, 789, 789, 789, 789, 789], False], '1501': [[740, 740, 740, 740, 740, 740, 740, 740, 740, 740, 740, 740, 740, 740, 740, 740, 740, 740, 740, 740, 740, 740, 740, 740, 740], False], '1601': [[695, 695, 695, 695, 695, 695, 695, 695, 695, 695, 695, 694, 694, 694, 694, 694, 694, 694, 694, 694, 694, 694, 694, 694, 694], False], '1701': [[655, 655, 655, 655, 655, 655, 655, 655, 655, 655, 655, 655, 655, 655, 655, 655, 655, 655, 654, 654, 654, 654, 654, 654, 654], False], '1801': [[615, 614, 614, 614, 614, 614, 614, 614, 614, 614, 614, 614, 614, 614, 614, 614, 614, 614, 614, 614, 614, 614, 614, 614, 614], False], '1901': [[576, 576, 576, 576, 576, 576, 576, 576, 575, 575, 575, 575, 575, 575, 575, 575, 575, 575, 575, 575, 575, 575, 575, 575, 575], False]}
dict_keys(['1001', '1101', '1201', '1301', '1401', '1501', '1601', '1701', '1801', '1901'])
[1001, 1101, 1201, 1301, 1401, 1501, 1601, 1701, 1801, 1901]
Trying queue: [2001, 2101, 2201, 2301, 2401, 2501, 2601, 2701, 2801, 2901]
arn:aws:lambda:us-east-1:858228748133:function:getHiscores8
Received response...
{'status': 200, 'body': '{"pageData": {"2001": [[541, 541, 541, 541, 541, 541, 541, 541, 541, 541, 541, 541, 541, 541, 541, 541, 541, 540, 540, 540, 540, 540, 540, 540, 540], false], "2101": [[509, 509, 509, 509, 509, 509, 509, 509, 509, 509, 509, 509, 509, 509, 509, 509, 509, 509, 509, 509, 509, 509, 509, 509, 509], false], "2201": [[480, 480, 480, 480, 480, 480, 480, 480, 480, 480, 480, 480, 480, 480, 480, 480, 480, 480, 480, 480, 480, 480, 480, 480, 480], false], "2301": [[451, 451, 451, 451, 451, 451, 451, 451, 451, 451, 451, 451, 451, 451, 451, 451, 451, 451, 451, 451, 451, 451, 451, 451, 451], false], "2401": [[421, 421, 421, 421, 421, 421, 421, 421, 421, 421, 421, 421, 421, 421, 421, 421, 421, 421, 421, 421, 421, 420, 420, 420, 420], false], "2501": [[393, 393, 393, 393, 393, 393, 393, 393, 393, 393, 393, 393, 393, 393, 393, 393, 393, 393, 393, 393, 393, 393, 393, 393, 393], false], "2601": [[366, 366, 366, 366, 366, 366, 366, 366, 366, 366, 366, 366, 366, 366, 366, 366, 366, 366, 366, 366, 366, 366, 366, 366, 365], false], "2701": [[344, 344, 344, 344, 344, 344, 344, 344, 344, 344, 344, 344, 344, 344, 344, 344, 344, 344, 344, 344, 344, 344, 344, 344, 344], false], "2801": [[324, 324, 324, 324, 324, 324, 324, 324, 324, 324, 324, 324, 324, 324, 324, 324, 324, 324, 324, 324, 324, 324, 324, 324, 324], false], "2901": [[304, 304, 304, 304, 304, 304, 304, 304, 304, 304, 304, 304, 304, 304, 304, 304, 304, 304, 304, 304, 304, 304, 304, 304, 304], false]}}'}
{'2001': [[541, 541, 541, 541, 541, 541, 541, 541, 541, 541, 541, 541, 541, 541, 541, 541, 541, 540, 540, 540, 540, 540, 540, 540, 540], False], '2101': [[509, 509, 509, 509, 509, 509, 509, 509, 509, 509, 509, 509, 509, 509, 509, 509, 509, 509, 509, 509, 509, 509, 509, 509, 509], False], '2201': [[480, 480, 480, 480, 480, 480, 480, 480, 480, 480, 480, 480, 480, 480, 480, 480, 480, 480, 480, 480, 480, 480, 480, 480, 480], False], '2301': [[451, 451, 451, 451, 451, 451, 451, 451, 451, 451, 451, 451, 451, 451, 451, 451, 451, 451, 451, 451, 451, 451, 451, 451, 451], False], '2401': [[421, 421, 421, 421, 421, 421, 421, 421, 421, 421, 421, 421, 421, 421, 421, 421, 421, 421, 421, 421, 421, 420, 420, 420, 420], False], '2501': [[393, 393, 393, 393, 393, 393, 393, 393, 393, 393, 393, 393, 393, 393, 393, 393, 393, 393, 393, 393, 393, 393, 393, 393, 393], False], '2601': [[366, 366, 366, 366, 366, 366, 366, 366, 366, 366, 366, 366, 366, 366, 366, 366, 366, 366, 366, 366, 366, 366, 366, 366, 365], False], '2701': [[344, 344, 344, 344, 344, 344, 344, 344, 344, 344, 344, 344, 344, 344, 344, 344, 344, 344, 344, 344, 344, 344, 344, 344, 344], False], '2801': [[324, 324, 324, 324, 324, 324, 324, 324, 324, 324, 324, 324, 324, 324, 324, 324, 324, 324, 324, 324, 324, 324, 324, 324, 324], False], '2901': [[304, 304, 304, 304, 304, 304, 304, 304, 304, 304, 304, 304, 304, 304, 304, 304, 304, 304, 304, 304, 304, 304, 304, 304, 304], False]}
dict_keys(['2001', '2101', '2201', '2301', '2401', '2501', '2601', '2701', '2801', '2901'])
[2001, 2101, 2201, 2301, 2401, 2501, 2601, 2701, 2801, 2901]
Trying queue: [3001, 3101, 3201, 3301, 3401, 3501, 3601, 3701, 3801, 3901]
arn:aws:lambda:us-east-1:858228748133:function:getHiscores5
Received response...
{'status': 200, 'body': '{"pageData": {"3001": [[283, 283, 283, 283, 283, 283, 283, 283, 283, 283, 283, 283, 283, 283, 283, 283, 283, 283, 283, 283, 283, 283, 283, 283, 283], false], "3101": [[261, 261, 261, 261, 261, 261, 261, 261, 261, 261, 261, 261, 261, 261, 261, 261, 261, 261, 261, 261, 261, 261, 261, 261, 261], false], "3201": [[238, 238, 238, 238, 238, 238, 238, 238, 238, 238, 238, 238, 238, 238, 238, 238, 238, 238, 238, 238, 238, 238, 238, 238, 238], false], "3301": [[218, 218, 218, 218, 218, 218, 218, 218, 218, 218, 218, 218, 218, 218, 218, 218, 218, 218, 218, 218, 218, 218, 218, 218, 218], false], "3401": [[201, 201, 201, 201, 201, 201, 201, 201, 201, 201, 201, 201, 201, 201, 201, 201, 201, 201, 201, 201, 201, 201, 201, 201, 201], false], "3501": [[187, 187, 187, 187, 187, 187, 187, 187, 187, 187, 187, 187, 187, 187, 187, 187, 187, 187, 187, 187, 187, 187, 187, 187, 187], false], "3601": [[174, 174, 174, 174, 174, 174, 174, 174, 174, 174, 174, 174, 174, 174, 174, 174, 174, 174, 174, 174, 174, 174, 174, 174, 174], false], "3701": [[162, 162, 162, 162, 162, 162, 162, 162, 162, 162, 162, 162, 162, 162, 162, 162, 162, 162, 162, 162, 162, 162, 162, 162, 161], false], "3801": [[150, 150, 150, 150, 150, 150, 150, 150, 150, 150, 150, 150, 150, 150, 150, 150, 150, 150, 150, 150, 150, 150, 150, 150, 150], false], "3901": [[139, 139, 139, 139, 139, 139, 139, 139, 139, 138, 138, 138, 138, 138, 138, 138, 138, 138, 138, 138, 138, 138, 138, 138, 138], false]}}'}
{'3001': [[283, 283, 283, 283, 283, 283, 283, 283, 283, 283, 283, 283, 283, 283, 283, 283, 283, 283, 283, 283, 283, 283, 283, 283, 283], False], '3101': [[261, 261, 261, 261, 261, 261, 261, 261, 261, 261, 261, 261, 261, 261, 261, 261, 261, 261, 261, 261, 261, 261, 261, 261, 261], False], '3201': [[238, 238, 238, 238, 238, 238, 238, 238, 238, 238, 238, 238, 238, 238, 238, 238, 238, 238, 238, 238, 238, 238, 238, 238, 238], False], '3301': [[218, 218, 218, 218, 218, 218, 218, 218, 218, 218, 218, 218, 218, 218, 218, 218, 218, 218, 218, 218, 218, 218, 218, 218, 218], False], '3401': [[201, 201, 201, 201, 201, 201, 201, 201, 201, 201, 201, 201, 201, 201, 201, 201, 201, 201, 201, 201, 201, 201, 201, 201, 201], False], '3501': [[187, 187, 187, 187, 187, 187, 187, 187, 187, 187, 187, 187, 187, 187, 187, 187, 187, 187, 187, 187, 187, 187, 187, 187, 187], False], '3601': [[174, 174, 174, 174, 174, 174, 174, 174, 174, 174, 174, 174, 174, 174, 174, 174, 174, 174, 174, 174, 174, 174, 174, 174, 174], False], '3701': [[162, 162, 162, 162, 162, 162, 162, 162, 162, 162, 162, 162, 162, 162, 162, 162, 162, 162, 162, 162, 162, 162, 162, 162, 161], False], '3801': [[150, 150, 150, 150, 150, 150, 150, 150, 150, 150, 150, 150, 150, 150, 150, 150, 150, 150, 150, 150, 150, 150, 150, 150, 150], False], '3901': [[139, 139, 139, 139, 139, 139, 139, 139, 139, 138, 138, 138, 138, 138, 138, 138, 138, 138, 138, 138, 138, 138, 138, 138, 138], False]}
dict_keys(['3001', '3101', '3201', '3301', '3401', '3501', '3601', '3701', '3801', '3901'])
[3001, 3101, 3201, 3301, 3401, 3501, 3601, 3701, 3801, 3901]
Trying queue: [4001, 4101, 4201, 4301, 4401, 4501, 4601, 4701, 4801, 4901]
arn:aws:lambda:us-east-1:858228748133:function:getHiscores9
Received response...
{'status': 200, 'body': '{"pageData": {"4001": [[126, 126, 126, 126, 126, 126, 126, 126, 126, 126, 126, 126, 126, 126, 126, 126, 126, 126, 126, 126, 126, 126, 126, 126, 126], false], "4101": [[111, 111, 111, 111, 111, 111, 111, 111, 111, 111, 111, 111, 111, 111, 111, 111, 111, 111, 111, 111, 111, 111, 111, 111, 111], false], "4201": [[100, 100, 100, 100, 100, 100, 99, 99, 99, 99, 99, 99, 99, 99, 99, 99, 99, 99, 99, 99, 99, 99, 99, 99, 99], false], "4301": [[85, 85, 85, 85, 85, 85, 85, 85, 85, 85, 85, 85, 85, 85, 85, 85, 85, 85, 85, 85, 85, 85, 85, 85, 85], false], "4401": [[72, 72, 72, 72, 72, 72, 72, 72, 72, 72, 72, 72, 72, 72, 72, 72, 72, 72, 72, 72, 72, 72, 72, 72, 72], false], "4501": [[63, 63, 63, 63, 63, 63, 63, 63, 63, 63, 63, 63, 63, 63, 63, 63, 63, 63, 63, 63, 63, 63, 63, 63, 63], false], "4601": [[54, 54, 54, 54, 54, 54, 54, 54, 54, 54, 54, 54, 54, 54, 54, 54, 54, 54, 54, 54, 54, 54, 54, 54, 54], false], "4701": [null, false], "4801": [null, false], "4901": [null, false]}}'}
{'4001': [[126, 126, 126, 126, 126, 126, 126, 126, 126, 126, 126, 126, 126, 126, 126, 126, 126, 126, 126, 126, 126, 126, 126, 126, 126], False], '4101': [[111, 111, 111, 111, 111, 111, 111, 111, 111, 111, 111, 111, 111, 111, 111, 111, 111, 111, 111, 111, 111, 111, 111, 111, 111], False], '4201': [[100, 100, 100, 100, 100, 100, 99, 99, 99, 99, 99, 99, 99, 99, 99, 99, 99, 99, 99, 99, 99, 99, 99, 99, 99], False], '4301': [[85, 85, 85, 85, 85, 85, 85, 85, 85, 85, 85, 85, 85, 85, 85, 85, 85, 85, 85, 85, 85, 85, 85, 85, 85], False], '4401': [[72, 72, 72, 72, 72, 72, 72, 72, 72, 72, 72, 72, 72, 72, 72, 72, 72, 72, 72, 72, 72, 72, 72, 72, 72], False], '4501': [[63, 63, 63, 63, 63, 63, 63, 63, 63, 63, 63, 63, 63, 63, 63, 63, 63, 63, 63, 63, 63, 63, 63, 63, 63], False], '4601': [[54, 54, 54, 54, 54, 54, 54, 54, 54, 54, 54, 54, 54, 54, 54, 54, 54, 54, 54, 54, 54, 54, 54, 54, 54], False], '4701': [None, False], '4801': [None, False], '4901': [None, False]}
dict_keys(['4001', '4101', '4201', '4301', '4401', '4501', '4601', '4701', '4801', '4901'])
[4001, 4101, 4201, 4301, 4401, 4501, 4601]
Looking for last page...
Trying page 4601
arn:aws:lambda:us-east-1:858228748133:function:getHiscores3
{'4601': [[54, 54, 54, 54, 54, 54, 54, 54, 54, 54, 54, 54, 54, 54, 54, 54, 54, 54, 54, 54, 54, 54, 54, 54, 54], False]}
dict_keys(['4601'])
[4601]
Trying page 4651
arn:aws:lambda:us-east-1:858228748133:function:getHiscores3
{'4651': [[50, 50, 50, 50, 50, 50, 50, 50, 50, 50, 50, 50, 50, 50, 50, 50, 50, 50, 50, 50, 50, 50, 50, 50, 50], False]}
dict_keys(['4651'])
[4651]
Trying page 4676
arn:aws:lambda:us-east-1:858228748133:function:getHiscores7
{'4676': [None, False]}
dict_keys(['4676'])
[]
Trying page 4664
arn:aws:lambda:us-east-1:858228748133:function:getHiscores8
{'4664': [[50, 50, 50, 50, 50, 50, 50, 50, 50, 50, 50, 50, 50, 50, 50, 50, 50, 50, 50, 50, 50, 50, 50, 50, 50], False]}
dict_keys(['4664'])
[4664]
Trying page 4670
arn:aws:lambda:us-east-1:858228748133:function:getHiscores10
{'4670': [[50, 50, 50, 50, 50, 50, 50, 50, 50, 50, 50, 50, 50, 50, 50, 50, 50, 50, 50, 50, 50, 50, 50, 50, 50], False]}
dict_keys(['4670'])
[4670]
Trying page 4673
arn:aws:lambda:us-east-1:858228748133:function:getHiscores10
{'4673': [None, False]}
dict_keys(['4673'])
[]
Trying page 4672
arn:aws:lambda:us-east-1:858228748133:function:getHiscores1
{'4672': [None, None]}
dict_keys(['4672'])
[]
Trying page 4671
arn:aws:lambda:us-east-1:858228748133:function:getHiscores5
{'4671': [None, None]}
dict_keys(['4671'])
[]
Trying page 4670
arn:aws:lambda:us-east-1:858228748133:function:getHiscores5
{'4670': [None, None]}
dict_keys(['4670'])
[]
Trying page 4669
arn:aws:lambda:us-east-1:858228748133:function:getHiscores10
{'4669': [[50, 50, 50, 50, 50, 50, 50, 50, 50, 50, 50, 50, 50, 50, 50, 50, 50, 50, 50, 50, 50, 50, 50, 50, 50], False]}
dict_keys(['4669'])
[4669]
Trying page 4670
arn:aws:lambda:us-east-1:858228748133:function:getHiscores4
{'4670': [[50, 50, 50, 50, 50, 50, 50, 50, 50, 50, 50, 50, 50, 50, 50, 50, 50, 50, 50, 50, 50, 50, 50, 50, 50], False]}
dict_keys(['4670'])
[4670]
Trying page 4671
arn:aws:lambda:us-east-1:858228748133:function:getHiscores8
{'4671': [[50, 50, 50, 50, 50, 50, 50, 50, 50, 50, 50, 50, 50, 50, 50, 50, 50, 50, 50, 50, 50, 50, 50, 50, 50], False]}
dict_keys(['4671'])
[4671]
Could not find last page after 12 attempts. Aborting...
