Trying queue: [1, 101, 201, 301, 401, 501, 601, 701, 801, 901]
arn:aws:lambda:us-east-1:858228748133:function:getHiscores2
Received response...
{'status': 200, 'body': '{"pageData": {"1": [[62830, 51392, 25285, 23696, 21932, 21634, 21146, 20208, 16603, 16348, 16197, 16000, 15737, 15528, 15263, 15171, 15001, 14900, 14823, 14692, 14450, 14444, 14371, 14298, 14267], false], "101": [[2708, 2705, 2705, 2705, 2704, 2702, 2701, 2701, 2700, 2700, 2700, 2700, 2700, 2700, 2700, 2700, 2699, 2698, 2697, 2697, 2697, 2692, 2692, 2691, 2691], false], "201": [[1750, 1750, 1750, 1750, 1750, 1750, 1750, 1750, 1750, 1750, 1749, 1749, 1749, 1748, 1748, 1748, 1748, 1748, 1748, 1747, 1747, 1747, 1747, 1746, 1746], false], "301": [[1319, 1319, 1319, 1319, 1319, 1319, 1319, 1319, 1319, 1319, 1318, 1318, 1318, 1318, 1318, 1318, 1318, 1317, 1317, 1317, 1317, 1317, 1316, 1316, 1316], false], "401": [[1074, 1074, 1074, 1074, 1074, 1074, 1074, 1074, 1074, 1074, 1074, 1074, 1073, 1073, 1073, 1073, 1073, 1073, 1073, 1073, 1073, 1073, 1073, 1072, 1072], false], "501": [[906, 906, 906, 906, 906, 906, 905, 905, 905, 905, 905, 905, 905, 905, 905, 905, 905, 905, 904, 904, 904, 904, 904, 904, 904], false], "601": [[767, 767, 767, 767, 767, 767, 766, 766, 766, 766, 766, 766, 766, 766, 766, 766, 766, 766, 766, 766, 766, 766, 766, 766, 765], false], "701": [[667, 667, 667, 666, 666, 666, 666, 666, 666, 666, 666, 666, 666, 666, 666, 666, 666, 666, 666, 666, 666, 666, 666, 666, 666], false], "801": [[591, 591, 591, 591, 591, 591, 591, 591, 591, 591, 591, 591, 590, 590, 590, 590, 590, 590, 590, 590, 590, 590, 590, 590, 590], false], "901": [[525, 524, 524, 524, 524, 524, 524, 524, 524, 524, 524, 524, 524, 524, 524, 524, 524, 524, 524, 524, 524, 524, 524, 524, 524], false]}}'}
{'1': [[62830, 51392, 25285, 23696, 21932, 21634, 21146, 20208, 16603, 16348, 16197, 16000, 15737, 15528, 15263, 15171, 15001, 14900, 14823, 14692, 14450, 14444, 14371, 14298, 14267], False], '101': [[2708, 2705, 2705, 2705, 2704, 2702, 2701, 2701, 2700, 2700, 2700, 2700, 2700, 2700, 2700, 2700, 2699, 2698, 2697, 2697, 2697, 2692, 2692, 2691, 2691], False], '201': [[1750, 1750, 1750, 1750, 1750, 1750, 1750, 1750, 1750, 1750, 1749, 1749, 1749, 1748, 1748, 1748, 1748, 1748, 1748, 1747, 1747, 1747, 1747, 1746, 1746], False], '301': [[1319, 1319, 1319, 1319, 1319, 1319, 1319, 1319, 1319, 1319, 1318, 1318, 1318, 1318, 1318, 1318, 1318, 1317, 1317, 1317, 1317, 1317, 1316, 1316, 1316], False], '401': [[1074, 1074, 1074, 1074, 1074, 1074, 1074, 1074, 1074, 1074, 1074, 1074, 1073, 1073, 1073, 1073, 1073, 1073, 1073, 1073, 1073, 1073, 1073, 1072, 1072], False], '501': [[906, 906, 906, 906, 906, 906, 905, 905, 905, 905, 905, 905, 905, 905, 905, 905, 905, 905, 904, 904, 904, 904, 904, 904, 904], False], '601': [[767, 767, 767, 767, 767, 767, 766, 766, 766, 766, 766, 766, 766, 766, 766, 766, 766, 766, 766, 766, 766, 766, 766, 766, 765], False], '701': [[667, 667, 667, 666, 666, 666, 666, 666, 666, 666, 666, 666, 666, 666, 666, 666, 666, 666, 666, 666, 666, 666, 666, 666, 666], False], '801': [[591, 591, 591, 591, 591, 591, 591, 591, 591, 591, 591, 591, 590, 590, 590, 590, 590, 590, 590, 590, 590, 590, 590, 590, 590], False], '901': [[525, 524, 524, 524, 524, 524, 524, 524, 524, 524, 524, 524, 524, 524, 524, 524, 524, 524, 524, 524, 524, 524, 524, 524, 524], False]}
dict_keys(['1', '101', '201', '301', '401', '501', '601', '701', '801', '901'])
[1, 101, 201, 301, 401, 501, 601, 701, 801, 901]
Trying queue: [1001, 1101, 1201, 1301, 1401, 1501, 1601, 1701, 1801, 1901]
arn:aws:lambda:us-east-1:858228748133:function:getHiscores9
Received response...
{'status': 200, 'body': '{"pageData": {"1001": [[476, 476, 476, 476, 476, 476, 476, 476, 476, 476, 476, 476, 476, 476, 476, 476, 476, 476, 476, 476, 476, 476, 476, 476, 476], false], "1101": [[429, 429, 429, 429, 429, 429, 429, 429, 429, 429, 429, 429, 429, 429, 429, 429, 429, 429, 429, 429, 429, 429, 429, 429, 429], false], "1201": [[391, 391, 391, 391, 391, 391, 391, 391, 391, 391, 391, 391, 391, 391, 391, 391, 391, 391, 391, 391, 391, 391, 391, 391, 391], false], "1301": [[357, 357, 357, 357, 357, 357, 357, 357, 357, 357, 357, 357, 357, 357, 357, 357, 357, 357, 357, 357, 357, 357, 357, 357, 357], false], "1401": [[328, 328, 328, 328, 328, 328, 328, 328, 328, 328, 328, 328, 328, 328, 328, 328, 328, 328, 328, 328, 328, 328, 328, 328, 328], false], "1501": [[303, 303, 303, 303, 303, 303, 303, 303, 303, 303, 303, 303, 303, 303, 303, 303, 303, 303, 303, 303, 303, 303, 303, 303, 303], false], "1601": [[282, 282, 282, 282, 282, 282, 282, 282, 282, 282, 282, 282, 282, 282, 282, 282, 282, 282, 282, 282, 282, 282, 282, 282, 282], false], "1701": [[260, 260, 260, 260, 260, 260, 260, 260, 260, 260, 260, 260, 260, 260, 260, 260, 260, 260, 260, 260, 260, 260, 260, 260, 260], false], "1801": [[244, 244, 244, 244, 244, 244, 244, 244, 244, 244, 244, 244, 244, 244, 244, 244, 244, 244, 244, 244, 244, 244, 244, 244, 244], false], "1901": [[227, 227, 227, 227, 227, 227, 227, 227, 227, 227, 227, 227, 227, 227, 227, 227, 227, 227, 227, 227, 227, 227, 227, 227, 227], false]}}'}
{'1001': [[476, 476, 476, 476, 476, 476, 476, 476, 476, 476, 476, 476, 476, 476, 476, 476, 476, 476, 476, 476, 476, 476, 476, 476, 476], False], '1101': [[429, 429, 429, 429, 429, 429, 429, 429, 429, 429, 429, 429, 429, 429, 429, 429, 429, 429, 429, 429, 429, 429, 429, 429, 429], False], '1201': [[391, 391, 391, 391, 391, 391, 391, 391, 391, 391, 391, 391, 391, 391, 391, 391, 391, 391, 391, 391, 391, 391, 391, 391, 391], False], '1301': [[357, 357, 357, 357, 357, 357, 357, 357, 357, 357, 357, 357, 357, 357, 357, 357, 357, 357, 357, 357, 357, 357, 357, 357, 357], False], '1401': [[328, 328, 328, 328, 328, 328, 328, 328, 328, 328, 328, 328, 328, 328, 328, 328, 328, 328, 328, 328, 328, 328, 328, 328, 328], False], '1501': [[303, 303, 303, 303, 303, 303, 303, 303, 303, 303, 303, 303, 303, 303, 303, 303, 303, 303, 303, 303, 303, 303, 303, 303, 303], False], '1601': [[282, 282, 282, 282, 282, 282, 282, 282, 282, 282, 282, 282, 282, 282, 282, 282, 282, 282, 282, 282, 282, 282, 282, 282, 282], False], '1701': [[260, 260, 260, 260, 260, 260, 260, 260, 260, 260, 260, 260, 260, 260, 260, 260, 260, 260, 260, 260, 260, 260, 260, 260, 260], False], '1801': [[244, 244, 244, 244, 244, 244, 244, 244, 244, 244, 244, 244, 244, 244, 244, 244, 244, 244, 244, 244, 244, 244, 244, 244, 244], False], '1901': [[227, 227, 227, 227, 227, 227, 227, 227, 227, 227, 227, 227, 227, 227, 227, 227, 227, 227, 227, 227, 227, 227, 227, 227, 227], False]}
dict_keys(['1001', '1101', '1201', '1301', '1401', '1501', '1601', '1701', '1801', '1901'])
[1001, 1101, 1201, 1301, 1401, 1501, 1601, 1701, 1801, 1901]
Trying queue: [2001, 2101, 2201, 2301, 2401, 2501, 2601, 2701, 2801, 2901]
arn:aws:lambda:us-east-1:858228748133:function:getHiscores5
Received response...
{'status': 200, 'body': '{"pageData": {"2001": [[212, 212, 212, 212, 212, 212, 212, 212, 212, 212, 212, 212, 212, 212, 212, 212, 212, 212, 212, 212, 212, 212, 212, 212, 212], false], "2101": [[200, 200, 200, 200, 200, 200, 200, 200, 200, 200, 200, 200, 200, 200, 200, 200, 200, 200, 200, 200, 200, 200, 200, 200, 200], false], "2201": [[187, 187, 187, 187, 187, 187, 187, 187, 187, 187, 187, 187, 187, 187, 187, 187, 187, 187, 187, 187, 187, 187, 187, 187, 187], false], "2301": [[175, 175, 175, 175, 175, 175, 175, 175, 175, 175, 175, 175, 175, 175, 175, 175, 175, 175, 175, 175, 175, 175, 175, 175, 175], false], "2401": [[164, 164, 164, 164, 164, 164, 164, 164, 164, 164, 164, 164, 164, 164, 164, 164, 164, 164, 164, 164, 164, 164, 164, 164, 164], false], "2501": [[154, 154, 154, 154, 154, 154, 154, 154, 154, 154, 154, 154, 154, 154, 154, 154, 154, 154, 154, 154, 154, 154, 154, 154, 154], false], "2601": [[146, 146, 146, 146, 146, 146, 146, 146, 146, 146, 146, 146, 146, 146, 146, 146, 146, 146, 146, 146, 146, 146, 146, 146, 146], false], "2701": [[137, 137, 137, 137, 137, 137, 137, 137, 137, 137, 137, 137, 137, 137, 137, 137, 137, 137, 137, 137, 137, 137, 137, 137, 137], false], "2801": [[129, 129, 129, 129, 129, 129, 129, 129, 129, 129, 129, 129, 129, 129, 129, 129, 129, 129, 129, 129, 129, 129, 129, 129, 129], false], "2901": [[122, 122, 122, 122, 122, 122, 122, 122, 122, 122, 122, 122, 122, 122, 122, 122, 122, 122, 122, 122, 122, 122, 122, 122, 122], false]}}'}
{'2001': [[212, 212, 212, 212, 212, 212, 212, 212, 212, 212, 212, 212, 212, 212, 212, 212, 212, 212, 212, 212, 212, 212, 212, 212, 212], False], '2101': [[200, 200, 200, 200, 200, 200, 200, 200, 200, 200, 200, 200, 200, 200, 200, 200, 200, 200, 200, 200, 200, 200, 200, 200, 200], False], '2201': [[187, 187, 187, 187, 187, 187, 187, 187, 187, 187, 187, 187, 187, 187, 187, 187, 187, 187, 187, 187, 187, 187, 187, 187, 187], False], '2301': [[175, 175, 175, 175, 175, 175, 175, 175, 175, 175, 175, 175, 175, 175, 175, 175, 175, 175, 175, 175, 175, 175, 175, 175, 175], False], '2401': [[164, 164, 164, 164, 164, 164, 164, 164, 164, 164, 164, 164, 164, 164, 164, 164, 164, 164, 164, 164, 164, 164, 164, 164, 164], False], '2501': [[154, 154, 154, 154, 154, 154, 154, 154, 154, 154, 154, 154, 154, 154, 154, 154, 154, 154, 154, 154, 154, 154, 154, 154, 154], False], '2601': [[146, 146, 146, 146, 146, 146, 146, 146, 146, 146, 146, 146, 146, 146, 146, 146, 146, 146, 146, 146, 146, 146, 146, 146, 146], False], '2701': [[137, 137, 137, 137, 137, 137, 137, 137, 137, 137, 137, 137, 137, 137, 137, 137, 137, 137, 137, 137, 137, 137, 137, 137, 137], False], '2801': [[129, 129, 129, 129, 129, 129, 129, 129, 129, 129, 129, 129, 129, 129, 129, 129, 129, 129, 129, 129, 129, 129, 129, 129, 129], False], '2901': [[122, 122, 122, 122, 122, 122, 122, 122, 122, 122, 122, 122, 122, 122, 122, 122, 122, 122, 122, 122, 122, 122, 122, 122, 122], False]}
dict_keys(['2001', '2101', '2201', '2301', '2401', '2501', '2601', '2701', '2801', '2901'])
[2001, 2101, 2201, 2301, 2401, 2501, 2601, 2701, 2801, 2901]
Trying queue: [3001, 3101, 3201, 3301, 3401, 3501, 3601, 3701, 3801, 3901]
arn:aws:lambda:us-east-1:858228748133:function:getHiscores5
Received response...
{'status': 200, 'body': '{"pageData": {"3001": [[115, 115, 115, 115, 115, 115, 115, 115, 115, 115, 115, 115, 115, 115, 115, 115, 115, 115, 115, 115, 115, 115, 115, 115, 115], false], "3101": [[109, 109, 109, 109, 109, 109, 109, 109, 109, 109, 109, 109, 109, 109, 109, 109, 109, 109, 109, 109, 109, 109, 109, 109, 109], false], "3201": [[103, 103, 103, 103, 103, 103, 103, 103, 103, 103, 103, 103, 103, 103, 103, 103, 103, 103, 103, 103, 103, 103, 103, 103, 103], false], "3301": [[100, 100, 100, 100, 100, 100, 100, 100, 100, 100, 100, 100, 100, 100, 100, 100, 100, 100, 100, 100, 100, 100, 100, 100, 100], false], "3401": [[95, 95, 95, 95, 95, 95, 95, 95, 95, 95, 95, 95, 95, 95, 95, 95, 95, 95, 95, 95, 95, 95, 95, 95, 95], false], "3501": [[89, 89, 89, 89, 89, 89, 89, 89, 89, 89, 89, 89, 89, 89, 89, 89, 89, 89, 89, 89, 89, 89, 89, 89, 89], false], "3601": [[84, 84, 84, 84, 84, 84, 84, 84, 84, 84, 84, 84, 84, 84, 84, 84, 84, 84, 84, 84, 84, 84, 84, 84, 84], false], "3701": [[80, 80, 80, 80, 80, 80, 80, 80, 80, 80, 80, 80, 80, 80, 80, 80, 80, 80, 80, 80, 80, 80, 80, 80, 80], false], "3801": [[75, 75, 75, 75, 75, 75, 75, 75, 75, 75, 75, 75, 75, 75, 75, 75, 75, 75, 75, 75, 75, 75, 75, 75, 75], false], "3901": [[72, 72, 72, 72, 72, 72, 72, 72, 72, 72, 72, 72, 72, 72, 72, 72, 72, 72, 72, 72, 72, 72, 72, 72, 72], false]}}'}
{'3001': [[115, 115, 115, 115, 115, 115, 115, 115, 115, 115, 115, 115, 115, 115, 115, 115, 115, 115, 115, 115, 115, 115, 115, 115, 115], False], '3101': [[109, 109, 109, 109, 109, 109, 109, 109, 109, 109, 109, 109, 109, 109, 109, 109, 109, 109, 109, 109, 109, 109, 109, 109, 109], False], '3201': [[103, 103, 103, 103, 103, 103, 103, 103, 103, 103, 103, 103, 103, 103, 103, 103, 103, 103, 103, 103, 103, 103, 103, 103, 103], False], '3301': [[100, 100, 100, 100, 100, 100, 100, 100, 100, 100, 100, 100, 100, 100, 100, 100, 100, 100, 100, 100, 100, 100, 100, 100, 100], False], '3401': [[95, 95, 95, 95, 95, 95, 95, 95, 95, 95, 95, 95, 95, 95, 95, 95, 95, 95, 95, 95, 95, 95, 95, 95, 95], False], '3501': [[89, 89, 89, 89, 89, 89, 89, 89, 89, 89, 89, 89, 89, 89, 89, 89, 89, 89, 89, 89, 89, 89, 89, 89, 89], False], '3601': [[84, 84, 84, 84, 84, 84, 84, 84, 84, 84, 84, 84, 84, 84, 84, 84, 84, 84, 84, 84, 84, 84, 84, 84, 84], False], '3701': [[80, 80, 80, 80, 80, 80, 80, 80, 80, 80, 80, 80, 80, 80, 80, 80, 80, 80, 80, 80, 80, 80, 80, 80, 80], False], '3801': [[75, 75, 75, 75, 75, 75, 75, 75, 75, 75, 75, 75, 75, 75, 75, 75, 75, 75, 75, 75, 75, 75, 75, 75, 75], False], '3901': [[72, 72, 72, 72, 72, 72, 72, 72, 72, 72, 72, 72, 72, 72, 72, 72, 72, 72, 72, 72, 72, 72, 72, 72, 72], False]}
dict_keys(['3001', '3101', '3201', '3301', '3401', '3501', '3601', '3701', '3801', '3901'])
[3001, 3101, 3201, 3301, 3401, 3501, 3601, 3701, 3801, 3901]
Trying queue: [4001, 4101, 4201, 4301, 4401, 4501, 4601, 4701, 4801, 4901]
arn:aws:lambda:us-east-1:858228748133:function:getHiscores10
Received response...
{'status': 200, 'body': '{"pageData": {"4001": [[70, 70, 70, 70, 70, 70, 70, 70, 70, 70, 70, 70, 70, 70, 70, 70, 70, 70, 70, 70, 70, 70, 70, 70, 70], false], "4101": [[66, 66, 66, 66, 66, 66, 66, 66, 66, 66, 66, 66, 66, 66, 66, 66, 66, 66, 66, 66, 66, 66, 66, 66, 66], false], "4201": [[62, 62, 62, 62, 62, 62, 62, 62, 62, 62, 62, 62, 62, 62, 62, 62, 62, 62, 62, 62, 62, 62, 62, 62, 62], false], "4301": [[59, 59, 59, 59, 59, 59, 59, 59, 59, 59, 59, 59, 59, 59, 59, 59, 59, 59, 59, 59, 59, 59, 59, 59, 59], false], "4401": [[56, 56, 56, 56, 56, 56, 56, 56, 56, 56, 56, 56, 56, 56, 56, 56, 56, 56, 56, 56, 56, 56, 56, 56, 56], false], "4501": [[53, 53, 53, 53, 53, 53, 53, 53, 53, 53, 53, 53, 53, 53, 53, 53, 53, 53, 53, 53, 53, 53, 53, 53, 53], false], "4601": [[51, 51, 51, 51, 51, 51, 51, 51, 51, 51, 51, 51, 51, 51, 51, 51, 51, 51, 51, 51, 51, 51, 51, 51, 51], false], "4701": [null, false], "4801": [null, false], "4901": [null, false]}}'}
{'4001': [[70, 70, 70, 70, 70, 70, 70, 70, 70, 70, 70, 70, 70, 70, 70, 70, 70, 70, 70, 70, 70, 70, 70, 70, 70], False], '4101': [[66, 66, 66, 66, 66, 66, 66, 66, 66, 66, 66, 66, 66, 66, 66, 66, 66, 66, 66, 66, 66, 66, 66, 66, 66], False], '4201': [[62, 62, 62, 62, 62, 62, 62, 62, 62, 62, 62, 62, 62, 62, 62, 62, 62, 62, 62, 62, 62, 62, 62, 62, 62], False], '4301': [[59, 59, 59, 59, 59, 59, 59, 59, 59, 59, 59, 59, 59, 59, 59, 59, 59, 59, 59, 59, 59, 59, 59, 59, 59], False], '4401': [[56, 56, 56, 56, 56, 56, 56, 56, 56, 56, 56, 56, 56, 56, 56, 56, 56, 56, 56, 56, 56, 56, 56, 56, 56], False], '4501': [[53, 53, 53, 53, 53, 53, 53, 53, 53, 53, 53, 53, 53, 53, 53, 53, 53, 53, 53, 53, 53, 53, 53, 53, 53], False], '4601': [[51, 51, 51, 51, 51, 51, 51, 51, 51, 51, 51, 51, 51, 51, 51, 51, 51, 51, 51, 51, 51, 51, 51, 51, 51], False], '4701': [None, False], '4801': [None, False], '4901': [None, False]}
dict_keys(['4001', '4101', '4201', '4301', '4401', '4501', '4601', '4701', '4801', '4901'])
[4001, 4101, 4201, 4301, 4401, 4501, 4601]
Looking for last page...
Trying page 4601
arn:aws:lambda:us-east-1:858228748133:function:getHiscores3
{'4601': [[51, 51, 51, 51, 51, 51, 51, 51, 51, 51, 51, 51, 51, 51, 51, 51, 51, 51, 51, 51, 51, 51, 51, 51, 51], False]}
dict_keys(['4601'])
[4601]
Trying page 4651
arn:aws:lambda:us-east-1:858228748133:function:getHiscores2
{'4651': [[50, 50, 50, 50, 50, 50, 50, 50, 50, 50, 50, 50, 50, 50, 50, 50, 50, 50, 50, 50, 50, 50, 50, 50, 50], False]}
dict_keys(['4651'])
[4651]
Trying page 4676
arn:aws:lambda:us-east-1:858228748133:function:getHiscores4
{'4676': [[50, 50, 50, 50, 50, 50, 50, 50, 50, 50, 50, 50, 50, 50, 50, 50, 50, 50, 50, 50, 50, 50, 50, 50, 50], False]}
dict_keys(['4676'])
[4676]
Trying page 4688
arn:aws:lambda:us-east-1:858228748133:function:getHiscores2
{'4688': [[50, 50, 50, 50, 50, 50, 50, 50, 50, 50, 50, 50, 50, 50, 50, 50, 50, 50, 50, 50, 50, 50, 50, 50, 50], False]}
dict_keys(['4688'])
[4688]
Trying page 4694
arn:aws:lambda:us-east-1:858228748133:function:getHiscores10
{'4694': [None, False]}
dict_keys(['4694'])
[]
Trying page 4691
arn:aws:lambda:us-east-1:858228748133:function:getHiscores4
{'4691': [None, False]}
dict_keys(['4691'])
[]
Trying page 4690
arn:aws:lambda:us-east-1:858228748133:function:getHiscores2
{'4690': [[50, 50, 50, 50, 50, 50, 50, 50, 50, 50, 50, 50, 50, 50, 50, 50, 50, 50, 50, 50, 50, 50], True]}
dict_keys(['4690'])
[4690]
Last page found: 4690
Queue: [51, 151, 251, 351, 451, 551, 651, 751, 851, 951]
arn:aws:lambda:us-east-1:858228748133:function:getHiscores4
{'51': [[3789, 3788, 3787, 3785, 3785, 3784, 3784, 3783, 3782, 3781, 3780, 3777, 3775, 3774, 3773, 3771, 3769, 3764, 3759, 3755, 3750, 3750, 3750, 3747, 3743], False], '151': [[2124, 2124, 2123, 2123, 2122, 2122, 2122, 2121, 2121, 2121, 2121, 2120, 2120, 2119, 2119, 2119, 2119, 2118, 2118, 2116, 2116, 2116, 2115, 2115, 2113], False], '251': [[1503, 1503, 1503, 1503, 1503, 1503, 1502, 1502, 1502, 1502, 1502, 1502, 1502, 1502, 1502, 1502, 1501, 1501, 1501, 1501, 1501, 1500, 1500, 1500, 1500], False], '351': [[1182, 1182, 1182, 1182, 1182, 1182, 1182, 1182, 1182, 1181, 1181, 1181, 1181, 1181, 1181, 1181, 1181, 1181, 1181, 1181, 1181, 1181, 1180, 1180, 1180], False], '451': [[1000, 1000, 1000, 1000, 1000, 1000, 1000, 1000, 1000, 1000, 1000, 1000, 1000, 1000, 1000, 1000, 1000, 1000, 1000, 1000, 1000, 1000, 1000, 1000, 1000], False], '551': [[832, 832, 831, 831, 831, 831, 831, 831, 831, 831, 831, 831, 831, 831, 831, 831, 831, 831, 831, 830, 830, 830, 830, 830, 830], False], '651': [[714, 714, 714, 714, 714, 714, 713, 713, 713, 713, 713, 713, 713, 713, 713, 713, 713, 713, 713, 713, 713, 713, 713, 713, 713], False], '751': [[626, 626, 626, 626, 626, 626, 626, 626, 626, 626, 626, 626, 626, 626, 626, 626, 626, 626, 626, 626, 626, 626, 626, 626, 626], False], '851': [[555, 555, 555, 555, 555, 555, 555, 555, 555, 555, 555, 555, 555, 555, 554, 554, 554, 554, 554, 554, 554, 554, 554, 554, 554], False], '951': [[500, 500, 500, 500, 500, 500, 500, 500, 500, 500, 500, 500, 500, 500, 500, 500, 500, 500, 500, 500, 500, 500, 500, 500, 500], False]}
dict_keys(['51', '151', '251', '351', '451', '551', '651', '751', '851', '951'])
[51, 151, 251, 351, 451, 551, 651, 751, 851, 951]
Queue: [1051, 1151, 1251, 1351, 1451, 1551, 1651, 1751, 1851, 1951]
arn:aws:lambda:us-east-1:858228748133:function:getHiscores3
{'1051': [[451, 451, 451, 451, 451, 451, 451, 451, 451, 451, 451, 451, 451, 451, 450, 450, 450, 450, 450, 450, 450, 450, 450, 450, 450], False], '1151': [[409, 409, 409, 409, 409, 409, 409, 409, 409, 409, 409, 409, 409, 409, 409, 409, 409, 409, 409, 409, 409, 409, 409, 409, 409], False], '1251': [[374, 373, 373, 373, 373, 373, 373, 373, 373, 373, 373, 373, 373, 373, 373, 373, 373, 373, 373, 373, 373, 373, 373, 373, 373], False], '1351': [[343, 343, 343, 343, 343, 343, 343, 343, 343, 343, 343, 343, 343, 343, 343, 343, 343, 343, 343, 343, 343, 343, 343, 343, 343], False], '1451': [[315, 315, 315, 315, 315, 315, 315, 315, 315, 315, 315, 315, 315, 315, 315, 315, 315, 315, 315, 315, 315, 315, 315, 315, 315], False], '1551': [[294, 294, 294, 294, 294, 294, 294, 294, 294, 294, 294, 294, 294, 294, 294, 294, 294, 294, 294, 294, 294, 294, 294, 294, 294], False], '1651': [[271, 271, 271, 271, 271, 271, 271, 271, 271, 271, 271, 271, 271, 271, 271, 271, 271, 271, 271, 271, 271, 271, 271, 271, 271], False], '1751': [[251, 251, 251, 251, 251, 251, 251, 251, 251, 251, 251, 251, 251, 251, 251, 251, 251, 251, 251, 251, 251, 251, 251, 251, 251], False], '1851': [[235, 235, 235, 235, 235, 235, 235, 235, 235, 235, 235, 235, 235, 235, 235, 235, 235, 235, 235, 235, 235, 235, 235, 235, 235], False], '1951': [[219, 219, 219, 219, 219, 219, 219, 219, 219, 219, 219, 219, 219, 219, 219, 219, 219, 219, 219, 219, 219, 219, 219, 219, 219], False]}
dict_keys(['1051', '1151', '1251', '1351', '1451', '1551', '1651', '1751', '1851', '1951'])
[1051, 1151, 1251, 1351, 1451, 1551, 1651, 1751, 1851, 1951]
Queue: [2051, 2151, 2251, 2351, 2451, 2551, 2651, 2751, 2851, 2951]
arn:aws:lambda:us-east-1:858228748133:function:getHiscores8
{'2051': [[205, 205, 205, 205, 205, 205, 205, 205, 205, 205, 205, 205, 205, 205, 205, 205, 205, 205, 205, 205, 205, 205, 205, 205, 205], False], '2151': [[194, 194, 194, 194, 194, 194, 194, 194, 194, 194, 194, 194, 194, 194, 194, 194, 194, 194, 194, 194, 194, 194, 194, 194, 194], False], '2251': [[181, 181, 181, 181, 181, 181, 181, 181, 181, 181, 181, 181, 181, 181, 181, 181, 181, 181, 181, 181, 181, 181, 181, 181, 181], False], '2351': [[170, 170, 170, 170, 170, 170, 170, 170, 170, 170, 170, 170, 170, 170, 170, 170, 170, 170, 170, 170, 170, 170, 170, 170, 170], False], '2451': [[159, 159, 159, 159, 159, 159, 159, 159, 159, 159, 159, 159, 159, 159, 159, 159, 159, 159, 159, 159, 159, 159, 159, 159, 159], False], '2551': [[150, 150, 150, 150, 150, 150, 150, 150, 150, 150, 150, 150, 150, 150, 150, 150, 150, 150, 150, 150, 150, 150, 150, 150, 150], False], '2651': [[141, 141, 141, 141, 141, 141, 141, 141, 141, 141, 141, 141, 141, 141, 141, 141, 141, 141, 141, 141, 141, 141, 141, 141, 141], False], '2751': [[133, 133, 133, 133, 133, 133, 133, 133, 133, 133, 133, 133, 133, 133, 133, 133, 133, 133, 133, 133, 133, 133, 133, 133, 133], False], '2851': [[125, 125, 125, 125, 125, 125, 125, 125, 125, 125, 125, 125, 125, 125, 125, 125, 125, 125, 125, 125, 125, 125, 125, 125, 125], False], '2951': [[118, 118, 118, 118, 118, 118, 118, 118, 118, 118, 118, 118, 118, 118, 118, 118, 118, 118, 118, 118, 118, 118, 118, 118, 118], False]}
dict_keys(['2051', '2151', '2251', '2351', '2451', '2551', '2651', '2751', '2851', '2951'])
[2051, 2151, 2251, 2351, 2451, 2551, 2651, 2751, 2851, 2951]
Queue: [3051, 3151, 3251, 3351, 3451, 3551, 3651, 3751, 3851, 3951]
arn:aws:lambda:us-east-1:858228748133:function:getHiscores3
{'3051': [[112, 112, 112, 112, 112, 112, 112, 112, 112, 112, 112, 112, 112, 112, 112, 112, 112, 112, 112, 112, 112, 112, 112, 112, 112], False], '3151': [[106, 106, 106, 106, 106, 106, 106, 106, 106, 106, 106, 106, 106, 106, 106, 106, 106, 106, 106, 106, 106, 106, 106, 106, 106], False], '3251': [[101, 101, 101, 101, 101, 101, 101, 101, 101, 101, 101, 101, 101, 101, 101, 101, 101, 101, 101, 101, 101, 101, 101, 101, 101], False], '3351': [[98, 98, 98, 98, 98, 98, 98, 98, 98, 98, 98, 98, 98, 98, 98, 98, 98, 98, 98, 98, 98, 98, 98, 98, 98], False], '3451': [[92, 92, 92, 92, 92, 92, 92, 92, 92, 92, 92, 92, 92, 92, 92, 92, 92, 92, 92, 92, 92, 92, 92, 91, 91], False], '3551': [[86, 86, 86, 86, 86, 86, 86, 86, 86, 86, 86, 86, 86, 86, 86, 86, 86, 86, 86, 86, 86, 86, 86, 86, 86], False], '3651': [[82, 82, 82, 82, 82, 82, 82, 82, 82, 82, 82, 82, 82, 82, 82, 82, 82, 82, 82, 82, 82, 82, 82, 82, 82], False], '3751': [[77, 77, 77, 77, 77, 77, 77, 77, 77, 77, 77, 77, 77, 77, 77, 77, 77, 77, 77, 77, 77, 77, 77, 77, 77], False], '3851': [[74, 74, 74, 74, 74, 74, 74, 74, 74, 74, 74, 74, 74, 74, 74, 74, 74, 74, 74, 74, 74, 74, 74, 74, 74], False], '3951': [[71, 71, 71, 71, 71, 71, 71, 71, 71, 71, 71, 71, 71, 71, 71, 71, 71, 71, 71, 71, 71, 71, 71, 71, 71], False]}
dict_keys(['3051', '3151', '3251', '3351', '3451', '3551', '3651', '3751', '3851', '3951'])
[3051, 3151, 3251, 3351, 3451, 3551, 3651, 3751, 3851, 3951]
Queue: [4051, 4151, 4251, 4351, 4451, 4551, 4626]
arn:aws:lambda:us-east-1:858228748133:function:getHiscores6
{'4051': [[68, 68, 68, 68, 68, 68, 68, 68, 68, 68, 68, 68, 68, 68, 68, 68, 68, 68, 68, 68, 68, 68, 68, 68, 68], False], '4151': [[64, 64, 64, 64, 64, 64, 64, 64, 64, 64, 64, 64, 64, 64, 64, 64, 64, 64, 64, 64, 64, 64, 64, 64, 64], False], '4251': [[61, 61, 61, 61, 61, 61, 61, 61, 61, 61, 61, 61, 61, 61, 61, 61, 61, 61, 61, 61, 61, 61, 61, 61, 61], False], '4351': [[57, 57, 57, 57, 57, 57, 57, 57, 57, 57, 57, 57, 57, 57, 57, 57, 57, 57, 57, 57, 57, 57, 57, 57, 57], False], '4451': [[54, 54, 54, 54, 54, 54, 54, 54, 54, 54, 54, 54, 54, 54, 54, 54, 54, 54, 54, 54, 54, 54, 54, 54, 54], False], '4551': [[52, 52, 52, 52, 52, 52, 52, 52, 52, 52, 52, 52, 52, 52, 52, 52, 52, 52, 52, 52, 52, 52, 52, 52, 52], False], '4626': [[50, 50, 50, 50, 50, 50, 50, 50, 50, 50, 50, 50, 50, 50, 50, 50, 50, 50, 50, 50, 50, 50, 50, 50, 50], False]}
dict_keys(['4051', '4151', '4251', '4351', '4451', '4551', '4626'])
[4051, 4151, 4251, 4351, 4451, 4551, 4626]
Queue: [26, 76, 126, 176, 226, 276, 326, 376, 426, 476]
arn:aws:lambda:us-east-1:858228748133:function:getHiscores8
{'26': [[5096, 5086, 5086, 5082, 5077, 5076, 5074, 5073, 5070, 5069, 5069, 5067, 5065, 5061, 5059, 5056, 5044, 5044, 5043, 5038, 5035, 5033, 5033, 5028, 5027], False], '76': [[3100, 3100, 3098, 3097, 3096, 3095, 3093, 3092, 3090, 3090, 3089, 3086, 3086, 3084, 3083, 3082, 3082, 3082, 3082, 3081, 3080, 3080, 3079, 3078, 3077], False], '126': [[2370, 2370, 2369, 2369, 2369, 2368, 2368, 2368, 2367, 2367, 2366, 2366, 2366, 2365, 2365, 2365, 2364, 2363, 2361, 2361, 2360, 2360, 2360, 2359, 2358], False], '176': [[1930, 1930, 1929, 1929, 1928, 1928, 1928, 1928, 1928, 1928, 1927, 1927, 1925, 1925, 1925, 1925, 1925, 1923, 1923, 1923, 1923, 1922, 1922, 1922, 1922], False], '226': [[1617, 1617, 1617, 1616, 1616, 1616, 1616, 1615, 1615, 1615, 1615, 1614, 1614, 1614, 1614, 1613, 1612, 1612, 1612, 1612, 1612, 1612, 1612, 1612, 1612], False], '276': [[1400, 1400, 1400, 1400, 1400, 1400, 1400, 1400, 1400, 1400, 1400, 1400, 1400, 1400, 1400, 1400, 1400, 1400, 1400, 1400, 1400, 1400, 1400, 1400, 1400], False], '326': [[1249, 1248, 1248, 1248, 1248, 1248, 1248, 1248, 1248, 1248, 1247, 1247, 1247, 1247, 1247, 1247, 1247, 1247, 1247, 1246, 1246, 1246, 1246, 1246, 1246], False], '376': [[1123, 1123, 1123, 1123, 1123, 1123, 1123, 1123, 1123, 1123, 1123, 1122, 1122, 1122, 1122, 1122, 1122, 1122, 1122, 1122, 1122, 1122, 1122, 1122, 1121], False], '426': [[1027, 1027, 1027, 1027, 1027, 1027, 1027, 1027, 1027, 1027, 1027, 1027, 1026, 1026, 1026, 1026, 1026, 1026, 1026, 1026, 1026, 1025, 1025, 1025, 1025], False], '476': [[953, 953, 953, 953, 952, 952, 952, 952, 952, 952, 952, 952, 952, 951, 951, 951, 951, 951, 951, 951, 951, 951, 951, 951, 951], False]}
dict_keys(['26', '76', '126', '176', '226', '276', '326', '376', '426', '476'])
[26, 76, 126, 176, 226, 276, 326, 376, 426, 476]
Queue: [526, 576, 626, 676, 726, 776, 826, 876, 926, 976]
arn:aws:lambda:us-east-1:858228748133:function:getHiscores6
{'526': [[868, 868, 868, 868, 868, 868, 867, 867, 867, 867, 867, 867, 867, 867, 867, 867, 867, 867, 867, 866, 866, 866, 866, 866, 866], False], '576': [[800, 800, 800, 800, 800, 800, 800, 800, 800, 800, 800, 800, 800, 800, 800, 800, 800, 800, 800, 799, 799, 799, 799, 799, 799], False], '626': [[740, 740, 740, 740, 740, 740, 740, 739, 739, 739, 739, 739, 739, 739, 739, 739, 739, 739, 739, 739, 739, 739, 739, 739, 739], False], '676': [[690, 690, 690, 690, 690, 690, 690, 690, 690, 690, 690, 690, 690, 690, 690, 690, 690, 689, 689, 689, 689, 689, 689, 689, 689], False], '726': [[647, 647, 647, 647, 647, 647, 647, 647, 647, 647, 647, 647, 647, 647, 647, 647, 647, 647, 647, 647, 647, 647, 647, 647, 647], False], '776': [[607, 607, 607, 607, 607, 607, 607, 607, 606, 606, 606, 606, 606, 606, 606, 606, 606, 606, 606, 606, 606, 606, 606, 606, 606], False], '826': [[572, 572, 572, 572, 572, 572, 572, 571, 571, 571, 571, 571, 571, 571, 571, 571, 571, 571, 571, 571, 571, 571, 571, 571, 571], False], '876': [[540, 540, 540, 540, 540, 540, 540, 540, 540, 540, 540, 540, 540, 540, 540, 540, 540, 540, 540, 540, 540, 540, 539, 539, 539], False], '926': [[510, 510, 510, 510, 510, 510, 510, 510, 510, 510, 510, 510, 510, 510, 510, 510, 510, 510, 510, 510, 510, 510, 510, 510, 510], False], '976': [[490, 490, 490, 490, 490, 490, 490, 490, 490, 490, 490, 490, 490, 490, 490, 490, 490, 490, 490, 490, 490, 490, 490, 490, 490], False]}
dict_keys(['526', '576', '626', '676', '726', '776', '826', '876', '926', '976'])
[526, 576, 626, 676, 726, 776, 826, 876, 926, 976]
Queue: [1026, 1076, 1126, 1176, 1226, 1276, 1326, 1376, 1426, 1476]
arn:aws:lambda:us-east-1:858228748133:function:getHiscores9
{'1026': [[463, 463, 463, 463, 463, 463, 463, 463, 463, 463, 463, 463, 463, 463, 463, 463, 463, 463, 463, 463, 463, 463, 463, 463, 463], False], '1076': [[440, 440, 440, 440, 440, 440, 440, 440, 440, 440, 440, 440, 440, 440, 440, 440, 440, 440, 440, 440, 440, 440, 440, 440, 440], False], '1126': [[420, 420, 420, 420, 420, 420, 420, 420, 420, 420, 420, 420, 419, 419, 419, 419, 419, 419, 419, 419, 419, 419, 419, 419, 419], False], '1176': [[400, 400, 400, 400, 400, 400, 400, 400, 400, 400, 400, 400, 400, 400, 400, 400, 400, 400, 400, 400, 400, 400, 400, 400, 400], False], '1226': [[382, 382, 382, 382, 382, 382, 382, 382, 382, 382, 382, 382, 382, 382, 382, 382, 382, 382, 382, 382, 382, 382, 382, 382, 381], False], '1276': [[365, 365, 365, 365, 365, 365, 365, 365, 365, 365, 365, 365, 365, 365, 365, 365, 365, 365, 365, 365, 365, 365, 365, 365, 365], False], '1326': [[350, 350, 350, 350, 350, 350, 350, 350, 350, 350, 350, 350, 350, 350, 350, 350, 350, 350, 350, 350, 350, 350, 350, 350, 350], False], '1376': [[335, 335, 335, 335, 335, 335, 335, 335, 335, 335, 335, 335, 335, 335, 335, 335, 335, 335, 335, 335, 335, 335, 335, 335, 335], False], '1426': [[322, 322, 322, 322, 322, 322, 322, 322, 322, 322, 322, 322, 322, 322, 322, 322, 322, 322, 322, 322, 322, 322, 322, 322, 322], False], '1476': [[309, 309, 309, 309, 309, 309, 309, 309, 309, 309, 309, 309, 309, 309, 309, 309, 309, 309, 309, 309, 309, 309, 309, 309, 309], False]}
dict_keys(['1026', '1076', '1126', '1176', '1226', '1276', '1326', '1376', '1426', '1476'])
[1026, 1076, 1126, 1176, 1226, 1276, 1326, 1376, 1426, 1476]
Queue: [1526, 1576, 1626, 1676, 1726, 1776, 1826, 1876, 1926, 1976]
arn:aws:lambda:us-east-1:858228748133:function:getHiscores7
{'1526': [[300, 300, 300, 300, 300, 300, 300, 300, 300, 300, 300, 300, 300, 300, 300, 300, 300, 300, 300, 300, 300, 300, 300, 300, 300], False], '1576': [[288, 288, 288, 288, 288, 288, 288, 288, 288, 288, 288, 288, 288, 288, 288, 288, 288, 288, 288, 288, 288, 288, 288, 288, 288], False], '1626': [[276, 276, 276, 276, 276, 276, 276, 276, 276, 276, 276, 276, 276, 276, 276, 276, 276, 276, 276, 276, 276, 276, 276, 276, 276], False], '1676': [[266, 266, 266, 266, 266, 266, 266, 266, 266, 266, 266, 266, 266, 266, 266, 266, 266, 266, 266, 266, 266, 266, 266, 266, 266], False], '1726': [[256, 256, 256, 256, 256, 256, 256, 256, 256, 256, 256, 256, 256, 256, 256, 256, 256, 256, 256, 256, 256, 256, 256, 256, 256], False], '1776': [[248, 248, 248, 248, 248, 248, 248, 248, 248, 248, 248, 248, 248, 248, 248, 248, 248, 248, 248, 248, 248, 248, 248, 248, 248], False], '1826': [[240, 240, 240, 240, 240, 240, 240, 240, 240, 240, 240, 240, 240, 240, 240, 239, 239, 239, 239, 239, 239, 239, 239, 239, 239], False], '1876': [[231, 231, 231, 231, 231, 231, 231, 231, 231, 231, 231, 231, 231, 231, 231, 231, 231, 231, 231, 231, 231, 231, 231, 231, 231], False], '1926': [[223, 223, 223, 223, 223, 223, 223, 223, 223, 223, 223, 223, 223, 223, 223, 223, 223, 223, 223, 223, 223, 223, 223, 223, 223], False], '1976': [[216, 216, 215, 215, 215, 215, 215, 215, 215, 215, 215, 215, 215, 215, 215, 215, 215, 215, 215, 215, 215, 215, 215, 215, 215], False]}
dict_keys(['1526', '1576', '1626', '1676', '1726', '1776', '1826', '1876', '1926', '1976'])
[1526, 1576, 1626, 1676, 1726, 1776, 1826, 1876, 1926, 1976]
Queue: [2026, 2076, 2126, 2176, 2226, 2276, 2326, 2376, 2426, 2476]
arn:aws:lambda:us-east-1:858228748133:function:getHiscores10
{'2026': [[209, 209, 209, 209, 209, 209, 209, 209, 209, 209, 209, 209, 209, 208, 208, 208, 208, 208, 208, 208, 208, 208, 208, 208, 208], False], '2076': [[202, 202, 202, 202, 202, 202, 202, 202, 202, 202, 202, 202, 202, 202, 202, 202, 202, 202, 202, 202, 202, 202, 202, 202, 202], False], '2126': [[199, 199, 199, 199, 199, 199, 199, 199, 198, 198, 198, 198, 198, 198, 198, 198, 198, 198, 198, 198, 198, 198, 198, 198, 198], False], '2176': [[191, 191, 191, 191, 191, 191, 191, 191, 191, 191, 191, 191, 191, 191, 191, 191, 191, 191, 191, 191, 191, 191, 191, 191, 191], False], '2226': [[184, 184, 184, 184, 184, 184, 184, 184, 184, 184, 184, 184, 184, 184, 184, 184, 184, 184, 184, 184, 184, 184, 184, 184, 184], False], '2276': [[178, 178, 178, 178, 178, 178, 178, 178, 178, 178, 178, 178, 178, 178, 178, 178, 178, 178, 178, 178, 178, 178, 178, 178, 178], False], '2326': [[173, 173, 173, 173, 173, 173, 173, 173, 173, 173, 173, 173, 173, 173, 173, 173, 173, 173, 173, 173, 173, 173, 173, 172, 172], False], '2376': [[167, 167, 167, 167, 167, 167, 167, 167, 167, 167, 167, 167, 167, 167, 167, 167, 167, 167, 167, 167, 167, 167, 167, 167, 167], False], '2426': [[162, 162, 161, 161, 161, 161, 161, 161, 161, 161, 161, 161, 161, 161, 161, 161, 161, 161, 161, 161, 161, 161, 161, 161, 161], False], '2476': [[157, 157, 157, 157, 157, 157, 157, 157, 157, 157, 157, 157, 157, 157, 157, 157, 157, 157, 157, 157, 157, 157, 157, 157, 157], False]}
dict_keys(['2026', '2076', '2126', '2176', '2226', '2276', '2326', '2376', '2426', '2476'])
[2026, 2076, 2126, 2176, 2226, 2276, 2326, 2376, 2426, 2476]
Queue: [2526, 2576, 2626, 2676, 2726, 2776, 2826, 2876, 2926, 2976]
arn:aws:lambda:us-east-1:858228748133:function:getHiscores10
{'2526': [[152, 152, 152, 152, 152, 152, 152, 152, 152, 152, 152, 152, 152, 152, 152, 152, 152, 152, 152, 152, 152, 152, 152, 152, 152], False], '2576': [[148, 148, 148, 148, 148, 148, 148, 148, 148, 148, 148, 148, 148, 148, 148, 148, 148, 148, 148, 148, 148, 148, 148, 148, 148], False], '2626': [[144, 144, 144, 144, 144, 144, 144, 144, 144, 144, 144, 144, 144, 144, 144, 144, 143, 143, 143, 143, 143, 143, 143, 143, 143], False], '2676': [[139, 139, 139, 139, 139, 139, 139, 139, 139, 139, 139, 139, 139, 139, 139, 139, 139, 139, 139, 139, 139, 139, 139, 139, 139], False], '2726': [[135, 135, 135, 135, 135, 135, 135, 135, 135, 135, 135, 135, 135, 135, 135, 135, 135, 135, 135, 135, 135, 135, 135, 135, 135], False], '2776': [[131, 131, 131, 131, 131, 131, 131, 131, 131, 131, 131, 131, 131, 131, 131, 131, 131, 131, 131, 131, 131, 131, 131, 131, 131], False], '2826': [[127, 127, 127, 127, 127, 127, 127, 127, 127, 127, 127, 127, 127, 127, 127, 127, 127, 127, 127, 127, 127, 127, 127, 127, 127], False], '2876': [[124, 124, 124, 124, 124, 124, 124, 124, 124, 124, 124, 124, 124, 124, 124, 124, 124, 124, 124, 124, 124, 124, 124, 124, 124], False], '2926': [[120, 120, 120, 120, 120, 120, 120, 120, 120, 120, 120, 120, 120, 120, 120, 120, 120, 120, 120, 120, 120, 120, 120, 120, 120], False], '2976': [[117, 117, 117, 117, 117, 117, 117, 117, 117, 117, 117, 117, 117, 117, 117, 117, 117, 117, 117, 117, 117, 117, 117, 117, 117], False]}
dict_keys(['2526', '2576', '2626', '2676', '2726', '2776', '2826', '2876', '2926', '2976'])
[2526, 2576, 2626, 2676, 2726, 2776, 2826, 2876, 2926, 2976]
Queue: [3026, 3076, 3126, 3176, 3226, 3276, 3326, 3376, 3426, 3476]
arn:aws:lambda:us-east-1:858228748133:function:getHiscores5
{'3026': [[113, 113, 113, 113, 113, 113, 113, 113, 113, 113, 113, 113, 113, 113, 113, 113, 113, 113, 113, 113, 113, 113, 113, 113, 113], False], '3076': [[110, 110, 110, 110, 110, 110, 110, 110, 110, 110, 110, 110, 110, 110, 110, 110, 110, 110, 110, 110, 110, 110, 110, 110, 110], False], '3126': [[107, 107, 107, 107, 107, 107, 107, 107, 107, 107, 107, 107, 107, 107, 107, 107, 107, 107, 107, 107, 107, 107, 107, 107, 107], False], '3176': [[105, 105, 105, 105, 105, 105, 105, 105, 105, 105, 105, 105, 105, 105, 105, 105, 105, 105, 105, 105, 105, 105, 105, 105, 105], False], '3226': [[102, 102, 102, 102, 102, 102, 102, 102, 102, 102, 102, 102, 102, 102, 102, 102, 102, 102, 102, 102, 102, 102, 102, 102, 102], False], '3276': [[100, 100, 100, 100, 100, 100, 100, 100, 100, 100, 100, 100, 100, 100, 100, 100, 100, 100, 100, 100, 100, 100, 100, 100, 100], False], '3326': [[100, 100, 100, 100, 100, 100, 100, 100, 100, 100, 100, 100, 100, 100, 100, 100, 100, 100, 100, 100, 100, 100, 100, 100, 100], False], '3376': [[96, 96, 96, 96, 96, 96, 96, 96, 96, 96, 96, 96, 96, 96, 96, 96, 96, 96, 96, 96, 96, 96, 96, 96, 96], False], '3426': [[93, 93, 93, 93, 93, 93, 93, 93, 93, 93, 93, 93, 93, 93, 93, 93, 93, 93, 93, 93, 93, 93, 93, 93, 93], False], '3476': [[90, 90, 90, 90, 90, 90, 90, 90, 90, 90, 90, 90, 90, 90, 90, 90, 90, 90, 90, 90, 90, 90, 90, 90, 90], False]}
dict_keys(['3026', '3076', '3126', '3176', '3226', '3276', '3326', '3376', '3426', '3476'])
[3026, 3076, 3126, 3176, 3226, 3276, 3326, 3376, 3426, 3476]
Queue: [3526, 3576, 3626, 3676, 3726, 3776, 3826, 3876, 3926, 3976]
arn:aws:lambda:us-east-1:858228748133:function:getHiscores5
{'3526': [[88, 88, 88, 88, 88, 88, 88, 88, 88, 88, 88, 88, 88, 88, 88, 88, 88, 88, 88, 87, 87, 87, 87, 87, 87], False], '3576': [[85, 85, 85, 85, 85, 85, 85, 85, 85, 85, 85, 85, 85, 85, 85, 85, 85, 85, 85, 85, 85, 85, 85, 85, 85], False], '3626': [[83, 83, 83, 83, 83, 83, 83, 83, 83, 83, 83, 83, 83, 83, 83, 83, 83, 83, 83, 83, 83, 83, 83, 83, 83], False], '3676': [[81, 81, 81, 81, 81, 81, 81, 81, 81, 81, 81, 81, 81, 81, 81, 81, 81, 81, 81, 81, 81, 81, 81, 81, 81], False], '3726': [[79, 79, 79, 79, 78, 78, 78, 78, 78, 78, 78, 78, 78, 78, 78, 78, 78, 78, 78, 78, 78, 78, 78, 78, 78], False], '3776': [[76, 76, 76, 76, 76, 76, 76, 76, 76, 76, 76, 76, 76, 76, 76, 76, 76, 76, 76, 76, 76, 76, 76, 76, 76], False], '3826': [[75, 75, 75, 75, 75, 75, 75, 75, 75, 75, 75, 75, 75, 75, 75, 75, 75, 75, 75, 75, 75, 75, 75, 75, 75], False], '3876': [[73, 73, 73, 73, 73, 73, 73, 73, 73, 73, 73, 73, 73, 73, 73, 73, 73, 73, 73, 73, 73, 73, 73, 73, 73], False], '3926': [[71, 71, 71, 71, 71, 71, 71, 71, 71, 71, 71, 71, 71, 71, 71, 71, 71, 71, 71, 71, 71, 71, 71, 71, 71], False], '3976': [[70, 70, 70, 70, 70, 70, 70, 70, 70, 70, 70, 70, 70, 70, 70, 70, 70, 70, 70, 70, 70, 70, 70, 70, 70], False]}
dict_keys(['3526', '3576', '3626', '3676', '3726', '3776', '3826', '3876', '3926', '3976'])
[3526, 3576, 3626, 3676, 3726, 3776, 3826, 3876, 3926, 3976]
Queue: [4026, 4076, 4126, 4176, 4226, 4276, 4326, 4376, 4426, 4476]
arn:aws:lambda:us-east-1:858228748133:function:getHiscores5
{'4026': [[69, 69, 69, 69, 69, 69, 69, 69, 69, 69, 69, 69, 69, 69, 69, 69, 69, 69, 69, 69, 69, 69, 69, 69, 69], False], '4076': [[67, 67, 67, 67, 67, 67, 67, 67, 67, 67, 67, 67, 67, 67, 67, 67, 67, 67, 67, 67, 67, 67, 67, 67, 67], False], '4126': [[65, 65, 65, 65, 65, 65, 65, 65, 65, 65, 65, 65, 65, 65, 65, 65, 65, 65, 65, 65, 65, 65, 65, 65, 65], False], '4176': [[63, 63, 63, 63, 63, 63, 63, 63, 63, 63, 63, 63, 63, 63, 63, 63, 63, 63, 63, 63, 63, 63, 63, 63, 63], False], '4226': [[61, 61, 61, 61, 61, 61, 61, 61, 61, 61, 61, 61, 61, 61, 61, 61, 61, 61, 61, 61, 61, 61, 61, 61, 61], False], '4276': [[60, 60, 60, 60, 60, 60, 60, 60, 60, 60, 60, 60, 60, 60, 60, 60, 60, 60, 60, 60, 60, 60, 60, 60, 60], False], '4326': [[58, 58, 58, 58, 58, 58, 58, 58, 58, 58, 58, 58, 58, 58, 58, 58, 58, 58, 58, 58, 58, 58, 58, 58, 58], False], '4376': [[57, 57, 57, 57, 57, 57, 57, 57, 57, 57, 57, 57, 57, 57, 57, 57, 57, 57, 57, 57, 57, 57, 57, 57, 57], False], '4426': [[55, 55, 55, 55, 55, 55, 55, 55, 55, 55, 55, 55, 55, 55, 55, 55, 55, 55, 55, 55, 55, 55, 55, 55, 55], False], '4476': [[54, 54, 54, 54, 54, 54, 54, 54, 54, 54, 54, 54, 54, 54, 54, 54, 54, 54, 54, 54, 54, 54, 54, 54, 54], False]}
dict_keys(['4026', '4076', '4126', '4176', '4226', '4276', '4326', '4376', '4426', '4476'])
[4026, 4076, 4126, 4176, 4226, 4276, 4326, 4376, 4426, 4476]
Queue: [4526, 4576, 4613]
arn:aws:lambda:us-east-1:858228748133:function:getHiscores8
{'4526': [[52, 52, 52, 52, 52, 52, 52, 52, 52, 52, 52, 52, 52, 52, 52, 52, 52, 52, 52, 52, 52, 52, 52, 52, 52], False], '4576': [[51, 51, 51, 51, 51, 51, 51, 51, 51, 51, 51, 51, 51, 51, 51, 51, 51, 51, 51, 51, 51, 51, 51, 51, 51], False], '4613': [[50, 50, 50, 50, 50, 50, 50, 50, 50, 50, 50, 50, 50, 50, 50, 50, 50, 50, 50, 50, 50, 50, 50, 50, 50], False]}
dict_keys(['4526', '4576', '4613'])
[4526, 4576, 4613]
Queue: [13, 38, 63, 88, 113, 138, 163, 188, 213, 238]
arn:aws:lambda:us-east-1:858228748133:function:getHiscores5
{'13': [[6500, 6500, 6492, 6488, 6471, 6459, 6458, 6438, 6429, 6416, 6415, 6411, 6408, 6397, 6391, 6388, 6369, 6366, 6363, 6362, 6349, 6323, 6317, 6314, 6307], False], '38': [[4306, 4303, 4301, 4300, 4300, 4300, 4300, 4294, 4293, 4293, 4290, 4286, 4285, 4282, 4281, 4277, 4275, 4267, 4265, 4265, 4264, 4262, 4261, 4259, 4258], False], '63': [[3420, 3419, 3417, 3416, 3416, 3413, 3412, 3412, 3409, 3405, 3404, 3404, 3400, 3400, 3399, 3394, 3393, 3393, 3391, 3390, 3389, 3388, 3387, 3386, 3382], False], '88': [[2923, 2920, 2919, 2919, 2918, 2917, 2917, 2916, 2914, 2913, 2913, 2910, 2910, 2910, 2910, 2909, 2908, 2908, 2906, 2906, 2905, 2904, 2903, 2901, 2900], False], '113': [[2532, 2530, 2529, 2528, 2528, 2528, 2526, 2525, 2525, 2524, 2523, 2522, 2522, 2521, 2521, 2521, 2520, 2520, 2520, 2520, 2519, 2519, 2519, 2519, 2518], False], '138': [[2250, 2250, 2250, 2250, 2250, 2249, 2248, 2248, 2248, 2246, 2246, 2246, 2246, 2245, 2244, 2243, 2243, 2243, 2243, 2243, 2242, 2242, 2242, 2242, 2242], False], '163': [[2025, 2025, 2025, 2025, 2024, 2024, 2023, 2023, 2023, 2023, 2023, 2023, 2021, 2021, 2021, 2021, 2020, 2020, 2020, 2020, 2020, 2020, 2020, 2019, 2019], False], '188': [[1836, 1836, 1836, 1835, 1835, 1835, 1835, 1834, 1833, 1833, 1833, 1832, 1832, 1832, 1831, 1831, 1831, 1830, 1830, 1830, 1830, 1830, 1829, 1829, 1829], False], '213': [[1679, 1679, 1678, 1678, 1677, 1677, 1676, 1676, 1676, 1675, 1675, 1675, 1675, 1675, 1675, 1675, 1674, 1674, 1674, 1674, 1674, 1674, 1674, 1674, 1674], False], '238': [[1562, 1562, 1561, 1561, 1561, 1561, 1561, 1561, 1561, 1560, 1560, 1560, 1559, 1559, 1559, 1559, 1558, 1558, 1557, 1557, 1557, 1556, 1556, 1556, 1556], False]}
dict_keys(['13', '38', '63', '88', '113', '138', '163', '188', '213', '238'])
[13, 38, 63, 88, 113, 138, 163, 188, 213, 238]
Queue: [263, 288, 313, 338, 363, 388, 413, 438, 463, 488]
arn:aws:lambda:us-east-1:858228748133:function:getHiscores10
{'263': [[1454, 1453, 1453, 1453, 1453, 1453, 1453, 1453, 1453, 1453, 1453, 1453, 1452, 1452, 1452, 1452, 1452, 1452, 1452, 1452, 1451, 1451, 1451, 1451, 1451], False], '288': [[1358, 1358, 1358, 1358, 1358, 1357, 1357, 1357, 1357, 1357, 1357, 1357, 1357, 1357, 1356, 1356, 1356, 1356, 1356, 1356, 1356, 1356, 1356, 1355, 1355], False], '313': [[1285, 1285, 1285, 1285, 1285, 1285, 1285, 1285, 1285, 1285, 1285, 1285, 1285, 1284, 1284, 1284, 1284, 1284, 1284, 1284, 1284, 1283, 1283, 1283, 1283], False], '338': [[1214, 1214, 1214, 1214, 1214, 1214, 1214, 1214, 1214, 1214, 1213, 1213, 1213, 1213, 1213, 1213, 1213, 1213, 1212, 1212, 1212, 1212, 1212, 1212, 1212], False], '363': [[1154, 1154, 1154, 1154, 1154, 1153, 1153, 1153, 1153, 1153, 1153, 1153, 1153, 1153, 1153, 1153, 1152, 1152, 1152, 1152, 1151, 1151, 1151, 1151, 1151], False], '388': [[1100, 1100, 1100, 1100, 1100, 1100, 1100, 1100, 1100, 1100, 1100, 1100, 1100, 1100, 1100, 1100, 1100, 1100, 1100, 1100, 1100, 1100, 1100, 1100, 1100], False], '413': [[1051, 1050, 1050, 1050, 1050, 1050, 1050, 1050, 1050, 1050, 1050, 1050, 1050, 1050, 1050, 1050, 1050, 1050, 1050, 1050, 1050, 1050, 1050, 1050, 1050], False], '438': [[1007, 1007, 1007, 1007, 1007, 1007, 1007, 1007, 1007, 1007, 1007, 1007, 1007, 1007, 1007, 1007, 1007, 1006, 1006, 1006, 1006, 1006, 1006, 1006, 1006], False], '463': [[981, 981, 981, 981, 981, 981, 981, 981, 981, 981, 980, 980, 980, 980, 980, 980, 980, 980, 980, 980, 980, 980, 980, 980, 980], False], '488': [[931, 931, 931, 931, 930, 930, 930, 930, 930, 930, 930, 930, 930, 930, 930, 930, 930, 930, 929, 929, 929, 929, 929, 929, 929], False]}
dict_keys(['263', '288', '313', '338', '363', '388', '413', '438', '463', '488'])
[263, 288, 313, 338, 363, 388, 413, 438, 463, 488]
Queue: [513, 538, 563, 588, 613, 638, 663, 688, 713, 738]
arn:aws:lambda:us-east-1:858228748133:function:getHiscores3
