Trying queue: [1, 101, 201, 301, 401, 501, 601, 701, 801, 901]
arn:aws:lambda:us-east-1:858228748133:function:getHiscores5
Received response...
{'status': 200, 'body': '{"pageData": {"1": [[2692, 2406, 2382, 2370, 2200, 2108, 2099, 2080, 2067, 2000, 2000, 1798, 1733, 1653, 1602, 1573, 1548, 1521, 1491, 1451, 1450, 1429, 1359, 1254, 1223], false], "101": [[105, 105, 105, 105, 105, 105, 105, 105, 105, 105, 105, 105, 105, 104, 104, 104, 104, 104, 104, 104, 104, 104, 104, 104, 104], false], "201": [[39, 39, 39, 39, 39, 39, 39, 39, 39, 39, 39, 39, 39, 39, 39, 39, 39, 39, 39, 39, 39, 39, 39, 39, 39], false], "301": [[15, 15, 15, 15, 15, 15, 15, 15, 15, 15, 15, 15, 15, 15, 15, 15, 15, 15, 15, 15, 15, 15, 15, 15, 15], false], "401": [null, false], "501": [null, false], "601": [null, false], "701": [null, false], "801": [null, false], "901": [null, false]}}'}
{'1': [[2692, 2406, 2382, 2370, 2200, 2108, 2099, 2080, 2067, 2000, 2000, 1798, 1733, 1653, 1602, 1573, 1548, 1521, 1491, 1451, 1450, 1429, 1359, 1254, 1223], False], '101': [[105, 105, 105, 105, 105, 105, 105, 105, 105, 105, 105, 105, 105, 104, 104, 104, 104, 104, 104, 104, 104, 104, 104, 104, 104], False], '201': [[39, 39, 39, 39, 39, 39, 39, 39, 39, 39, 39, 39, 39, 39, 39, 39, 39, 39, 39, 39, 39, 39, 39, 39, 39], False], '301': [[15, 15, 15, 15, 15, 15, 15, 15, 15, 15, 15, 15, 15, 15, 15, 15, 15, 15, 15, 15, 15, 15, 15, 15, 15], False], '401': [None, False], '501': [None, False], '601': [None, False], '701': [None, False], '801': [None, False], '901': [None, False]}
dict_keys(['1', '101', '201', '301', '401', '501', '601', '701', '801', '901'])
[1, 101, 201, 301]
Looking for last page...
Trying page 301
arn:aws:lambda:us-east-1:858228748133:function:getHiscores4
{'301': [[15, 15, 15, 15, 15, 15, 15, 15, 15, 15, 15, 15, 15, 15, 15, 15, 15, 15, 15, 15, 15, 15, 15, 15, 15], False]}
dict_keys(['301'])
[301]
Trying page 351
arn:aws:lambda:us-east-1:858228748133:function:getHiscores6
{'351': [[10, 10, 10, 10, 10, 10, 10, 10, 10, 10, 10, 10, 10, 10, 10, 10, 10, 10, 10, 10, 10, 10, 10, 10, 10], False]}
dict_keys(['351'])
[351]
Trying page 376
arn:aws:lambda:us-east-1:858228748133:function:getHiscores3
{'376': [None, False]}
dict_keys(['376'])
[]
Trying page 364
arn:aws:lambda:us-east-1:858228748133:function:getHiscores9
{'364': [None, False]}
dict_keys(['364'])
[]
Trying page 358
arn:aws:lambda:us-east-1:858228748133:function:getHiscores10
{'358': [None, False]}
dict_keys(['358'])
[]
Trying page 355
arn:aws:lambda:us-east-1:858228748133:function:getHiscores4
{'355': [[10, 10, 10, 10, 10, 10, 10, 10, 10, 10, 10, 10], True]}
dict_keys(['355'])
[355]
Last page found: 355
Queue: [51, 151, 251, 326]
arn:aws:lambda:us-east-1:858228748133:function:getHiscores2
{'51': [[190, 190, 190, 190, 190, 190, 190, 190, 189, 189, 189, 189, 189, 189, 189, 189, 188, 188, 188, 188, 188, 188, 188, 188, 188], False], '151': [[62, 62, 62, 62, 62, 62, 62, 62, 62, 61, 61, 61, 61, 61, 61, 61, 61, 61, 61, 61, 61, 61, 61, 61, 61], False], '251': [[24, 24, 24, 24, 24, 24, 24, 24, 24, 24, 24, 24, 24, 24, 24, 24, 24, 24, 24, 24, 24, 24, 24, 24, 24], False], '326': [[12, 12, 12, 12, 12, 12, 12, 12, 12, 12, 12, 12, 12, 12, 12, 12, 12, 12, 12, 12, 12, 12, 12, 12, 12], False]}
dict_keys(['51', '151', '251', '326'])
[51, 151, 251, 326]
Queue: [26, 76, 126, 176, 226, 276, 313, 338]
arn:aws:lambda:us-east-1:858228748133:function:getHiscores1
{'26': [[301, 300, 300, 300, 299, 299, 299, 299, 299, 299, 298, 298, 298, 297, 297, 297, 297, 297, 296, 296, 295, 295, 295, 294, 294], False], '76': [[139, 139, 139, 139, 139, 139, 139, 139, 139, 139, 139, 138, 138, 138, 138, 138, 138, 138, 138, 138, 138, 137, 137, 137, 137], False], '126': [[80, 80, 80, 80, 80, 80, 80, 80, 80, 80, 80, 80, 80, 80, 80, 80, 80, 80, 80, 80, 80, 80, 80, 80, 80], False], '176': [[49, 49, 49, 49, 49, 49, 49, 49, 49, 49, 49, 49, 49, 49, 49, 49, 48, 48, 48, 48, 48, 48, 48, 48, 48], False], '226': [[31, 31, 31, 31, 31, 31, 31, 31, 31, 31, 31, 31, 31, 31, 31, 31, 31, 31, 30, 30, 30, 30, 30, 30, 30], False], '276': [[19, 19, 19, 19, 19, 19, 19, 19, 19, 19, 19, 19, 19, 19, 19, 19, 19, 19, 19, 19, 19, 19, 19, 19, 19], False], '313': [[14, 14, 14, 14, 14, 14, 14, 14, 14, 14, 14, 14, 14, 14, 14, 14, 14, 14, 14, 14, 14, 14, 14, 14, 14], False], '338': [[11, 11, 11, 11, 11, 11, 11, 11, 11, 11, 11, 11, 11, 11, 11, 11, 11, 11, 11, 11, 11, 11, 11, 11, 11], False]}
dict_keys(['26', '76', '126', '176', '226', '276', '313', '338'])
[26, 76, 126, 176, 226, 276, 313, 338]
Queue: [13, 38, 63, 88, 113, 138, 163, 188, 213, 238]
arn:aws:lambda:us-east-1:858228748133:function:getHiscores5
{'13': [[456, 455, 453, 453, 452, 451, 451, 450, 450, 450, 449, 448, 446, 446, 445, 445, 444, 443, 442, 442, 440, 438, 438, 437, 436], False], '38': [[236, 236, 235, 235, 235, 234, 234, 234, 234, 234, 234, 234, 234, 233, 233, 232, 232, 232, 232, 232, 232, 232, 232, 231, 231], False], '63': [[163, 163, 163, 163, 163, 163, 162, 162, 162, 162, 162, 162, 162, 162, 162, 162, 162, 162, 161, 161, 161, 161, 161, 161, 161], False], '88': [[121, 121, 121, 121, 121, 120, 120, 120, 120, 120, 120, 120, 120, 120, 120, 120, 120, 120, 120, 119, 119, 119, 119, 119, 119], False], '113': [[92, 92, 92, 92, 92, 92, 92, 92, 92, 92, 92, 92, 92, 92, 92, 92, 92, 92, 92, 92, 92, 92, 92, 92, 92], False], '138': [[71, 71, 71, 71, 71, 71, 71, 71, 71, 71, 71, 71, 71, 71, 71, 71, 71, 71, 71, 71, 71, 70, 70, 70, 70], False], '163': [[55, 55, 55, 55, 55, 55, 55, 55, 55, 55, 55, 55, 55, 55, 55, 55, 55, 55, 55, 54, 54, 54, 54, 54, 54], False], '188': [[44, 44, 44, 44, 44, 44, 44, 44, 44, 44, 44, 44, 44, 44, 44, 44, 43, 43, 43, 43, 43, 43, 43, 43, 43], False], '213': [[35, 35, 35, 35, 34, 34, 34, 34, 34, 34, 34, 34, 34, 34, 34, 34, 34, 34, 34, 34, 34, 34, 34, 34, 34], False], '238': [[27, 27, 27, 27, 27, 27, 27, 27, 27, 27, 27, 27, 27, 27, 27, 27, 27, 27, 27, 27, 27, 27, 27, 27, 27], False]}
dict_keys(['13', '38', '63', '88', '113', '138', '163', '188', '213', '238'])
[13, 38, 63, 88, 113, 138, 163, 188, 213, 238]
Queue: [263, 288, 307, 319, 332, 344]
arn:aws:lambda:us-east-1:858228748133:function:getHiscores1
{'263': [[22, 22, 22, 22, 22, 22, 22, 22, 22, 22, 22, 22, 22, 22, 22, 22, 22, 22, 22, 22, 22, 22, 22, 22, 22], False], '288': [[17, 17, 17, 17, 17, 17, 17, 17, 17, 17, 17, 17, 17, 17, 17, 17, 17, 17, 17, 17, 17, 17, 17, 17, 17], False], '307': [[15, 15, 15, 15, 15, 15, 15, 15, 15, 15, 15, 15, 15, 15, 15, 15, 15, 15, 15, 15, 15, 15, 15, 15, 15], False], '319': [[13, 13, 13, 13, 13, 13, 13, 13, 13, 13, 13, 13, 13, 13, 13, 13, 13, 13, 13, 13, 13, 13, 13, 13, 13], False], '332': [[12, 12, 12, 12, 12, 12, 12, 12, 12, 12, 12, 12, 12, 12, 12, 12, 12, 12, 12, 12, 12, 12, 12, 12, 12], False], '344': [[10, 10, 10, 10, 10, 10, 10, 10, 10, 10, 10, 10, 10, 10, 10, 10, 10, 10, 10, 10, 10, 10, 10, 10, 10], False]}
dict_keys(['263', '288', '307', '319', '332', '344'])
[263, 288, 307, 319, 332, 344]
Queue: [7, 19, 32, 44, 57, 69, 82, 94, 107, 119]
arn:aws:lambda:us-east-1:858228748133:function:getHiscores8
{'7': [[625, 624, 623, 622, 621, 620, 617, 617, 616, 614, 614, 613, 612, 611, 604, 601, 599, 597, 591, 589, 589, 584, 583, 583, 580], False], '19': [[374, 374, 373, 373, 373, 373, 372, 371, 370, 370, 370, 370, 369, 369, 369, 368, 368, 368, 368, 368, 368, 368, 367, 367, 367], False], '32': [[266, 266, 266, 266, 265, 265, 265, 264, 264, 264, 264, 264, 264, 264, 264, 264, 264, 264, 263, 263, 263, 263, 263, 262, 262], False], '44': [[212, 211, 211, 211, 211, 211, 211, 210, 210, 210, 210, 210, 210, 210, 210, 210, 210, 210, 210, 210, 209, 209, 209, 209, 209], False], '57': [[176, 176, 176, 176, 176, 176, 175, 175, 175, 175, 175, 175, 175, 175, 175, 175, 175, 175, 175, 175, 174, 174, 174, 174, 174], False], '69': [[151, 151, 151, 151, 151, 151, 151, 151, 151, 151, 151, 151, 151, 151, 150, 150, 150, 150, 150, 150, 150, 150, 150, 150, 150], False], '82': [[129, 129, 129, 129, 129, 129, 129, 129, 129, 129, 129, 129, 129, 129, 129, 129, 129, 129, 129, 129, 129, 129, 129, 128, 128], False], '94': [[113, 112, 112, 112, 112, 112, 112, 112, 112, 112, 112, 112, 112, 112, 112, 112, 112, 112, 112, 112, 112, 112, 112, 112, 112], False], '107': [[100, 100, 99, 99, 99, 99, 99, 99, 99, 99, 99, 99, 99, 99, 99, 99, 99, 98, 98, 98, 98, 98, 98, 98, 98], False], '119': [[86, 86, 86, 86, 86, 86, 86, 86, 86, 86, 86, 86, 86, 86, 86, 86, 86, 86, 86, 86, 86, 86, 86, 86, 86], False]}
dict_keys(['7', '19', '32', '44', '57', '69', '82', '94', '107', '119'])
[7, 19, 32, 44, 57, 69, 82, 94, 107, 119]
Queue: [132, 144, 157, 169, 182, 194, 207, 219, 232, 244]
arn:aws:lambda:us-east-1:858228748133:function:getHiscores4
{'132': [[76, 76, 76, 76, 76, 76, 76, 76, 76, 76, 76, 76, 76, 76, 76, 76, 76, 75, 75, 75, 75, 75, 75, 75, 75], False], '144': [[67, 67, 67, 67, 67, 67, 67, 67, 67, 66, 66, 66, 66, 66, 66, 66, 66, 66, 66, 66, 66, 66, 66, 66, 66], False], '157': [[58, 58, 58, 58, 58, 58, 58, 58, 58, 58, 58, 58, 58, 58, 58, 58, 58, 58, 58, 58, 58, 58, 58, 58, 58], False], '169': [[52, 52, 52, 52, 52, 52, 52, 52, 52, 52, 52, 52, 52, 52, 52, 52, 52, 52, 52, 52, 52, 52, 52, 51, 51], False], '182': [[46, 46, 46, 46, 46, 46, 46, 46, 46, 46, 46, 46, 46, 46, 46, 46, 46, 46, 46, 46, 46, 46, 46, 46, 46], False], '194': [[41, 41, 41, 41, 41, 41, 41, 41, 41, 41, 41, 41, 41, 41, 41, 41, 41, 41, 41, 41, 41, 41, 41, 41, 41], False], '207': [[37, 37, 37, 37, 37, 37, 37, 37, 37, 37, 37, 37, 37, 37, 37, 37, 37, 37, 37, 37, 37, 36, 36, 36, 36], False], '219': [[33, 33, 33, 33, 33, 33, 33, 33, 33, 33, 33, 33, 33, 33, 33, 33, 33, 33, 33, 33, 33, 33, 33, 32, 32], False], '232': [[29, 29, 29, 29, 29, 29, 29, 29, 29, 29, 29, 29, 29, 29, 29, 29, 29, 29, 29, 29, 29, 29, 29, 29, 29], False], '244': [[26, 26, 26, 26, 26, 26, 26, 26, 26, 26, 26, 26, 26, 26, 26, 26, 26, 26, 26, 26, 26, 26, 26, 26, 26], False]}
dict_keys(['132', '144', '157', '169', '182', '194', '207', '219', '232', '244'])
[132, 144, 157, 169, 182, 194, 207, 219, 232, 244]
Queue: [257, 269, 282, 294, 310, 316, 322, 335, 341]
arn:aws:lambda:us-east-1:858228748133:function:getHiscores2
{'257': [[23, 23, 23, 23, 23, 23, 23, 23, 23, 23, 23, 23, 23, 23, 23, 23, 23, 23, 23, 23, 23, 23, 23, 23, 23], False], '269': [[21, 21, 21, 21, 21, 21, 21, 21, 21, 21, 21, 21, 21, 21, 21, 21, 20, 20, 20, 20, 20, 20, 20, 20, 20], False], '282': [[18, 18, 18, 18, 18, 18, 18, 18, 18, 18, 18, 18, 18, 18, 18, 18, 18, 18, 18, 18, 18, 18, 18, 18, 18], False], '294': [[16, 16, 16, 16, 16, 16, 16, 16, 16, 16, 16, 16, 16, 16, 16, 16, 16, 16, 16, 16, 16, 16, 16, 16, 16], False], '310': [[14, 14, 14, 14, 14, 14, 14, 14, 14, 14, 14, 14, 14, 14, 14, 14, 14, 14, 14, 14, 14, 14, 14, 14, 14], False], '316': [[13, 13, 13, 13, 13, 13, 13, 13, 13, 13, 13, 13, 13, 13, 13, 13, 13, 13, 13, 13, 13, 13, 13, 13, 13], False], '322': [[13, 13, 13, 13, 13, 13, 13, 13, 13, 13, 13, 13, 13, 13, 13, 13, 13, 13, 13, 13, 13, 13, 13, 13, 13], False], '335': [[11, 11, 11, 11, 11, 11, 11, 11, 11, 11, 11, 11, 11, 11, 11, 11, 11, 11, 11, 11, 11, 11, 11, 11, 11], False], '341': [[11, 11, 11, 11, 11, 11, 11, 11, 11, 11, 11, 11, 11, 11, 11, 11, 11, 11, 11, 11, 11, 11, 11, 11, 11], False]}
dict_keys(['257', '269', '282', '294', '310', '316', '322', '335', '341'])
[257, 269, 282, 294, 310, 316, 322, 335, 341]
Queue: [4, 10, 16, 22, 29, 35, 41, 47, 54, 60]
arn:aws:lambda:us-east-1:858228748133:function:getHiscores8
{'4': [[833, 831, 829, 822, 820, 819, 817, 815, 808, 799, 797, 795, 791, 790, 785, 783, 782, 781, 778, 774, 770, 764, 763, 758, 758], False], '10': [[523, 523, 522, 519, 516, 516, 515, 514, 513, 513, 513, 512, 511, 510, 509, 508, 507, 507, 506, 506, 504, 503, 501, 500, 500], False], '16': [[412, 411, 408, 407, 407, 406, 406, 405, 405, 405, 404, 404, 402, 402, 401, 401, 400, 400, 400, 399, 399, 398, 398, 398, 397], False], '22': [[343, 342, 342, 342, 341, 340, 340, 339, 338, 338, 337, 337, 336, 335, 335, 335, 335, 335, 335, 334, 334, 334, 333, 333, 333], False], '29': [[283, 283, 282, 282, 282, 282, 282, 281, 281, 281, 281, 281, 280, 280, 280, 280, 280, 280, 280, 280, 279, 279, 278, 278, 278], False], '35': [[251, 251, 251, 251, 250, 250, 250, 250, 250, 250, 250, 249, 249, 249, 249, 248, 248, 248, 248, 248, 248, 248, 248, 248, 247], False], '41': [[224, 224, 224, 224, 224, 223, 223, 223, 223, 223, 223, 223, 223, 223, 223, 222, 222, 222, 221, 221, 221, 221, 221, 220, 220], False], '47': [[201, 201, 201, 201, 201, 201, 201, 200, 200, 200, 200, 200, 200, 200, 200, 200, 200, 200, 200, 200, 200, 200, 200, 200, 200], False], '54': [[182, 182, 182, 182, 182, 182, 182, 182, 182, 182, 182, 181, 181, 181, 181, 181, 181, 181, 181, 181, 181, 181, 180, 180, 180], False], '60': [[168, 168, 168, 168, 168, 168, 168, 168, 168, 168, 168, 167, 167, 167, 167, 167, 167, 167, 167, 167, 167, 167, 167, 167, 167], False]}
dict_keys(['4', '10', '16', '22', '29', '35', '41', '47', '54', '60'])
[4, 10, 16, 22, 29, 35, 41, 47, 54, 60]
Queue: [66, 72, 79, 85, 91, 97, 104, 110, 116, 122]
arn:aws:lambda:us-east-1:858228748133:function:getHiscores3
{'66': [[157, 157, 157, 157, 157, 157, 157, 157, 157, 157, 157, 157, 156, 156, 156, 156, 156, 156, 156, 156, 156, 156, 156, 156, 156], False], '72': [[146, 145, 145, 145, 145, 145, 145, 145, 145, 145, 145, 145, 144, 144, 144, 144, 144, 144, 144, 144, 144, 144, 143, 143, 143], False], '79': [[134, 133, 133, 133, 133, 133, 133, 133, 133, 133, 133, 133, 133, 133, 133, 133, 133, 133, 133, 133, 132, 132, 132, 132, 132], False], '85': [[125, 125, 125, 125, 125, 125, 125, 125, 125, 125, 125, 124, 124, 124, 124, 124, 124, 124, 124, 124, 124, 124, 124, 124, 124], False], '91': [[117, 117, 116, 116, 116, 116, 116, 116, 116, 116, 116, 116, 116, 116, 116, 116, 116, 116, 116, 116, 116, 116, 116, 115, 115], False], '97': [[109, 109, 109, 109, 109, 109, 109, 109, 109, 109, 109, 109, 109, 109, 109, 109, 109, 109, 109, 109, 109, 108, 108, 108, 108], False], '104': [[102, 102, 102, 102, 102, 102, 102, 102, 102, 102, 102, 102, 102, 101, 101, 101, 101, 101, 101, 101, 101, 101, 101, 101, 101], False], '110': [[95, 95, 95, 95, 95, 95, 95, 95, 95, 95, 95, 95, 95, 95, 95, 95, 95, 95, 95, 95, 95, 95, 95, 95, 95], False], '116': [[90, 90, 90, 90, 90, 89, 89, 89, 89, 89, 89, 89, 89, 89, 89, 89, 89, 89, 89, 89, 89, 89, 89, 89, 89], False], '122': [[84, 84, 84, 84, 84, 84, 84, 84, 84, 84, 84, 83, 83, 83, 83, 83, 83, 83, 83, 83, 83, 83, 83, 83, 83], False]}
dict_keys(['66', '72', '79', '85', '91', '97', '104', '110', '116', '122'])
[66, 72, 79, 85, 91, 97, 104, 110, 116, 122]
Queue: [129, 135, 141, 147, 154, 160, 166, 172, 179, 185]
arn:aws:lambda:us-east-1:858228748133:function:getHiscores10
{'129': [[78, 78, 78, 78, 78, 78, 78, 78, 78, 78, 78, 78, 78, 78, 78, 78, 78, 78, 78, 78, 78, 78, 78, 78, 78], False], '135': [[74, 74, 74, 74, 74, 74, 74, 74, 74, 74, 73, 73, 73, 73, 73, 73, 73, 73, 73, 73, 73, 73, 73, 73, 73], False], '141': [[69, 69, 69, 69, 69, 69, 69, 69, 69, 69, 69, 69, 69, 69, 69, 69, 69, 69, 69, 69, 69, 68, 68, 68, 68], False], '147': [[65, 65, 65, 65, 65, 64, 64, 64, 64, 64, 64, 64, 64, 64, 64, 64, 64, 64, 64, 64, 64, 64, 64, 64, 64], False], '154': [[60, 60, 60, 60, 60, 60, 60, 60, 60, 60, 60, 60, 60, 60, 60, 60, 60, 60, 60, 60, 60, 60, 60, 59, 59], False], '160': [[57, 57, 57, 57, 57, 57, 56, 56, 56, 56, 56, 56, 56, 56, 56, 56, 56, 56, 56, 56, 56, 56, 56, 56, 56], False], '166': [[53, 53, 53, 53, 53, 53, 53, 53, 53, 53, 53, 53, 53, 53, 53, 53, 53, 53, 53, 53, 53, 53, 53, 53, 53], False], '172': [[50, 50, 50, 50, 50, 50, 50, 50, 50, 50, 50, 50, 50, 50, 50, 50, 50, 50, 50, 50, 50, 50, 50, 50, 50], False], '179': [[47, 47, 47, 47, 47, 47, 47, 47, 47, 47, 47, 47, 47, 47, 47, 47, 47, 47, 47, 47, 47, 47, 47, 47, 47], False], '185': [[45, 45, 45, 45, 45, 45, 45, 45, 45, 45, 45, 45, 45, 45, 45, 45, 45, 45, 45, 45, 45, 45, 45, 44, 44], False]}
dict_keys(['129', '135', '141', '147', '154', '160', '166', '172', '179', '185'])
[129, 135, 141, 147, 154, 160, 166, 172, 179, 185]
Queue: [191, 197, 204, 210, 216, 222, 229, 235, 241, 247]
arn:aws:lambda:us-east-1:858228748133:function:getHiscores6
{'191': [[42, 42, 42, 42, 42, 42, 42, 42, 42, 42, 42, 42, 42, 42, 42, 42, 42, 42, 42, 42, 42, 42, 42, 42, 42], False], '197': [[40, 40, 40, 40, 40, 40, 40, 40, 40, 40, 40, 40, 40, 40, 40, 40, 40, 40, 40, 40, 40, 40, 40, 40, 40], False], '204': [[38, 38, 38, 38, 38, 38, 38, 38, 38, 38, 38, 38, 38, 38, 38, 38, 38, 38, 38, 38, 38, 38, 38, 38, 38], False], '210': [[36, 36, 36, 36, 36, 36, 36, 36, 36, 36, 36, 36, 36, 35, 35, 35, 35, 35, 35, 35, 35, 35, 35, 35, 35], False], '216': [[34, 34, 34, 34, 34, 34, 34, 34, 34, 34, 34, 33, 33, 33, 33, 33, 33, 33, 33, 33, 33, 33, 33, 33, 33], False], '222': [[32, 32, 32, 32, 32, 32, 32, 32, 32, 32, 32, 32, 32, 32, 32, 32, 32, 32, 32, 32, 32, 32, 32, 32, 32], False], '229': [[30, 30, 30, 30, 30, 30, 30, 30, 30, 30, 30, 30, 30, 30, 30, 30, 30, 30, 30, 30, 30, 30, 30, 30, 29], False], '235': [[28, 28, 28, 28, 28, 28, 28, 28, 28, 28, 28, 28, 28, 28, 28, 28, 28, 28, 28, 28, 28, 28, 28, 28, 28], False], '241': [[27, 26, 26, 26, 26, 26, 26, 26, 26, 26, 26, 26, 26, 26, 26, 26, 26, 26, 26, 26, 26, 26, 26, 26, 26], False], '247': [[25, 25, 25, 25, 25, 25, 25, 25, 25, 25, 25, 25, 25, 25, 25, 25, 25, 25, 25, 25, 25, 25, 25, 25, 25], False]}
dict_keys(['191', '197', '204', '210', '216', '222', '229', '235', '241', '247'])
[191, 197, 204, 210, 216, 222, 229, 235, 241, 247]
Queue: [254, 260, 266, 272, 279, 285, 291, 297, 308, 314]
arn:aws:lambda:us-east-1:858228748133:function:getHiscores5
{'254': [[24, 24, 24, 24, 24, 24, 24, 24, 24, 24, 24, 23, 23, 23, 23, 23, 23, 23, 23, 23, 23, 23, 23, 23, 23], False], '260': [[22, 22, 22, 22, 22, 22, 22, 22, 22, 22, 22, 22, 22, 22, 22, 22, 22, 22, 22, 22, 22, 22, 22, 22, 22], False], '266': [[21, 21, 21, 21, 21, 21, 21, 21, 21, 21, 21, 21, 21, 21, 21, 21, 21, 21, 21, 21, 21, 21, 21, 21, 21], False], '272': [[20, 20, 20, 20, 20, 20, 20, 20, 20, 20, 20, 20, 20, 20, 20, 20, 20, 20, 20, 20, 20, 20, 20, 20, 20], False], '279': [[19, 19, 19, 19, 19, 19, 19, 19, 19, 19, 19, 19, 19, 19, 19, 19, 19, 19, 19, 19, 19, 19, 19, 19, 19], False], '285': [[18, 18, 18, 18, 18, 18, 18, 18, 18, 18, 18, 18, 18, 18, 18, 18, 18, 18, 18, 18, 18, 18, 18, 18, 18], False], '291': [[17, 17, 17, 17, 17, 17, 17, 17, 17, 17, 17, 17, 17, 17, 17, 17, 17, 17, 17, 17, 17, 17, 17, 17, 17], False], '297': [[16, 16, 16, 16, 16, 16, 16, 16, 16, 16, 16, 16, 16, 16, 16, 16, 16, 16, 16, 16, 16, 16, 16, 16, 16], False], '308': [[15, 15, 15, 15, 15, 14, 14, 14, 14, 14, 14, 14, 14, 14, 14, 14, 14, 14, 14, 14, 14, 14, 14, 14, 14], False], '314': [[14, 14, 14, 14, 14, 14, 14, 14, 14, 14, 14, 14, 14, 14, 14, 14, 14, 14, 14, 14, 14, 14, 14, 14, 14], False]}
dict_keys(['254', '260', '266', '272', '279', '285', '291', '297', '308', '314'])
[254, 260, 266, 272, 279, 285, 291, 297, 308, 314]
Queue: [324, 333, 342]
arn:aws:lambda:us-east-1:858228748133:function:getHiscores7
{'324': [[13, 13, 13, 13, 13, 13, 13, 13, 13, 13, 13, 13, 13, 13, 13, 13, 13, 12, 12, 12, 12, 12, 12, 12, 12], False], '333': [[12, 12, 12, 12, 12, 11, 11, 11, 11, 11, 11, 11, 11, 11, 11, 11, 11, 11, 11, 11, 11, 11, 11, 11, 11], False], '342': [[11, 11, 11, 11, 11, 11, 11, 11, 11, 11, 11, 11, 11, 11, 11, 11, 11, 11, 11, 11, 11, 11, 11, 11, 11], False]}
dict_keys(['324', '333', '342'])
[324, 333, 342]
Queue: [2, 5, 8, 11, 14, 17, 20, 24, 27, 30]
arn:aws:lambda:us-east-1:858228748133:function:getHiscores5
{'2': [[1216, 1202, 1198, 1183, 1177, 1124, 1116, 1114, 1111, 1110, 1087, 1074, 1071, 1066, 1062, 1060, 1052, 1048, 1042, 1030, 1020, 1017, 1016, 1000, 1000], False], '5': [[740, 739, 739, 732, 728, 728, 725, 721, 718, 712, 708, 701, 701, 700, 695, 694, 694, 693, 692, 688, 688, 684, 683, 683, 675], False], '8': [[579, 579, 578, 578, 576, 575, 575, 574, 573, 570, 568, 567, 566, 564, 564, 561, 559, 558, 552, 550, 545, 542, 542, 541, 541], False], '11': [[500, 499, 499, 495, 493, 492, 489, 487, 487, 487, 485, 484, 484, 483, 483, 481, 479, 477, 476, 475, 475, 474, 474, 473, 472], False], '14': [[435, 435, 435, 433, 432, 431, 431, 431, 431, 431, 431, 430, 430, 430, 429, 429, 429, 429, 429, 428, 428, 428, 427, 426, 426], False], '17': [[396, 396, 396, 395, 395, 395, 395, 394, 394, 392, 392, 391, 390, 390, 390, 389, 389, 389, 389, 389, 389, 389, 387, 385, 385], False], '20': [[367, 367, 366, 366, 365, 365, 363, 362, 362, 362, 361, 360, 359, 358, 358, 357, 356, 356, 356, 356, 355, 354, 353, 353, 352], False], '24': [[319, 319, 318, 318, 318, 318, 317, 316, 316, 315, 315, 314, 314, 314, 313, 312, 312, 312, 311, 310, 310, 310, 310, 310, 310], False], '27': [[294, 294, 294, 294, 294, 294, 294, 293, 293, 293, 292, 292, 292, 292, 292, 292, 292, 291, 291, 291, 291, 291, 290, 290, 290], False], '30': [[278, 278, 278, 278, 277, 277, 277, 277, 277, 276, 276, 275, 275, 275, 275, 275, 275, 275, 274, 274, 274, 273, 273, 272, 272], False]}
dict_keys(['2', '5', '8', '11', '14', '17', '20', '24', '27', '30'])
[2, 5, 8, 11, 14, 17, 20, 24, 27, 30]
Queue: [33, 36, 39, 42, 45, 49, 52, 55, 58, 61]
arn:aws:lambda:us-east-1:858228748133:function:getHiscores6
{'33': [[262, 262, 262, 261, 261, 261, 261, 261, 260, 260, 260, 260, 260, 260, 259, 259, 259, 259, 259, 259, 259, 259, 259, 258, 258], False], '36': [[247, 247, 247, 247, 246, 245, 245, 245, 245, 245, 245, 245, 245, 244, 244, 244, 244, 244, 243, 243, 243, 243, 243, 243, 243], False], '39': [[231, 231, 231, 231, 231, 230, 230, 230, 230, 230, 230, 230, 229, 229, 229, 229, 229, 229, 229, 229, 228, 228, 228, 228, 228], False], '42': [[220, 220, 220, 219, 219, 218, 218, 218, 218, 217, 217, 217, 217, 217, 217, 217, 217, 217, 216, 216, 216, 216, 216, 216, 216], False], '45': [[209, 209, 208, 208, 208, 208, 208, 208, 207, 207, 207, 207, 207, 207, 206, 206, 206, 206, 206, 205, 205, 205, 205, 205, 205], False], '49': [[196, 196, 196, 196, 196, 196, 196, 196, 196, 196, 195, 195, 195, 195, 195, 195, 194, 194, 194, 194, 194, 194, 194, 193, 193], False], '52': [[188, 188, 188, 187, 187, 187, 187, 187, 187, 187, 187, 187, 187, 187, 187, 186, 186, 186, 186, 186, 186, 186, 186, 186, 185], False], '55': [[180, 180, 180, 180, 180, 180, 180, 180, 180, 180, 180, 180, 180, 180, 179, 179, 179, 179, 179, 179, 179, 179, 179, 178, 178], False], '58': [[174, 173, 173, 173, 173, 173, 173, 173, 173, 172, 172, 172, 172, 172, 172, 172, 171, 171, 171, 171, 171, 171, 171, 171, 171], False], '61': [[166, 166, 166, 166, 166, 166, 166, 166, 166, 166, 166, 166, 166, 165, 165, 165, 165, 165, 165, 165, 165, 165, 165, 165, 165], False]}
dict_keys(['33', '36', '39', '42', '45', '49', '52', '55', '58', '61'])
[33, 36, 39, 42, 45, 49, 52, 55, 58, 61]
Queue: [64, 67, 70, 74, 77, 80, 83, 86, 89, 92]
arn:aws:lambda:us-east-1:858228748133:function:getHiscores4
{'64': [[161, 161, 161, 160, 160, 160, 160, 160, 160, 160, 160, 160, 160, 160, 160, 160, 160, 160, 160, 160, 159, 159, 159, 159, 159], False], '67': [[156, 156, 155, 155, 155, 155, 155, 155, 155, 155, 155, 155, 155, 155, 155, 155, 154, 154, 154, 154, 154, 154, 154, 154, 154], False], '70': [[150, 150, 150, 149, 149, 149, 149, 149, 149, 149, 149, 149, 149, 149, 148, 148, 148, 148, 148, 148, 148, 148, 148, 148, 148], False], '74': [[142, 142, 142, 142, 142, 142, 142, 142, 142, 142, 142, 142, 141, 141, 141, 141, 141, 141, 141, 141, 141, 141, 141, 141, 141], False], '77': [[137, 137, 137, 137, 137, 137, 137, 137, 137, 137, 137, 136, 136, 136, 136, 136, 136, 136, 136, 136, 136, 135, 135, 135, 135], False], '80': [[132, 132, 132, 132, 132, 132, 132, 132, 132, 132, 132, 132, 132, 132, 132, 131, 131, 131, 131, 131, 131, 131, 131, 131, 131], False], '83': [[128, 128, 128, 128, 128, 128, 128, 128, 128, 128, 128, 128, 128, 128, 128, 128, 127, 127, 127, 127, 127, 127, 127, 127, 127], False], '86': [[124, 124, 124, 124, 123, 123, 123, 123, 123, 123, 123, 123, 123, 123, 123, 123, 123, 122, 122, 122, 122, 122, 122, 122, 122], False], '89': [[119, 119, 119, 119, 119, 119, 119, 119, 119, 119, 119, 119, 119, 119, 119, 119, 118, 118, 118, 118, 118, 118, 118, 118, 118], False], '92': [[115, 115, 115, 115, 115, 115, 115, 115, 115, 115, 115, 115, 115, 115, 115, 115, 114, 114, 114, 114, 114, 114, 114, 114, 114], False]}
dict_keys(['64', '67', '70', '74', '77', '80', '83', '86', '89', '92'])
[64, 67, 70, 74, 77, 80, 83, 86, 89, 92]
Queue: [95, 99, 102, 105, 108, 111, 114, 117, 120, 124]
arn:aws:lambda:us-east-1:858228748133:function:getHiscores8
{'95': [[112, 112, 112, 112, 112, 112, 112, 112, 112, 112, 111, 111, 111, 111, 111, 111, 111, 111, 111, 111, 111, 111, 111, 111, 111], False], '99': [[107, 107, 107, 107, 107, 107, 107, 107, 107, 107, 107, 107, 107, 107, 107, 107, 107, 107, 107, 107, 106, 106, 106, 106, 106], False], '102': [[104, 104, 104, 104, 104, 104, 104, 104, 104, 104, 104, 103, 103, 103, 103, 103, 103, 103, 103, 103, 103, 103, 103, 103, 103], False], '105': [[101, 101, 101, 101, 101, 101, 101, 101, 101, 101, 101, 101, 101, 101, 101, 101, 101, 101, 100, 100, 100, 100, 100, 100, 100], False], '108': [[98, 98, 98, 98, 98, 97, 97, 97, 97, 97, 97, 97, 97, 97, 97, 97, 97, 97, 97, 96, 96, 96, 96, 96, 96], False], '111': [[94, 94, 94, 94, 94, 94, 94, 94, 94, 94, 94, 94, 94, 94, 94, 94, 94, 94, 94, 94, 94, 94, 93, 93, 93], False], '114': [[92, 92, 91, 91, 91, 91, 91, 91, 91, 91, 91, 91, 91, 91, 91, 91, 91, 91, 91, 91, 91, 91, 91, 91, 91], False], '117': [[89, 88, 88, 88, 88, 88, 88, 88, 88, 88, 88, 88, 88, 88, 88, 88, 88, 88, 88, 88, 88, 88, 88, 88, 88], False], '120': [[86, 86, 86, 86, 86, 85, 85, 85, 85, 85, 85, 85, 85, 85, 85, 85, 85, 85, 85, 85, 85, 85, 85, 85, 85], False], '124': [[82, 82, 82, 82, 82, 82, 81, 81, 81, 81, 81, 81, 81, 81, 81, 81, 81, 81, 81, 81, 81, 81, 81, 81, 81], False]}
dict_keys(['95', '99', '102', '105', '108', '111', '114', '117', '120', '124'])
[95, 99, 102, 105, 108, 111, 114, 117, 120, 124]
Queue: [127, 130, 133, 136, 139, 142, 145, 149, 152, 155]
arn:aws:lambda:us-east-1:858228748133:function:getHiscores1
{'127': [[80, 80, 80, 80, 80, 80, 80, 80, 79, 79, 79, 79, 79, 79, 79, 79, 79, 79, 79, 79, 79, 79, 79, 79, 79], False], '130': [[78, 78, 78, 78, 78, 77, 77, 77, 77, 77, 77, 77, 77, 77, 77, 77, 77, 77, 77, 77, 77, 77, 77, 77, 77], False], '133': [[75, 75, 75, 75, 75, 75, 75, 75, 75, 75, 75, 75, 75, 75, 75, 75, 75, 75, 75, 75, 75, 75, 75, 75, 75], False], '136': [[73, 73, 73, 73, 73, 73, 73, 73, 73, 73, 73, 73, 73, 73, 72, 72, 72, 72, 72, 72, 72, 72, 72, 72, 72], False], '139': [[70, 70, 70, 70, 70, 70, 70, 70, 70, 70, 70, 70, 70, 70, 70, 70, 70, 70, 70, 70, 70, 70, 70, 70, 70], False], '142': [[68, 68, 68, 68, 68, 68, 68, 68, 68, 68, 68, 68, 68, 68, 68, 68, 68, 68, 68, 68, 68, 68, 68, 67, 67], False], '145': [[66, 66, 66, 66, 66, 66, 66, 66, 66, 66, 66, 66, 66, 66, 66, 66, 66, 66, 65, 65, 65, 65, 65, 65, 65], False], '149': [[63, 63, 63, 63, 63, 63, 63, 63, 63, 63, 63, 63, 63, 63, 63, 63, 63, 63, 63, 63, 63, 63, 63, 63, 63], False], '152': [[61, 61, 61, 61, 61, 61, 61, 61, 61, 61, 61, 61, 61, 61, 61, 61, 61, 61, 61, 61, 61, 61, 61, 61, 61], False], '155': [[59, 59, 59, 59, 59, 59, 59, 59, 59, 59, 59, 59, 59, 59, 59, 59, 59, 59, 59, 59, 59, 59, 59, 59, 59], False]}
dict_keys(['127', '130', '133', '136', '139', '142', '145', '149', '152', '155'])
[127, 130, 133, 136, 139, 142, 145, 149, 152, 155]
Queue: [158, 161, 164, 167, 170, 174, 177, 180, 183, 189]
arn:aws:lambda:us-east-1:858228748133:function:getHiscores6
{'158': [[58, 58, 58, 58, 58, 58, 58, 58, 58, 58, 58, 58, 58, 58, 58, 58, 58, 58, 58, 58, 58, 58, 58, 58, 57], False], '161': [[56, 56, 56, 56, 56, 56, 56, 56, 56, 56, 56, 56, 56, 56, 56, 56, 56, 56, 56, 56, 56, 56, 56, 56, 55], False], '164': [[54, 54, 54, 54, 54, 54, 54, 54, 54, 54, 54, 54, 54, 54, 54, 54, 54, 54, 54, 54, 54, 54, 54, 54, 54], False], '167': [[53, 53, 53, 53, 53, 53, 53, 53, 53, 53, 53, 52, 52, 52, 52, 52, 52, 52, 52, 52, 52, 52, 52, 52, 52], False], '170': [[51, 51, 51, 51, 51, 51, 51, 51, 51, 51, 51, 51, 51, 51, 51, 51, 51, 51, 51, 51, 51, 51, 51, 51, 51], False], '174': [[50, 50, 50, 50, 50, 50, 50, 50, 50, 50, 50, 50, 50, 50, 50, 50, 50, 50, 50, 49, 49, 49, 49, 49, 49], False], '177': [[48, 48, 48, 48, 48, 48, 48, 48, 48, 48, 48, 48, 48, 48, 48, 48, 48, 48, 48, 48, 48, 48, 48, 48, 48], False], '180': [[47, 47, 47, 47, 47, 47, 47, 47, 47, 47, 47, 47, 47, 47, 47, 47, 47, 47, 47, 47, 47, 47, 46, 46, 46], False], '183': [[46, 46, 46, 46, 46, 46, 46, 46, 46, 46, 46, 46, 46, 45, 45, 45, 45, 45, 45, 45, 45, 45, 45, 45, 45], False], '189': [[43, 43, 43, 43, 43, 43, 43, 43, 43, 43, 43, 43, 43, 43, 43, 43, 43, 43, 43, 43, 43, 43, 43, 43, 43], False]}
dict_keys(['158', '161', '164', '167', '170', '174', '177', '180', '183', '189'])
[158, 161, 164, 167, 170, 174, 177, 180, 183, 189]
Queue: [192, 195, 199, 202, 205, 224, 233, 236, 245, 249]
arn:aws:lambda:us-east-1:858228748133:function:getHiscores5
{'192': [[42, 42, 42, 42, 42, 42, 42, 42, 42, 42, 42, 42, 42, 42, 42, 42, 42, 42, 42, 42, 42, 42, 42, 42, 42], False], '195': [[41, 41, 41, 41, 41, 41, 41, 41, 41, 41, 41, 41, 41, 41, 41, 41, 41, 41, 41, 41, 41, 41, 41, 41, 41], False], '199': [[40, 40, 40, 40, 40, 40, 40, 40, 40, 40, 40, 40, 40, 40, 40, 40, 40, 40, 40, 40, 39, 39, 39, 39, 39], False], '202': [[39, 39, 39, 39, 39, 39, 39, 39, 39, 39, 39, 39, 39, 39, 39, 39, 39, 39, 38, 38, 38, 38, 38, 38, 38], False], '205': [[38, 38, 38, 38, 38, 38, 38, 38, 38, 38, 38, 38, 38, 37, 37, 37, 37, 37, 37, 37, 37, 37, 37, 37, 37], False], '224': [[31, 31, 31, 31, 31, 31, 31, 31, 31, 31, 31, 31, 31, 31, 31, 31, 31, 31, 31, 31, 31, 31, 31, 31, 31], False], '233': [[29, 29, 29, 29, 29, 29, 28, 28, 28, 28, 28, 28, 28, 28, 28, 28, 28, 28, 28, 28, 28, 28, 28, 28, 28], False], '236': [[28, 28, 28, 28, 28, 28, 28, 28, 28, 28, 28, 28, 28, 28, 28, 28, 28, 27, 27, 27, 27, 27, 27, 27, 27], False], '245': [[26, 26, 26, 26, 26, 26, 26, 26, 26, 26, 26, 25, 25, 25, 25, 25, 25, 25, 25, 25, 25, 25, 25, 25, 25], False], '249': [[25, 25, 25, 25, 25, 25, 25, 25, 25, 24, 24, 24, 24, 24, 24, 24, 24, 24, 24, 24, 24, 24, 24, 24, 24], False]}
dict_keys(['192', '195', '199', '202', '205', '224', '233', '236', '245', '249'])
[192, 195, 199, 202, 205, 224, 233, 236, 245, 249]
Queue: [258, 264, 274, 280, 286, 292, 299, 315, 343]
arn:aws:lambda:us-east-1:858228748133:function:getHiscores1
{'258': [[23, 23, 23, 23, 23, 23, 23, 23, 23, 23, 23, 23, 23, 23, 23, 23, 23, 23, 23, 23, 23, 23, 23, 23, 23], False], '264': [[22, 22, 22, 22, 22, 22, 22, 22, 22, 22, 22, 22, 22, 22, 22, 21, 21, 21, 21, 21, 21, 21, 21, 21, 21], False], '274': [[20, 20, 20, 20, 20, 20, 20, 20, 20, 20, 20, 20, 20, 20, 20, 20, 20, 20, 20, 20, 20, 20, 20, 20, 20], False], '280': [[19, 19, 19, 19, 19, 19, 19, 19, 19, 19, 19, 19, 19, 19, 19, 19, 19, 19, 19, 19, 19, 19, 19, 19, 19], False], '286': [[18, 18, 18, 18, 18, 18, 18, 18, 18, 18, 18, 18, 18, 18, 18, 18, 18, 18, 18, 18, 18, 18, 18, 18, 18], False], '292': [[17, 17, 17, 17, 17, 17, 17, 17, 17, 17, 17, 17, 17, 17, 17, 17, 17, 17, 17, 17, 17, 17, 17, 17, 17], False], '299': [[16, 16, 16, 16, 16, 16, 16, 16, 16, 16, 16, 16, 16, 16, 16, 16, 16, 16, 16, 16, 16, 16, 16, 16, 16], False], '315': [[14, 14, 14, 14, 14, 14, 14, 14, 14, 14, 14, 14, 14, 14, 14, 14, 14, 14, 14, 13, 13, 13, 13, 13, 13], False], '343': [[11, 11, 11, 11, 11, 11, 11, 11, 11, 11, 10, 10, 10, 10, 10, 10, 10, 10, 10, 10, 10, 10, 10, 10, 10], False]}
dict_keys(['258', '264', '274', '280', '286', '292', '299', '315', '343'])
[258, 264, 274, 280, 286, 292, 299, 315, 343]
Queue: [3, 6, 9, 12, 15, 18, 21, 23, 25, 28]
arn:aws:lambda:us-east-1:858228748133:function:getHiscores1
{'3': [[996, 974, 973, 970, 958, 948, 947, 940, 930, 910, 907, 906, 906, 891, 885, 883, 881, 879, 879, 867, 865, 861, 854, 843, 839], False], '6': [[674, 674, 674, 668, 666, 665, 664, 661, 660, 660, 658, 658, 656, 655, 653, 650, 649, 648, 643, 637, 635, 635, 633, 630, 627], False], '9': [[540, 539, 538, 538, 538, 537, 536, 536, 536, 536, 535, 534, 533, 533, 532, 532, 531, 531, 530, 530, 529, 529, 529, 525, 525], False], '12': [[470, 468, 467, 467, 465, 465, 465, 464, 464, 464, 462, 461, 461, 460, 460, 459, 459, 459, 458, 456, 456, 456, 456, 456, 456], False], '15': [[425, 425, 424, 423, 423, 423, 423, 423, 422, 421, 419, 418, 418, 417, 417, 416, 416, 416, 415, 414, 414, 414, 414, 413, 412], False], '18': [[384, 384, 384, 383, 382, 382, 382, 382, 381, 381, 380, 380, 380, 380, 379, 379, 379, 378, 378, 378, 378, 377, 376, 375, 374], False], '21': [[352, 352, 352, 351, 351, 351, 351, 351, 350, 350, 350, 349, 348, 348, 347, 346, 346, 346, 345, 345, 344, 344, 344, 344, 343], False], '23': [[333, 331, 330, 329, 329, 329, 328, 328, 327, 326, 326, 325, 324, 323, 323, 322, 322, 322, 321, 320, 320, 320, 320, 320, 319], False], '25': [[310, 308, 307, 307, 307, 307, 307, 307, 306, 306, 305, 305, 305, 304, 304, 304, 304, 304, 303, 303, 303, 302, 302, 301, 301], False], '28': [[290, 290, 289, 288, 288, 288, 288, 287, 287, 287, 286, 286, 286, 286, 285, 285, 285, 285, 285, 285, 284, 284, 284, 283, 283], False]}
dict_keys(['3', '6', '9', '12', '15', '18', '21', '23', '25', '28'])
[3, 6, 9, 12, 15, 18, 21, 23, 25, 28]
Queue: [31, 34, 37, 40, 43, 46, 48, 50, 53, 56]
arn:aws:lambda:us-east-1:858228748133:function:getHiscores6
{'31': [[272, 272, 271, 271, 271, 271, 271, 271, 270, 270, 270, 270, 270, 269, 269, 269, 269, 268, 268, 268, 268, 267, 267, 267, 267], False], '34': [[258, 258, 257, 257, 257, 257, 256, 256, 256, 255, 255, 255, 254, 254, 254, 254, 253, 252, 252, 252, 252, 252, 252, 252, 251], False], '37': [[243, 242, 241, 241, 240, 240, 240, 239, 239, 239, 239, 239, 239, 239, 238, 238, 237, 237, 237, 236, 236, 236, 236, 236, 236], False], '40': [[228, 227, 227, 227, 227, 226, 226, 226, 226, 226, 226, 225, 225, 225, 225, 225, 225, 225, 225, 225, 225, 225, 224, 224, 224], False], '43': [[216, 215, 215, 215, 215, 215, 215, 214, 214, 214, 214, 214, 213, 213, 213, 213, 213, 213, 213, 213, 213, 212, 212, 212, 212], False], '46': [[205, 204, 204, 204, 204, 204, 204, 203, 203, 203, 203, 203, 203, 202, 202, 202, 202, 202, 202, 201, 201, 201, 201, 201, 201], False], '48': [[199, 199, 199, 199, 199, 199, 199, 199, 199, 199, 199, 199, 198, 198, 198, 198, 198, 197, 197, 197, 197, 197, 197, 197, 197], False], '50': [[193, 193, 193, 193, 193, 193, 193, 193, 192, 192, 192, 192, 192, 192, 192, 192, 192, 192, 191, 191, 191, 191, 190, 190, 190], False], '53': [[185, 185, 185, 185, 185, 185, 185, 185, 185, 184, 184, 184, 184, 184, 184, 184, 183, 183, 183, 183, 183, 182, 182, 182, 182], False], '56': [[178, 178, 178, 178, 178, 178, 178, 178, 178, 178, 177, 177, 177, 177, 177, 177, 177, 176, 176, 176, 176, 176, 176, 176, 176], False]}
dict_keys(['31', '34', '37', '40', '43', '46', '48', '50', '53', '56'])
[31, 34, 37, 40, 43, 46, 48, 50, 53, 56]
Queue: [59, 62, 65, 68, 71, 73, 75, 78, 81, 84]
arn:aws:lambda:us-east-1:858228748133:function:getHiscores3
{'59': [[171, 171, 171, 171, 170, 170, 170, 170, 170, 169, 169, 169, 169, 169, 169, 169, 169, 169, 169, 169, 169, 169, 169, 169, 168], False], '62': [[165, 165, 164, 164, 164, 164, 164, 164, 164, 164, 164, 164, 164, 164, 164, 164, 164, 164, 164, 163, 163, 163, 163, 163, 163], False], '65': [[159, 159, 159, 159, 159, 159, 159, 159, 159, 159, 159, 159, 158, 158, 158, 158, 158, 158, 158, 158, 158, 158, 158, 157, 157], False], '68': [[154, 154, 153, 153, 153, 153, 153, 153, 153, 153, 153, 153, 153, 153, 153, 152, 152, 152, 152, 152, 152, 152, 152, 152, 152], False], '71': [[148, 147, 147, 147, 147, 147, 147, 147, 147, 147, 147, 147, 147, 146, 146, 146, 146, 146, 146, 146, 146, 146, 146, 146, 146], False], '73': [[143, 143, 143, 143, 143, 143, 143, 143, 143, 143, 143, 143, 143, 143, 142, 142, 142, 142, 142, 142, 142, 142, 142, 142, 142], False], '75': [[141, 141, 141, 141, 141, 141, 141, 140, 140, 140, 140, 140, 140, 140, 140, 140, 140, 140, 140, 140, 139, 139, 139, 139, 139], False], '78': [[135, 135, 135, 135, 135, 135, 134, 134, 134, 134, 134, 134, 134, 134, 134, 134, 134, 134, 134, 134, 134, 134, 134, 134, 134], False], '81': [[131, 131, 131, 131, 131, 130, 130, 130, 130, 130, 130, 130, 130, 130, 130, 130, 130, 130, 130, 130, 130, 130, 130, 130, 129], False], '84': [[127, 127, 127, 127, 127, 126, 126, 126, 126, 126, 126, 126, 126, 126, 126, 126, 126, 126, 126, 125, 125, 125, 125, 125, 125], False]}
dict_keys(['59', '62', '65', '68', '71', '73', '75', '78', '81', '84'])
[59, 62, 65, 68, 71, 73, 75, 78, 81, 84]
Queue: [87, 90, 93, 96, 98, 100, 103, 109, 112, 115]
arn:aws:lambda:us-east-1:858228748133:function:getHiscores5
{'87': [[122, 122, 122, 122, 122, 122, 122, 122, 122, 122, 122, 122, 121, 121, 121, 121, 121, 121, 121, 121, 121, 121, 121, 121, 121], False], '90': [[118, 118, 118, 118, 118, 118, 118, 118, 118, 118, 118, 117, 117, 117, 117, 117, 117, 117, 117, 117, 117, 117, 117, 117, 117], False], '93': [[114, 114, 114, 114, 114, 114, 113, 113, 113, 113, 113, 113, 113, 113, 113, 113, 113, 113, 113, 113, 113, 113, 113, 113, 113], False], '96': [[111, 111, 111, 111, 111, 110, 110, 110, 110, 110, 110, 110, 110, 110, 110, 110, 110, 110, 110, 110, 110, 110, 109, 109, 109], False], '98': [[108, 108, 108, 108, 108, 108, 108, 108, 108, 108, 108, 108, 108, 108, 108, 108, 108, 108, 108, 108, 108, 107, 107, 107, 107], False], '100': [[106, 106, 106, 106, 106, 106, 106, 106, 106, 106, 106, 106, 106, 106, 106, 106, 106, 106, 106, 105, 105, 105, 105, 105, 105], False], '103': [[103, 103, 103, 103, 103, 103, 103, 103, 102, 102, 102, 102, 102, 102, 102, 102, 102, 102, 102, 102, 102, 102, 102, 102, 102], False], '109': [[96, 96, 96, 96, 96, 96, 96, 96, 96, 96, 96, 96, 96, 96, 96, 96, 96, 96, 96, 96, 95, 95, 95, 95, 95], False], '112': [[93, 93, 93, 93, 93, 93, 93, 93, 93, 93, 93, 93, 93, 93, 93, 93, 93, 93, 93, 93, 93, 93, 93, 93, 93], False], '115': [[91, 91, 91, 90, 90, 90, 90, 90, 90, 90, 90, 90, 90, 90, 90, 90, 90, 90, 90, 90, 90, 90, 90, 90, 90], False]}
dict_keys(['87', '90', '93', '96', '98', '100', '103', '109', '112', '115'])
[87, 90, 93, 96, 98, 100, 103, 109, 112, 115]
Queue: [118, 121, 123, 125, 128, 131, 134, 137, 140, 148]
arn:aws:lambda:us-east-1:858228748133:function:getHiscores6
{'118': [[88, 88, 88, 88, 88, 87, 87, 87, 87, 87, 87, 87, 87, 87, 87, 87, 87, 87, 87, 87, 87, 87, 87, 87, 87], False], '121': [[85, 85, 85, 85, 85, 85, 85, 84, 84, 84, 84, 84, 84, 84, 84, 84, 84, 84, 84, 84, 84, 84, 84, 84, 84], False], '123': [[83, 83, 83, 83, 83, 83, 83, 82, 82, 82, 82, 82, 82, 82, 82, 82, 82, 82, 82, 82, 82, 82, 82, 82, 82], False], '125': [[81, 81, 81, 81, 81, 81, 81, 81, 81, 81, 81, 81, 81, 81, 81, 81, 80, 80, 80, 80, 80, 80, 80, 80, 80], False], '128': [[79, 79, 79, 79, 79, 79, 79, 79, 79, 79, 79, 79, 79, 79, 78, 78, 78, 78, 78, 78, 78, 78, 78, 78, 78], False], '131': [[77, 77, 77, 77, 77, 77, 77, 77, 77, 77, 77, 77, 77, 76, 76, 76, 76, 76, 76, 76, 76, 76, 76, 76, 76], False], '134': [[75, 75, 75, 75, 75, 75, 75, 75, 75, 74, 74, 74, 74, 74, 74, 74, 74, 74, 74, 74, 74, 74, 74, 74, 74], False], '137': [[72, 72, 72, 72, 72, 72, 72, 72, 72, 72, 72, 72, 71, 71, 71, 71, 71, 71, 71, 71, 71, 71, 71, 71, 71], False], '140': [[70, 70, 70, 70, 70, 69, 69, 69, 69, 69, 69, 69, 69, 69, 69, 69, 69, 69, 69, 69, 69, 69, 69, 69, 69], False], '148': [[64, 64, 64, 64, 64, 64, 64, 64, 64, 64, 64, 64, 64, 64, 63, 63, 63, 63, 63, 63, 63, 63, 63, 63, 63], False]}
dict_keys(['118', '121', '123', '125', '128', '131', '134', '137', '140', '148'])
[118, 121, 123, 125, 128, 131, 134, 137, 140, 148]
Queue: [150, 153, 156, 165, 171, 178, 190, 193, 196, 223]
arn:aws:lambda:us-east-1:858228748133:function:getHiscores6
{'150': [[63, 63, 63, 63, 62, 62, 62, 62, 62, 62, 62, 62, 62, 62, 62, 62, 62, 62, 62, 62, 62, 62, 62, 62, 62], False], '153': [[61, 61, 61, 61, 61, 60, 60, 60, 60, 60, 60, 60, 60, 60, 60, 60, 60, 60, 60, 60, 60, 60, 60, 60, 60], False], '156': [[59, 59, 59, 59, 59, 59, 59, 59, 59, 59, 59, 59, 59, 59, 59, 59, 59, 58, 58, 58, 58, 58, 58, 58, 58], False], '165': [[54, 54, 54, 54, 54, 54, 54, 54, 54, 54, 54, 54, 54, 54, 54, 54, 54, 53, 53, 53, 53, 53, 53, 53, 53], False], '171': [[51, 51, 51, 51, 51, 51, 51, 51, 51, 51, 51, 51, 51, 51, 51, 51, 51, 51, 51, 51, 51, 51, 51, 50, 50], False], '178': [[48, 48, 48, 48, 48, 48, 48, 48, 48, 48, 48, 48, 48, 48, 48, 48, 47, 47, 47, 47, 47, 47, 47, 47, 47], False], '190': [[43, 43, 43, 43, 43, 43, 43, 43, 43, 43, 43, 43, 43, 43, 43, 43, 43, 43, 43, 43, 43, 43, 43, 43, 42], False], '193': [[42, 42, 42, 42, 42, 42, 42, 42, 42, 42, 42, 42, 42, 42, 42, 42, 41, 41, 41, 41, 41, 41, 41, 41, 41], False], '196': [[41, 41, 41, 41, 41, 41, 41, 41, 41, 41, 41, 41, 41, 41, 41, 41, 41, 41, 41, 41, 41, 41, 41, 40, 40], False], '223': [[32, 32, 32, 32, 32, 32, 31, 31, 31, 31, 31, 31, 31, 31, 31, 31, 31, 31, 31, 31, 31, 31, 31, 31, 31], False]}
dict_keys(['150', '153', '156', '165', '171', '178', '190', '193', '196', '223'])
[150, 153, 156, 165, 171, 178, 190, 193, 196, 223]
Queue: [259, 275, 281, 287, 293, 300]
arn:aws:lambda:us-east-1:858228748133:function:getHiscores9
{'259': [[23, 23, 23, 23, 23, 23, 23, 23, 23, 23, 23, 23, 23, 22, 22, 22, 22, 22, 22, 22, 22, 22, 22, 22, 22], False], '275': [[20, 20, 20, 20, 20, 20, 20, 20, 20, 20, 20, 20, 20, 20, 20, 20, 20, 20, 20, 20, 20, 20, 20, 20, 20], False], '281': [[19, 19, 19, 19, 19, 19, 19, 18, 18, 18, 18, 18, 18, 18, 18, 18, 18, 18, 18, 18, 18, 18, 18, 18, 18], False], '287': [[18, 18, 18, 18, 18, 18, 18, 18, 18, 18, 18, 18, 17, 17, 17, 17, 17, 17, 17, 17, 17, 17, 17, 17, 17], False], '293': [[17, 17, 17, 17, 17, 17, 17, 17, 17, 17, 17, 17, 16, 16, 16, 16, 16, 16, 16, 16, 16, 16, 16, 16, 16], False], '300': [[16, 16, 16, 16, 16, 16, 16, 16, 16, 16, 16, 15, 15, 15, 15, 15, 15, 15, 15, 15, 15, 15, 15, 15, 15], False]}
dict_keys(['259', '275', '281', '287', '293', '300'])
[259, 275, 281, 287, 293, 300]
[None, [2692, 2406, 2382, 2370, 2200, 2108, 2099, 2080, 2067, 2000, 2000, 1798, 1733, 1653, 1602, 1573, 1548, 1521, 1491, 1451, 1450, 1429, 1359, 1254, 1223], [1216, 1202, 1198, 1183, 1177, 1124, 1116, 1114, 1111, 1110, 1087, 1074, 1071, 1066, 1062, 1060, 1052, 1048, 1042, 1030, 1020, 1017, 1016, 1000, 1000], [996, 974, 973, 970, 958, 948, 947, 940, 930, 910, 907, 906, 906, 891, 885, 883, 881, 879, 879, 867, 865, 861, 854, 843, 839], [833, 831, 829, 822, 820, 819, 817, 815, 808, 799, 797, 795, 791, 790, 785, 783, 782, 781, 778, 774, 770, 764, 763, 758, 758], [740, 739, 739, 732, 728, 728, 725, 721, 718, 712, 708, 701, 701, 700, 695, 694, 694, 693, 692, 688, 688, 684, 683, 683, 675], [674, 674, 674, 668, 666, 665, 664, 661, 660, 660, 658, 658, 656, 655, 653, 650, 649, 648, 643, 637, 635, 635, 633, 630, 627], [625, 624, 623, 622, 621, 620, 617, 617, 616, 614, 614, 613, 612, 611, 604, 601, 599, 597, 591, 589, 589, 584, 583, 583, 580], [579, 579, 578, 578, 576, 575, 575, 574, 573, 570, 568, 567, 566, 564, 564, 561, 559, 558, 552, 550, 545, 542, 542, 541, 541], [540, 539, 538, 538, 538, 537, 536, 536, 536, 536, 535, 534, 533, 533, 532, 532, 531, 531, 530, 530, 529, 529, 529, 525, 525], [523, 523, 522, 519, 516, 516, 515, 514, 513, 513, 513, 512, 511, 510, 509, 508, 507, 507, 506, 506, 504, 503, 501, 500, 500], [500, 499, 499, 495, 493, 492, 489, 487, 487, 487, 485, 484, 484, 483, 483, 481, 479, 477, 476, 475, 475, 474, 474, 473, 472], [470, 468, 467, 467, 465, 465, 465, 464, 464, 464, 462, 461, 461, 460, 460, 459, 459, 459, 458, 456, 456, 456, 456, 456, 456], [456, 455, 453, 453, 452, 451, 451, 450, 450, 450, 449, 448, 446, 446, 445, 445, 444, 443, 442, 442, 440, 438, 438, 437, 436], [435, 435, 435, 433, 432, 431, 431, 431, 431, 431, 431, 430, 430, 430, 429, 429, 429, 429, 429, 428, 428, 428, 427, 426, 426], [425, 425, 424, 423, 423, 423, 423, 423, 422, 421, 419, 418, 418, 417, 417, 416, 416, 416, 415, 414, 414, 414, 414, 413, 412], [412, 411, 408, 407, 407, 406, 406, 405, 405, 405, 404, 404, 402, 402, 401, 401, 400, 400, 400, 399, 399, 398, 398, 398, 397], [396, 396, 396, 395, 395, 395, 395, 394, 394, 392, 392, 391, 390, 390, 390, 389, 389, 389, 389, 389, 389, 389, 387, 385, 385], [384, 384, 384, 383, 382, 382, 382, 382, 381, 381, 380, 380, 380, 380, 379, 379, 379, 378, 378, 378, 378, 377, 376, 375, 374], [374, 374, 373, 373, 373, 373, 372, 371, 370, 370, 370, 370, 369, 369, 369, 368, 368, 368, 368, 368, 368, 368, 367, 367, 367], [367, 367, 366, 366, 365, 365, 363, 362, 362, 362, 361, 360, 359, 358, 358, 357, 356, 356, 356, 356, 355, 354, 353, 353, 352], [352, 352, 352, 351, 351, 351, 351, 351, 350, 350, 350, 349, 348, 348, 347, 346, 346, 346, 345, 345, 344, 344, 344, 344, 343], [343, 342, 342, 342, 341, 340, 340, 339, 338, 338, 337, 337, 336, 335, 335, 335, 335, 335, 335, 334, 334, 334, 333, 333, 333], [333, 331, 330, 329, 329, 329, 328, 328, 327, 326, 326, 325, 324, 323, 323, 322, 322, 322, 321, 320, 320, 320, 320, 320, 319], [319, 319, 318, 318, 318, 318, 317, 316, 316, 315, 315, 314, 314, 314, 313, 312, 312, 312, 311, 310, 310, 310, 310, 310, 310], [310, 308, 307, 307, 307, 307, 307, 307, 306, 306, 305, 305, 305, 304, 304, 304, 304, 304, 303, 303, 303, 302, 302, 301, 301], [301, 300, 300, 300, 299, 299, 299, 299, 299, 299, 298, 298, 298, 297, 297, 297, 297, 297, 296, 296, 295, 295, 295, 294, 294], [294, 294, 294, 294, 294, 294, 294, 293, 293, 293, 292, 292, 292, 292, 292, 292, 292, 291, 291, 291, 291, 291, 290, 290, 290], [290, 290, 289, 288, 288, 288, 288, 287, 287, 287, 286, 286, 286, 286, 285, 285, 285, 285, 285, 285, 284, 284, 284, 283, 283], [283, 283, 282, 282, 282, 282, 282, 281, 281, 281, 281, 281, 280, 280, 280, 280, 280, 280, 280, 280, 279, 279, 278, 278, 278], [278, 278, 278, 278, 277, 277, 277, 277, 277, 276, 276, 275, 275, 275, 275, 275, 275, 275, 274, 274, 274, 273, 273, 272, 272], [272, 272, 271, 271, 271, 271, 271, 271, 270, 270, 270, 270, 270, 269, 269, 269, 269, 268, 268, 268, 268, 267, 267, 267, 267], [266, 266, 266, 266, 265, 265, 265, 264, 264, 264, 264, 264, 264, 264, 264, 264, 264, 264, 263, 263, 263, 263, 263, 262, 262], [262, 262, 262, 261, 261, 261, 261, 261, 260, 260, 260, 260, 260, 260, 259, 259, 259, 259, 259, 259, 259, 259, 259, 258, 258], [258, 258, 257, 257, 257, 257, 256, 256, 256, 255, 255, 255, 254, 254, 254, 254, 253, 252, 252, 252, 252, 252, 252, 252, 251], [251, 251, 251, 251, 250, 250, 250, 250, 250, 250, 250, 249, 249, 249, 249, 248, 248, 248, 248, 248, 248, 248, 248, 248, 247], [247, 247, 247, 247, 246, 245, 245, 245, 245, 245, 245, 245, 245, 244, 244, 244, 244, 244, 243, 243, 243, 243, 243, 243, 243], [243, 242, 241, 241, 240, 240, 240, 239, 239, 239, 239, 239, 239, 239, 238, 238, 237, 237, 237, 236, 236, 236, 236, 236, 236], [236, 236, 235, 235, 235, 234, 234, 234, 234, 234, 234, 234, 234, 233, 233, 232, 232, 232, 232, 232, 232, 232, 232, 231, 231], [231, 231, 231, 231, 231, 230, 230, 230, 230, 230, 230, 230, 229, 229, 229, 229, 229, 229, 229, 229, 228, 228, 228, 228, 228], [228, 227, 227, 227, 227, 226, 226, 226, 226, 226, 226, 225, 225, 225, 225, 225, 225, 225, 225, 225, 225, 225, 224, 224, 224], [224, 224, 224, 224, 224, 223, 223, 223, 223, 223, 223, 223, 223, 223, 223, 222, 222, 222, 221, 221, 221, 221, 221, 220, 220], [220, 220, 220, 219, 219, 218, 218, 218, 218, 217, 217, 217, 217, 217, 217, 217, 217, 217, 216, 216, 216, 216, 216, 216, 216], [216, 215, 215, 215, 215, 215, 215, 214, 214, 214, 214, 214, 213, 213, 213, 213, 213, 213, 213, 213, 213, 212, 212, 212, 212], [212, 211, 211, 211, 211, 211, 211, 210, 210, 210, 210, 210, 210, 210, 210, 210, 210, 210, 210, 210, 209, 209, 209, 209, 209], [209, 209, 208, 208, 208, 208, 208, 208, 207, 207, 207, 207, 207, 207, 206, 206, 206, 206, 206, 205, 205, 205, 205, 205, 205], [205, 204, 204, 204, 204, 204, 204, 203, 203, 203, 203, 203, 203, 202, 202, 202, 202, 202, 202, 201, 201, 201, 201, 201, 201], [201, 201, 201, 201, 201, 201, 201, 200, 200, 200, 200, 200, 200, 200, 200, 200, 200, 200, 200, 200, 200, 200, 200, 200, 200], [199, 199, 199, 199, 199, 199, 199, 199, 199, 199, 199, 199, 198, 198, 198, 198, 198, 197, 197, 197, 197, 197, 197, 197, 197], [196, 196, 196, 196, 196, 196, 196, 196, 196, 196, 195, 195, 195, 195, 195, 195, 194, 194, 194, 194, 194, 194, 194, 193, 193], [193, 193, 193, 193, 193, 193, 193, 193, 192, 192, 192, 192, 192, 192, 192, 192, 192, 192, 191, 191, 191, 191, 190, 190, 190], [190, 190, 190, 190, 190, 190, 190, 190, 189, 189, 189, 189, 189, 189, 189, 189, 188, 188, 188, 188, 188, 188, 188, 188, 188], [188, 188, 188, 187, 187, 187, 187, 187, 187, 187, 187, 187, 187, 187, 187, 186, 186, 186, 186, 186, 186, 186, 186, 186, 185], [185, 185, 185, 185, 185, 185, 185, 185, 185, 184, 184, 184, 184, 184, 184, 184, 183, 183, 183, 183, 183, 182, 182, 182, 182], [182, 182, 182, 182, 182, 182, 182, 182, 182, 182, 182, 181, 181, 181, 181, 181, 181, 181, 181, 181, 181, 181, 180, 180, 180], [180, 180, 180, 180, 180, 180, 180, 180, 180, 180, 180, 180, 180, 180, 179, 179, 179, 179, 179, 179, 179, 179, 179, 178, 178], [178, 178, 178, 178, 178, 178, 178, 178, 178, 178, 177, 177, 177, 177, 177, 177, 177, 176, 176, 176, 176, 176, 176, 176, 176], [176, 176, 176, 176, 176, 176, 175, 175, 175, 175, 175, 175, 175, 175, 175, 175, 175, 175, 175, 175, 174, 174, 174, 174, 174], [174, 173, 173, 173, 173, 173, 173, 173, 173, 172, 172, 172, 172, 172, 172, 172, 171, 171, 171, 171, 171, 171, 171, 171, 171], [171, 171, 171, 171, 170, 170, 170, 170, 170, 169, 169, 169, 169, 169, 169, 169, 169, 169, 169, 169, 169, 169, 169, 169, 168], [168, 168, 168, 168, 168, 168, 168, 168, 168, 168, 168, 167, 167, 167, 167, 167, 167, 167, 167, 167, 167, 167, 167, 167, 167], [166, 166, 166, 166, 166, 166, 166, 166, 166, 166, 166, 166, 166, 165, 165, 165, 165, 165, 165, 165, 165, 165, 165, 165, 165], [165, 165, 164, 164, 164, 164, 164, 164, 164, 164, 164, 164, 164, 164, 164, 164, 164, 164, 164, 163, 163, 163, 163, 163, 163], [163, 163, 163, 163, 163, 163, 162, 162, 162, 162, 162, 162, 162, 162, 162, 162, 162, 162, 161, 161, 161, 161, 161, 161, 161], [161, 161, 161, 160, 160, 160, 160, 160, 160, 160, 160, 160, 160, 160, 160, 160, 160, 160, 160, 160, 159, 159, 159, 159, 159], [159, 159, 159, 159, 159, 159, 159, 159, 159, 159, 159, 159, 158, 158, 158, 158, 158, 158, 158, 158, 158, 158, 158, 157, 157], [157, 157, 157, 157, 157, 157, 157, 157, 157, 157, 157, 157, 156, 156, 156, 156, 156, 156, 156, 156, 156, 156, 156, 156, 156], [156, 156, 155, 155, 155, 155, 155, 155, 155, 155, 155, 155, 155, 155, 155, 155, 154, 154, 154, 154, 154, 154, 154, 154, 154], [154, 154, 153, 153, 153, 153, 153, 153, 153, 153, 153, 153, 153, 153, 153, 152, 152, 152, 152, 152, 152, 152, 152, 152, 152], [151, 151, 151, 151, 151, 151, 151, 151, 151, 151, 151, 151, 151, 151, 150, 150, 150, 150, 150, 150, 150, 150, 150, 150, 150], [150, 150, 150, 149, 149, 149, 149, 149, 149, 149, 149, 149, 149, 149, 148, 148, 148, 148, 148, 148, 148, 148, 148, 148, 148], [148, 147, 147, 147, 147, 147, 147, 147, 147, 147, 147, 147, 147, 146, 146, 146, 146, 146, 146, 146, 146, 146, 146, 146, 146], [146, 145, 145, 145, 145, 145, 145, 145, 145, 145, 145, 145, 144, 144, 144, 144, 144, 144, 144, 144, 144, 144, 143, 143, 143], [143, 143, 143, 143, 143, 143, 143, 143, 143, 143, 143, 143, 143, 143, 142, 142, 142, 142, 142, 142, 142, 142, 142, 142, 142], [142, 142, 142, 142, 142, 142, 142, 142, 142, 142, 142, 142, 141, 141, 141, 141, 141, 141, 141, 141, 141, 141, 141, 141, 141], [141, 141, 141, 141, 141, 141, 141, 140, 140, 140, 140, 140, 140, 140, 140, 140, 140, 140, 140, 140, 139, 139, 139, 139, 139], [139, 139, 139, 139, 139, 139, 139, 139, 139, 139, 139, 138, 138, 138, 138, 138, 138, 138, 138, 138, 138, 137, 137, 137, 137], [137, 137, 137, 137, 137, 137, 137, 137, 137, 137, 137, 136, 136, 136, 136, 136, 136, 136, 136, 136, 136, 135, 135, 135, 135], [135, 135, 135, 135, 135, 135, 134, 134, 134, 134, 134, 134, 134, 134, 134, 134, 134, 134, 134, 134, 134, 134, 134, 134, 134], [134, 133, 133, 133, 133, 133, 133, 133, 133, 133, 133, 133, 133, 133, 133, 133, 133, 133, 133, 133, 132, 132, 132, 132, 132], [132, 132, 132, 132, 132, 132, 132, 132, 132, 132, 132, 132, 132, 132, 132, 131, 131, 131, 131, 131, 131, 131, 131, 131, 131], [131, 131, 131, 131, 131, 130, 130, 130, 130, 130, 130, 130, 130, 130, 130, 130, 130, 130, 130, 130, 130, 130, 130, 130, 129], [129, 129, 129, 129, 129, 129, 129, 129, 129, 129, 129, 129, 129, 129, 129, 129, 129, 129, 129, 129, 129, 129, 129, 128, 128], [128, 128, 128, 128, 128, 128, 128, 128, 128, 128, 128, 128, 128, 128, 128, 128, 127, 127, 127, 127, 127, 127, 127, 127, 127], [127, 127, 127, 127, 127, 126, 126, 126, 126, 126, 126, 126, 126, 126, 126, 126, 126, 126, 126, 125, 125, 125, 125, 125, 125], [125, 125, 125, 125, 125, 125, 125, 125, 125, 125, 125, 124, 124, 124, 124, 124, 124, 124, 124, 124, 124, 124, 124, 124, 124], [124, 124, 124, 124, 123, 123, 123, 123, 123, 123, 123, 123, 123, 123, 123, 123, 123, 122, 122, 122, 122, 122, 122, 122, 122], [122, 122, 122, 122, 122, 122, 122, 122, 122, 122, 122, 122, 121, 121, 121, 121, 121, 121, 121, 121, 121, 121, 121, 121, 121], [121, 121, 121, 121, 121, 120, 120, 120, 120, 120, 120, 120, 120, 120, 120, 120, 120, 120, 120, 119, 119, 119, 119, 119, 119], [119, 119, 119, 119, 119, 119, 119, 119, 119, 119, 119, 119, 119, 119, 119, 119, 118, 118, 118, 118, 118, 118, 118, 118, 118], [118, 118, 118, 118, 118, 118, 118, 118, 118, 118, 118, 117, 117, 117, 117, 117, 117, 117, 117, 117, 117, 117, 117, 117, 117], [117, 117, 116, 116, 116, 116, 116, 116, 116, 116, 116, 116, 116, 116, 116, 116, 116, 116, 116, 116, 116, 116, 116, 115, 115], [115, 115, 115, 115, 115, 115, 115, 115, 115, 115, 115, 115, 115, 115, 115, 115, 114, 114, 114, 114, 114, 114, 114, 114, 114], [114, 114, 114, 114, 114, 114, 113, 113, 113, 113, 113, 113, 113, 113, 113, 113, 113, 113, 113, 113, 113, 113, 113, 113, 113], [113, 112, 112, 112, 112, 112, 112, 112, 112, 112, 112, 112, 112, 112, 112, 112, 112, 112, 112, 112, 112, 112, 112, 112, 112], [112, 112, 112, 112, 112, 112, 112, 112, 112, 112, 111, 111, 111, 111, 111, 111, 111, 111, 111, 111, 111, 111, 111, 111, 111], [111, 111, 111, 111, 111, 110, 110, 110, 110, 110, 110, 110, 110, 110, 110, 110, 110, 110, 110, 110, 110, 110, 109, 109, 109], [109, 109, 109, 109, 109, 109, 109, 109, 109, 109, 109, 109, 109, 109, 109, 109, 109, 109, 109, 109, 109, 108, 108, 108, 108], [108, 108, 108, 108, 108, 108, 108, 108, 108, 108, 108, 108, 108, 108, 108, 108, 108, 108, 108, 108, 108, 107, 107, 107, 107], [107, 107, 107, 107, 107, 107, 107, 107, 107, 107, 107, 107, 107, 107, 107, 107, 107, 107, 107, 107, 106, 106, 106, 106, 106], [106, 106, 106, 106, 106, 106, 106, 106, 106, 106, 106, 106, 106, 106, 106, 106, 106, 106, 106, 105, 105, 105, 105, 105, 105], [105, 105, 105, 105, 105, 105, 105, 105, 105, 105, 105, 105, 105, 104, 104, 104, 104, 104, 104, 104, 104, 104, 104, 104, 104], [104, 104, 104, 104, 104, 104, 104, 104, 104, 104, 104, 103, 103, 103, 103, 103, 103, 103, 103, 103, 103, 103, 103, 103, 103], [103, 103, 103, 103, 103, 103, 103, 103, 102, 102, 102, 102, 102, 102, 102, 102, 102, 102, 102, 102, 102, 102, 102, 102, 102], [102, 102, 102, 102, 102, 102, 102, 102, 102, 102, 102, 102, 102, 101, 101, 101, 101, 101, 101, 101, 101, 101, 101, 101, 101], [101, 101, 101, 101, 101, 101, 101, 101, 101, 101, 101, 101, 101, 101, 101, 101, 101, 101, 100, 100, 100, 100, 100, 100, 100], None, [100, 100, 99, 99, 99, 99, 99, 99, 99, 99, 99, 99, 99, 99, 99, 99, 99, 98, 98, 98, 98, 98, 98, 98, 98], [98, 98, 98, 98, 98, 97, 97, 97, 97, 97, 97, 97, 97, 97, 97, 97, 97, 97, 97, 96, 96, 96, 96, 96, 96], [96, 96, 96, 96, 96, 96, 96, 96, 96, 96, 96, 96, 96, 96, 96, 96, 96, 96, 96, 96, 95, 95, 95, 95, 95], [95, 95, 95, 95, 95, 95, 95, 95, 95, 95, 95, 95, 95, 95, 95, 95, 95, 95, 95, 95, 95, 95, 95, 95, 95], [94, 94, 94, 94, 94, 94, 94, 94, 94, 94, 94, 94, 94, 94, 94, 94, 94, 94, 94, 94, 94, 94, 93, 93, 93], [93, 93, 93, 93, 93, 93, 93, 93, 93, 93, 93, 93, 93, 93, 93, 93, 93, 93, 93, 93, 93, 93, 93, 93, 93], [92, 92, 92, 92, 92, 92, 92, 92, 92, 92, 92, 92, 92, 92, 92, 92, 92, 92, 92, 92, 92, 92, 92, 92, 92], [92, 92, 91, 91, 91, 91, 91, 91, 91, 91, 91, 91, 91, 91, 91, 91, 91, 91, 91, 91, 91, 91, 91, 91, 91], [91, 91, 91, 90, 90, 90, 90, 90, 90, 90, 90, 90, 90, 90, 90, 90, 90, 90, 90, 90, 90, 90, 90, 90, 90], [90, 90, 90, 90, 90, 89, 89, 89, 89, 89, 89, 89, 89, 89, 89, 89, 89, 89, 89, 89, 89, 89, 89, 89, 89], [89, 88, 88, 88, 88, 88, 88, 88, 88, 88, 88, 88, 88, 88, 88, 88, 88, 88, 88, 88, 88, 88, 88, 88, 88], [88, 88, 88, 88, 88, 87, 87, 87, 87, 87, 87, 87, 87, 87, 87, 87, 87, 87, 87, 87, 87, 87, 87, 87, 87], [86, 86, 86, 86, 86, 86, 86, 86, 86, 86, 86, 86, 86, 86, 86, 86, 86, 86, 86, 86, 86, 86, 86, 86, 86], [86, 86, 86, 86, 86, 85, 85, 85, 85, 85, 85, 85, 85, 85, 85, 85, 85, 85, 85, 85, 85, 85, 85, 85, 85], [85, 85, 85, 85, 85, 85, 85, 84, 84, 84, 84, 84, 84, 84, 84, 84, 84, 84, 84, 84, 84, 84, 84, 84, 84], [84, 84, 84, 84, 84, 84, 84, 84, 84, 84, 84, 83, 83, 83, 83, 83, 83, 83, 83, 83, 83, 83, 83, 83, 83], [83, 83, 83, 83, 83, 83, 83, 82, 82, 82, 82, 82, 82, 82, 82, 82, 82, 82, 82, 82, 82, 82, 82, 82, 82], [82, 82, 82, 82, 82, 82, 81, 81, 81, 81, 81, 81, 81, 81, 81, 81, 81, 81, 81, 81, 81, 81, 81, 81, 81], [81, 81, 81, 81, 81, 81, 81, 81, 81, 81, 81, 81, 81, 81, 81, 81, 80, 80, 80, 80, 80, 80, 80, 80, 80], [80, 80, 80, 80, 80, 80, 80, 80, 80, 80, 80, 80, 80, 80, 80, 80, 80, 80, 80, 80, 80, 80, 80, 80, 80], [80, 80, 80, 80, 80, 80, 80, 80, 79, 79, 79, 79, 79, 79, 79, 79, 79, 79, 79, 79, 79, 79, 79, 79, 79], [79, 79, 79, 79, 79, 79, 79, 79, 79, 79, 79, 79, 79, 79, 78, 78, 78, 78, 78, 78, 78, 78, 78, 78, 78], [78, 78, 78, 78, 78, 78, 78, 78, 78, 78, 78, 78, 78, 78, 78, 78, 78, 78, 78, 78, 78, 78, 78, 78, 78], [78, 78, 78, 78, 78, 77, 77, 77, 77, 77, 77, 77, 77, 77, 77, 77, 77, 77, 77, 77, 77, 77, 77, 77, 77], [77, 77, 77, 77, 77, 77, 77, 77, 77, 77, 77, 77, 77, 76, 76, 76, 76, 76, 76, 76, 76, 76, 76, 76, 76], [76, 76, 76, 76, 76, 76, 76, 76, 76, 76, 76, 76, 76, 76, 76, 76, 76, 75, 75, 75, 75, 75, 75, 75, 75], [75, 75, 75, 75, 75, 75, 75, 75, 75, 75, 75, 75, 75, 75, 75, 75, 75, 75, 75, 75, 75, 75, 75, 75, 75], [75, 75, 75, 75, 75, 75, 75, 75, 75, 74, 74, 74, 74, 74, 74, 74, 74, 74, 74, 74, 74, 74, 74, 74, 74], [74, 74, 74, 74, 74, 74, 74, 74, 74, 74, 73, 73, 73, 73, 73, 73, 73, 73, 73, 73, 73, 73, 73, 73, 73], [73, 73, 73, 73, 73, 73, 73, 73, 73, 73, 73, 73, 73, 73, 72, 72, 72, 72, 72, 72, 72, 72, 72, 72, 72], [72, 72, 72, 72, 72, 72, 72, 72, 72, 72, 72, 72, 71, 71, 71, 71, 71, 71, 71, 71, 71, 71, 71, 71, 71], [71, 71, 71, 71, 71, 71, 71, 71, 71, 71, 71, 71, 71, 71, 71, 71, 71, 71, 71, 71, 71, 70, 70, 70, 70], [70, 70, 70, 70, 70, 70, 70, 70, 70, 70, 70, 70, 70, 70, 70, 70, 70, 70, 70, 70, 70, 70, 70, 70, 70], [70, 70, 70, 70, 70, 69, 69, 69, 69, 69, 69, 69, 69, 69, 69, 69, 69, 69, 69, 69, 69, 69, 69, 69, 69], [69, 69, 69, 69, 69, 69, 69, 69, 69, 69, 69, 69, 69, 69, 69, 69, 69, 69, 69, 69, 69, 68, 68, 68, 68], [68, 68, 68, 68, 68, 68, 68, 68, 68, 68, 68, 68, 68, 68, 68, 68, 68, 68, 68, 68, 68, 68, 68, 67, 67], None, [67, 67, 67, 67, 67, 67, 67, 67, 67, 66, 66, 66, 66, 66, 66, 66, 66, 66, 66, 66, 66, 66, 66, 66, 66], [66, 66, 66, 66, 66, 66, 66, 66, 66, 66, 66, 66, 66, 66, 66, 66, 66, 66, 65, 65, 65, 65, 65, 65, 65], None, [65, 65, 65, 65, 65, 64, 64, 64, 64, 64, 64, 64, 64, 64, 64, 64, 64, 64, 64, 64, 64, 64, 64, 64, 64], [64, 64, 64, 64, 64, 64, 64, 64, 64, 64, 64, 64, 64, 64, 63, 63, 63, 63, 63, 63, 63, 63, 63, 63, 63], [63, 63, 63, 63, 63, 63, 63, 63, 63, 63, 63, 63, 63, 63, 63, 63, 63, 63, 63, 63, 63, 63, 63, 63, 63], [63, 63, 63, 63, 62, 62, 62, 62, 62, 62, 62, 62, 62, 62, 62, 62, 62, 62, 62, 62, 62, 62, 62, 62, 62], [62, 62, 62, 62, 62, 62, 62, 62, 62, 61, 61, 61, 61, 61, 61, 61, 61, 61, 61, 61, 61, 61, 61, 61, 61], [61, 61, 61, 61, 61, 61, 61, 61, 61, 61, 61, 61, 61, 61, 61, 61, 61, 61, 61, 61, 61, 61, 61, 61, 61], [61, 61, 61, 61, 61, 60, 60, 60, 60, 60, 60, 60, 60, 60, 60, 60, 60, 60, 60, 60, 60, 60, 60, 60, 60], [60, 60, 60, 60, 60, 60, 60, 60, 60, 60, 60, 60, 60, 60, 60, 60, 60, 60, 60, 60, 60, 60, 60, 59, 59], [59, 59, 59, 59, 59, 59, 59, 59, 59, 59, 59, 59, 59, 59, 59, 59, 59, 59, 59, 59, 59, 59, 59, 59, 59], [59, 59, 59, 59, 59, 59, 59, 59, 59, 59, 59, 59, 59, 59, 59, 59, 59, 58, 58, 58, 58, 58, 58, 58, 58], [58, 58, 58, 58, 58, 58, 58, 58, 58, 58, 58, 58, 58, 58, 58, 58, 58, 58, 58, 58, 58, 58, 58, 58, 58], [58, 58, 58, 58, 58, 58, 58, 58, 58, 58, 58, 58, 58, 58, 58, 58, 58, 58, 58, 58, 58, 58, 58, 58, 57], None, [57, 57, 57, 57, 57, 57, 56, 56, 56, 56, 56, 56, 56, 56, 56, 56, 56, 56, 56, 56, 56, 56, 56, 56, 56], [56, 56, 56, 56, 56, 56, 56, 56, 56, 56, 56, 56, 56, 56, 56, 56, 56, 56, 56, 56, 56, 56, 56, 56, 55], None, [55, 55, 55, 55, 55, 55, 55, 55, 55, 55, 55, 55, 55, 55, 55, 55, 55, 55, 55, 54, 54, 54, 54, 54, 54], [54, 54, 54, 54, 54, 54, 54, 54, 54, 54, 54, 54, 54, 54, 54, 54, 54, 54, 54, 54, 54, 54, 54, 54, 54], [54, 54, 54, 54, 54, 54, 54, 54, 54, 54, 54, 54, 54, 54, 54, 54, 54, 53, 53, 53, 53, 53, 53, 53, 53], [53, 53, 53, 53, 53, 53, 53, 53, 53, 53, 53, 53, 53, 53, 53, 53, 53, 53, 53, 53, 53, 53, 53, 53, 53], [53, 53, 53, 53, 53, 53, 53, 53, 53, 53, 53, 52, 52, 52, 52, 52, 52, 52, 52, 52, 52, 52, 52, 52, 52], None, [52, 52, 52, 52, 52, 52, 52, 52, 52, 52, 52, 52, 52, 52, 52, 52, 52, 52, 52, 52, 52, 52, 52, 51, 51], [51, 51, 51, 51, 51, 51, 51, 51, 51, 51, 51, 51, 51, 51, 51, 51, 51, 51, 51, 51, 51, 51, 51, 51, 51], [51, 51, 51, 51, 51, 51, 51, 51, 51, 51, 51, 51, 51, 51, 51, 51, 51, 51, 51, 51, 51, 51, 51, 50, 50], [50, 50, 50, 50, 50, 50, 50, 50, 50, 50, 50, 50, 50, 50, 50, 50, 50, 50, 50, 50, 50, 50, 50, 50, 50], None, [50, 50, 50, 50, 50, 50, 50, 50, 50, 50, 50, 50, 50, 50, 50, 50, 50, 50, 50, 49, 49, 49, 49, 49, 49], None, [49, 49, 49, 49, 49, 49, 49, 49, 49, 49, 49, 49, 49, 49, 49, 49, 48, 48, 48, 48, 48, 48, 48, 48, 48], [48, 48, 48, 48, 48, 48, 48, 48, 48, 48, 48, 48, 48, 48, 48, 48, 48, 48, 48, 48, 48, 48, 48, 48, 48], [48, 48, 48, 48, 48, 48, 48, 48, 48, 48, 48, 48, 48, 48, 48, 48, 47, 47, 47, 47, 47, 47, 47, 47, 47], [47, 47, 47, 47, 47, 47, 47, 47, 47, 47, 47, 47, 47, 47, 47, 47, 47, 47, 47, 47, 47, 47, 47, 47, 47], [47, 47, 47, 47, 47, 47, 47, 47, 47, 47, 47, 47, 47, 47, 47, 47, 47, 47, 47, 47, 47, 47, 46, 46, 46], None, [46, 46, 46, 46, 46, 46, 46, 46, 46, 46, 46, 46, 46, 46, 46, 46, 46, 46, 46, 46, 46, 46, 46, 46, 46], [46, 46, 46, 46, 46, 46, 46, 46, 46, 46, 46, 46, 46, 45, 45, 45, 45, 45, 45, 45, 45, 45, 45, 45, 45], None, [45, 45, 45, 45, 45, 45, 45, 45, 45, 45, 45, 45, 45, 45, 45, 45, 45, 45, 45, 45, 45, 45, 45, 44, 44], None, None, [44, 44, 44, 44, 44, 44, 44, 44, 44, 44, 44, 44, 44, 44, 44, 44, 43, 43, 43, 43, 43, 43, 43, 43, 43], [43, 43, 43, 43, 43, 43, 43, 43, 43, 43, 43, 43, 43, 43, 43, 43, 43, 43, 43, 43, 43, 43, 43, 43, 43], [43, 43, 43, 43, 43, 43, 43, 43, 43, 43, 43, 43, 43, 43, 43, 43, 43, 43, 43, 43, 43, 43, 43, 43, 42], [42, 42, 42, 42, 42, 42, 42, 42, 42, 42, 42, 42, 42, 42, 42, 42, 42, 42, 42, 42, 42, 42, 42, 42, 42], [42, 42, 42, 42, 42, 42, 42, 42, 42, 42, 42, 42, 42, 42, 42, 42, 42, 42, 42, 42, 42, 42, 42, 42, 42], [42, 42, 42, 42, 42, 42, 42, 42, 42, 42, 42, 42, 42, 42, 42, 42, 41, 41, 41, 41, 41, 41, 41, 41, 41], [41, 41, 41, 41, 41, 41, 41, 41, 41, 41, 41, 41, 41, 41, 41, 41, 41, 41, 41, 41, 41, 41, 41, 41, 41], [41, 41, 41, 41, 41, 41, 41, 41, 41, 41, 41, 41, 41, 41, 41, 41, 41, 41, 41, 41, 41, 41, 41, 41, 41], [41, 41, 41, 41, 41, 41, 41, 41, 41, 41, 41, 41, 41, 41, 41, 41, 41, 41, 41, 41, 41, 41, 41, 40, 40], [40, 40, 40, 40, 40, 40, 40, 40, 40, 40, 40, 40, 40, 40, 40, 40, 40, 40, 40, 40, 40, 40, 40, 40, 40], None, [40, 40, 40, 40, 40, 40, 40, 40, 40, 40, 40, 40, 40, 40, 40, 40, 40, 40, 40, 40, 39, 39, 39, 39, 39], None, [39, 39, 39, 39, 39, 39, 39, 39, 39, 39, 39, 39, 39, 39, 39, 39, 39, 39, 39, 39, 39, 39, 39, 39, 39], [39, 39, 39, 39, 39, 39, 39, 39, 39, 39, 39, 39, 39, 39, 39, 39, 39, 39, 38, 38, 38, 38, 38, 38, 38], None, [38, 38, 38, 38, 38, 38, 38, 38, 38, 38, 38, 38, 38, 38, 38, 38, 38, 38, 38, 38, 38, 38, 38, 38, 38], [38, 38, 38, 38, 38, 38, 38, 38, 38, 38, 38, 38, 38, 37, 37, 37, 37, 37, 37, 37, 37, 37, 37, 37, 37], None, [37, 37, 37, 37, 37, 37, 37, 37, 37, 37, 37, 37, 37, 37, 37, 37, 37, 37, 37, 37, 37, 36, 36, 36, 36], None, None, [36, 36, 36, 36, 36, 36, 36, 36, 36, 36, 36, 36, 36, 35, 35, 35, 35, 35, 35, 35, 35, 35, 35, 35, 35], None, None, [35, 35, 35, 35, 34, 34, 34, 34, 34, 34, 34, 34, 34, 34, 34, 34, 34, 34, 34, 34, 34, 34, 34, 34, 34], None, None, [34, 34, 34, 34, 34, 34, 34, 34, 34, 34, 34, 33, 33, 33, 33, 33, 33, 33, 33, 33, 33, 33, 33, 33, 33], None, None, [33, 33, 33, 33, 33, 33, 33, 33, 33, 33, 33, 33, 33, 33, 33, 33, 33, 33, 33, 33, 33, 33, 33, 32, 32], None, None, [32, 32, 32, 32, 32, 32, 32, 32, 32, 32, 32, 32, 32, 32, 32, 32, 32, 32, 32, 32, 32, 32, 32, 32, 32], [32, 32, 32, 32, 32, 32, 31, 31, 31, 31, 31, 31, 31, 31, 31, 31, 31, 31, 31, 31, 31, 31, 31, 31, 31], [31, 31, 31, 31, 31, 31, 31, 31, 31, 31, 31, 31, 31, 31, 31, 31, 31, 31, 31, 31, 31, 31, 31, 31, 31], None, [31, 31, 31, 31, 31, 31, 31, 31, 31, 31, 31, 31, 31, 31, 31, 31, 31, 31, 30, 30, 30, 30, 30, 30, 30], None, None, [30, 30, 30, 30, 30, 30, 30, 30, 30, 30, 30, 30, 30, 30, 30, 30, 30, 30, 30, 30, 30, 30, 30, 30, 29], None, None, [29, 29, 29, 29, 29, 29, 29, 29, 29, 29, 29, 29, 29, 29, 29, 29, 29, 29, 29, 29, 29, 29, 29, 29, 29], [29, 29, 29, 29, 29, 29, 28, 28, 28, 28, 28, 28, 28, 28, 28, 28, 28, 28, 28, 28, 28, 28, 28, 28, 28], None, [28, 28, 28, 28, 28, 28, 28, 28, 28, 28, 28, 28, 28, 28, 28, 28, 28, 28, 28, 28, 28, 28, 28, 28, 28], [28, 28, 28, 28, 28, 28, 28, 28, 28, 28, 28, 28, 28, 28, 28, 28, 28, 27, 27, 27, 27, 27, 27, 27, 27], None, [27, 27, 27, 27, 27, 27, 27, 27, 27, 27, 27, 27, 27, 27, 27, 27, 27, 27, 27, 27, 27, 27, 27, 27, 27], None, None, [27, 26, 26, 26, 26, 26, 26, 26, 26, 26, 26, 26, 26, 26, 26, 26, 26, 26, 26, 26, 26, 26, 26, 26, 26], None, None, [26, 26, 26, 26, 26, 26, 26, 26, 26, 26, 26, 26, 26, 26, 26, 26, 26, 26, 26, 26, 26, 26, 26, 26, 26], [26, 26, 26, 26, 26, 26, 26, 26, 26, 26, 26, 25, 25, 25, 25, 25, 25, 25, 25, 25, 25, 25, 25, 25, 25], None, [25, 25, 25, 25, 25, 25, 25, 25, 25, 25, 25, 25, 25, 25, 25, 25, 25, 25, 25, 25, 25, 25, 25, 25, 25], None, [25, 25, 25, 25, 25, 25, 25, 25, 25, 24, 24, 24, 24, 24, 24, 24, 24, 24, 24, 24, 24, 24, 24, 24, 24], None, [24, 24, 24, 24, 24, 24, 24, 24, 24, 24, 24, 24, 24, 24, 24, 24, 24, 24, 24, 24, 24, 24, 24, 24, 24], None, None, [24, 24, 24, 24, 24, 24, 24, 24, 24, 24, 24, 23, 23, 23, 23, 23, 23, 23, 23, 23, 23, 23, 23, 23, 23], None, None, [23, 23, 23, 23, 23, 23, 23, 23, 23, 23, 23, 23, 23, 23, 23, 23, 23, 23, 23, 23, 23, 23, 23, 23, 23], [23, 23, 23, 23, 23, 23, 23, 23, 23, 23, 23, 23, 23, 23, 23, 23, 23, 23, 23, 23, 23, 23, 23, 23, 23], [23, 23, 23, 23, 23, 23, 23, 23, 23, 23, 23, 23, 23, 22, 22, 22, 22, 22, 22, 22, 22, 22, 22, 22, 22], [22, 22, 22, 22, 22, 22, 22, 22, 22, 22, 22, 22, 22, 22, 22, 22, 22, 22, 22, 22, 22, 22, 22, 22, 22], None, None, [22, 22, 22, 22, 22, 22, 22, 22, 22, 22, 22, 22, 22, 22, 22, 22, 22, 22, 22, 22, 22, 22, 22, 22, 22], [22, 22, 22, 22, 22, 22, 22, 22, 22, 22, 22, 22, 22, 22, 22, 21, 21, 21, 21, 21, 21, 21, 21, 21, 21], None, [21, 21, 21, 21, 21, 21, 21, 21, 21, 21, 21, 21, 21, 21, 21, 21, 21, 21, 21, 21, 21, 21, 21, 21, 21], None, None, [21, 21, 21, 21, 21, 21, 21, 21, 21, 21, 21, 21, 21, 21, 21, 21, 20, 20, 20, 20, 20, 20, 20, 20, 20], None, None, [20, 20, 20, 20, 20, 20, 20, 20, 20, 20, 20, 20, 20, 20, 20, 20, 20, 20, 20, 20, 20, 20, 20, 20, 20], None, [20, 20, 20, 20, 20, 20, 20, 20, 20, 20, 20, 20, 20, 20, 20, 20, 20, 20, 20, 20, 20, 20, 20, 20, 20], [20, 20, 20, 20, 20, 20, 20, 20, 20, 20, 20, 20, 20, 20, 20, 20, 20, 20, 20, 20, 20, 20, 20, 20, 20], [19, 19, 19, 19, 19, 19, 19, 19, 19, 19, 19, 19, 19, 19, 19, 19, 19, 19, 19, 19, 19, 19, 19, 19, 19], None, None, [19, 19, 19, 19, 19, 19, 19, 19, 19, 19, 19, 19, 19, 19, 19, 19, 19, 19, 19, 19, 19, 19, 19, 19, 19], [19, 19, 19, 19, 19, 19, 19, 19, 19, 19, 19, 19, 19, 19, 19, 19, 19, 19, 19, 19, 19, 19, 19, 19, 19], [19, 19, 19, 19, 19, 19, 19, 18, 18, 18, 18, 18, 18, 18, 18, 18, 18, 18, 18, 18, 18, 18, 18, 18, 18], [18, 18, 18, 18, 18, 18, 18, 18, 18, 18, 18, 18, 18, 18, 18, 18, 18, 18, 18, 18, 18, 18, 18, 18, 18], None, None, [18, 18, 18, 18, 18, 18, 18, 18, 18, 18, 18, 18, 18, 18, 18, 18, 18, 18, 18, 18, 18, 18, 18, 18, 18], [18, 18, 18, 18, 18, 18, 18, 18, 18, 18, 18, 18, 18, 18, 18, 18, 18, 18, 18, 18, 18, 18, 18, 18, 18], [18, 18, 18, 18, 18, 18, 18, 18, 18, 18, 18, 18, 17, 17, 17, 17, 17, 17, 17, 17, 17, 17, 17, 17, 17], [17, 17, 17, 17, 17, 17, 17, 17, 17, 17, 17, 17, 17, 17, 17, 17, 17, 17, 17, 17, 17, 17, 17, 17, 17], None, None, [17, 17, 17, 17, 17, 17, 17, 17, 17, 17, 17, 17, 17, 17, 17, 17, 17, 17, 17, 17, 17, 17, 17, 17, 17], [17, 17, 17, 17, 17, 17, 17, 17, 17, 17, 17, 17, 17, 17, 17, 17, 17, 17, 17, 17, 17, 17, 17, 17, 17], [17, 17, 17, 17, 17, 17, 17, 17, 17, 17, 17, 17, 16, 16, 16, 16, 16, 16, 16, 16, 16, 16, 16, 16, 16], [16, 16, 16, 16, 16, 16, 16, 16, 16, 16, 16, 16, 16, 16, 16, 16, 16, 16, 16, 16, 16, 16, 16, 16, 16], None, None, [16, 16, 16, 16, 16, 16, 16, 16, 16, 16, 16, 16, 16, 16, 16, 16, 16, 16, 16, 16, 16, 16, 16, 16, 16], None, [16, 16, 16, 16, 16, 16, 16, 16, 16, 16, 16, 16, 16, 16, 16, 16, 16, 16, 16, 16, 16, 16, 16, 16, 16], [16, 16, 16, 16, 16, 16, 16, 16, 16, 16, 16, 15, 15, 15, 15, 15, 15, 15, 15, 15, 15, 15, 15, 15, 15], [15, 15, 15, 15, 15, 15, 15, 15, 15, 15, 15, 15, 15, 15, 15, 15, 15, 15, 15, 15, 15, 15, 15, 15, 15], None, None, None, None, None, [15, 15, 15, 15, 15, 15, 15, 15, 15, 15, 15, 15, 15, 15, 15, 15, 15, 15, 15, 15, 15, 15, 15, 15, 15], [15, 15, 15, 15, 15, 14, 14, 14, 14, 14, 14, 14, 14, 14, 14, 14, 14, 14, 14, 14, 14, 14, 14, 14, 14], None, [14, 14, 14, 14, 14, 14, 14, 14, 14, 14, 14, 14, 14, 14, 14, 14, 14, 14, 14, 14, 14, 14, 14, 14, 14], None, None, [14, 14, 14, 14, 14, 14, 14, 14, 14, 14, 14, 14, 14, 14, 14, 14, 14, 14, 14, 14, 14, 14, 14, 14, 14], [14, 14, 14, 14, 14, 14, 14, 14, 14, 14, 14, 14, 14, 14, 14, 14, 14, 14, 14, 14, 14, 14, 14, 14, 14], [14, 14, 14, 14, 14, 14, 14, 14, 14, 14, 14, 14, 14, 14, 14, 14, 14, 14, 14, 13, 13, 13, 13, 13, 13], [13, 13, 13, 13, 13, 13, 13, 13, 13, 13, 13, 13, 13, 13, 13, 13, 13, 13, 13, 13, 13, 13, 13, 13, 13], None, None, [13, 13, 13, 13, 13, 13, 13, 13, 13, 13, 13, 13, 13, 13, 13, 13, 13, 13, 13, 13, 13, 13, 13, 13, 13], None, None, [13, 13, 13, 13, 13, 13, 13, 13, 13, 13, 13, 13, 13, 13, 13, 13, 13, 13, 13, 13, 13, 13, 13, 13, 13], None, [13, 13, 13, 13, 13, 13, 13, 13, 13, 13, 13, 13, 13, 13, 13, 13, 13, 12, 12, 12, 12, 12, 12, 12, 12], None, [12, 12, 12, 12, 12, 12, 12, 12, 12, 12, 12, 12, 12, 12, 12, 12, 12, 12, 12, 12, 12, 12, 12, 12, 12], None, None, None, None, None, [12, 12, 12, 12, 12, 12, 12, 12, 12, 12, 12, 12, 12, 12, 12, 12, 12, 12, 12, 12, 12, 12, 12, 12, 12], [12, 12, 12, 12, 12, 11, 11, 11, 11, 11, 11, 11, 11, 11, 11, 11, 11, 11, 11, 11, 11, 11, 11, 11, 11], None, [11, 11, 11, 11, 11, 11, 11, 11, 11, 11, 11, 11, 11, 11, 11, 11, 11, 11, 11, 11, 11, 11, 11, 11, 11], None, None, [11, 11, 11, 11, 11, 11, 11, 11, 11, 11, 11, 11, 11, 11, 11, 11, 11, 11, 11, 11, 11, 11, 11, 11, 11], None, None, [11, 11, 11, 11, 11, 11, 11, 11, 11, 11, 11, 11, 11, 11, 11, 11, 11, 11, 11, 11, 11, 11, 11, 11, 11], [11, 11, 11, 11, 11, 11, 11, 11, 11, 11, 11, 11, 11, 11, 11, 11, 11, 11, 11, 11, 11, 11, 11, 11, 11], [11, 11, 11, 11, 11, 11, 11, 11, 11, 11, 10, 10, 10, 10, 10, 10, 10, 10, 10, 10, 10, 10, 10, 10, 10], [10, 10, 10, 10, 10, 10, 10, 10, 10, 10, 10, 10, 10, 10, 10, 10, 10, 10, 10, 10, 10, 10, 10, 10, 10], None, None, None, None, None, None, [10, 10, 10, 10, 10, 10, 10, 10, 10, 10, 10, 10, 10, 10, 10, 10, 10, 10, 10, 10, 10, 10, 10, 10, 10], None, None, None, [10, 10, 10, 10, 10, 10, 10, 10, 10, 10, 10, 10]]
T: 0	PS: 100
	Estimated kc (min): 918403
	Estimated kc (avg): 918403.0
	Estimated kc (max): 918403
	Total calls: 35
	Total time: 0:06:48.144867
